2023/03/25 10:41:37 [INFO] Connect Success
2023/03/25 10:41:44 [INFO] Receive Message:{"Code":0,"Ret":"Login","Message":"success","Data":{"Gold":5000003.6,"IconID":0,"Name":"Test_simon","UserId":82941254,"MatchGameCode":"","MatchGameTableId":0,"Version":"1.0.0","Marquee":null}}
2023/03/25 10:41:47 [INFO] Receive Message:{"Code":0,"Ret":"IntoGame","Message":"success","Data":{"Gid":"","BetLimit":[[0.1,1]],"Chips":[0.1,0.2,0.3,0.4,0.5,0.6,0.7,0.8,0.9,1],"RemainSec":1,"PlayerInfo":[{"seatId":0,"iconId":0,"name":"Test_simon","gold":5000003.6}],"Fsm":"Init"}}
2023/03/25 10:41:48 [INFO] Receive Message:{"Ret":"ActGamePeriod","Data":{"Fsm":"Loading","Gid":"","RemainSec":3}}
2023/03/25 10:41:48 [INFO] Receive Message:{"Ret":"ActTableStatus","Data":{"tablePlayerInfo":[{"seatId":0,"iconId":0,"name":"****mon","gold":5000003.6},{"seatId":1,"iconId":100,"name":"****n33","gold":146552}]}}
2023/03/25 10:41:48 [INFO] Receive Message:{"Ret":"ActSceneNotify","Data":{"scene":1,"stage":1}}
2023/03/25 10:41:51 [INFO] Receive Message:{"Ret":"ActGamePeriod","Data":{"Fsm":"Shu","Gid":"3002-1639457538330071040","RemainSec":60}}
2023/03/25 10:41:52 [INFO] Receive Message:{"Code":0,"Ret":"Shoot","Message":"success"}
2023/03/25 10:41:52 [INFO] Receive Message:{"Ret":"ActSyncShoot","Data":{"seatId":0,"bulletId":1,"bulletKind":1,"angle":0,"lockfish":0,"agentcall":false}}
2023/03/25 10:41:52 [INFO] Receive Message:{"Ret":"ActCreateFish","Data":{"fishinfo":[{"index":24,"fishtype":1,"cts":1679712114,"route":"R7_L7_1","speed":68},{"index":59,"fishtype":1,"cts":1679712114,"route":"L1_R1_1","speed":68}],"formation":null}}
2023/03/25 10:41:53 [INFO] Receive Message:{"Ret":"ActCreateFish","Data":{"fishinfo":[{"index":3,"fishtype":3,"cts":1679712115,"route":"L4_R5","speed":68},{"index":25,"fishtype":1,"cts":1679712115,"route":"R7_L7_1","speed":68},{"index":60,"fishtype":1,"cts":1679712115,"route":"L1_R1_1","speed":68},{"index":70,"fishtype":2,"cts":1679712115,"route":"L6_R2","speed":68},{"index":88,"fishtype":2,"cts":1679712115,"route":"R6_L4","speed":68},{"index":94,"fishtype":3,"cts":1679712115,"route":"R4_L6","speed":68}],"formation":null}}
2023/03/25 10:41:54 [INFO] Receive Message:{"Code":0,"Ret":"Hit","Message":"success","Data":1}
2023/03/25 10:41:54 [INFO] Receive Message:{"Ret":"ActGold","Data":{"Gold":5000003.5}}
2023/03/25 10:41:54 [INFO] Receive Message:{"Ret":"ActGold","Data":{"Gold":5000003.9}}
2023/03/25 10:41:54 [INFO] Receive Message:{"Ret":"ActSyncHit","Data":{"seatId":0,"diefish":1,"bulletgold":0.1,"wingold":0.4,"skillReward":null,"gold":5000003.9,"isTrick":false}}
2023/03/25 10:41:54 [INFO] Receive Message:{"Ret":"ActCreateFish","Data":{"fishinfo":[{"index":26,"fishtype":1,"cts":1679712116,"route":"R7_L7_1","speed":68},{"index":61,"fishtype":1,"cts":1679712116,"route":"L1_R1_1","speed":68}],"formation":null}}
2023/03/25 10:41:55 [INFO] Receive Message:{"Ret":"ActCreateFish","Data":{"fishinfo":[{"index":4,"fishtype":3,"cts":1679712117,"route":"L4_R5","speed":68},{"index":27,"fishtype":1,"cts":1679712117,"route":"R7_L7_1","speed":68},{"index":62,"fishtype":1,"cts":1679712117,"route":"L1_R1_1","speed":68},{"index":71,"fishtype":2,"cts":1679712117,"route":"L6_R2","speed":68},{"index":89,"fishtype":2,"cts":1679712117,"route":"R6_L4","speed":68},{"index":95,"fishtype":3,"cts":1679712117,"route":"R4_L6","speed":68}],"formation":null}}
2023/03/25 10:41:56 [INFO] Receive Message:{"Ret":"ActCreateFish","Data":{"fishinfo":[{"index":20,"fishtype":4,"cts":1679712118,"route":"L2_R2_1","speed":68},{"index":28,"fishtype":1,"cts":1679712118,"route":"R7_L7_1","speed":68},{"index":38,"fishtype":4,"cts":1679712118,"route":"R6_L6_1","speed":68},{"index":63,"fishtype":1,"cts":1679712118,"route":"L1_R1_1","speed":68}],"formation":null}}
2023/03/25 10:41:57 [INFO] Receive Message:{"Ret":"ActCreateFish","Data":{"fishinfo":[{"index":9,"fishtype":5,"cts":1679712119,"route":"L5_R6","speed":54},{"index":72,"fishtype":2,"cts":1679712119,"route":"L6_R2","speed":68},{"index":90,"fishtype":2,"cts":1679712119,"route":"R6_L4","speed":68},{"index":103,"fishtype":6,"cts":1679712119,"route":"L4_R6","speed":60}],"formation":null}}
2023/03/25 10:41:58 [INFO] Receive Message:{"Ret":"ActSyncShoot","Data":{"seatId":1,"bulletId":2,"bulletKind":0,"angle":0,"lockfish":59,"agentcall":true}}
2023/03/25 10:41:58 [INFO] Receive Message:{"Ret":"ActCreateFish","Data":{"fishinfo":[{"index":21,"fishtype":4,"cts":1679712120,"route":"L2_R2_1","speed":68},{"index":39,"fishtype":4,"cts":1679712120,"route":"R6_L6_1","speed":68}],"formation":null}}
2023/03/25 10:41:58 [INFO] Receive Message:{"Ret":"ActSyncShoot","Data":{"seatId":1,"bulletId":3,"bulletKind":0,"angle":0,"lockfish":59,"agentcall":true}}
2023/03/25 10:41:58 [INFO] Receive Message:{"Ret":"ActSyncShoot","Data":{"seatId":1,"bulletId":4,"bulletKind":0,"angle":0,"lockfish":59,"agentcall":true}}
2023/03/25 10:41:58 [INFO] Receive Message:{"Ret":"ActSyncShoot","Data":{"seatId":1,"bulletId":5,"bulletKind":0,"angle":0,"lockfish":59,"agentcall":true}}
2023/03/25 10:41:59 [INFO] Receive Message:{"Ret":"ActSyncShoot","Data":{"seatId":1,"bulletId":6,"bulletKind":0,"angle":0,"lockfish":59,"agentcall":true}}
2023/03/25 10:41:59 [INFO] Receive Message:{"Ret":"ActSyncShoot","Data":{"seatId":1,"bulletId":7,"bulletKind":0,"angle":0,"lockfish":59,"agentcall":true}}
2023/03/25 10:41:59 [INFO] Receive Message:{"Ret":"ActCreateFish","Data":{"fishinfo":[{"index":57,"fishtype":21,"cts":1679712121,"route":"R4_L7","speed":75},{"index":104,"fishtype":6,"cts":1679712121,"route":"L4_R6","speed":60}],"formation":null}}
2023/03/25 10:41:59 [INFO] Receive Message:{"Ret":"ActSyncShoot","Data":{"seatId":1,"bulletId":8,"bulletKind":0,"angle":0,"lockfish":59,"agentcall":true}}
2023/03/25 10:41:59 [INFO] Receive Message:{"Ret":"ActSyncShoot","Data":{"seatId":1,"bulletId":9,"bulletKind":0,"angle":0,"lockfish":59,"agentcall":true}}
2023/03/25 10:41:59 [INFO] Receive Message:{"Ret":"ActSyncShoot","Data":{"seatId":1,"bulletId":10,"bulletKind":0,"angle":0,"lockfish":59,"agentcall":true}}
2023/03/25 10:42:00 [INFO] Receive Message:{"Ret":"ActSyncShoot","Data":{"seatId":1,"bulletId":11,"bulletKind":0,"angle":0,"lockfish":59,"agentcall":true}}
2023/03/25 10:42:00 [INFO] Receive Message:{"Ret":"ActSyncShoot","Data":{"seatId":1,"bulletId":12,"bulletKind":0,"angle":0,"lockfish":59,"agentcall":true}}
2023/03/25 10:42:00 [INFO] Receive Message:{"Ret":"ActSyncShoot","Data":{"seatId":1,"bulletId":13,"bulletKind":0,"angle":0,"lockfish":59,"agentcall":true}}
2023/03/25 10:42:00 [INFO] Receive Message:{"Ret":"ActSyncShoot","Data":{"seatId":1,"bulletId":14,"bulletKind":0,"angle":0,"lockfish":59,"agentcall":true}}
2023/03/25 10:42:00 [INFO] Receive Message:{"Ret":"ActSyncShoot","Data":{"seatId":1,"bulletId":15,"bulletKind":0,"angle":0,"lockfish":59,"agentcall":true}}
2023/03/25 10:42:01 [INFO] Receive Message:{"Ret":"ActSyncShoot","Data":{"seatId":1,"bulletId":16,"bulletKind":0,"angle":0,"lockfish":59,"agentcall":true}}
2023/03/25 10:42:01 [INFO] Receive Message:{"Ret":"ActSyncShoot","Data":{"seatId":1,"bulletId":17,"bulletKind":0,"angle":0,"lockfish":59,"agentcall":true}}
2023/03/25 10:42:01 [INFO] Receive Message:{"Ret":"ActSyncShoot","Data":{"seatId":1,"bulletId":18,"bulletKind":0,"angle":0,"lockfish":59,"agentcall":true}}
2023/03/25 10:42:01 [INFO] Receive Message:{"Ret":"ActSyncShoot","Data":{"seatId":1,"bulletId":19,"bulletKind":0,"angle":0,"lockfish":59,"agentcall":true}}
2023/03/25 10:42:01 [INFO] Receive Message:{"Ret":"ActSyncShoot","Data":{"seatId":1,"bulletId":20,"bulletKind":0,"angle":0,"lockfish":59,"agentcall":true}}
2023/03/25 10:42:02 [INFO] Receive Message:{"Ret":"ActSyncShoot","Data":{"seatId":1,"bulletId":21,"bulletKind":0,"angle":0,"lockfish":59,"agentcall":true}}
2023/03/25 10:42:02 [INFO] Receive Message:{"Ret":"ActSyncShoot","Data":{"seatId":1,"bulletId":22,"bulletKind":0,"angle":0,"lockfish":59,"agentcall":true}}
2023/03/25 10:42:02 [INFO] Receive Message:{"Ret":"ActCreateFish","Data":{"fishinfo":[{"index":10,"fishtype":5,"cts":1679712124,"route":"L5_R6","speed":54},{"index":108,"fishtype":8,"cts":1679712124,"route":"R1_L1_2","speed":72}],"formation":null}}
2023/03/25 10:42:02 [INFO] Receive Message:{"Ret":"ActSyncShoot","Data":{"seatId":1,"bulletId":23,"bulletKind":0,"angle":0,"lockfish":59,"agentcall":true}}
2023/03/25 10:42:02 [INFO] Receive Message:{"Ret":"ActSyncShoot","Data":{"seatId":1,"bulletId":24,"bulletKind":0,"angle":0,"lockfish":59,"agentcall":true}}
2023/03/25 10:42:02 [INFO] Receive Message:{"Ret":"ActSyncShoot","Data":{"seatId":1,"bulletId":25,"bulletKind":0,"angle":0,"lockfish":59,"agentcall":true}}
2023/03/25 10:42:03 [INFO] Receive Message:{"Ret":"ActSyncShoot","Data":{"seatId":1,"bulletId":26,"bulletKind":0,"angle":0,"lockfish":59,"agentcall":true}}
2023/03/25 10:42:03 [INFO] Receive Message:{"Code":0,"Ret":"Shoot","Message":"success"}
2023/03/25 10:42:03 [INFO] Receive Message:{"Ret":"ActSyncShoot","Data":{"seatId":1,"bulletId":27,"bulletKind":0,"angle":0,"lockfish":59,"agentcall":true}}
2023/03/25 10:42:03 [INFO] Receive Message:{"Ret":"ActSyncShoot","Data":{"seatId":0,"bulletId":28,"bulletKind":1,"angle":0,"lockfish":0,"agentcall":false}}
2023/03/25 10:42:03 [INFO] Receive Message:{"Ret":"ActCreateFish","Data":{"fishinfo":[{"index":1,"fishtype":7,"cts":1679712125,"isdead":true,"route":"L3_R5","speed":60},{"index":109,"fishtype":8,"cts":1679712125,"route":"R1_L1_2","speed":72}],"formation":null}}
2023/03/25 10:42:03 [INFO] Receive Message:{"Ret":"ActSyncShoot","Data":{"seatId":1,"bulletId":29,"bulletKind":0,"angle":0,"lockfish":59,"agentcall":true}}
2023/03/25 10:42:03 [INFO] Receive Message:{"Ret":"ActSyncShoot","Data":{"seatId":1,"bulletId":30,"bulletKind":0,"angle":0,"lockfish":59,"agentcall":true}}
2023/03/25 10:42:03 [INFO] Receive Message:{"Ret":"ActSyncShoot","Data":{"seatId":1,"bulletId":31,"bulletKind":0,"angle":0,"lockfish":59,"agentcall":true}}
2023/03/25 10:42:04 [INFO] Receive Message:{"Ret":"ActSyncShoot","Data":{"seatId":1,"bulletId":32,"bulletKind":0,"angle":0,"lockfish":59,"agentcall":true}}
2023/03/25 10:42:04 [INFO] Receive Message:{"Ret":"ActSyncShoot","Data":{"seatId":1,"bulletId":33,"bulletKind":0,"angle":0,"lockfish":59,"agentcall":true}}
2023/03/25 10:42:04 [INFO] Receive Message:{"Code":0,"Ret":"Hit","Message":"success","Data":0}
2023/03/25 10:42:04 [INFO] Receive Message:{"Ret":"ActGold","Data":{"Gold":5000003.8}}
2023/03/25 10:42:04 [INFO] Receive Message:{"Ret":"ActSyncHit","Data":{"seatId":0,"diefish":0,"bulletgold":0.1,"wingold":0,"skillReward":null,"gold":5000003.8,"isTrick":false}}
2023/03/25 10:42:04 [INFO] Receive Message:{"Ret":"ActSyncShoot","Data":{"seatId":1,"bulletId":34,"bulletKind":0,"angle":0,"lockfish":59,"agentcall":true}}
2023/03/25 10:42:04 [INFO] Receive Message:{"Ret":"ActSyncShoot","Data":{"seatId":1,"bulletId":35,"bulletKind":0,"angle":0,"lockfish":59,"agentcall":true}}
2023/03/25 10:42:04 [INFO] Receive Message:{"Ret":"ActSyncShoot","Data":{"seatId":1,"bulletId":36,"bulletKind":0,"angle":0,"lockfish":59,"agentcall":true}}
2023/03/25 10:42:05 [INFO] Receive Message:{"Ret":"ActSyncShoot","Data":{"seatId":1,"bulletId":37,"bulletKind":0,"angle":0,"lockfish":59,"agentcall":true}}
2023/03/25 10:42:05 [INFO] Receive Message:{"Ret":"ActSyncShoot","Data":{"seatId":1,"bulletId":38,"bulletKind":0,"angle":0,"lockfish":59,"agentcall":true}}
2023/03/25 10:42:05 [INFO] Receive Message:{"Ret":"ActCreateFish","Data":{"fishinfo":[{"index":48,"fishtype":10,"cts":1679712127,"route":"R6_L6_2","speed":68},{"index":58,"fishtype":9,"cts":1679712127,"route":"L1_R2","speed":72}],"formation":null}}
2023/03/25 10:42:05 [INFO] Receive Message:{"Ret":"ActSyncShoot","Data":{"seatId":1,"bulletId":39,"bulletKind":0,"angle":0,"lockfish":59,"agentcall":true}}
2023/03/25 10:42:05 [INFO] Receive Message:{"Ret":"ActSyncShoot","Data":{"seatId":1,"bulletId":40,"bulletKind":0,"angle":0,"lockfish":59,"agentcall":true}}
2023/03/25 10:42:05 [INFO] Receive Message:{"Ret":"ActSyncShoot","Data":{"seatId":1,"bulletId":41,"bulletKind":0,"angle":0,"lockfish":59,"agentcall":true}}
2023/03/25 10:42:06 [INFO] Receive Message:{"Ret":"ActSyncShoot","Data":{"seatId":1,"bulletId":42,"bulletKind":0,"angle":0,"lockfish":59,"agentcall":true}}
2023/03/25 10:42:06 [INFO] Receive Message:{"Ret":"ActSyncShoot","Data":{"seatId":1,"bulletId":43,"bulletKind":0,"angle":0,"lockfish":59,"agentcall":true}}
2023/03/25 10:42:06 [INFO] Receive Message:{"Ret":"ActSyncShoot","Data":{"seatId":1,"bulletId":44,"bulletKind":0,"angle":0,"lockfish":59,"agentcall":true}}
2023/03/25 10:42:06 [INFO] Receive Message:{"Ret":"ActSyncShoot","Data":{"seatId":1,"bulletId":45,"bulletKind":0,"angle":0,"lockfish":59,"agentcall":true}}
2023/03/25 10:42:06 [INFO] Receive Message:{"Ret":"ActSyncShoot","Data":{"seatId":1,"bulletId":46,"bulletKind":0,"angle":0,"lockfish":59,"agentcall":true}}
2023/03/25 10:42:07 [INFO] Receive Message:{"Ret":"ActSyncShoot","Data":{"seatId":1,"bulletId":47,"bulletKind":0,"angle":0,"lockfish":59,"agentcall":true}}
2023/03/25 10:42:07 [INFO] Receive Message:{"Ret":"ActSyncShoot","Data":{"seatId":1,"bulletId":48,"bulletKind":0,"angle":0,"lockfish":59,"agentcall":true}}
2023/03/25 10:42:07 [INFO] Receive Message:{"Ret":"ActCreateFish","Data":{"fishinfo":[{"index":45,"fishtype":13,"cts":1679712129,"route":"R5_L5_1","speed":78},{"index":49,"fishtype":10,"cts":1679712129,"route":"R6_L6_2","speed":68},{"index":50,"fishtype":11,"cts":1679712129,"route":"R3_L2","speed":78},{"index":83,"fishtype":12,"cts":1679712129,"route":"R2_L2_2","speed":78},{"index":87,"fishtype":25,"cts":1679712129,"route":"L2_R2_1","speed":71}],"formation":null}}
2023/03/25 10:42:07 [INFO] Receive Message:{"Ret":"ActSyncShoot","Data":{"seatId":1,"bulletId":49,"bulletKind":0,"angle":0,"lockfish":59,"agentcall":true}}
2023/03/25 10:42:07 [INFO] Receive Message:{"Ret":"ActSyncShoot","Data":{"seatId":1,"bulletId":50,"bulletKind":0,"angle":0,"lockfish":59,"agentcall":true}}
2023/03/25 10:42:07 [INFO] Receive Message:{"Ret":"ActSyncShoot","Data":{"seatId":1,"bulletId":51,"bulletKind":0,"angle":0,"lockfish":59,"agentcall":true}}
2023/03/25 10:42:08 [INFO] Receive Message:{"Ret":"ActSyncShoot","Data":{"seatId":1,"bulletId":52,"bulletKind":0,"angle":0,"lockfish":59,"agentcall":true}}
2023/03/25 10:42:08 [INFO] Receive Message:{"Ret":"ActSyncShoot","Data":{"seatId":1,"bulletId":53,"bulletKind":0,"angle":0,"lockfish":59,"agentcall":true}}
2023/03/25 10:42:08 [INFO] Receive Message:{"Ret":"ActCreateFish","Data":{"fishinfo":[{"index":84,"fishtype":12,"cts":1679712130,"route":"R2_L2_2","speed":78}],"formation":null}}
2023/03/25 10:42:08 [INFO] Receive Message:{"Ret":"ActSyncShoot","Data":{"seatId":1,"bulletId":54,"bulletKind":0,"angle":0,"lockfish":59,"agentcall":true}}
2023/03/25 10:42:08 [INFO] Receive Message:{"Ret":"ActSyncShoot","Data":{"seatId":1,"bulletId":55,"bulletKind":0,"angle":0,"lockfish":59,"agentcall":true}}
2023/03/25 10:42:08 [INFO] Receive Message:{"Ret":"ActSyncShoot","Data":{"seatId":1,"bulletId":56,"bulletKind":0,"angle":0,"lockfish":59,"agentcall":true}}
2023/03/25 10:42:09 [INFO] Receive Message:{"Ret":"ActSyncShoot","Data":{"seatId":1,"bulletId":57,"bulletKind":0,"angle":0,"lockfish":59,"agentcall":true}}
2023/03/25 10:42:09 [INFO] Receive Message:{"Ret":"ActSyncShoot","Data":{"seatId":1,"bulletId":58,"bulletKind":0,"angle":0,"lockfish":59,"agentcall":true}}
2023/03/25 10:42:09 [INFO] Receive Message:{"Ret":"ActCreateFish","Data":{"fishinfo":[{"index":46,"fishtype":13,"cts":1679712131,"route":"R5_L5_1","speed":78},{"index":56,"fishtype":22,"cts":1679712131,"route":"L3_R6","speed":75}],"formation":null}}
2023/03/25 10:42:09 [INFO] Receive Message:{"Ret":"ActSyncShoot","Data":{"seatId":1,"bulletId":59,"bulletKind":0,"angle":0,"lockfish":59,"agentcall":true}}
2023/03/25 10:42:09 [INFO] Receive Message:{"Ret":"ActSyncShoot","Data":{"seatId":1,"bulletId":60,"bulletKind":0,"angle":0,"lockfish":59,"agentcall":true}}
2023/03/25 10:42:09 [INFO] Receive Message:{"Ret":"ActSyncShoot","Data":{"seatId":1,"bulletId":61,"bulletKind":0,"angle":0,"lockfish":59,"agentcall":true}}
2023/03/25 10:42:10 [INFO] Receive Message:{"Ret":"ActSyncShoot","Data":{"seatId":1,"bulletId":62,"bulletKind":0,"angle":0,"lockfish":59,"agentcall":true}}
2023/03/25 10:42:10 [INFO] Receive Message:{"Ret":"ActSyncShoot","Data":{"seatId":1,"bulletId":63,"bulletKind":0,"angle":0,"lockfish":59,"agentcall":true}}
2023/03/25 10:42:10 [INFO] Receive Message:{"Ret":"ActCreateFish","Data":{"fishinfo":[{"index":98,"fishtype":15,"cts":1679712132,"route":"L1_R7","speed":78}],"formation":null}}
2023/03/25 10:42:10 [INFO] Receive Message:{"Ret":"ActSyncShoot","Data":{"seatId":1,"bulletId":64,"bulletKind":0,"angle":0,"lockfish":59,"agentcall":true}}
2023/03/25 10:42:10 [INFO] Receive Message:{"Ret":"ActSyncShoot","Data":{"seatId":1,"bulletId":65,"bulletKind":0,"angle":0,"lockfish":59,"agentcall":true}}
2023/03/25 10:42:10 [INFO] Receive Message:{"Ret":"ActSyncShoot","Data":{"seatId":1,"bulletId":66,"bulletKind":0,"angle":0,"lockfish":59,"agentcall":true}}
2023/03/25 10:42:11 [INFO] Receive Message:{"Ret":"ActSyncShoot","Data":{"seatId":1,"bulletId":67,"bulletKind":0,"angle":0,"lockfish":10,"agentcall":true}}
2023/03/25 10:42:11 [INFO] Receive Message:{"Code":0,"Ret":"Shoot","Message":"success"}
2023/03/25 10:42:11 [INFO] Receive Message:{"Ret":"ActSyncShoot","Data":{"seatId":0,"bulletId":68,"bulletKind":1,"angle":0,"lockfish":0,"agentcall":false}}
2023/03/25 10:42:11 [INFO] Receive Message:{"Ret":"ActSyncShoot","Data":{"seatId":1,"bulletId":69,"bulletKind":0,"angle":0,"lockfish":10,"agentcall":true}}
2023/03/25 10:42:11 [INFO] Receive Message:{"Ret":"ActCreateFish","Data":{"fishinfo":[{"index":107,"fishtype":14,"cts":1679712133,"route":"L3_R3_1","speed":64}],"formation":null}}
2023/03/25 10:42:11 [INFO] Receive Message:{"Ret":"ActSyncShoot","Data":{"seatId":1,"bulletId":70,"bulletKind":0,"angle":0,"lockfish":10,"agentcall":true}}
2023/03/25 10:42:11 [INFO] Receive Message:{"Ret":"ActSyncShoot","Data":{"seatId":1,"bulletId":71,"bulletKind":0,"angle":0,"lockfish":10,"agentcall":true}}
2023/03/25 10:42:11 [INFO] Receive Message:{"Ret":"ActSyncShoot","Data":{"seatId":1,"bulletId":72,"bulletKind":0,"angle":0,"lockfish":10,"agentcall":true}}
2023/03/25 10:42:12 [INFO] Receive Message:{"Ret":"ActSyncShoot","Data":{"seatId":1,"bulletId":73,"bulletKind":0,"angle":0,"lockfish":10,"agentcall":true}}
2023/03/25 10:42:12 [INFO] Receive Message:{"Ret":"ActSyncShoot","Data":{"seatId":1,"bulletId":74,"bulletKind":0,"angle":0,"lockfish":10,"agentcall":true}}
2023/03/25 10:42:12 [INFO] Receive Message:{"Ret":"ActCreateFish","Data":{"fishinfo":[{"index":42,"fishtype":27,"cts":1679712134,"route":"R7_L6","speed":71}],"formation":null}}
2023/03/25 10:42:12 [INFO] Receive Message:{"Code":0,"Ret":"Hit","Message":"success","Data":3}
2023/03/25 10:42:12 [INFO] Receive Message:{"Ret":"ActSyncShoot","Data":{"seatId":1,"bulletId":75,"bulletKind":0,"angle":0,"lockfish":10,"agentcall":true}}
2023/03/25 10:42:12 [INFO] Receive Message:{"Ret":"ActGold","Data":{"Gold":5000003.7}}
2023/03/25 10:42:12 [INFO] Receive Message:{"Ret":"ActGold","Data":{"Gold":5000003.9}}
2023/03/25 10:42:12 [INFO] Receive Message:{"Ret":"ActSyncHit","Data":{"seatId":0,"diefish":3,"bulletgold":0.1,"wingold":0.2,"skillReward":null,"gold":5000003.9,"isTrick":false}}
2023/03/25 10:42:12 [INFO] Receive Message:{"Ret":"ActSyncShoot","Data":{"seatId":1,"bulletId":76,"bulletKind":0,"angle":0,"lockfish":10,"agentcall":true}}
2023/03/25 10:42:12 [INFO] Receive Message:{"Ret":"ActSyncShoot","Data":{"seatId":1,"bulletId":77,"bulletKind":0,"angle":0,"lockfish":10,"agentcall":true}}
2023/03/25 10:42:13 [INFO] Receive Message:{"Ret":"ActSyncShoot","Data":{"seatId":1,"bulletId":78,"bulletKind":0,"angle":0,"lockfish":10,"agentcall":true}}
2023/03/25 10:42:13 [INFO] Receive Message:{"Ret":"ActSyncShoot","Data":{"seatId":1,"bulletId":79,"bulletKind":0,"angle":0,"lockfish":10,"agentcall":true}}
2023/03/25 10:42:13 [INFO] Receive Message:{"Ret":"ActCreateFish","Data":{"fishinfo":[{"index":2,"fishtype":19,"cts":1679712135,"route":"R5_L5_1","speed":78},{"index":7,"fishtype":20,"cts":1679712135,"route":"L1_R1_2","speed":54}],"formation":null}}
2023/03/25 10:42:13 [INFO] Receive Message:{"Ret":"ActDispFish","Data":{"fishinfo":[{"index":24,"fishtype":1,"cts":1679712114,"route":"R7_L7_1","speed":68}]}}
2023/03/25 10:42:13 [INFO] Receive Message:{"Ret":"ActSyncShoot","Data":{"seatId":1,"bulletId":80,"bulletKind":0,"angle":0,"lockfish":10,"agentcall":true}}
2023/03/25 10:42:13 [INFO] Receive Message:{"Ret":"ActSyncShoot","Data":{"seatId":1,"bulletId":81,"bulletKind":0,"angle":0,"lockfish":10,"agentcall":true}}
2023/03/25 10:42:13 [INFO] Receive Message:{"Ret":"ActSyncShoot","Data":{"seatId":1,"bulletId":82,"bulletKind":0,"angle":0,"lockfish":10,"agentcall":true}}
2023/03/25 10:42:14 [INFO] Receive Message:{"Ret":"ActSyncShoot","Data":{"seatId":1,"bulletId":83,"bulletKind":0,"angle":0,"lockfish":10,"agentcall":true}}
2023/03/25 10:42:14 [INFO] Receive Message:{"Ret":"ActSyncShoot","Data":{"seatId":1,"bulletId":84,"bulletKind":0,"angle":0,"lockfish":10,"agentcall":true}}
2023/03/25 10:42:14 [INFO] Receive Message:{"Ret":"ActCreateFish","Data":{"fishinfo":[{"index":16,"fishtype":18,"cts":1679712136,"route":"L1_R1_3","speed":78}],"formation":null}}
2023/03/25 10:42:14 [INFO] Receive Message:{"Ret":"ActDispFish","Data":{"fishinfo":[{"index":25,"fishtype":1,"cts":1679712115,"route":"R7_L7_1","speed":68},{"index":59,"fishtype":1,"cts":1679712114,"route":"L1_R1_1","speed":68}]}}
2023/03/25 10:42:14 [INFO] Receive Message:{"Ret":"ActSyncShoot","Data":{"seatId":1,"bulletId":85,"bulletKind":0,"angle":0,"lockfish":10,"agentcall":true}}
2023/03/25 10:42:14 [INFO] Receive Message:{"Ret":"ActSyncShoot","Data":{"seatId":1,"bulletId":86,"bulletKind":0,"angle":0,"lockfish":10,"agentcall":true}}
2023/03/25 10:42:14 [INFO] Receive Message:{"Ret":"ActSyncShoot","Data":{"seatId":1,"bulletId":87,"bulletKind":0,"angle":0,"lockfish":10,"agentcall":true}}
2023/03/25 10:42:15 [INFO] Receive Message:{"Ret":"ActSyncShoot","Data":{"seatId":1,"bulletId":88,"bulletKind":0,"angle":0,"lockfish":10,"agentcall":true}}
2023/03/25 10:42:15 [INFO] Receive Message:{"Ret":"ActSyncShoot","Data":{"seatId":1,"bulletId":89,"bulletKind":0,"angle":0,"lockfish":10,"agentcall":true}}
2023/03/25 10:42:15 [INFO] Receive Message:{"Ret":"ActCreateFish","Data":{"fishinfo":[{"index":8,"fishtype":20,"cts":1679712137,"route":"L1_R1_2","speed":54},{"index":34,"fishtype":17,"cts":1679712137,"route":"L4_R4_3","speed":72},{"index":47,"fishtype":16,"cts":1679712137,"route":"L4_R5","speed":72}],"formation":null}}
2023/03/25 10:42:15 [INFO] Receive Message:{"Ret":"ActDispFish","Data":{"fishinfo":[{"index":26,"fishtype":1,"cts":1679712116,"route":"R7_L7_1","speed":68},{"index":60,"fishtype":1,"cts":1679712115,"route":"L1_R1_1","speed":68}]}}
2023/03/25 10:42:15 [INFO] Receive Message:{"Ret":"ActSyncShoot","Data":{"seatId":1,"bulletId":90,"bulletKind":0,"angle":0,"lockfish":10,"agentcall":true}}
2023/03/25 10:42:15 [INFO] Receive Message:{"Ret":"ActSyncShoot","Data":{"seatId":1,"bulletId":91,"bulletKind":0,"angle":0,"lockfish":10,"agentcall":true}}
2023/03/25 10:42:15 [INFO] Receive Message:{"Ret":"ActSyncShoot","Data":{"seatId":1,"bulletId":92,"bulletKind":0,"angle":0,"lockfish":10,"agentcall":true}}
2023/03/25 10:42:16 [INFO] Receive Message:{"Ret":"ActSyncShoot","Data":{"seatId":1,"bulletId":93,"bulletKind":0,"angle":0,"lockfish":10,"agentcall":true}}
2023/03/25 10:42:16 [INFO] Receive Message:{"Ret":"ActSyncShoot","Data":{"seatId":1,"bulletId":94,"bulletKind":0,"angle":0,"lockfish":10,"agentcall":true}}
2023/03/25 10:42:16 [INFO] Receive Message:{"Ret":"ActCreateFish","Data":{"fishinfo":[{"index":13,"fishtype":28,"cts":1679712138,"route":"L4_R4_1","speed":71},{"index":17,"fishtype":18,"cts":1679712138,"route":"L1_R1_3","speed":78}],"formation":null}}
2023/03/25 10:42:16 [INFO] Receive Message:{"Ret":"ActDispFish","Data":{"fishinfo":[{"index":27,"fishtype":1,"cts":1679712117,"route":"R7_L7_1","speed":68},{"index":61,"fishtype":1,"cts":1679712116,"route":"L1_R1_1","speed":68}]}}
2023/03/25 10:42:16 [INFO] Receive Message:{"Ret":"ActSyncShoot","Data":{"seatId":1,"bulletId":95,"bulletKind":0,"angle":0,"lockfish":10,"agentcall":true}}
2023/03/25 10:42:16 [INFO] Receive Message:{"Ret":"ActSyncShoot","Data":{"seatId":1,"bulletId":96,"bulletKind":0,"angle":0,"lockfish":10,"agentcall":true}}
2023/03/25 10:42:16 [INFO] Receive Message:{"Ret":"ActSyncShoot","Data":{"seatId":1,"bulletId":97,"bulletKind":0,"angle":0,"lockfish":10,"agentcall":true}}
2023/03/25 10:42:17 [INFO] Receive Message:{"Ret":"ActSyncShoot","Data":{"seatId":1,"bulletId":98,"bulletKind":0,"angle":0,"lockfish":10,"agentcall":true}}
2023/03/25 10:42:17 [INFO] Receive Message:{"Ret":"ActSyncShoot","Data":{"seatId":1,"bulletId":99,"bulletKind":0,"angle":0,"lockfish":10,"agentcall":true}}
2023/03/25 10:42:17 [INFO] Receive Message:{"Ret":"ActCreateFish","Data":{"fishinfo":[{"index":35,"fishtype":17,"cts":1679712139,"route":"L4_R4_3","speed":72},{"index":99,"fishtype":23,"cts":1679712139,"route":"L7_R6","speed":75}],"formation":null}}
2023/03/25 10:42:17 [INFO] Receive Message:{"Ret":"ActDispFish","Data":{"fishinfo":[{"index":28,"fishtype":1,"cts":1679712118,"route":"R7_L7_1","speed":68},{"index":62,"fishtype":1,"cts":1679712117,"route":"L1_R1_1","speed":68},{"index":70,"fishtype":2,"cts":1679712115,"route":"L6_R2","speed":68}]}}
2023/03/25 10:42:17 [INFO] Receive Message:{"Ret":"ActSyncShoot","Data":{"seatId":1,"bulletId":100,"bulletKind":0,"angle":0,"lockfish":10,"agentcall":true}}
2023/03/25 10:42:17 [INFO] Receive Message:{"Ret":"ActSyncShoot","Data":{"seatId":1,"bulletId":101,"bulletKind":0,"angle":0,"lockfish":10,"agentcall":true}}
2023/03/25 10:42:17 [INFO] Receive Message:{"Ret":"ActSyncShoot","Data":{"seatId":1,"bulletId":102,"bulletKind":0,"angle":0,"lockfish":10,"agentcall":true}}
2023/03/25 10:42:18 [INFO] Receive Message:{"Ret":"ActSyncShoot","Data":{"seatId":1,"bulletId":103,"bulletKind":0,"angle":0,"lockfish":10,"agentcall":true}}
2023/03/25 10:42:18 [INFO] Receive Message:{"Ret":"ActSyncShoot","Data":{"seatId":1,"bulletId":104,"bulletKind":0,"angle":0,"lockfish":10,"agentcall":true}}
2023/03/25 10:42:18 [INFO] Receive Message:{"Ret":"ActDispFish","Data":{"fishinfo":[{"index":4,"fishtype":3,"cts":1679712117,"route":"L4_R5","speed":68},{"index":20,"fishtype":4,"cts":1679712118,"route":"L2_R2_1","speed":68},{"index":38,"fishtype":4,"cts":1679712118,"route":"R6_L6_1","speed":68},{"index":63,"fishtype":1,"cts":1679712118,"route":"L1_R1_1","speed":68},{"index":88,"fishtype":2,"cts":1679712115,"route":"R6_L4","speed":68}]}}
2023/03/25 10:42:18 [INFO] Receive Message:{"Ret":"ActSyncShoot","Data":{"seatId":1,"bulletId":105,"bulletKind":0,"angle":0,"lockfish":10,"agentcall":true}}
2023/03/25 10:42:18 [INFO] Receive Message:{"Code":0,"Ret":"Shoot","Message":"success"}
2023/03/25 10:42:18 [INFO] Receive Message:{"Ret":"ActSyncShoot","Data":{"seatId":0,"bulletId":106,"bulletKind":1,"angle":0,"lockfish":0,"agentcall":false}}
2023/03/25 10:42:18 [INFO] Receive Message:{"Ret":"ActSyncShoot","Data":{"seatId":1,"bulletId":107,"bulletKind":0,"angle":0,"lockfish":10,"agentcall":true}}
2023/03/25 10:42:18 [INFO] Receive Message:{"Ret":"ActSyncShoot","Data":{"seatId":1,"bulletId":108,"bulletKind":0,"angle":0,"lockfish":10,"agentcall":true}}
2023/03/25 10:42:19 [INFO] Receive Message:{"Ret":"ActSyncShoot","Data":{"seatId":1,"bulletId":109,"bulletKind":0,"angle":0,"lockfish":10,"agentcall":true}}
2023/03/25 10:42:19 [INFO] Receive Message:{"Ret":"ActSyncShoot","Data":{"seatId":1,"bulletId":110,"bulletKind":0,"angle":0,"lockfish":10,"agentcall":true}}
2023/03/25 10:42:19 [INFO] Receive Message:{"Ret":"ActCreateFish","Data":{"fishinfo":[{"index":36,"fishtype":10,"cts":1679712141,"route":"L6_R6_2","speed":68}],"formation":null}}
2023/03/25 10:42:19 [INFO] Receive Message:{"Ret":"ActDispFish","Data":{"fishinfo":[{"index":71,"fishtype":2,"cts":1679712117,"route":"L6_R2","speed":68},{"index":94,"fishtype":3,"cts":1679712115,"route":"R4_L6","speed":68}]}}
2023/03/25 10:42:19 [INFO] Receive Message:{"Ret":"ActSyncShoot","Data":{"seatId":1,"bulletId":111,"bulletKind":0,"angle":0,"lockfish":10,"agentcall":true}}
2023/03/25 10:42:19 [INFO] Receive Message:{"Ret":"ActSyncShoot","Data":{"seatId":1,"bulletId":112,"bulletKind":0,"angle":0,"lockfish":10,"agentcall":true}}
2023/03/25 10:42:19 [INFO] Receive Message:{"Ret":"ActSyncShoot","Data":{"seatId":1,"bulletId":113,"bulletKind":0,"angle":0,"lockfish":10,"agentcall":true}}
2023/03/25 10:42:20 [INFO] Receive Message:{"Ret":"ActSyncShoot","Data":{"seatId":1,"bulletId":114,"bulletKind":0,"angle":0,"lockfish":10,"agentcall":true}}
2023/03/25 10:42:20 [INFO] Receive Message:{"Ret":"ActSyncShoot","Data":{"seatId":1,"bulletId":115,"bulletKind":0,"angle":0,"lockfish":10,"agentcall":true}}
2023/03/25 10:42:20 [INFO] Receive Message:{"Ret":"ActCreateFish","Data":{"fishinfo":[{"index":77,"fishtype":9,"cts":1679712142,"route":"L4_R5","speed":72}],"formation":null}}
2023/03/25 10:42:20 [INFO] Receive Message:{"Ret":"ActDispFish","Data":{"fishinfo":[{"index":21,"fishtype":4,"cts":1679712120,"route":"L2_R2_1","speed":68},{"index":39,"fishtype":4,"cts":1679712120,"route":"R6_L6_1","speed":68},{"index":57,"fishtype":21,"cts":1679712121,"route":"R4_L7","speed":75},{"index":89,"fishtype":2,"cts":1679712117,"route":"R6_L4","speed":68}]}}
2023/03/25 10:42:20 [INFO] Receive Message:{"Ret":"ActSyncShoot","Data":{"seatId":1,"bulletId":116,"bulletKind":0,"angle":0,"lockfish":10,"agentcall":true}}
2023/03/25 10:42:20 [INFO] Receive Message:{"Ret":"ActSyncShoot","Data":{"seatId":1,"bulletId":117,"bulletKind":0,"angle":0,"lockfish":10,"agentcall":true}}
2023/03/25 10:42:20 [INFO] Receive Message:{"Ret":"ActSyncShoot","Data":{"seatId":1,"bulletId":118,"bulletKind":0,"angle":0,"lockfish":10,"agentcall":true}}
2023/03/25 10:42:21 [INFO] Receive Message:{"Ret":"ActSyncShoot","Data":{"seatId":1,"bulletId":119,"bulletKind":0,"angle":0,"lockfish":10,"agentcall":true}}
2023/03/25 10:42:21 [INFO] Receive Message:{"Ret":"ActSyncShoot","Data":{"seatId":1,"bulletId":120,"bulletKind":0,"angle":0,"lockfish":10,"agentcall":true}}
2023/03/25 10:42:21 [INFO] Receive Message:{"Ret":"ActCreateFish","Data":{"fishinfo":[{"index":37,"fishtype":10,"cts":1679712143,"route":"L6_R6_2","speed":68}],"formation":null}}
2023/03/25 10:42:21 [INFO] Receive Message:{"Ret":"ActDispFish","Data":{"fishinfo":[{"index":72,"fishtype":2,"cts":1679712119,"route":"L6_R2","speed":68},{"index":95,"fishtype":3,"cts":1679712117,"route":"R4_L6","speed":68}]}}
2023/03/25 10:42:21 [INFO] Receive Message:{"Ret":"ActSyncShoot","Data":{"seatId":1,"bulletId":121,"bulletKind":0,"angle":0,"lockfish":10,"agentcall":true}}
2023/03/25 10:42:21 [INFO] Receive Message:{"Ret":"ActSyncShoot","Data":{"seatId":1,"bulletId":122,"bulletKind":0,"angle":0,"lockfish":10,"agentcall":true}}
2023/03/25 10:42:21 [INFO] Receive Message:{"Ret":"ActSyncShoot","Data":{"seatId":1,"bulletId":123,"bulletKind":0,"angle":0,"lockfish":10,"agentcall":true}}
2023/03/25 10:42:22 [INFO] Receive Message:{"Ret":"ActSyncShoot","Data":{"seatId":1,"bulletId":124,"bulletKind":0,"angle":0,"lockfish":10,"agentcall":true}}
2023/03/25 10:42:22 [INFO] Receive Message:{"Ret":"ActSyncShoot","Data":{"seatId":1,"bulletId":125,"bulletKind":0,"angle":0,"lockfish":10,"agentcall":true}}
2023/03/25 10:42:22 [INFO] Receive Message:{"Ret":"ActCreateFish","Data":{"fishinfo":[{"index":29,"fishtype":1,"cts":1679712144,"route":"R7_L7_1","speed":68},{"index":52,"fishtype":26,"cts":1679712144,"route":"L2_R2_1","speed":71},{"index":64,"fishtype":1,"cts":1679712144,"route":"L1_R1_1","speed":68},{"index":76,"fishtype":24,"cts":1679712144,"route":"R4_L4_1","speed":64}],"formation":null}}
2023/03/25 10:42:22 [INFO] Receive Message:{"Ret":"ActDispFish","Data":{"fishinfo":[{"index":90,"fishtype":2,"cts":1679712119,"route":"R6_L4","speed":68}]}}
2023/03/25 10:42:22 [INFO] Receive Message:{"Ret":"ActSyncShoot","Data":{"seatId":1,"bulletId":126,"bulletKind":0,"angle":0,"lockfish":10,"agentcall":true}}
2023/03/25 10:42:22 [INFO] Receive Message:{"Ret":"ActSyncShoot","Data":{"seatId":1,"bulletId":127,"bulletKind":0,"angle":0,"lockfish":10,"agentcall":true}}
2023/03/25 10:42:22 [INFO] Receive Message:{"Ret":"ActSyncShoot","Data":{"seatId":1,"bulletId":128,"bulletKind":0,"angle":0,"lockfish":10,"agentcall":true}}
2023/03/25 10:42:23 [INFO] Receive Message:{"Ret":"ActSyncShoot","Data":{"seatId":1,"bulletId":129,"bulletKind":0,"angle":0,"lockfish":10,"agentcall":true}}
2023/03/25 10:42:23 [INFO] Receive Message:{"Ret":"ActSyncShoot","Data":{"seatId":1,"bulletId":130,"bulletKind":0,"angle":0,"lockfish":10,"agentcall":true}}
2023/03/25 10:42:23 [INFO] Receive Message:{"Ret":"ActCreateFish","Data":{"fishinfo":[{"index":5,"fishtype":3,"cts":1679712145,"route":"L4_R5","speed":68},{"index":30,"fishtype":1,"cts":1679712145,"route":"R7_L7_1","speed":68},{"index":65,"fishtype":1,"cts":1679712145,"route":"L1_R1_1","speed":68},{"index":73,"fishtype":2,"cts":1679712145,"route":"L6_R2","speed":68},{"index":91,"fishtype":2,"cts":1679712145,"route":"R6_L4","speed":68},{"index":96,"fishtype":3,"cts":1679712145,"route":"R4_L6","speed":68}],"formation":null}}
2023/03/25 10:42:23 [INFO] Receive Message:{"Ret":"ActSyncShoot","Data":{"seatId":1,"bulletId":131,"bulletKind":0,"angle":0,"lockfish":10,"agentcall":true}}
2023/03/25 10:42:23 [INFO] Receive Message:{"Code":0,"Ret":"Hit","Message":"success","Data":4}
2023/03/25 10:42:23 [INFO] Receive Message:{"Ret":"ActGold","Data":{"Gold":5000003.8}}
2023/03/25 10:42:23 [INFO] Receive Message:{"Ret":"ActGold","Data":{"Gold":5000004}}
2023/03/25 10:42:23 [INFO] Receive Message:{"Ret":"ActSyncHit","Data":{"seatId":0,"diefish":4,"bulletgold":0.1,"wingold":0.2,"skillReward":null,"gold":5000004,"isTrick":false}}
2023/03/25 10:42:23 [INFO] Receive Message:{"Ret":"ActSyncShoot","Data":{"seatId":1,"bulletId":132,"bulletKind":0,"angle":0,"lockfish":10,"agentcall":true}}
2023/03/25 10:42:23 [INFO] Receive Message:{"Ret":"ActSyncShoot","Data":{"seatId":1,"bulletId":133,"bulletKind":0,"angle":0,"lockfish":10,"agentcall":true}}
2023/03/25 10:42:24 [INFO] Receive Message:{"Ret":"ActSyncShoot","Data":{"seatId":1,"bulletId":134,"bulletKind":0,"angle":0,"lockfish":10,"agentcall":true}}
2023/03/25 10:42:24 [INFO] Receive Message:{"Ret":"ActSyncShoot","Data":{"seatId":1,"bulletId":135,"bulletKind":0,"angle":0,"lockfish":10,"agentcall":true}}
2023/03/25 10:42:24 [INFO] Receive Message:{"Ret":"ActCreateFish","Data":{"fishinfo":[{"index":31,"fishtype":1,"cts":1679712146,"route":"R7_L7_1","speed":68},{"index":53,"fishtype":25,"cts":1679712146,"route":"L6_R6_1","speed":71},{"index":66,"fishtype":1,"cts":1679712146,"route":"L1_R1_1","speed":68}],"formation":null}}
2023/03/25 10:42:24 [INFO] Receive Message:{"Ret":"ActDispFish","Data":{"fishinfo":[{"index":103,"fishtype":6,"cts":1679712119,"route":"L4_R6","speed":60},{"index":108,"fishtype":8,"cts":1679712124,"route":"R1_L1_2","speed":72}]}}
2023/03/25 10:42:24 [INFO] Receive Message:{"Ret":"ActSyncShoot","Data":{"seatId":1,"bulletId":136,"bulletKind":0,"angle":0,"lockfish":10,"agentcall":true}}
2023/03/25 10:42:24 [INFO] Receive Message:{"Ret":"ActSyncShoot","Data":{"seatId":1,"bulletId":137,"bulletKind":0,"angle":0,"lockfish":10,"agentcall":true}}
2023/03/25 10:42:24 [INFO] Receive Message:{"Ret":"ActSyncShoot","Data":{"seatId":1,"bulletId":138,"bulletKind":0,"angle":0,"lockfish":10,"agentcall":true}}
2023/03/25 10:42:25 [INFO] Receive Message:{"Ret":"ActSyncShoot","Data":{"seatId":1,"bulletId":139,"bulletKind":0,"angle":0,"lockfish":10,"agentcall":true}}
2023/03/25 10:42:25 [INFO] Receive Message:{"Ret":"ActSyncShoot","Data":{"seatId":1,"bulletId":140,"bulletKind":0,"angle":0,"lockfish":10,"agentcall":true}}
2023/03/25 10:42:25 [INFO] Receive Message:{"Ret":"ActCreateFish","Data":{"fishinfo":[{"index":6,"fishtype":3,"cts":1679712147,"route":"L4_R5","speed":68},{"index":32,"fishtype":1,"cts":1679712147,"route":"R7_L7_1","speed":68},{"index":67,"fishtype":1,"cts":1679712147,"route":"L1_R1_1","speed":68},{"index":74,"fishtype":2,"cts":1679712147,"route":"L6_R2","speed":68},{"index":92,"fishtype":2,"cts":1679712147,"route":"R6_L4","speed":68},{"index":97,"fishtype":3,"cts":1679712147,"route":"R4_L6","speed":68}],"formation":null}}
2023/03/25 10:42:25 [INFO] Receive Message:{"Ret":"ActDispFish","Data":{"fishinfo":[{"index":109,"fishtype":8,"cts":1679712125,"route":"R1_L1_2","speed":72}]}}
2023/03/25 10:42:25 [INFO] Receive Message:{"Ret":"ActSyncShoot","Data":{"seatId":1,"bulletId":141,"bulletKind":0,"angle":0,"lockfish":10,"agentcall":true}}
2023/03/25 10:42:25 [INFO] Receive Message:{"Ret":"ActSyncShoot","Data":{"seatId":1,"bulletId":142,"bulletKind":0,"angle":0,"lockfish":10,"agentcall":true}}
2023/03/25 10:42:25 [INFO] Receive Message:{"Ret":"ActSyncShoot","Data":{"seatId":1,"bulletId":143,"bulletKind":0,"angle":0,"lockfish":10,"agentcall":true}}
2023/03/25 10:42:26 [INFO] Receive Message:{"Ret":"ActSyncShoot","Data":{"seatId":1,"bulletId":144,"bulletKind":0,"angle":0,"lockfish":10,"agentcall":true}}
2023/03/25 10:42:26 [INFO] Receive Message:{"Ret":"ActSyncShoot","Data":{"seatId":1,"bulletId":145,"bulletKind":0,"angle":0,"lockfish":10,"agentcall":true}}
2023/03/25 10:42:26 [INFO] Receive Message:{"Ret":"ActCreateFish","Data":{"fishinfo":[{"index":22,"fishtype":4,"cts":1679712148,"route":"L2_R2_1","speed":68},{"index":33,"fishtype":1,"cts":1679712148,"route":"R7_L7_1","speed":68},{"index":40,"fishtype":4,"cts":1679712148,"route":"R6_L6_1","speed":68},{"index":68,"fishtype":1,"cts":1679712148,"route":"L1_R1_1","speed":68}],"formation":null}}
2023/03/25 10:42:26 [INFO] Receive Message:{"Ret":"ActDispFish","Data":{"fishinfo":[{"index":58,"fishtype":9,"cts":1679712127,"route":"L1_R2","speed":72},{"index":104,"fishtype":6,"cts":1679712121,"route":"L4_R6","speed":60}]}}
2023/03/25 10:42:26 [INFO] Receive Message:{"Ret":"ActSyncShoot","Data":{"seatId":1,"bulletId":146,"bulletKind":0,"angle":0,"lockfish":10,"agentcall":true}}
2023/03/25 10:42:26 [INFO] Receive Message:{"Ret":"ActSyncShoot","Data":{"seatId":1,"bulletId":147,"bulletKind":0,"angle":0,"lockfish":10,"agentcall":true}}
2023/03/25 10:42:26 [INFO] Receive Message:{"Ret":"ActSyncShoot","Data":{"seatId":1,"bulletId":148,"bulletKind":0,"angle":0,"lockfish":10,"agentcall":true}}
2023/03/25 10:42:27 [INFO] Receive Message:{"Ret":"ActSyncShoot","Data":{"seatId":1,"bulletId":149,"bulletKind":0,"angle":0,"lockfish":10,"agentcall":true}}
2023/03/25 10:42:27 [INFO] Receive Message:{"Ret":"ActSyncShoot","Data":{"seatId":1,"bulletId":150,"bulletKind":0,"angle":0,"lockfish":10,"agentcall":true}}
2023/03/25 10:42:27 [INFO] Receive Message:{"Ret":"ActCreateFish","Data":{"fishinfo":[{"index":11,"fishtype":5,"cts":1679712149,"route":"L5_R6","speed":54},{"index":75,"fishtype":2,"cts":1679712149,"route":"L6_R2","speed":68},{"index":78,"fishtype":8,"cts":1679712149,"route":"L7_R7_2","speed":72},{"index":93,"fishtype":2,"cts":1679712149,"route":"R6_L4","speed":68},{"index":105,"fishtype":6,"cts":1679712149,"route":"L4_R6","speed":60}],"formation":null}}
2023/03/25 10:42:27 [INFO] Receive Message:{"Ret":"ActDispFish","Data":{"fishinfo":[{"index":45,"fishtype":13,"cts":1679712129,"route":"R5_L5_1","speed":78},{"index":50,"fishtype":11,"cts":1679712129,"route":"R3_L2","speed":78}]}}
2023/03/25 10:42:27 [INFO] Receive Message:{"Ret":"ActSyncShoot","Data":{"seatId":1,"bulletId":151,"bulletKind":0,"angle":0,"lockfish":10,"agentcall":true}}
2023/03/25 10:42:27 [INFO] Receive Message:{"Code":0,"Ret":"Shoot","Message":"success"}
2023/03/25 10:42:27 [INFO] Receive Message:{"Ret":"ActSyncShoot","Data":{"seatId":0,"bulletId":152,"bulletKind":1,"angle":0,"lockfish":0,"agentcall":false}}
2023/03/25 10:42:27 [INFO] Receive Message:{"Ret":"ActSyncShoot","Data":{"seatId":1,"bulletId":153,"bulletKind":0,"angle":0,"lockfish":10,"agentcall":true}}
2023/03/25 10:42:27 [INFO] Receive Message:{"Ret":"ActSyncShoot","Data":{"seatId":1,"bulletId":154,"bulletKind":0,"angle":0,"lockfish":10,"agentcall":true}}
2023/03/25 10:42:28 [INFO] Receive Message:{"Ret":"ActSyncShoot","Data":{"seatId":1,"bulletId":155,"bulletKind":0,"angle":0,"lockfish":10,"agentcall":true}}
2023/03/25 10:42:28 [INFO] Receive Message:{"Ret":"ActSyncShoot","Data":{"seatId":1,"bulletId":156,"bulletKind":0,"angle":0,"lockfish":10,"agentcall":true}}
2023/03/25 10:42:28 [INFO] Receive Message:{"Ret":"ActCreateFish","Data":{"fishinfo":[{"index":23,"fishtype":4,"cts":1679712150,"route":"L2_R2_1","speed":68},{"index":41,"fishtype":4,"cts":1679712150,"route":"R6_L6_1","speed":68},{"index":51,"fishtype":7,"cts":1679712150,"route":"R5_L3","speed":60},{"index":79,"fishtype":8,"cts":1679712150,"route":"L7_R7_2","speed":72}],"formation":null}}
2023/03/25 10:42:28 [INFO] Receive Message:{"Ret":"ActDispFish","Data":{"fishinfo":[{"index":9,"fishtype":5,"cts":1679712119,"route":"L5_R6","speed":54},{"index":83,"fishtype":12,"cts":1679712129,"route":"R2_L2_2","speed":78},{"index":87,"fishtype":25,"cts":1679712129,"route":"L2_R2_1","speed":71}]}}
2023/03/25 10:42:28 [INFO] Receive Message:{"Ret":"ActSyncShoot","Data":{"seatId":1,"bulletId":157,"bulletKind":0,"angle":0,"lockfish":10,"agentcall":true}}
2023/03/25 10:42:28 [INFO] Receive Message:{"Ret":"ActSyncShoot","Data":{"seatId":1,"bulletId":158,"bulletKind":0,"angle":0,"lockfish":10,"agentcall":true}}
2023/03/25 10:42:28 [INFO] Receive Message:{"Ret":"ActSyncShoot","Data":{"seatId":1,"bulletId":159,"bulletKind":0,"angle":0,"lockfish":10,"agentcall":true}}
2023/03/25 10:42:29 [INFO] Receive Message:{"Ret":"ActSyncShoot","Data":{"seatId":1,"bulletId":160,"bulletKind":0,"angle":0,"lockfish":10,"agentcall":true}}
2023/03/25 10:42:29 [INFO] Receive Message:{"Ret":"ActSyncShoot","Data":{"seatId":1,"bulletId":161,"bulletKind":0,"angle":0,"lockfish":10,"agentcall":true}}
2023/03/25 10:42:29 [INFO] Receive Message:{"Ret":"ActCreateFish","Data":{"fishinfo":[{"index":106,"fishtype":6,"cts":1679712151,"route":"L4_R6","speed":60}],"formation":null}}
2023/03/25 10:42:29 [INFO] Receive Message:{"Ret":"ActDispFish","Data":{"fishinfo":[{"index":46,"fishtype":13,"cts":1679712131,"route":"R5_L5_1","speed":78},{"index":48,"fishtype":10,"cts":1679712127,"route":"R6_L6_2","speed":68},{"index":56,"fishtype":22,"cts":1679712131,"route":"L3_R6","speed":75},{"index":84,"fishtype":12,"cts":1679712130,"route":"R2_L2_2","speed":78}]}}
2023/03/25 10:42:29 [INFO] Receive Message:{"Ret":"ActSyncShoot","Data":{"seatId":1,"bulletId":162,"bulletKind":0,"angle":0,"lockfish":10,"agentcall":true}}
2023/03/25 10:42:29 [INFO] Receive Message:{"Ret":"ActSyncShoot","Data":{"seatId":1,"bulletId":163,"bulletKind":0,"angle":0,"lockfish":10,"agentcall":true}}
2023/03/25 10:42:29 [INFO] Receive Message:{"Ret":"ActSyncShoot","Data":{"seatId":1,"bulletId":164,"bulletKind":0,"angle":0,"lockfish":10,"agentcall":true}}
2023/03/25 10:42:30 [INFO] Receive Message:{"Ret":"ActSyncShoot","Data":{"seatId":1,"bulletId":165,"bulletKind":0,"angle":0,"lockfish":7,"agentcall":true}}
2023/03/25 10:42:30 [INFO] Receive Message:{"Ret":"ActSyncShoot","Data":{"seatId":1,"bulletId":166,"bulletKind":0,"angle":0,"lockfish":7,"agentcall":true}}
2023/03/25 10:42:30 [INFO] Receive Message:{"Ret":"ActDispFish","Data":{"fishinfo":[{"index":98,"fishtype":15,"cts":1679712132,"route":"L1_R7","speed":78}]}}
2023/03/25 10:42:30 [INFO] Receive Message:{"Ret":"ActSyncShoot","Data":{"seatId":1,"bulletId":167,"bulletKind":0,"angle":0,"lockfish":7,"agentcall":true}}
2023/03/25 10:42:30 [INFO] Receive Message:{"Ret":"ActSyncShoot","Data":{"seatId":1,"bulletId":168,"bulletKind":0,"angle":0,"lockfish":7,"agentcall":true}}
2023/03/25 10:42:30 [INFO] Receive Message:{"Ret":"ActSyncShoot","Data":{"seatId":1,"bulletId":169,"bulletKind":0,"angle":0,"lockfish":7,"agentcall":true}}
2023/03/25 10:42:31 [INFO] Receive Message:{"Ret":"ActSyncShoot","Data":{"seatId":1,"bulletId":170,"bulletKind":0,"angle":0,"lockfish":7,"agentcall":true}}
2023/03/25 10:42:31 [INFO] Receive Message:{"Code":0,"Ret":"Hit","Message":"success","Data":0}
2023/03/25 10:42:31 [INFO] Receive Message:{"Ret":"ActGold","Data":{"Gold":5000003.9}}
2023/03/25 10:42:31 [INFO] Receive Message:{"Ret":"ActSyncHit","Data":{"seatId":0,"diefish":0,"bulletgold":0.1,"wingold":0,"skillReward":null,"gold":5000003.9,"isTrick":false}}
2023/03/25 10:42:31 [INFO] Receive Message:{"Ret":"ActSyncShoot","Data":{"seatId":1,"bulletId":171,"bulletKind":0,"angle":0,"lockfish":7,"agentcall":true}}
2023/03/25 10:42:31 [INFO] Receive Message:{"Ret":"ActDispFish","Data":{"fishinfo":[{"index":49,"fishtype":10,"cts":1679712129,"route":"R6_L6_2","speed":68}]}}
2023/03/25 10:42:31 [INFO] Receive Message:{"Ret":"ActSyncShoot","Data":{"seatId":1,"bulletId":172,"bulletKind":0,"angle":0,"lockfish":7,"agentcall":true}}
2023/03/25 10:42:31 [INFO] Receive Message:{"Ret":"ActSyncShoot","Data":{"seatId":1,"bulletId":173,"bulletKind":0,"angle":0,"lockfish":7,"agentcall":true}}
2023/03/25 10:42:31 [INFO] Receive Message:{"Ret":"ActSyncShoot","Data":{"seatId":1,"bulletId":174,"bulletKind":0,"angle":0,"lockfish":7,"agentcall":true}}
2023/03/25 10:42:32 [INFO] Receive Message:{"Ret":"ActSyncShoot","Data":{"seatId":1,"bulletId":175,"bulletKind":0,"angle":0,"lockfish":7,"agentcall":true}}
2023/03/25 10:42:32 [INFO] Receive Message:{"Ret":"ActSyncShoot","Data":{"seatId":1,"bulletId":176,"bulletKind":0,"angle":0,"lockfish":7,"agentcall":true}}
2023/03/25 10:42:32 [INFO] Receive Message:{"Ret":"ActCreateFish","Data":{"fishinfo":[{"index":12,"fishtype":5,"cts":1679712154,"route":"L5_R6","speed":54},{"index":82,"fishtype":27,"cts":1679712154,"route":"R1_L3","speed":71}],"formation":null}}
2023/03/25 10:42:32 [INFO] Receive Message:{"Ret":"ActSyncShoot","Data":{"seatId":1,"bulletId":177,"bulletKind":0,"angle":0,"lockfish":7,"agentcall":true}}
2023/03/25 10:42:32 [INFO] Receive Message:{"Ret":"ActSyncShoot","Data":{"seatId":1,"bulletId":178,"bulletKind":0,"angle":0,"lockfish":7,"agentcall":true}}
2023/03/25 10:42:32 [INFO] Receive Message:{"Ret":"ActSyncShoot","Data":{"seatId":1,"bulletId":179,"bulletKind":0,"angle":0,"lockfish":7,"agentcall":true}}
2023/03/25 10:42:33 [INFO] Receive Message:{"Ret":"ActSyncShoot","Data":{"seatId":1,"bulletId":180,"bulletKind":0,"angle":0,"lockfish":7,"agentcall":true}}
2023/03/25 10:42:33 [INFO] Receive Message:{"Ret":"ActSyncShoot","Data":{"seatId":1,"bulletId":181,"bulletKind":0,"angle":0,"lockfish":7,"agentcall":true}}
2023/03/25 10:42:33 [INFO] Receive Message:{"Ret":"ActCreateFish","Data":{"fishinfo":[{"index":43,"fishtype":11,"cts":1679712155,"route":"R6_L7","speed":78},{"index":100,"fishtype":12,"cts":1679712155,"route":"L2_R2_2","speed":78}],"formation":null}}
2023/03/25 10:42:33 [INFO] Receive Message:{"Ret":"ActDispFish","Data":{"fishinfo":[{"index":2,"fishtype":19,"cts":1679712135,"route":"R5_L5_1","speed":78},{"index":10,"fishtype":5,"cts":1679712124,"route":"L5_R6","speed":54},{"index":42,"fishtype":27,"cts":1679712134,"route":"R7_L6","speed":71}]}}
2023/03/25 10:42:33 [INFO] Receive Message:{"Ret":"ActSyncShoot","Data":{"seatId":1,"bulletId":182,"bulletKind":0,"angle":0,"lockfish":7,"agentcall":true}}
2023/03/25 10:42:33 [INFO] Receive Message:{"Ret":"ActSyncShoot","Data":{"seatId":1,"bulletId":183,"bulletKind":0,"angle":0,"lockfish":7,"agentcall":true}}
2023/03/25 10:42:33 [INFO] Receive Message:{"Ret":"ActSyncShoot","Data":{"seatId":1,"bulletId":184,"bulletKind":0,"angle":0,"lockfish":7,"agentcall":true}}
2023/03/25 10:42:34 [INFO] Receive Message:{"Ret":"ActSyncShoot","Data":{"seatId":1,"bulletId":185,"bulletKind":0,"angle":0,"lockfish":7,"agentcall":true}}
2023/03/25 10:42:34 [INFO] Receive Message:{"Ret":"ActSyncShoot","Data":{"seatId":1,"bulletId":186,"bulletKind":0,"angle":0,"lockfish":7,"agentcall":true}}
2023/03/25 10:42:34 [INFO] Receive Message:{"Ret":"ActCreateFish","Data":{"fishinfo":[{"index":18,"fishtype":13,"cts":1679712156,"route":"R5_L5_3","speed":78},{"index":101,"fishtype":12,"cts":1679712156,"route":"L2_R2_2","speed":78}],"formation":null}}
2023/03/25 10:42:34 [INFO] Receive Message:{"Ret":"ActDispFish","Data":{"fishinfo":[{"index":107,"fishtype":14,"cts":1679712133,"route":"L3_R3_1","speed":64}]}}
2023/03/25 10:42:34 [INFO] Receive Message:{"Ret":"ActSyncShoot","Data":{"seatId":1,"bulletId":187,"bulletKind":0,"angle":0,"lockfish":7,"agentcall":true}}
2023/03/25 10:42:34 [INFO] Receive Message:{"Ret":"ActSyncShoot","Data":{"seatId":1,"bulletId":188,"bulletKind":0,"angle":0,"lockfish":7,"agentcall":true}}
2023/03/25 10:42:34 [INFO] Receive Message:{"Ret":"ActSyncShoot","Data":{"seatId":1,"bulletId":189,"bulletKind":0,"angle":0,"lockfish":7,"agentcall":true}}
2023/03/25 10:42:35 [INFO] Receive Message:{"Ret":"ActSyncShoot","Data":{"seatId":1,"bulletId":190,"bulletKind":0,"angle":0,"lockfish":7,"agentcall":true}}
2023/03/25 10:42:35 [INFO] Receive Message:{"Ret":"ActSyncShoot","Data":{"seatId":1,"bulletId":191,"bulletKind":0,"angle":0,"lockfish":7,"agentcall":true}}
2023/03/25 10:42:35 [INFO] Receive Message:{"Ret":"ActCreateFish","Data":{"fishinfo":[{"index":44,"fishtype":11,"cts":1679712157,"route":"R6_L7","speed":78}],"formation":null}}
2023/03/25 10:42:35 [INFO] Receive Message:{"Ret":"ActSyncShoot","Data":{"seatId":1,"bulletId":192,"bulletKind":0,"angle":0,"lockfish":7,"agentcall":true}}
2023/03/25 10:42:35 [INFO] Receive Message:{"Ret":"ActSyncShoot","Data":{"seatId":1,"bulletId":193,"bulletKind":0,"angle":0,"lockfish":7,"agentcall":true}}
2023/03/25 10:42:35 [INFO] Receive Message:{"Ret":"ActSyncShoot","Data":{"seatId":1,"bulletId":194,"bulletKind":0,"angle":0,"lockfish":7,"agentcall":true}}
2023/03/25 10:42:36 [INFO] Receive Message:{"Ret":"ActSyncShoot","Data":{"seatId":1,"bulletId":195,"bulletKind":0,"angle":0,"lockfish":7,"agentcall":true}}
2023/03/25 10:42:36 [INFO] Receive Message:{"Ret":"ActSyncShoot","Data":{"seatId":1,"bulletId":196,"bulletKind":0,"angle":0,"lockfish":7,"agentcall":true}}
2023/03/25 10:42:36 [INFO] Receive Message:{"Ret":"ActCountdown","Data":{"conutdown":15}}
2023/03/25 10:42:36 [INFO] Receive Message:{"Ret":"ActCreateFish","Data":{"fishinfo":[{"index":19,"fishtype":13,"cts":1679712158,"route":"R5_L5_3","speed":78}],"formation":null}}
2023/03/25 10:42:36 [INFO] Receive Message:{"Ret":"ActDispFish","Data":{"fishinfo":[{"index":16,"fishtype":18,"cts":1679712136,"route":"L1_R1_3","speed":78}]}}
2023/03/25 10:42:36 [INFO] Receive Message:{"Ret":"ActSyncShoot","Data":{"seatId":1,"bulletId":197,"bulletKind":0,"angle":0,"lockfish":7,"agentcall":true}}
2023/03/25 10:42:36 [INFO] Receive Message:{"Ret":"ActSyncShoot","Data":{"seatId":1,"bulletId":198,"bulletKind":0,"angle":0,"lockfish":7,"agentcall":true}}
2023/03/25 10:42:36 [INFO] Receive Message:{"Ret":"ActSyncShoot","Data":{"seatId":1,"bulletId":199,"bulletKind":0,"angle":0,"lockfish":7,"agentcall":true}}
2023/03/25 10:42:37 [INFO] Receive Message:{"Ret":"ActSyncShoot","Data":{"seatId":1,"bulletId":200,"bulletKind":0,"angle":0,"lockfish":7,"agentcall":true}}
2023/03/25 10:42:37 [INFO] Receive Message:{"Ret":"ActSyncShoot","Data":{"seatId":1,"bulletId":201,"bulletKind":0,"angle":0,"lockfish":7,"agentcall":true}}
2023/03/25 10:42:37 [INFO] Receive Message:{"Ret":"ActCreateFish","Data":{"fishinfo":[{"index":54,"fishtype":15,"cts":1679712159,"route":"R1_L7","speed":78},{"index":55,"fishtype":14,"cts":1679712159,"route":"L3_R3_3","speed":64}],"formation":null}}
2023/03/25 10:42:37 [INFO] Receive Message:{"Ret":"ActDispFish","Data":{"fishinfo":[{"index":13,"fishtype":28,"cts":1679712138,"route":"L4_R4_1","speed":71},{"index":47,"fishtype":16,"cts":1679712137,"route":"L4_R5","speed":72}]}}
2023/03/25 10:42:37 [INFO] Receive Message:{"Ret":"ActSyncShoot","Data":{"seatId":1,"bulletId":202,"bulletKind":0,"angle":0,"lockfish":7,"agentcall":true}}
2023/03/25 10:42:37 [INFO] Receive Message:{"Ret":"ActSyncShoot","Data":{"seatId":1,"bulletId":203,"bulletKind":0,"angle":0,"lockfish":7,"agentcall":true}}
2023/03/25 10:42:37 [INFO] Receive Message:{"Ret":"ActSyncShoot","Data":{"seatId":1,"bulletId":204,"bulletKind":0,"angle":0,"lockfish":7,"agentcall":true}}
2023/03/25 10:42:38 [INFO] Receive Message:{"Ret":"ActSyncShoot","Data":{"seatId":1,"bulletId":205,"bulletKind":0,"angle":0,"lockfish":91,"agentcall":true}}
2023/03/25 10:42:38 [INFO] Receive Message:{"Ret":"ActSyncShoot","Data":{"seatId":1,"bulletId":206,"bulletKind":0,"angle":0,"lockfish":91,"agentcall":true}}
2023/03/25 10:42:38 [INFO] Receive Message:{"Ret":"ActCreateFish","Data":{"fishinfo":[{"index":80,"fishtype":20,"cts":1679712160,"route":"L1_R1_3","speed":54}],"formation":null}}
2023/03/25 10:42:38 [INFO] Receive Message:{"Ret":"ActDispFish","Data":{"fishinfo":[{"index":17,"fishtype":18,"cts":1679712138,"route":"L1_R1_3","speed":78},{"index":34,"fishtype":17,"cts":1679712137,"route":"L4_R4_3","speed":72}]}}
2023/03/25 10:42:38 [INFO] Receive Message:{"Ret":"ActSyncShoot","Data":{"seatId":1,"bulletId":207,"bulletKind":0,"angle":0,"lockfish":91,"agentcall":true}}
2023/03/25 10:42:38 [INFO] Receive Message:{"Ret":"ActSyncShoot","Data":{"seatId":1,"bulletId":208,"bulletKind":0,"angle":0,"lockfish":91,"agentcall":true}}
2023/03/25 10:42:38 [INFO] Receive Message:{"Ret":"ActSyncShoot","Data":{"seatId":1,"bulletId":209,"bulletKind":0,"angle":0,"lockfish":91,"agentcall":true}}
2023/03/25 10:42:39 [INFO] Receive Message:{"Ret":"ActSyncShoot","Data":{"seatId":1,"bulletId":210,"bulletKind":0,"angle":0,"lockfish":91,"agentcall":true}}
2023/03/25 10:42:39 [INFO] Receive Message:{"Ret":"ActSyncShoot","Data":{"seatId":1,"bulletId":211,"bulletKind":0,"angle":0,"lockfish":91,"agentcall":true}}
2023/03/25 10:42:39 [INFO] Receive Message:{"Ret":"ActCreateFish","Data":{"fishinfo":[{"index":14,"fishtype":17,"cts":1679712161,"route":"R4_L4_3","speed":72},{"index":69,"fishtype":16,"cts":1679712161,"route":"L4_R6","speed":72},{"index":85,"fishtype":18,"cts":1679712161,"route":"R7_L7_3","speed":78}],"formation":null}}
2023/03/25 10:42:39 [INFO] Receive Message:{"Ret":"ActDispFish","Data":{"fishinfo":[{"index":99,"fishtype":23,"cts":1679712139,"route":"L7_R6","speed":75}]}}
2023/03/25 10:42:39 [INFO] Receive Message:{"Ret":"ActSyncShoot","Data":{"seatId":1,"bulletId":212,"bulletKind":0,"angle":0,"lockfish":91,"agentcall":true}}
2023/03/25 10:42:39 [INFO] Receive Message:{"Ret":"ActSyncShoot","Data":{"seatId":1,"bulletId":213,"bulletKind":0,"angle":0,"lockfish":91,"agentcall":true}}
2023/03/25 10:42:39 [INFO] Receive Message:{"Ret":"ActSyncShoot","Data":{"seatId":1,"bulletId":214,"bulletKind":0,"angle":0,"lockfish":91,"agentcall":true}}
2023/03/25 10:42:40 [INFO] Receive Message:{"Ret":"ActSyncShoot","Data":{"seatId":1,"bulletId":215,"bulletKind":0,"angle":0,"lockfish":91,"agentcall":true}}
2023/03/25 10:42:40 [INFO] Receive Message:{"Ret":"ActSyncShoot","Data":{"seatId":1,"bulletId":216,"bulletKind":0,"angle":0,"lockfish":91,"agentcall":true}}
2023/03/25 10:42:40 [INFO] Receive Message:{"Ret":"ActCreateFish","Data":{"fishinfo":[{"index":81,"fishtype":20,"cts":1679712162,"route":"L1_R1_3","speed":54},{"index":102,"fishtype":19,"cts":1679712162,"route":"R6_L6_2","speed":78}],"formation":null}}
2023/03/25 10:42:40 [INFO] Receive Message:{"Ret":"ActDispFish","Data":{"fishinfo":[{"index":35,"fishtype":17,"cts":1679712139,"route":"L4_R4_3","speed":72}]}}
2023/03/25 10:42:40 [INFO] Receive Message:{"Ret":"ActSyncShoot","Data":{"seatId":1,"bulletId":217,"bulletKind":0,"angle":0,"lockfish":91,"agentcall":true}}
2023/03/25 10:42:40 [INFO] Receive Message:{"Ret":"ActSyncShoot","Data":{"seatId":1,"bulletId":218,"bulletKind":0,"angle":0,"lockfish":91,"agentcall":true}}
2023/03/25 10:42:40 [INFO] Receive Message:{"Ret":"ActSyncShoot","Data":{"seatId":1,"bulletId":219,"bulletKind":0,"angle":0,"lockfish":91,"agentcall":true}}
2023/03/25 10:42:41 [INFO] Receive Message:{"Ret":"ActSyncShoot","Data":{"seatId":1,"bulletId":220,"bulletKind":0,"angle":0,"lockfish":91,"agentcall":true}}
2023/03/25 10:42:41 [INFO] Receive Message:{"Ret":"ActSyncShoot","Data":{"seatId":1,"bulletId":221,"bulletKind":0,"angle":0,"lockfish":91,"agentcall":true}}
2023/03/25 10:42:41 [INFO] Receive Message:{"Ret":"ActCreateFish","Data":{"fishinfo":[{"index":15,"fishtype":17,"cts":1679712163,"route":"R4_L4_3","speed":72},{"index":86,"fishtype":18,"cts":1679712163,"route":"R7_L7_3","speed":78}],"formation":null}}
2023/03/25 10:42:41 [INFO] Receive Message:{"Ret":"ActDispFish","Data":{"fishinfo":[{"index":7,"fishtype":20,"cts":1679712135,"route":"L1_R1_2","speed":54},{"index":36,"fishtype":10,"cts":1679712141,"route":"L6_R6_2","speed":68}]}}
2023/03/25 10:42:41 [INFO] Receive Message:{"Ret":"ActSyncShoot","Data":{"seatId":1,"bulletId":222,"bulletKind":0,"angle":0,"lockfish":91,"agentcall":true}}
2023/03/25 10:42:41 [INFO] Receive Message:{"Ret":"ActSyncShoot","Data":{"seatId":1,"bulletId":223,"bulletKind":0,"angle":0,"lockfish":91,"agentcall":true}}
2023/03/25 10:42:41 [INFO] Receive Message:{"Ret":"ActSyncShoot","Data":{"seatId":1,"bulletId":224,"bulletKind":0,"angle":0,"lockfish":91,"agentcall":true}}
2023/03/25 10:42:42 [INFO] Receive Message:{"Ret":"ActSyncShoot","Data":{"seatId":1,"bulletId":225,"bulletKind":0,"angle":0,"lockfish":91,"agentcall":true}}
2023/03/25 10:42:42 [INFO] Receive Message:{"Ret":"ActSyncShoot","Data":{"seatId":1,"bulletId":226,"bulletKind":0,"angle":0,"lockfish":91,"agentcall":true}}
2023/03/25 10:42:42 [INFO] Receive Message:{"Ret":"ActDispFish","Data":{"fishinfo":[{"index":77,"fishtype":9,"cts":1679712142,"route":"L4_R5","speed":72}]}}
2023/03/25 10:42:42 [INFO] Receive Message:{"Ret":"ActSyncShoot","Data":{"seatId":1,"bulletId":227,"bulletKind":0,"angle":0,"lockfish":91,"agentcall":true}}
2023/03/25 10:42:42 [INFO] Receive Message:{"Ret":"ActSyncShoot","Data":{"seatId":1,"bulletId":228,"bulletKind":0,"angle":0,"lockfish":91,"agentcall":true}}
2023/03/25 10:42:42 [INFO] Receive Message:{"Ret":"ActSyncShoot","Data":{"seatId":1,"bulletId":229,"bulletKind":0,"angle":0,"lockfish":91,"agentcall":true}}
2023/03/25 10:42:43 [INFO] Receive Message:{"Ret":"ActSyncShoot","Data":{"seatId":1,"bulletId":230,"bulletKind":0,"angle":0,"lockfish":91,"agentcall":true}}
2023/03/25 10:42:43 [INFO] Receive Message:{"Ret":"ActSyncShoot","Data":{"seatId":1,"bulletId":231,"bulletKind":0,"angle":0,"lockfish":91,"agentcall":true}}
2023/03/25 10:42:43 [INFO] Receive Message:{"Ret":"ActDispFish","Data":{"fishinfo":[{"index":8,"fishtype":20,"cts":1679712137,"route":"L1_R1_2","speed":54},{"index":29,"fishtype":1,"cts":1679712144,"route":"R7_L7_1","speed":68},{"index":37,"fishtype":10,"cts":1679712143,"route":"L6_R6_2","speed":68},{"index":52,"fishtype":26,"cts":1679712144,"route":"L2_R2_1","speed":71}]}}
2023/03/25 10:42:43 [INFO] Receive Message:{"Ret":"ActSyncShoot","Data":{"seatId":1,"bulletId":232,"bulletKind":0,"angle":0,"lockfish":91,"agentcall":true}}
2023/03/25 10:42:43 [INFO] Receive Message:{"Ret":"ActSyncShoot","Data":{"seatId":1,"bulletId":233,"bulletKind":0,"angle":0,"lockfish":91,"agentcall":true}}
2023/03/25 10:42:43 [INFO] Receive Message:{"Ret":"ActSyncShoot","Data":{"seatId":1,"bulletId":234,"bulletKind":0,"angle":0,"lockfish":91,"agentcall":true}}
2023/03/25 10:42:44 [INFO] Receive Message:{"Ret":"ActSyncShoot","Data":{"seatId":1,"bulletId":235,"bulletKind":0,"angle":0,"lockfish":91,"agentcall":true}}
2023/03/25 10:42:44 [INFO] Receive Message:{"Ret":"ActSyncShoot","Data":{"seatId":1,"bulletId":236,"bulletKind":0,"angle":0,"lockfish":91,"agentcall":true}}
2023/03/25 10:42:44 [INFO] Receive Message:{"Ret":"ActDispFish","Data":{"fishinfo":[{"index":30,"fishtype":1,"cts":1679712145,"route":"R7_L7_1","speed":68},{"index":64,"fishtype":1,"cts":1679712144,"route":"L1_R1_1","speed":68}]}}
2023/03/25 10:42:44 [INFO] Receive Message:{"Ret":"ActSyncShoot","Data":{"seatId":1,"bulletId":237,"bulletKind":0,"angle":0,"lockfish":91,"agentcall":true}}
2023/03/25 10:42:44 [INFO] Receive Message:{"Ret":"ActSyncShoot","Data":{"seatId":1,"bulletId":238,"bulletKind":0,"angle":0,"lockfish":91,"agentcall":true}}
2023/03/25 10:42:44 [INFO] Receive Message:{"Ret":"ActSyncShoot","Data":{"seatId":1,"bulletId":239,"bulletKind":0,"angle":0,"lockfish":91,"agentcall":true}}
2023/03/25 10:42:45 [INFO] Receive Message:{"Ret":"ActSyncShoot","Data":{"seatId":1,"bulletId":240,"bulletKind":0,"angle":0,"lockfish":44,"agentcall":true}}
2023/03/25 10:42:45 [INFO] Receive Message:{"Ret":"ActSyncShoot","Data":{"seatId":1,"bulletId":241,"bulletKind":0,"angle":0,"lockfish":44,"agentcall":true}}
2023/03/25 10:42:45 [INFO] Receive Message:{"Ret":"ActDispFish","Data":{"fishinfo":[{"index":31,"fishtype":1,"cts":1679712146,"route":"R7_L7_1","speed":68},{"index":53,"fishtype":25,"cts":1679712146,"route":"L6_R6_1","speed":71},{"index":65,"fishtype":1,"cts":1679712145,"route":"L1_R1_1","speed":68}]}}
2023/03/25 10:42:45 [INFO] Receive Message:{"Ret":"ActSyncShoot","Data":{"seatId":1,"bulletId":242,"bulletKind":0,"angle":0,"lockfish":44,"agentcall":true}}
2023/03/25 10:42:45 [INFO] Receive Message:{"Ret":"ActSyncShoot","Data":{"seatId":1,"bulletId":243,"bulletKind":0,"angle":0,"lockfish":44,"agentcall":true}}
2023/03/25 10:42:45 [INFO] Receive Message:{"Ret":"ActSyncShoot","Data":{"seatId":1,"bulletId":244,"bulletKind":0,"angle":0,"lockfish":44,"agentcall":true}}
2023/03/25 10:42:46 [INFO] Receive Message:{"Ret":"ActSyncShoot","Data":{"seatId":1,"bulletId":245,"bulletKind":0,"angle":0,"lockfish":44,"agentcall":true}}
2023/03/25 10:42:46 [INFO] Receive Message:{"Ret":"ActSyncShoot","Data":{"seatId":1,"bulletId":246,"bulletKind":0,"angle":0,"lockfish":44,"agentcall":true}}
2023/03/25 10:42:46 [INFO] Receive Message:{"Ret":"ActDispFish","Data":{"fishinfo":[{"index":5,"fishtype":3,"cts":1679712145,"route":"L4_R5","speed":68},{"index":32,"fishtype":1,"cts":1679712147,"route":"R7_L7_1","speed":68},{"index":66,"fishtype":1,"cts":1679712146,"route":"L1_R1_1","speed":68}]}}
2023/03/25 10:42:46 [INFO] Receive Message:{"Ret":"ActSyncShoot","Data":{"seatId":1,"bulletId":247,"bulletKind":0,"angle":0,"lockfish":44,"agentcall":true}}
2023/03/25 10:42:46 [INFO] Receive Message:{"Ret":"ActSyncShoot","Data":{"seatId":1,"bulletId":248,"bulletKind":0,"angle":0,"lockfish":44,"agentcall":true}}
2023/03/25 10:42:46 [INFO] Receive Message:{"Ret":"ActSyncShoot","Data":{"seatId":1,"bulletId":249,"bulletKind":0,"angle":0,"lockfish":44,"agentcall":true}}
2023/03/25 10:42:47 [INFO] Receive Message:{"Ret":"ActSyncShoot","Data":{"seatId":1,"bulletId":250,"bulletKind":0,"angle":0,"lockfish":44,"agentcall":true}}
2023/03/25 10:42:47 [INFO] Receive Message:{"Ret":"ActSyncShoot","Data":{"seatId":1,"bulletId":251,"bulletKind":0,"angle":0,"lockfish":44,"agentcall":true}}
2023/03/25 10:42:47 [INFO] Receive Message:{"Ret":"ActDispFish","Data":{"fishinfo":[{"index":33,"fishtype":1,"cts":1679712148,"route":"R7_L7_1","speed":68},{"index":67,"fishtype":1,"cts":1679712147,"route":"L1_R1_1","speed":68},{"index":73,"fishtype":2,"cts":1679712145,"route":"L6_R2","speed":68},{"index":76,"fishtype":24,"cts":1679712144,"route":"R4_L4_1","speed":64}]}}
2023/03/25 10:42:47 [INFO] Receive Message:{"Ret":"ActSyncShoot","Data":{"seatId":1,"bulletId":252,"bulletKind":0,"angle":0,"lockfish":44,"agentcall":true}}
2023/03/25 10:42:47 [INFO] Receive Message:{"Ret":"ActSyncShoot","Data":{"seatId":1,"bulletId":253,"bulletKind":0,"angle":0,"lockfish":44,"agentcall":true}}
2023/03/25 10:42:47 [INFO] Receive Message:{"Ret":"ActSyncShoot","Data":{"seatId":1,"bulletId":254,"bulletKind":0,"angle":0,"lockfish":44,"agentcall":true}}
2023/03/25 10:42:48 [INFO] Receive Message:{"Ret":"ActSyncShoot","Data":{"seatId":1,"bulletId":255,"bulletKind":0,"angle":0,"lockfish":44,"agentcall":true}}
2023/03/25 10:42:48 [INFO] Receive Message:{"Ret":"ActSyncShoot","Data":{"seatId":1,"bulletId":256,"bulletKind":0,"angle":0,"lockfish":44,"agentcall":true}}
2023/03/25 10:42:48 [INFO] Receive Message:{"Ret":"ActDispFish","Data":{"fishinfo":[{"index":6,"fishtype":3,"cts":1679712147,"route":"L4_R5","speed":68},{"index":22,"fishtype":4,"cts":1679712148,"route":"L2_R2_1","speed":68},{"index":40,"fishtype":4,"cts":1679712148,"route":"R6_L6_1","speed":68},{"index":68,"fishtype":1,"cts":1679712148,"route":"L1_R1_1","speed":68},{"index":91,"fishtype":2,"cts":1679712145,"route":"R6_L4","speed":68}]}}
2023/03/25 10:42:48 [INFO] Receive Message:{"Ret":"ActSyncShoot","Data":{"seatId":1,"bulletId":257,"bulletKind":0,"angle":0,"lockfish":44,"agentcall":true}}
2023/03/25 10:42:48 [INFO] Receive Message:{"Ret":"ActSyncShoot","Data":{"seatId":1,"bulletId":258,"bulletKind":0,"angle":0,"lockfish":44,"agentcall":true}}
2023/03/25 10:42:48 [INFO] Receive Message:{"Ret":"ActSyncShoot","Data":{"seatId":1,"bulletId":259,"bulletKind":0,"angle":0,"lockfish":44,"agentcall":true}}
2023/03/25 10:42:49 [INFO] Receive Message:{"Ret":"ActSyncShoot","Data":{"seatId":1,"bulletId":260,"bulletKind":0,"angle":0,"lockfish":44,"agentcall":true}}
2023/03/25 10:42:49 [INFO] Receive Message:{"Ret":"ActSyncShoot","Data":{"seatId":1,"bulletId":261,"bulletKind":0,"angle":0,"lockfish":44,"agentcall":true}}
2023/03/25 10:42:49 [INFO] Receive Message:{"Ret":"ActDispFish","Data":{"fishinfo":[{"index":74,"fishtype":2,"cts":1679712147,"route":"L6_R2","speed":68},{"index":96,"fishtype":3,"cts":1679712145,"route":"R4_L6","speed":68}]}}
2023/03/25 10:42:49 [INFO] Receive Message:{"Ret":"ActSyncShoot","Data":{"seatId":1,"bulletId":262,"bulletKind":0,"angle":0,"lockfish":44,"agentcall":true}}
2023/03/25 10:42:49 [INFO] Receive Message:{"Ret":"ActSyncShoot","Data":{"seatId":1,"bulletId":263,"bulletKind":0,"angle":0,"lockfish":44,"agentcall":true}}
2023/03/25 10:42:49 [INFO] Receive Message:{"Ret":"ActSyncShoot","Data":{"seatId":1,"bulletId":264,"bulletKind":0,"angle":0,"lockfish":44,"agentcall":true}}
2023/03/25 10:42:50 [INFO] Receive Message:{"Ret":"ActSyncShoot","Data":{"seatId":1,"bulletId":265,"bulletKind":0,"angle":0,"lockfish":44,"agentcall":true}}
2023/03/25 10:42:50 [INFO] Receive Message:{"Ret":"ActSyncShoot","Data":{"seatId":1,"bulletId":266,"bulletKind":0,"angle":0,"lockfish":44,"agentcall":true}}
2023/03/25 10:42:50 [INFO] Receive Message:{"Ret":"ActDispFish","Data":{"fishinfo":[{"index":23,"fishtype":4,"cts":1679712150,"route":"L2_R2_1","speed":68},{"index":41,"fishtype":4,"cts":1679712150,"route":"R6_L6_1","speed":68},{"index":78,"fishtype":8,"cts":1679712149,"route":"L7_R7_2","speed":72},{"index":92,"fishtype":2,"cts":1679712147,"route":"R6_L4","speed":68}]}}
2023/03/25 10:42:50 [INFO] Receive Message:{"Ret":"ActSyncShoot","Data":{"seatId":1,"bulletId":267,"bulletKind":0,"angle":0,"lockfish":44,"agentcall":true}}
2023/03/25 10:42:50 [INFO] Receive Message:{"Ret":"ActSyncShoot","Data":{"seatId":1,"bulletId":268,"bulletKind":0,"angle":0,"lockfish":44,"agentcall":true}}
2023/03/25 10:42:50 [INFO] Receive Message:{"Ret":"ActSyncShoot","Data":{"seatId":1,"bulletId":269,"bulletKind":0,"angle":0,"lockfish":44,"agentcall":true}}
2023/03/25 10:42:51 [INFO] Receive Message:{"Ret":"ActSyncShoot","Data":{"seatId":1,"bulletId":270,"bulletKind":0,"angle":0,"lockfish":44,"agentcall":true}}
2023/03/25 10:42:51 [INFO] Receive Message:{"Ret":"ActSyncShoot","Data":{"seatId":1,"bulletId":271,"bulletKind":0,"angle":0,"lockfish":44,"agentcall":true}}
2023/03/25 10:42:51 [INFO] Receive Message:{"Ret":"ActDispFish","Data":{"fishinfo":[{"index":15,"fishtype":17,"cts":1679712163,"route":"R4_L4_3","speed":72},{"index":79,"fishtype":8,"cts":1679712150,"route":"L7_R7_2","speed":72},{"index":11,"fishtype":5,"cts":1679712149,"route":"L5_R6","speed":54},{"index":18,"fishtype":13,"cts":1679712156,"route":"R5_L5_3","speed":78},{"index":102,"fishtype":19,"cts":1679712162,"route":"R6_L6_2","speed":78},{"index":105,"fishtype":6,"cts":1679712149,"route":"L4_R6","speed":60},{"index":12,"fishtype":5,"cts":1679712154,"route":"L5_R6","speed":54},{"index":44,"fishtype":11,"cts":1679712157,"route":"R6_L7","speed":78},{"index":101,"fishtype":12,"cts":1679712156,"route":"L2_R2_2","speed":78},{"index":85,"fishtype":18,"cts":1679712161,"route":"R7_L7_3","speed":78},{"index":14,"fishtype":17,"cts":1679712161,"route":"R4_L4_3","speed":72},{"index":106,"fishtype":6,"cts":1679712151,"route":"L4_R6","speed":60},{"index":86,"fishtype":18,"cts":1679712163,"route":"R7_L7_3","speed":78},{"index":43,"fishtype":11,"cts":1679712155,"route":"R6_L7","speed":78},{"index":55,"fishtype":14,"cts":1679712159,"route":"L3_R3_3","speed":64},{"index":81,"fishtype":20,"cts":1679712162,"route":"L1_R1_3","speed":54},{"index":97,"fishtype":3,"cts":1679712147,"route":"R4_L6","speed":68},{"index":100,"fishtype":12,"cts":1679712155,"route":"L2_R2_2","speed":78},{"index":19,"fishtype":13,"cts":1679712158,"route":"R5_L5_3","speed":78},{"index":51,"fishtype":7,"cts":1679712150,"route":"R5_L3","speed":60},{"index":54,"fishtype":15,"cts":1679712159,"route":"R1_L7","speed":78},{"index":69,"fishtype":16,"cts":1679712161,"route":"L4_R6","speed":72},{"index":80,"fishtype":20,"cts":1679712160,"route":"L1_R1_3","speed":54},{"index":82,"fishtype":27,"cts":1679712154,"route":"R1_L3","speed":71},{"index":75,"fishtype":2,"cts":1679712149,"route":"L6_R2","speed":68},{"index":93,"fishtype":2,"cts":1679712149,"route":"R6_L4","speed":68}]}}
2023/03/25 10:42:51 [INFO] Receive Message:{"Ret":"ActGamePeriod","Data":{"Fsm":"Loading","Gid":"3002-1639457538330071040","RemainSec":3}}
2023/03/25 10:42:51 [INFO] Receive Message:{"Ret":"ActSceneNotify","Data":{"scene":1,"stage":2}}
2023/03/25 10:43:05 [INFO] Receive Message:{"Ret":"ActGamePeriod","Data":{"Fsm":"SpStage","Gid":"3002-1639457847177646080","RemainSec":60}}
2023/03/25 10:43:05 [INFO] Receive Message:{"Ret":"ActCreateFish","Data":{"fishinfo":null,"formation":[{"createpoint":[-790,240],"space":[80,80],"speed":64,"group":[[null,null,null,null,null,null,null,null,{"index":110,"fishtype":17,"cts":1679712187},null,{"index":111,"fishtype":17,"cts":1679712187},null,{"index":112,"fishtype":17,"cts":1679712187},null,null,null,{"index":113,"fishtype":14,"cts":1679712187},null,{"index":114,"fishtype":14,"cts":1679712187},null,{"index":115,"fishtype":9,"cts":1679712187},{"index":116,"fishtype":9,"cts":1679712187},{"index":117,"fishtype":9,"cts":1679712187},{"index":118,"fishtype":9,"cts":1679712187},{"index":119,"fishtype":9,"cts":1679712187},null,null,null,null,null,null,null,{"index":120,"fishtype":3,"cts":1679712187},null,{"index":121,"fishtype":3,"cts":1679712187},null,{"index":122,"fishtype":3,"cts":1679712187},null,null,null,{"index":123,"fishtype":7,"cts":1679712187},{"index":124,"fishtype":7,"cts":1679712187},{"index":125,"fishtype":7,"cts":1679712187},{"index":126,"fishtype":1,"cts":1679712187},{"index":127,"fishtype":1,"cts":1679712187},{"index":128,"fishtype":1,"cts":1679712187},{"index":129,"fishtype":1,"cts":1679712187},{"index":130,"fishtype":1,"cts":1679712187}]]}]}}
2023/03/25 10:43:05 [INFO] Receive Message:{"Ret":"ActCreateFish","Data":{"fishinfo":null,"formation":[{"createpoint":[-790,160],"space":[80,80],"speed":64,"group":[[null,{"index":131,"fishtype":19,"cts":1679712187},null,{"index":132,"fishtype":23,"cts":1679712187},null,null,{"index":133,"fishtype":26,"cts":1679712187},null,null,null,null,null,null,null,{"index":134,"fishtype":26,"cts":1679712187},null,null,null,null,null,null,null,null,null,null,null,{"index":135,"fishtype":23,"cts":1679712187},null,null,null,{"index":136,"fishtype":26,"cts":1679712187},null,null,null,null,null,null,null,{"index":137,"fishtype":26,"cts":1679712187},null,null,null,null,{"index":138,"fishtype":5,"cts":1679712187},null,{"index":139,"fishtype":5,"cts":1679712187},null,{"index":140,"fishtype":5,"cts":1679712187}]]}]}}
2023/03/25 10:43:05 [INFO] Receive Message:{"Ret":"ActCreateFish","Data":{"fishinfo":null,"formation":[{"createpoint":[-790,80],"space":[80,80],"speed":64,"group":[[null,null,null,null,null,null,null,null,null,null,null,null,null,null,null,null,null,null,null,null,null,null,null,null,null,null,null,null,null,null,null,null,null,null,null,null,null,null,null,null,null,null,null,null,null,null,null,null]]}]}}
2023/03/25 10:43:05 [INFO] Receive Message:{"Ret":"ActCreateFish","Data":{"fishinfo":null,"formation":[{"createpoint":[-790,0],"space":[80,80],"speed":64,"group":[[null,{"index":141,"fishtype":19,"cts":1679712187},null,null,null,null,null,null,null,{"index":142,"fishtype":26,"cts":1679712187},null,{"index":143,"fishtype":25,"cts":1679712187},null,null,null,null,null,{"index":144,"fishtype":28,"cts":1679712187},null,null,{"index":145,"fishtype":26,"cts":1679712187},null,null,{"index":146,"fishtype":26,"cts":1679712187},null,null,{"index":147,"fishtype":10,"cts":1679712187},null,{"index":148,"fishtype":10,"cts":1679712187},null,null,null,null,{"index":149,"fishtype":26,"cts":1679712187},null,null,{"index":150,"fishtype":25,"cts":1679712187},null,null,null,null,{"index":151,"fishtype":28,"cts":1679712187},null,null,{"index":152,"fishtype":26,"cts":1679712187},null,null,{"index":153,"fishtype":26,"cts":1679712187}]]}]}}
2023/03/25 10:43:05 [INFO] Receive Message:{"Ret":"ActCreateFish","Data":{"fishinfo":null,"formation":[{"createpoint":[-790,-80],"space":[80,80],"speed":64,"group":[[null,null,null,null,null,null,null,null,null,null,null,null,null,null,null,null,null,null,null,null,null,null,null,null,null,null,null,null,null,null,null,null,null,null,null,null,null,null,null,null,null,null,null,null,null,null,null,null]]}]}}
2023/03/25 10:43:05 [INFO] Receive Message:{"Ret":"ActCreateFish","Data":{"fishinfo":null,"formation":[{"createpoint":[-790,-160],"space":[80,80],"speed":64,"group":[[null,{"index":154,"fishtype":19,"cts":1679712187},null,{"index":155,"fishtype":23,"cts":1679712187},null,null,{"index":156,"fishtype":26,"cts":1679712187},null,null,null,null,null,null,null,{"index":157,"fishtype":26,"cts":1679712187},null,null,null,null,null,null,null,null,null,null,null,{"index":158,"fishtype":23,"cts":1679712187},null,null,null,{"index":159,"fishtype":26,"cts":1679712187},null,null,null,null,null,null,null,{"index":160,"fishtype":26,"cts":1679712187},null,null,null,null,{"index":161,"fishtype":6,"cts":1679712187},null,{"index":162,"fishtype":6,"cts":1679712187},null,{"index":163,"fishtype":6,"cts":1679712187}]]}]}}
2023/03/25 10:43:05 [INFO] Receive Message:{"Ret":"ActCreateFish","Data":{"fishinfo":null,"formation":[{"createpoint":[-790,-240],"space":[80,80],"speed":64,"group":[[null,null,null,null,null,null,null,null,{"index":164,"fishtype":18,"cts":1679712187},null,{"index":165,"fishtype":18,"cts":1679712187},null,{"index":166,"fishtype":18,"cts":1679712187},null,null,null,{"index":167,"fishtype":15,"cts":1679712187},null,{"index":168,"fishtype":15,"cts":1679712187},null,{"index":169,"fishtype":8,"cts":1679712187},{"index":170,"fishtype":8,"cts":1679712187},{"index":171,"fishtype":8,"cts":1679712187},{"index":172,"fishtype":8,"cts":1679712187},{"index":173,"fishtype":8,"cts":1679712187},null,null,null,null,null,null,null,{"index":174,"fishtype":4,"cts":1679712187},null,{"index":175,"fishtype":4,"cts":1679712187},null,{"index":176,"fishtype":4,"cts":1679712187},null,null,null,{"index":177,"fishtype":7,"cts":1679712187},{"index":178,"fishtype":7,"cts":1679712187},{"index":179,"fishtype":7,"cts":1679712187},{"index":180,"fishtype":2,"cts":1679712187},{"index":181,"fishtype":2,"cts":1679712187},{"index":182,"fishtype":2,"cts":1679712187},{"index":183,"fishtype":2,"cts":1679712187},{"index":184,"fishtype":2,"cts":1679712187}]]}]}}
2023/03/25 10:43:08 [INFO] Receive Message:{"Ret":"ActSyncShoot","Data":{"seatId":1,"bulletId":272,"bulletKind":0,"angle":0,"lockfish":140,"agentcall":true}}
2023/03/25 10:43:08 [INFO] Receive Message:{"Ret":"ActSyncShoot","Data":{"seatId":1,"bulletId":273,"bulletKind":0,"angle":0,"lockfish":140,"agentcall":true}}
2023/03/25 10:43:08 [INFO] Receive Message:{"Ret":"ActSyncShoot","Data":{"seatId":1,"bulletId":274,"bulletKind":0,"angle":0,"lockfish":140,"agentcall":true}}
2023/03/25 10:43:08 [INFO] Receive Message:{"Ret":"ActSyncShoot","Data":{"seatId":1,"bulletId":275,"bulletKind":0,"angle":0,"lockfish":140,"agentcall":true}}
2023/03/25 10:43:09 [INFO] Receive Message:{"Ret":"ActSyncShoot","Data":{"seatId":1,"bulletId":276,"bulletKind":0,"angle":0,"lockfish":140,"agentcall":true}}
2023/03/25 10:43:09 [INFO] Receive Message:{"Ret":"ActSyncShoot","Data":{"seatId":1,"bulletId":277,"bulletKind":0,"angle":0,"lockfish":140,"agentcall":true}}
2023/03/25 10:43:09 [INFO] Receive Message:{"Ret":"ActSyncShoot","Data":{"seatId":1,"bulletId":278,"bulletKind":0,"angle":0,"lockfish":140,"agentcall":true}}
2023/03/25 10:43:09 [INFO] Receive Message:{"Ret":"ActSyncShoot","Data":{"seatId":1,"bulletId":279,"bulletKind":0,"angle":0,"lockfish":140,"agentcall":true}}
2023/03/25 10:43:09 [INFO] Receive Message:{"Ret":"ActSyncShoot","Data":{"seatId":1,"bulletId":280,"bulletKind":0,"angle":0,"lockfish":140,"agentcall":true}}
2023/03/25 10:43:10 [INFO] Receive Message:{"Ret":"ActSyncShoot","Data":{"seatId":1,"bulletId":281,"bulletKind":0,"angle":0,"lockfish":140,"agentcall":true}}
2023/03/25 10:43:10 [INFO] Receive Message:{"Ret":"ActSyncShoot","Data":{"seatId":1,"bulletId":282,"bulletKind":0,"angle":0,"lockfish":140,"agentcall":true}}
2023/03/25 10:43:10 [INFO] Receive Message:{"Ret":"ActSyncShoot","Data":{"seatId":1,"bulletId":283,"bulletKind":0,"angle":0,"lockfish":140,"agentcall":true}}
2023/03/25 10:43:10 [INFO] Receive Message:{"Ret":"ActSyncShoot","Data":{"seatId":1,"bulletId":284,"bulletKind":0,"angle":0,"lockfish":140,"agentcall":true}}
2023/03/25 10:43:10 [INFO] Receive Message:{"Ret":"ActSyncShoot","Data":{"seatId":1,"bulletId":285,"bulletKind":0,"angle":0,"lockfish":140,"agentcall":true}}
2023/03/25 10:43:11 [INFO] Receive Message:{"Ret":"ActSyncShoot","Data":{"seatId":1,"bulletId":286,"bulletKind":0,"angle":0,"lockfish":140,"agentcall":true}}
2023/03/25 10:43:11 [INFO] Receive Message:{"Ret":"ActSyncShoot","Data":{"seatId":1,"bulletId":287,"bulletKind":0,"angle":0,"lockfish":140,"agentcall":true}}
2023/03/25 10:43:11 [INFO] Receive Message:{"Ret":"ActSyncShoot","Data":{"seatId":1,"bulletId":288,"bulletKind":0,"angle":0,"lockfish":140,"agentcall":true}}
2023/03/25 10:43:11 [INFO] Receive Message:{"Ret":"ActSyncShoot","Data":{"seatId":1,"bulletId":289,"bulletKind":0,"angle":0,"lockfish":140,"agentcall":true}}
2023/03/25 10:43:11 [INFO] Receive Message:{"Ret":"ActSyncShoot","Data":{"seatId":1,"bulletId":290,"bulletKind":0,"angle":0,"lockfish":140,"agentcall":true}}
2023/03/25 10:43:12 [INFO] Receive Message:{"Ret":"ActSyncShoot","Data":{"seatId":1,"bulletId":291,"bulletKind":0,"angle":0,"lockfish":140,"agentcall":true}}
2023/03/25 10:43:12 [INFO] Receive Message:{"Ret":"ActSyncShoot","Data":{"seatId":1,"bulletId":292,"bulletKind":0,"angle":0,"lockfish":140,"agentcall":true}}
2023/03/25 10:43:12 [INFO] Receive Message:{"Ret":"ActSyncShoot","Data":{"seatId":1,"bulletId":293,"bulletKind":0,"angle":0,"lockfish":140,"agentcall":true}}
2023/03/25 10:43:12 [INFO] Receive Message:{"Ret":"ActSyncShoot","Data":{"seatId":1,"bulletId":294,"bulletKind":0,"angle":0,"lockfish":140,"agentcall":true}}
2023/03/25 10:43:12 [INFO] Receive Message:{"Ret":"ActSyncShoot","Data":{"seatId":1,"bulletId":295,"bulletKind":0,"angle":0,"lockfish":140,"agentcall":true}}
2023/03/25 10:43:13 [INFO] Receive Message:{"Ret":"ActSyncShoot","Data":{"seatId":1,"bulletId":296,"bulletKind":0,"angle":0,"lockfish":140,"agentcall":true}}
2023/03/25 10:43:13 [INFO] Receive Message:{"Ret":"ActSyncShoot","Data":{"seatId":1,"bulletId":297,"bulletKind":0,"angle":0,"lockfish":140,"agentcall":true}}
2023/03/25 10:43:13 [INFO] Receive Message:{"Ret":"ActSyncShoot","Data":{"seatId":1,"bulletId":298,"bulletKind":0,"angle":0,"lockfish":140,"agentcall":true}}
2023/03/25 10:43:13 [INFO] Receive Message:{"Ret":"ActSyncShoot","Data":{"seatId":1,"bulletId":299,"bulletKind":0,"angle":0,"lockfish":140,"agentcall":true}}
2023/03/25 10:43:13 [INFO] Receive Message:{"Ret":"ActSyncShoot","Data":{"seatId":1,"bulletId":300,"bulletKind":0,"angle":0,"lockfish":140,"agentcall":true}}
2023/03/25 10:43:14 [INFO] Receive Message:{"Ret":"ActSyncShoot","Data":{"seatId":1,"bulletId":301,"bulletKind":0,"angle":0,"lockfish":140,"agentcall":true}}
2023/03/25 10:43:14 [INFO] Receive Message:{"Ret":"ActSyncShoot","Data":{"seatId":1,"bulletId":302,"bulletKind":0,"angle":0,"lockfish":140,"agentcall":true}}
2023/03/25 10:43:14 [INFO] Receive Message:{"Ret":"ActSyncShoot","Data":{"seatId":1,"bulletId":303,"bulletKind":0,"angle":0,"lockfish":140,"agentcall":true}}
2023/03/25 10:43:14 [INFO] Receive Message:{"Ret":"ActSyncShoot","Data":{"seatId":1,"bulletId":304,"bulletKind":0,"angle":0,"lockfish":140,"agentcall":true}}
2023/03/25 10:43:14 [INFO] Receive Message:{"Ret":"ActSyncShoot","Data":{"seatId":1,"bulletId":305,"bulletKind":0,"angle":0,"lockfish":140,"agentcall":true}}
2023/03/25 10:43:15 [INFO] Receive Message:{"Ret":"ActSyncShoot","Data":{"seatId":1,"bulletId":306,"bulletKind":0,"angle":0,"lockfish":140,"agentcall":true}}
2023/03/25 10:43:15 [INFO] Receive Message:{"Ret":"ActSyncShoot","Data":{"seatId":1,"bulletId":307,"bulletKind":0,"angle":0,"lockfish":140,"agentcall":true}}
2023/03/25 10:43:15 [INFO] Receive Message:{"Ret":"ActSyncShoot","Data":{"seatId":1,"bulletId":308,"bulletKind":0,"angle":0,"lockfish":140,"agentcall":true}}
2023/03/25 10:43:15 [INFO] Receive Message:{"Ret":"ActSyncShoot","Data":{"seatId":1,"bulletId":309,"bulletKind":0,"angle":0,"lockfish":140,"agentcall":true}}
2023/03/25 10:43:15 [INFO] Receive Message:{"Ret":"ActSyncShoot","Data":{"seatId":1,"bulletId":310,"bulletKind":0,"angle":0,"lockfish":140,"agentcall":true}}
2023/03/25 10:43:16 [INFO] Receive Message:{"Ret":"ActSyncShoot","Data":{"seatId":1,"bulletId":311,"bulletKind":0,"angle":0,"lockfish":140,"agentcall":true}}
2023/03/25 10:43:16 [INFO] Receive Message:{"Ret":"ActSyncShoot","Data":{"seatId":1,"bulletId":312,"bulletKind":0,"angle":0,"lockfish":140,"agentcall":true}}
2023/03/25 10:43:16 [INFO] Receive Message:{"Ret":"ActSyncShoot","Data":{"seatId":1,"bulletId":313,"bulletKind":0,"angle":0,"lockfish":140,"agentcall":true}}
2023/03/25 10:43:16 [INFO] Receive Message:{"Ret":"ActSyncShoot","Data":{"seatId":1,"bulletId":314,"bulletKind":0,"angle":0,"lockfish":140,"agentcall":true}}
2023/03/25 10:43:16 [INFO] Receive Message:{"Ret":"ActSyncShoot","Data":{"seatId":1,"bulletId":315,"bulletKind":0,"angle":0,"lockfish":140,"agentcall":true}}
2023/03/25 10:43:17 [INFO] Receive Message:{"Ret":"ActSyncShoot","Data":{"seatId":1,"bulletId":316,"bulletKind":0,"angle":0,"lockfish":140,"agentcall":true}}
2023/03/25 10:43:17 [INFO] Receive Message:{"Ret":"ActSyncShoot","Data":{"seatId":1,"bulletId":317,"bulletKind":0,"angle":0,"lockfish":140,"agentcall":true}}
2023/03/25 10:43:17 [INFO] Receive Message:{"Ret":"ActSyncShoot","Data":{"seatId":1,"bulletId":318,"bulletKind":0,"angle":0,"lockfish":140,"agentcall":true}}
2023/03/25 10:43:17 [INFO] Receive Message:{"Ret":"ActSyncShoot","Data":{"seatId":1,"bulletId":319,"bulletKind":0,"angle":0,"lockfish":140,"agentcall":true}}
2023/03/25 10:43:17 [INFO] Receive Message:{"Ret":"ActSyncShoot","Data":{"seatId":1,"bulletId":320,"bulletKind":0,"angle":0,"lockfish":140,"agentcall":true}}
2023/03/25 10:43:18 [INFO] Receive Message:{"Ret":"ActSyncShoot","Data":{"seatId":1,"bulletId":321,"bulletKind":0,"angle":0,"lockfish":140,"agentcall":true}}
2023/03/25 10:43:18 [INFO] Receive Message:{"Ret":"ActSyncShoot","Data":{"seatId":1,"bulletId":322,"bulletKind":0,"angle":0,"lockfish":140,"agentcall":true}}
2023/03/25 10:43:18 [INFO] Receive Message:{"Ret":"ActSyncShoot","Data":{"seatId":1,"bulletId":323,"bulletKind":0,"angle":0,"lockfish":140,"agentcall":true}}
2023/03/25 10:43:18 [INFO] Receive Message:{"Ret":"ActSyncShoot","Data":{"seatId":1,"bulletId":324,"bulletKind":0,"angle":0,"lockfish":140,"agentcall":true}}
2023/03/25 10:43:18 [INFO] Receive Message:{"Ret":"ActSyncShoot","Data":{"seatId":1,"bulletId":325,"bulletKind":0,"angle":0,"lockfish":140,"agentcall":true}}
2023/03/25 10:43:19 [INFO] Receive Message:{"Ret":"ActSyncShoot","Data":{"seatId":1,"bulletId":326,"bulletKind":0,"angle":0,"lockfish":140,"agentcall":true}}
2023/03/25 10:43:19 [INFO] Receive Message:{"Ret":"ActSyncShoot","Data":{"seatId":1,"bulletId":327,"bulletKind":0,"angle":0,"lockfish":140,"agentcall":true}}
2023/03/25 10:43:19 [INFO] Receive Message:{"Ret":"ActSyncShoot","Data":{"seatId":1,"bulletId":328,"bulletKind":0,"angle":0,"lockfish":140,"agentcall":true}}
2023/03/25 10:43:19 [INFO] Receive Message:{"Ret":"ActSyncShoot","Data":{"seatId":1,"bulletId":329,"bulletKind":0,"angle":0,"lockfish":140,"agentcall":true}}
2023/03/25 10:43:19 [INFO] Receive Message:{"Ret":"ActSyncShoot","Data":{"seatId":1,"bulletId":330,"bulletKind":0,"angle":0,"lockfish":140,"agentcall":true}}
2023/03/25 10:43:20 [INFO] Receive Message:{"Ret":"ActSyncShoot","Data":{"seatId":1,"bulletId":331,"bulletKind":0,"angle":0,"lockfish":140,"agentcall":true}}
2023/03/25 10:43:20 [INFO] Receive Message:{"Ret":"ActSyncShoot","Data":{"seatId":1,"bulletId":332,"bulletKind":0,"angle":0,"lockfish":140,"agentcall":true}}
2023/03/25 10:43:20 [INFO] Receive Message:{"Ret":"ActSyncShoot","Data":{"seatId":1,"bulletId":333,"bulletKind":0,"angle":0,"lockfish":140,"agentcall":true}}
2023/03/25 10:43:20 [INFO] Receive Message:{"Ret":"ActSyncShoot","Data":{"seatId":1,"bulletId":334,"bulletKind":0,"angle":0,"lockfish":140,"agentcall":true}}
2023/03/25 10:43:20 [INFO] Receive Message:{"Ret":"ActSyncShoot","Data":{"seatId":1,"bulletId":335,"bulletKind":0,"angle":0,"lockfish":140,"agentcall":true}}
2023/03/25 10:43:21 [INFO] Receive Message:{"Ret":"ActSyncShoot","Data":{"seatId":1,"bulletId":336,"bulletKind":0,"angle":0,"lockfish":140,"agentcall":true}}
2023/03/25 10:43:21 [INFO] Receive Message:{"Ret":"ActSyncShoot","Data":{"seatId":1,"bulletId":337,"bulletKind":0,"angle":0,"lockfish":140,"agentcall":true}}
2023/03/25 10:43:21 [INFO] Receive Message:{"Ret":"ActSyncShoot","Data":{"seatId":1,"bulletId":338,"bulletKind":0,"angle":0,"lockfish":140,"agentcall":true}}
2023/03/25 10:43:21 [INFO] Receive Message:{"Ret":"ActSyncShoot","Data":{"seatId":1,"bulletId":339,"bulletKind":0,"angle":0,"lockfish":140,"agentcall":true}}
2023/03/25 10:43:21 [INFO] Receive Message:{"Ret":"ActSyncShoot","Data":{"seatId":1,"bulletId":340,"bulletKind":0,"angle":0,"lockfish":140,"agentcall":true}}
2023/03/25 10:43:22 [INFO] Receive Message:{"Ret":"ActSyncShoot","Data":{"seatId":1,"bulletId":341,"bulletKind":0,"angle":0,"lockfish":140,"agentcall":true}}
2023/03/25 10:43:22 [INFO] Receive Message:{"Ret":"ActSyncShoot","Data":{"seatId":1,"bulletId":342,"bulletKind":0,"angle":0,"lockfish":140,"agentcall":true}}
2023/03/25 10:43:22 [INFO] Receive Message:{"Ret":"ActSyncShoot","Data":{"seatId":1,"bulletId":343,"bulletKind":0,"angle":0,"lockfish":140,"agentcall":true}}
2023/03/25 10:43:22 [INFO] Receive Message:{"Ret":"ActSyncShoot","Data":{"seatId":1,"bulletId":344,"bulletKind":0,"angle":0,"lockfish":140,"agentcall":true}}
2023/03/25 10:43:22 [INFO] Receive Message:{"Ret":"ActSyncShoot","Data":{"seatId":1,"bulletId":345,"bulletKind":0,"angle":0,"lockfish":140,"agentcall":true}}
2023/03/25 10:43:23 [INFO] Receive Message:{"Ret":"ActSyncShoot","Data":{"seatId":1,"bulletId":346,"bulletKind":0,"angle":0,"lockfish":140,"agentcall":true}}
2023/03/25 10:43:23 [INFO] Receive Message:{"Ret":"ActSyncShoot","Data":{"seatId":1,"bulletId":347,"bulletKind":0,"angle":0,"lockfish":140,"agentcall":true}}
2023/03/25 10:43:23 [INFO] Receive Message:{"Ret":"ActSyncShoot","Data":{"seatId":1,"bulletId":348,"bulletKind":0,"angle":0,"lockfish":140,"agentcall":true}}
2023/03/25 10:43:23 [INFO] Receive Message:{"Ret":"ActSyncShoot","Data":{"seatId":1,"bulletId":349,"bulletKind":0,"angle":0,"lockfish":140,"agentcall":true}}
2023/03/25 10:43:23 [INFO] Receive Message:{"Ret":"ActSyncShoot","Data":{"seatId":1,"bulletId":350,"bulletKind":0,"angle":0,"lockfish":140,"agentcall":true}}
2023/03/25 10:43:24 [INFO] Receive Message:{"Ret":"ActSyncShoot","Data":{"seatId":1,"bulletId":351,"bulletKind":0,"angle":0,"lockfish":140,"agentcall":true}}
2023/03/25 10:43:24 [INFO] Receive Message:{"Ret":"ActSyncShoot","Data":{"seatId":1,"bulletId":352,"bulletKind":0,"angle":0,"lockfish":140,"agentcall":true}}
2023/03/25 10:43:24 [ERROR] read tcp [::1]:50543->[::1]:10001: wsarecv: An existing connection was forcibly closed by the remote host.
