2023/01/16 09:05:33 [INFO] Connect Success
2023/01/16 09:05:36 [INFO] Receive Message:{"Code":0,"Ret":"Login","Message":"success","Data":{"Gold":1999985.55,"IconID":0,"Name":"Test_simon","UserId":83513177,"MatchGameCode":"","MatchGameTableId":0,"Version":"1.0.0","Marquee":null}}
2023/01/16 09:05:43 [INFO] Receive Message:{"Code":0,"Ret":"IntoGame","Message":"success","Data":{"Gid":"","BetLimit":[[0.1,1]],"Chips":[0.1,0.2,0.3,0.4,0.5,0.6,0.7,0.8,0.9,1],"RemainSec":0,"PlayerInfo":[{"seatId":3,"iconId":0,"name":"Test_simon","gold":1999985.55}],"Fsm":"Init"}}
2023/01/16 09:05:44 [INFO] Receive Message:{"Ret":"ActTableStatus","Data":{"tablePlayerInfo":[{"seatId":0,"iconId":2,"name":"****t20","gold":168819},{"seatId":3,"iconId":0,"name":"****mon","gold":1999985.55}]}}
2023/01/16 09:05:47 [INFO] Receive Message:{"Ret":"ActGamePeriod","Data":{"Fsm":"Shu","Gid":"3002-1614790988008525824","RemainSec":60}}
2023/01/16 09:05:48 [INFO] Receive Message:{"Ret":"ActCreateFish","Data":{"fishinfo":[{"index":0,"fishtype":3,"cts":1673831148,"route":"p2","speed":54},{"index":15,"fishtype":1,"cts":1673831148,"route":"p0","speed":64},{"index":30,"fishtype":26,"cts":1673831148,"route":"p1","speed":71},{"index":31,"fishtype":2,"cts":1673831148,"route":"p1","speed":54},{"index":46,"fishtype":27,"cts":1673831148,"route":"p2","speed":71},{"index":47,"fishtype":28,"cts":1673831148,"route":"p2","speed":85},{"index":57,"fishtype":25,"cts":1673831148,"route":"p2","speed":71}],"formation":null}}
2023/01/16 09:05:49 [INFO] Receive Message:{"Ret":"ActCreateFish","Data":{"fishinfo":[{"index":16,"fishtype":1,"cts":1673831149,"route":"p0","speed":64},{"index":48,"fishtype":28,"cts":1673831149,"route":"p2","speed":85}],"formation":null}}
2023/01/16 09:05:50 [INFO] Receive Message:{"Ret":"ActCreateFish","Data":{"fishinfo":[{"index":17,"fishtype":1,"cts":1673831150,"route":"p0","speed":64},{"index":32,"fishtype":2,"cts":1673831150,"route":"p1","speed":54},{"index":49,"fishtype":28,"cts":1673831150,"route":"p2","speed":85},{"index":58,"fishtype":25,"cts":1673831150,"route":"p2","speed":71}],"formation":null}}
2023/01/16 09:05:51 [INFO] Receive Message:{"Ret":"ActCreateFish","Data":{"fishinfo":[{"index":18,"fishtype":1,"cts":1673831151,"route":"p0","speed":64},{"index":50,"fishtype":28,"cts":1673831151,"route":"p2","speed":85}],"formation":null}}
2023/01/16 09:05:52 [INFO] Receive Message:{"Ret":"ActCreateFish","Data":{"fishinfo":[{"index":1,"fishtype":3,"cts":1673831152,"route":"p2","speed":54},{"index":19,"fishtype":1,"cts":1673831152,"route":"p0","speed":64},{"index":33,"fishtype":2,"cts":1673831152,"route":"p1","speed":54},{"index":51,"fishtype":28,"cts":1673831152,"route":"p2","speed":85},{"index":59,"fishtype":25,"cts":1673831152,"route":"p2","speed":71}],"formation":null}}
2023/01/16 09:07:51 [ERROR] read tcp [::1]:52388->[::1]:10001: wsarecv: An existing connection was forcibly closed by the remote host.
2023/01/16 09:38:25 [INFO] 連線中斷
2023/01/16 09:38:26 [INFO] Connect Success
2023/01/16 09:38:29 [INFO] Receive Message:{"Code":0,"Ret":"Login","Message":"success","Data":{"Gold":1999987.55,"IconID":0,"Name":"Test_simon","UserId":83513177,"MatchGameCode":"","MatchGameTableId":0,"Version":"1.0.0","Marquee":null}}
2023/01/16 09:38:31 [INFO] Receive Message:{"Code":0,"Ret":"IntoGame","Message":"success","Data":{"Gid":"","BetLimit":[[0.1,1]],"Chips":[0.1,0.2,0.3,0.4,0.5,0.6,0.7,0.8,0.9,1],"RemainSec":0,"PlayerInfo":[{"seatId":2,"iconId":0,"name":"Test_simon","gold":1999987.55}],"Fsm":"Init"}}
2023/01/16 09:39:08 [ERROR] read tcp [::1]:53631->[::1]:10001: wsarecv: An existing connection was forcibly closed by the remote host.
2023/01/16 09:39:42 [INFO] 連線中斷
2023/01/16 09:39:42 [INFO] Connect Success
2023/01/16 09:39:45 [INFO] Receive Message:{"Code":0,"Ret":"Login","Message":"success","Data":{"Gold":1999987.55,"IconID":0,"Name":"Test_simon","UserId":83513177,"MatchGameCode":"","MatchGameTableId":30020,"Version":"1.0.0","Marquee":null}}
2023/01/16 09:39:47 [INFO] Receive Message:{"Code":0,"Ret":"IntoGame","Message":"success","Data":{"Gid":"","BetLimit":[[0.1,1]],"Chips":[0.1,0.2,0.3,0.4,0.5,0.6,0.7,0.8,0.9,1],"RemainSec":0,"PlayerInfo":[{"seatId":2,"iconId":0,"name":"Test_simon","gold":1999987.55}],"Fsm":"Init"}}
2023/01/16 09:39:54 [ERROR] read tcp [::1]:53682->[::1]:10001: wsarecv: An existing connection was forcibly closed by the remote host.
2023/01/16 09:40:22 [INFO] 連線中斷
2023/01/16 09:40:22 [INFO] Connect Success
2023/01/16 09:40:25 [INFO] Receive Message:{"Code":0,"Ret":"Login","Message":"success","Data":{"Gold":1999987.55,"IconID":0,"Name":"Test_simon","UserId":83513177,"MatchGameCode":"","MatchGameTableId":30020,"Version":"1.0.0","Marquee":null}}
2023/01/16 09:40:27 [INFO] Receive Message:{"Code":0,"Ret":"IntoGame","Message":"success","Data":{"Gid":"","BetLimit":[[0.1,1]],"Chips":[0.1,0.2,0.3,0.4,0.5,0.6,0.7,0.8,0.9,1],"RemainSec":0,"PlayerInfo":[{"seatId":3,"iconId":0,"name":"Test_simon","gold":1999987.55}],"Fsm":"Init"}}
2023/01/16 09:40:31 [INFO] Receive Message:{"Ret":"ActGamePeriod","Data":{"Fsm":"Loading","Gid":"","RemainSec":3}}
2023/01/16 09:40:31 [INFO] Receive Message:{"Ret":"ActSceneNotify","Data":{"scene":1,"stage":1}}
2023/01/16 09:40:31 [INFO] Receive Message:{"Ret":"ActTableStatus","Data":{"tablePlayerInfo":[{"seatId":1,"iconId":5,"name":"****t11","gold":195919},{"seatId":3,"iconId":0,"name":"****mon","gold":1999987.55}]}}
2023/01/16 09:40:34 [INFO] Receive Message:{"Ret":"ActGamePeriod","Data":{"Fsm":"Shu","Gid":"3002-1614799742498246656","RemainSec":60}}
2023/01/16 09:40:35 [INFO] Receive Message:{"Ret":"ActCreateFish","Data":{"fishinfo":[{"index":0,"fishtype":2,"cts":1673833235,"route":"p1","speed":54},{"index":15,"fishtype":1,"cts":1673833235,"route":"p0","speed":64},{"index":30,"fishtype":3,"cts":1673833235,"route":"p2","speed":54},{"index":45,"fishtype":26,"cts":1673833235,"route":"p1","speed":71},{"index":46,"fishtype":28,"cts":1673833235,"route":"p2","speed":85},{"index":56,"fishtype":25,"cts":1673833235,"route":"p2","speed":71},{"index":66,"fishtype":27,"cts":1673833235,"route":"p2","speed":71}],"formation":null}}
2023/01/16 09:40:36 [INFO] Receive Message:{"Ret":"ActCreateFish","Data":{"fishinfo":[{"index":16,"fishtype":1,"cts":1673833236,"route":"p0","speed":64},{"index":47,"fishtype":28,"cts":1673833236,"route":"p2","speed":85}],"formation":null}}
2023/01/16 09:40:37 [INFO] Receive Message:{"Ret":"ActCreateFish","Data":{"fishinfo":[{"index":1,"fishtype":2,"cts":1673833237,"route":"p1","speed":54},{"index":17,"fishtype":1,"cts":1673833237,"route":"p0","speed":64},{"index":48,"fishtype":28,"cts":1673833237,"route":"p2","speed":85},{"index":57,"fishtype":25,"cts":1673833237,"route":"p2","speed":71}],"formation":null}}
2023/01/16 09:40:38 [INFO] Receive Message:{"Ret":"ActCreateFish","Data":{"fishinfo":[{"index":18,"fishtype":1,"cts":1673833238,"route":"p0","speed":64},{"index":49,"fishtype":28,"cts":1673833238,"route":"p2","speed":85}],"formation":null}}
2023/01/16 09:40:39 [INFO] Receive Message:{"Ret":"ActCreateFish","Data":{"fishinfo":[{"index":2,"fishtype":2,"cts":1673833239,"route":"p1","speed":54},{"index":19,"fishtype":1,"cts":1673833239,"route":"p0","speed":64},{"index":31,"fishtype":3,"cts":1673833239,"route":"p2","speed":54},{"index":50,"fishtype":28,"cts":1673833239,"route":"p2","speed":85},{"index":58,"fishtype":25,"cts":1673833239,"route":"p2","speed":71}],"formation":null}}
2023/01/16 09:40:41 [INFO] Receive Message:{"Ret":"ActCreateFish","Data":{"fishinfo":[{"index":3,"fishtype":2,"cts":1673833241,"route":"p1","speed":54},{"index":59,"fishtype":25,"cts":1673833241,"route":"p2","speed":71}],"formation":null}}
2023/01/16 09:40:43 [INFO] Receive Message:{"Ret":"ActCreateFish","Data":{"fishinfo":[{"index":4,"fishtype":2,"cts":1673833243,"route":"p1","speed":54},{"index":32,"fishtype":3,"cts":1673833243,"route":"p2","speed":54},{"index":60,"fishtype":25,"cts":1673833243,"route":"p2","speed":71}],"formation":null}}
2023/01/16 09:40:47 [INFO] Receive Message:{"Ret":"ActCreateFish","Data":{"fishinfo":[{"index":33,"fishtype":3,"cts":1673833247,"route":"p2","speed":54}],"formation":null}}
2023/01/16 09:40:51 [INFO] Receive Message:{"Ret":"ActCreateFish","Data":{"fishinfo":[{"index":34,"fishtype":3,"cts":1673833251,"route":"p2","speed":54}],"formation":null}}
2023/01/16 09:40:55 [INFO] Receive Message:{"Ret":"ActCreateFish","Data":{"fishinfo":[{"index":5,"fishtype":2,"cts":1673833255,"route":"p1","speed":54},{"index":20,"fishtype":1,"cts":1673833255,"route":"p0","speed":64},{"index":35,"fishtype":3,"cts":1673833255,"route":"p2","speed":54}],"formation":null}}
2023/01/16 09:40:55 [INFO] Receive Message:{"Ret":"ActDispFish","Data":{"fishinfo":[{"index":45,"fishtype":26,"cts":1673833235,"route":"p1","speed":71}]}}
2023/01/16 09:40:56 [INFO] Receive Message:{"Ret":"ActCreateFish","Data":{"fishinfo":[{"index":21,"fishtype":1,"cts":1673833256,"route":"p0","speed":64}],"formation":null}}
2023/01/16 09:40:57 [INFO] Receive Message:{"Ret":"ActCreateFish","Data":{"fishinfo":[{"index":6,"fishtype":2,"cts":1673833257,"route":"p1","speed":54},{"index":22,"fishtype":1,"cts":1673833257,"route":"p0","speed":64}],"formation":null}}
2023/01/16 09:40:57 [INFO] Receive Message:{"Ret":"ActDispFish","Data":{"fishinfo":[{"index":46,"fishtype":28,"cts":1673833235,"route":"p2","speed":85}]}}
2023/01/16 09:40:58 [INFO] Receive Message:{"Ret":"ActCreateFish","Data":{"fishinfo":[{"index":23,"fishtype":1,"cts":1673833258,"route":"p0","speed":64}],"formation":null}}
2023/01/16 09:40:58 [INFO] Receive Message:{"Ret":"ActDispFish","Data":{"fishinfo":[{"index":47,"fishtype":28,"cts":1673833236,"route":"p2","speed":85}]}}
2023/01/16 09:40:59 [INFO] Receive Message:{"Ret":"ActCreateFish","Data":{"fishinfo":[{"index":7,"fishtype":2,"cts":1673833259,"route":"p1","speed":54},{"index":24,"fishtype":1,"cts":1673833259,"route":"p0","speed":64},{"index":36,"fishtype":3,"cts":1673833259,"route":"p2","speed":54}],"formation":null}}
2023/01/16 09:40:59 [INFO] Receive Message:{"Ret":"ActDispFish","Data":{"fishinfo":[{"index":48,"fishtype":28,"cts":1673833237,"route":"p2","speed":85}]}}
2023/01/16 09:41:00 [INFO] Receive Message:{"Ret":"ActDispFish","Data":{"fishinfo":[{"index":49,"fishtype":28,"cts":1673833238,"route":"p2","speed":85}]}}
2023/01/16 09:41:01 [INFO] Receive Message:{"Ret":"ActCreateFish","Data":{"fishinfo":[{"index":8,"fishtype":2,"cts":1673833261,"route":"p1","speed":54}],"formation":null}}
2023/01/16 09:41:01 [INFO] Receive Message:{"Ret":"ActDispFish","Data":{"fishinfo":[{"index":50,"fishtype":28,"cts":1673833239,"route":"p2","speed":85},{"index":56,"fishtype":25,"cts":1673833235,"route":"p2","speed":71},{"index":66,"fishtype":27,"cts":1673833235,"route":"p2","speed":71}]}}
2023/01/16 09:41:02 [INFO] Receive Message:{"Ret":"ActDispFish","Data":{"fishinfo":[{"index":0,"fishtype":2,"cts":1673833235,"route":"p1","speed":54}]}}
2023/01/16 09:41:03 [INFO] Receive Message:{"Ret":"ActCreateFish","Data":{"fishinfo":[{"index":9,"fishtype":2,"cts":1673833263,"route":"p1","speed":54},{"index":37,"fishtype":3,"cts":1673833263,"route":"p2","speed":54}],"formation":null}}
2023/01/16 09:41:03 [INFO] Receive Message:{"Ret":"ActDispFish","Data":{"fishinfo":[{"index":15,"fishtype":1,"cts":1673833235,"route":"p0","speed":64},{"index":57,"fishtype":25,"cts":1673833237,"route":"p2","speed":71}]}}
2023/01/16 09:41:04 [INFO] Receive Message:{"Ret":"ActDispFish","Data":{"fishinfo":[{"index":1,"fishtype":2,"cts":1673833237,"route":"p1","speed":54},{"index":16,"fishtype":1,"cts":1673833236,"route":"p0","speed":64}]}}
2023/01/16 09:41:05 [INFO] Receive Message:{"Ret":"ActCreateFish","Data":{"fishinfo":[{"index":51,"fishtype":28,"cts":1673833265,"route":"p2","speed":85},{"index":61,"fishtype":25,"cts":1673833265,"route":"p2","speed":71}],"formation":null}}
2023/01/16 09:41:05 [INFO] Receive Message:{"Ret":"ActDispFish","Data":{"fishinfo":[{"index":17,"fishtype":1,"cts":1673833237,"route":"p0","speed":64},{"index":58,"fishtype":25,"cts":1673833239,"route":"p2","speed":71}]}}
2023/01/16 09:41:06 [INFO] Receive Message:{"Ret":"ActCreateFish","Data":{"fishinfo":[{"index":52,"fishtype":28,"cts":1673833266,"route":"p2","speed":85}],"formation":null}}
2023/01/16 09:41:06 [INFO] Receive Message:{"Ret":"ActDispFish","Data":{"fishinfo":[{"index":2,"fishtype":2,"cts":1673833239,"route":"p1","speed":54},{"index":18,"fishtype":1,"cts":1673833238,"route":"p0","speed":64}]}}
2023/01/16 09:41:07 [INFO] Receive Message:{"Ret":"ActCreateFish","Data":{"fishinfo":[{"index":38,"fishtype":3,"cts":1673833267,"route":"p2","speed":54},{"index":53,"fishtype":28,"cts":1673833267,"route":"p2","speed":85},{"index":62,"fishtype":25,"cts":1673833267,"route":"p2","speed":71}],"formation":null}}
2023/01/16 09:41:07 [INFO] Receive Message:{"Ret":"ActDispFish","Data":{"fishinfo":[{"index":19,"fishtype":1,"cts":1673833239,"route":"p0","speed":64},{"index":59,"fishtype":25,"cts":1673833241,"route":"p2","speed":71}]}}
2023/01/16 09:41:08 [INFO] Receive Message:{"Ret":"ActCreateFish","Data":{"fishinfo":[{"index":54,"fishtype":28,"cts":1673833268,"route":"p2","speed":85}],"formation":null}}
2023/01/16 09:41:08 [INFO] Receive Message:{"Ret":"ActDispFish","Data":{"fishinfo":[{"index":3,"fishtype":2,"cts":1673833241,"route":"p1","speed":54}]}}
2023/01/16 09:41:09 [INFO] Receive Message:{"Ret":"ActCreateFish","Data":{"fishinfo":[{"index":55,"fishtype":28,"cts":1673833269,"route":"p2","speed":85},{"index":63,"fishtype":25,"cts":1673833269,"route":"p2","speed":71}],"formation":null}}
2023/01/16 09:41:09 [INFO] Receive Message:{"Ret":"ActDispFish","Data":{"fishinfo":[{"index":60,"fishtype":25,"cts":1673833243,"route":"p2","speed":71}]}}
2023/01/16 09:41:10 [INFO] Receive Message:{"Ret":"ActDispFish","Data":{"fishinfo":[{"index":4,"fishtype":2,"cts":1673833243,"route":"p1","speed":54},{"index":30,"fishtype":3,"cts":1673833235,"route":"p2","speed":54}]}}
2023/01/16 09:41:11 [INFO] Receive Message:{"Ret":"ActCreateFish","Data":{"fishinfo":[{"index":39,"fishtype":3,"cts":1673833271,"route":"p2","speed":54},{"index":64,"fishtype":25,"cts":1673833271,"route":"p2","speed":71}],"formation":null}}
2023/01/16 09:41:13 [INFO] Receive Message:{"Ret":"ActCreateFish","Data":{"fishinfo":[{"index":65,"fishtype":25,"cts":1673833273,"route":"p2","speed":71}],"formation":null}}
2023/01/16 09:41:14 [INFO] Receive Message:{"Ret":"ActDispFish","Data":{"fishinfo":[{"index":31,"fishtype":3,"cts":1673833239,"route":"p2","speed":54}]}}
2023/01/16 09:41:15 [INFO] Receive Message:{"Ret":"ActCreateFish","Data":{"fishinfo":[{"index":10,"fishtype":2,"cts":1673833275,"route":"p1","speed":54},{"index":25,"fishtype":1,"cts":1673833275,"route":"p0","speed":64},{"index":40,"fishtype":3,"cts":1673833275,"route":"p2","speed":54}],"formation":null}}
2023/01/16 09:41:16 [INFO] Receive Message:{"Ret":"ActCreateFish","Data":{"fishinfo":[{"index":26,"fishtype":1,"cts":1673833276,"route":"p0","speed":64}],"formation":null}}
2023/01/16 09:41:17 [INFO] Receive Message:{"Ret":"ActCreateFish","Data":{"fishinfo":[{"index":11,"fishtype":2,"cts":1673833277,"route":"p1","speed":54},{"index":27,"fishtype":1,"cts":1673833277,"route":"p0","speed":64}],"formation":null}}
2023/01/16 09:41:18 [INFO] Receive Message:{"Ret":"ActCreateFish","Data":{"fishinfo":[{"index":28,"fishtype":1,"cts":1673833278,"route":"p0","speed":64}],"formation":null}}
2023/01/16 09:41:18 [INFO] Receive Message:{"Ret":"ActDispFish","Data":{"fishinfo":[{"index":32,"fishtype":3,"cts":1673833243,"route":"p2","speed":54}]}}
2023/01/16 09:41:19 [INFO] Receive Message:{"Ret":"ActCreateFish","Data":{"fishinfo":[{"index":12,"fishtype":2,"cts":1673833279,"route":"p1","speed":54},{"index":29,"fishtype":1,"cts":1673833279,"route":"p0","speed":64},{"index":41,"fishtype":3,"cts":1673833279,"route":"p2","speed":54}],"formation":null}}
2023/01/16 09:41:21 [INFO] Receive Message:{"Ret":"ActCreateFish","Data":{"fishinfo":[{"index":13,"fishtype":2,"cts":1673833281,"route":"p1","speed":54}],"formation":null}}
2023/01/16 09:41:22 [INFO] Receive Message:{"Ret":"ActDispFish","Data":{"fishinfo":[{"index":5,"fishtype":2,"cts":1673833255,"route":"p1","speed":54},{"index":33,"fishtype":3,"cts":1673833247,"route":"p2","speed":54}]}}
2023/01/16 09:41:23 [INFO] Receive Message:{"Ret":"ActCreateFish","Data":{"fishinfo":[{"index":14,"fishtype":2,"cts":1673833283,"route":"p1","speed":54},{"index":42,"fishtype":3,"cts":1673833283,"route":"p2","speed":54}],"formation":null}}
2023/01/16 09:41:23 [INFO] Receive Message:{"Ret":"ActDispFish","Data":{"fishinfo":[{"index":20,"fishtype":1,"cts":1673833255,"route":"p0","speed":64}]}}
2023/01/16 09:41:24 [INFO] Receive Message:{"Ret":"ActDispFish","Data":{"fishinfo":[{"index":6,"fishtype":2,"cts":1673833257,"route":"p1","speed":54},{"index":21,"fishtype":1,"cts":1673833256,"route":"p0","speed":64}]}}
2023/01/16 09:41:25 [INFO] Receive Message:{"Ret":"ActDispFish","Data":{"fishinfo":[{"index":22,"fishtype":1,"cts":1673833257,"route":"p0","speed":64}]}}
2023/01/16 09:41:26 [INFO] Receive Message:{"Ret":"ActDispFish","Data":{"fishinfo":[{"index":7,"fishtype":2,"cts":1673833259,"route":"p1","speed":54},{"index":23,"fishtype":1,"cts":1673833258,"route":"p0","speed":64},{"index":34,"fishtype":3,"cts":1673833251,"route":"p2","speed":54}]}}
2023/01/16 09:41:27 [INFO] Receive Message:{"Ret":"ActCreateFish","Data":{"fishinfo":[{"index":43,"fishtype":3,"cts":1673833287,"route":"p2","speed":54}],"formation":null}}
2023/01/16 09:41:27 [INFO] Receive Message:{"Ret":"ActDispFish","Data":{"fishinfo":[{"index":24,"fishtype":1,"cts":1673833259,"route":"p0","speed":64},{"index":51,"fishtype":28,"cts":1673833265,"route":"p2","speed":85}]}}
2023/01/16 09:41:28 [INFO] Receive Message:{"Ret":"ActDispFish","Data":{"fishinfo":[{"index":8,"fishtype":2,"cts":1673833261,"route":"p1","speed":54},{"index":52,"fishtype":28,"cts":1673833266,"route":"p2","speed":85}]}}
2023/01/16 09:41:29 [INFO] Receive Message:{"Ret":"ActDispFish","Data":{"fishinfo":[{"index":53,"fishtype":28,"cts":1673833267,"route":"p2","speed":85}]}}
2023/01/16 09:41:30 [INFO] Receive Message:{"Ret":"ActDispFish","Data":{"fishinfo":[{"index":9,"fishtype":2,"cts":1673833263,"route":"p1","speed":54},{"index":35,"fishtype":3,"cts":1673833255,"route":"p2","speed":54},{"index":54,"fishtype":28,"cts":1673833268,"route":"p2","speed":85}]}}
2023/01/16 09:41:31 [INFO] Receive Message:{"Ret":"ActCreateFish","Data":{"fishinfo":[{"index":44,"fishtype":3,"cts":1673833291,"route":"p2","speed":54}],"formation":null}}
2023/01/16 09:41:31 [INFO] Receive Message:{"Ret":"ActDispFish","Data":{"fishinfo":[{"index":55,"fishtype":28,"cts":1673833269,"route":"p2","speed":85},{"index":61,"fishtype":25,"cts":1673833265,"route":"p2","speed":71}]}}
2023/01/16 09:41:33 [INFO] Receive Message:{"Ret":"ActDispFish","Data":{"fishinfo":[{"index":62,"fishtype":25,"cts":1673833267,"route":"p2","speed":71}]}}
2023/01/16 09:41:57 [INFO] Receive Message:{"Ret":"ActGamePeriod","Data":{"Fsm":"Loading","Gid":"3002-1614799742498246656","RemainSec":3}}
2023/01/16 09:41:57 [INFO] Receive Message:{"Ret":"ActSceneNotify","Data":{"scene":1,"stage":1}}
2023/01/16 09:41:57 [INFO] Receive Message:{"Ret":"ActTableStatus","Data":{"tablePlayerInfo":[{"seatId":1,"iconId":5,"name":"****t11","gold":195919},{"seatId":3,"iconId":0,"name":"****mon","gold":1999987.55}]}}
2023/01/16 09:41:59 [INFO] Receive Message:{"Ret":"ActGamePeriod","Data":{"Fsm":"SpStage","Gid":"3002-1614800099420934144","RemainSec":60}}
2023/01/16 09:42:00 [INFO] Receive Message:{"Ret":"ActCreateFish","Data":{"fishinfo":null,"formation":[{"createpoint":[-790,240],"space":[150,60],"speed":75,"group":[[{"index":68,"fishtype":2,"cts":1673833320},null,{"index":69,"fishtype":2,"cts":1673833320},null,null,{"index":70,"fishtype":3,"cts":1673833320}],[null,{"index":71,"fishtype":2,"cts":1673833320},null,{"index":72,"fishtype":2,"cts":1673833320},null,{"index":73,"fishtype":3,"cts":1673833320}],[null,null,null,null,null,{"index":74,"fishtype":3,"cts":1673833320}],[null,null,null,null,null,{"index":75,"fishtype":3,"cts":1673833320}],[null,null,null,null,null,{"index":76,"fishtype":3,"cts":1673833320}],[null,{"index":77,"fishtype":1,"cts":1673833320},null,{"index":78,"fishtype":1,"cts":1673833320},null,{"index":79,"fishtype":3,"cts":1673833320}],[{"index":80,"fishtype":1,"cts":1673833320},null,{"index":81,"fishtype":1,"cts":1673833320},null,null,{"index":82,"fishtype":3,"cts":1673833320}]]}]}}
2023/01/16 09:42:22 [INFO] Receive Message:{"Ret":"ActDispFish","Data":{"fishinfo":[{"index":70,"fishtype":3,"cts":1673833320},{"index":73,"fishtype":3,"cts":1673833320},{"index":74,"fishtype":3,"cts":1673833320},{"index":75,"fishtype":3,"cts":1673833320},{"index":76,"fishtype":3,"cts":1673833320},{"index":79,"fishtype":3,"cts":1673833320},{"index":82,"fishtype":3,"cts":1673833320}]}}
2023/01/16 09:42:24 [INFO] Receive Message:{"Ret":"ActDispFish","Data":{"fishinfo":[{"index":72,"fishtype":2,"cts":1673833320},{"index":78,"fishtype":1,"cts":1673833320}]}}
2023/01/16 09:42:26 [INFO] Receive Message:{"Ret":"ActDispFish","Data":{"fishinfo":[{"index":69,"fishtype":2,"cts":1673833320},{"index":81,"fishtype":1,"cts":1673833320}]}}
2023/01/16 09:42:28 [INFO] Receive Message:{"Ret":"ActDispFish","Data":{"fishinfo":[{"index":71,"fishtype":2,"cts":1673833320},{"index":77,"fishtype":1,"cts":1673833320}]}}
2023/01/16 09:42:30 [INFO] Receive Message:{"Ret":"ActDispFish","Data":{"fishinfo":[{"index":68,"fishtype":2,"cts":1673833320},{"index":80,"fishtype":1,"cts":1673833320}]}}
2023/01/16 09:43:05 [INFO] Receive Message:{"Ret":"ActGamePeriod","Data":{"Fsm":"Loading","Gid":"3002-1614800099420934144","RemainSec":3}}
2023/01/16 09:43:05 [INFO] Receive Message:{"Ret":"ActSceneNotify","Data":{"scene":1,"stage":2}}
2023/01/16 09:43:05 [INFO] Receive Message:{"Ret":"ActTableStatus","Data":{"tablePlayerInfo":[{"seatId":1,"iconId":5,"name":"****t11","gold":195919},{"seatId":3,"iconId":0,"name":"****mon","gold":1999987.55}]}}
2023/01/16 09:43:08 [INFO] Receive Message:{"Ret":"ActGamePeriod","Data":{"Fsm":"BossStage","Gid":"3002-1614800387565424640","RemainSec":60}}
2023/01/16 09:44:16 [INFO] Receive Message:{"Ret":"ActGamePeriod","Data":{"Fsm":"Loading","Gid":"3002-1614800387565424640","RemainSec":3}}
2023/01/16 09:44:16 [INFO] Receive Message:{"Ret":"ActSceneNotify","Data":{"scene":1,"stage":1}}
2023/01/16 09:44:16 [INFO] Receive Message:{"Ret":"ActTableStatus","Data":{"tablePlayerInfo":[{"seatId":1,"iconId":5,"name":"****t11","gold":195919},{"seatId":3,"iconId":0,"name":"****mon","gold":1999987.55}]}}
2023/01/16 09:44:19 [INFO] Receive Message:{"Ret":"ActGamePeriod","Data":{"Fsm":"Wu","Gid":"3002-1614800683679092736","RemainSec":60}}
2023/01/16 09:44:34 [ERROR] read tcp [::1]:53710->[::1]:10001: wsarecv: An existing connection was forcibly closed by the remote host.
2023/01/16 09:49:17 [INFO] 連線中斷
2023/01/16 09:49:19 [INFO] Connect Success
2023/01/16 09:49:21 [INFO] Receive Message:{"Code":0,"Ret":"Login","Message":"success","Data":{"Gold":1999987.55,"IconID":0,"Name":"Test_simon","UserId":83513177,"MatchGameCode":"","MatchGameTableId":0,"Version":"1.0.0","Marquee":null}}
2023/01/16 09:49:23 [INFO] Receive Message:{"Code":0,"Ret":"IntoGame","Message":"success","Data":{"Gid":"","BetLimit":[[0.1,1]],"Chips":[0.1,0.2,0.3,0.4,0.5,0.6,0.7,0.8,0.9,1],"RemainSec":0,"PlayerInfo":[{"seatId":0,"iconId":0,"name":"Test_simon","gold":1999987.55}],"Fsm":"Init"}}
2023/01/16 09:49:49 [ERROR] read tcp [::1]:53872->[::1]:10001: wsarecv: An existing connection was forcibly closed by the remote host.
2023/01/16 09:51:17 [INFO] 連線中斷
2023/01/16 09:51:21 [INFO] Connect Success
2023/01/16 09:51:26 [INFO] Receive Message:{"Code":0,"Ret":"Login","Message":"success","Data":{"Gold":1999987.55,"IconID":0,"Name":"Test_simon","UserId":83513177,"MatchGameCode":"","MatchGameTableId":30020,"Version":"1.0.0","Marquee":null}}
2023/01/16 09:51:28 [INFO] Receive Message:{"Code":0,"Ret":"IntoGame","Message":"success","Data":{"Gid":"","BetLimit":[[0.1,1]],"Chips":[0.1,0.2,0.3,0.4,0.5,0.6,0.7,0.8,0.9,1],"RemainSec":0,"PlayerInfo":[{"seatId":2,"iconId":0,"name":"Test_simon","gold":1999987.55}],"Fsm":"Init"}}
2023/01/16 09:51:43 [ERROR] read tcp [::1]:53918->[::1]:10001: wsarecv: An existing connection was forcibly closed by the remote host.
2023/01/16 09:53:00 [INFO] 連線中斷
2023/01/16 09:53:44 [INFO] Connect Success
2023/01/16 09:53:47 [INFO] Receive Message:{"Code":0,"Ret":"Login","Message":"success","Data":{"Gold":1999987.55,"IconID":0,"Name":"Test_simon","UserId":83513177,"MatchGameCode":"","MatchGameTableId":30020,"Version":"1.0.0","Marquee":null}}
2023/01/16 09:53:51 [INFO] Receive Message:{"Code":0,"Ret":"IntoGame","Message":"success","Data":{"Gid":"","BetLimit":[[0.1,1]],"Chips":[0.1,0.2,0.3,0.4,0.5,0.6,0.7,0.8,0.9,1],"RemainSec":0,"PlayerInfo":[{"seatId":3,"iconId":0,"name":"Test_simon","gold":1999987.55}],"Fsm":"Init"}}
2023/01/16 09:55:35 [ERROR] read tcp [::1]:53980->[::1]:10001: wsarecv: An existing connection was forcibly closed by the remote host.
2023/01/16 09:55:45 [INFO] 連線中斷
2023/01/16 09:55:46 [INFO] Connect Success
2023/01/16 09:55:50 [INFO] Receive Message:{"Code":0,"Ret":"Login","Message":"success","Data":{"Gold":1999987.55,"IconID":0,"Name":"Test_simon","UserId":83513177,"MatchGameCode":"","MatchGameTableId":30020,"Version":"1.0.0","Marquee":null}}
2023/01/16 09:55:54 [INFO] Receive Message:{"Code":0,"Ret":"IntoGame","Message":"success","Data":{"Gid":"","BetLimit":[[0.1,1]],"Chips":[0.1,0.2,0.3,0.4,0.5,0.6,0.7,0.8,0.9,1],"RemainSec":0,"PlayerInfo":[{"seatId":1,"iconId":0,"name":"Test_simon","gold":1999987.55}],"Fsm":"Init"}}
2023/01/16 09:56:00 [INFO] Receive Message:{"Ret":"ActGamePeriod","Data":{"Fsm":"Loading","Gid":"","RemainSec":3}}
2023/01/16 09:56:00 [INFO] Receive Message:{"Ret":"ActSceneNotify","Data":{"scene":1,"stage":1}}
2023/01/16 09:56:00 [INFO] Receive Message:{"Ret":"ActTableStatus","Data":{"tablePlayerInfo":[{"seatId":0,"iconId":1,"name":"****t19","gold":161996},{"seatId":1,"iconId":0,"name":"****mon","gold":1999987.55}]}}
2023/01/16 09:56:03 [INFO] Receive Message:{"Ret":"ActGamePeriod","Data":{"Fsm":"Shu","Gid":"3002-1614803637857423360","RemainSec":60}}
2023/01/16 09:56:04 [INFO] Receive Message:{"Ret":"ActCreateFish","Data":{"fishinfo":[{"index":0,"fishtype":27,"cts":1673834164,"route":"p2","speed":71},{"index":1,"fishtype":3,"cts":1673834164,"route":"p2","speed":54},{"index":16,"fishtype":26,"cts":1673834164,"route":"p1","speed":71},{"index":17,"fishtype":25,"cts":1673834164,"route":"p2","speed":71},{"index":27,"fishtype":1,"cts":1673834164,"route":"p0","speed":64},{"index":42,"fishtype":2,"cts":1673834164,"route":"p1","speed":54},{"index":57,"fishtype":28,"cts":1673834164,"route":"p2","speed":85}],"formation":null}}
2023/01/16 09:56:05 [INFO] Receive Message:{"Ret":"ActCreateFish","Data":{"fishinfo":[{"index":28,"fishtype":1,"cts":1673834165,"route":"p0","speed":64},{"index":58,"fishtype":28,"cts":1673834165,"route":"p2","speed":85}],"formation":null}}
2023/01/16 09:56:06 [INFO] Receive Message:{"Ret":"ActCreateFish","Data":{"fishinfo":[{"index":18,"fishtype":25,"cts":1673834166,"route":"p2","speed":71},{"index":29,"fishtype":1,"cts":1673834166,"route":"p0","speed":64},{"index":43,"fishtype":2,"cts":1673834166,"route":"p1","speed":54},{"index":59,"fishtype":28,"cts":1673834166,"route":"p2","speed":85}],"formation":null}}
2023/01/16 09:56:07 [INFO] Receive Message:{"Ret":"ActCreateFish","Data":{"fishinfo":[{"index":30,"fishtype":1,"cts":1673834167,"route":"p0","speed":64},{"index":60,"fishtype":28,"cts":1673834167,"route":"p2","speed":85}],"formation":null}}
2023/01/16 09:56:08 [INFO] Receive Message:{"Ret":"ActCreateFish","Data":{"fishinfo":[{"index":2,"fishtype":3,"cts":1673834168,"route":"p2","speed":54},{"index":19,"fishtype":25,"cts":1673834168,"route":"p2","speed":71},{"index":31,"fishtype":1,"cts":1673834168,"route":"p0","speed":64},{"index":44,"fishtype":2,"cts":1673834168,"route":"p1","speed":54},{"index":61,"fishtype":28,"cts":1673834168,"route":"p2","speed":85}],"formation":null}}
2023/01/16 09:56:10 [INFO] Receive Message:{"Ret":"ActCreateFish","Data":{"fishinfo":[{"index":20,"fishtype":25,"cts":1673834170,"route":"p2","speed":71},{"index":45,"fishtype":2,"cts":1673834170,"route":"p1","speed":54}],"formation":null}}
2023/01/16 09:56:12 [INFO] Receive Message:{"Ret":"ActCreateFish","Data":{"fishinfo":[{"index":3,"fishtype":3,"cts":1673834172,"route":"p2","speed":54},{"index":21,"fishtype":25,"cts":1673834172,"route":"p2","speed":71},{"index":46,"fishtype":2,"cts":1673834172,"route":"p1","speed":54}],"formation":null}}
2023/01/16 09:56:16 [INFO] Receive Message:{"Ret":"ActCreateFish","Data":{"fishinfo":[{"index":4,"fishtype":3,"cts":1673834176,"route":"p2","speed":54}],"formation":null}}
2023/01/16 09:56:20 [INFO] Receive Message:{"Ret":"ActCreateFish","Data":{"fishinfo":[{"index":5,"fishtype":3,"cts":1673834180,"route":"p2","speed":54}],"formation":null}}
2023/01/16 09:56:24 [INFO] Receive Message:{"Ret":"ActCreateFish","Data":{"fishinfo":[{"index":6,"fishtype":3,"cts":1673834184,"route":"p2","speed":54},{"index":32,"fishtype":1,"cts":1673834184,"route":"p0","speed":64},{"index":47,"fishtype":2,"cts":1673834184,"route":"p1","speed":54}],"formation":null}}
2023/01/16 09:56:24 [INFO] Receive Message:{"Ret":"ActDispFish","Data":{"fishinfo":[{"index":16,"fishtype":26,"cts":1673834164,"route":"p1","speed":71}]}}
2023/01/16 09:56:25 [INFO] Receive Message:{"Ret":"ActCreateFish","Data":{"fishinfo":[{"index":33,"fishtype":1,"cts":1673834185,"route":"p0","speed":64}],"formation":null}}
2023/01/16 09:56:26 [INFO] Receive Message:{"Ret":"ActCreateFish","Data":{"fishinfo":[{"index":34,"fishtype":1,"cts":1673834186,"route":"p0","speed":64},{"index":48,"fishtype":2,"cts":1673834186,"route":"p1","speed":54}],"formation":null}}
2023/01/16 09:56:26 [INFO] Receive Message:{"Ret":"ActDispFish","Data":{"fishinfo":[{"index":57,"fishtype":28,"cts":1673834164,"route":"p2","speed":85}]}}
2023/01/16 09:56:27 [INFO] Receive Message:{"Ret":"ActCreateFish","Data":{"fishinfo":[{"index":35,"fishtype":1,"cts":1673834187,"route":"p0","speed":64}],"formation":null}}
2023/01/16 09:56:27 [INFO] Receive Message:{"Ret":"ActDispFish","Data":{"fishinfo":[{"index":58,"fishtype":28,"cts":1673834165,"route":"p2","speed":85}]}}
2023/01/16 09:56:28 [INFO] Receive Message:{"Ret":"ActCreateFish","Data":{"fishinfo":[{"index":7,"fishtype":3,"cts":1673834188,"route":"p2","speed":54},{"index":36,"fishtype":1,"cts":1673834188,"route":"p0","speed":64},{"index":49,"fishtype":2,"cts":1673834188,"route":"p1","speed":54}],"formation":null}}
2023/01/16 09:56:28 [INFO] Receive Message:{"Ret":"ActDispFish","Data":{"fishinfo":[{"index":59,"fishtype":28,"cts":1673834166,"route":"p2","speed":85}]}}
2023/01/16 09:56:29 [INFO] Receive Message:{"Ret":"ActDispFish","Data":{"fishinfo":[{"index":60,"fishtype":28,"cts":1673834167,"route":"p2","speed":85}]}}
2023/01/16 09:56:30 [INFO] Receive Message:{"Ret":"ActCreateFish","Data":{"fishinfo":[{"index":50,"fishtype":2,"cts":1673834190,"route":"p1","speed":54}],"formation":null}}
2023/01/16 09:56:30 [INFO] Receive Message:{"Ret":"ActDispFish","Data":{"fishinfo":[{"index":0,"fishtype":27,"cts":1673834164,"route":"p2","speed":71},{"index":17,"fishtype":25,"cts":1673834164,"route":"p2","speed":71},{"index":61,"fishtype":28,"cts":1673834168,"route":"p2","speed":85}]}}
2023/01/16 09:56:31 [INFO] Receive Message:{"Ret":"ActDispFish","Data":{"fishinfo":[{"index":42,"fishtype":2,"cts":1673834164,"route":"p1","speed":54}]}}
2023/01/16 09:56:32 [INFO] Receive Message:{"Ret":"ActCreateFish","Data":{"fishinfo":[{"index":8,"fishtype":3,"cts":1673834192,"route":"p2","speed":54},{"index":51,"fishtype":2,"cts":1673834192,"route":"p1","speed":54}],"formation":null}}
2023/01/16 09:56:32 [INFO] Receive Message:{"Ret":"ActDispFish","Data":{"fishinfo":[{"index":18,"fishtype":25,"cts":1673834166,"route":"p2","speed":71},{"index":27,"fishtype":1,"cts":1673834164,"route":"p0","speed":64}]}}
2023/01/16 09:56:33 [INFO] Receive Message:{"Ret":"ActDispFish","Data":{"fishinfo":[{"index":28,"fishtype":1,"cts":1673834165,"route":"p0","speed":64},{"index":43,"fishtype":2,"cts":1673834166,"route":"p1","speed":54}]}}
2023/01/16 09:56:34 [INFO] Receive Message:{"Ret":"ActCreateFish","Data":{"fishinfo":[{"index":22,"fishtype":25,"cts":1673834194,"route":"p2","speed":71},{"index":62,"fishtype":28,"cts":1673834194,"route":"p2","speed":85}],"formation":null}}
2023/01/16 09:56:34 [INFO] Receive Message:{"Ret":"ActDispFish","Data":{"fishinfo":[{"index":19,"fishtype":25,"cts":1673834168,"route":"p2","speed":71},{"index":29,"fishtype":1,"cts":1673834166,"route":"p0","speed":64}]}}
2023/01/16 09:56:35 [INFO] Receive Message:{"Ret":"ActCreateFish","Data":{"fishinfo":[{"index":63,"fishtype":28,"cts":1673834195,"route":"p2","speed":85}],"formation":null}}
2023/01/16 09:56:35 [INFO] Receive Message:{"Ret":"ActDispFish","Data":{"fishinfo":[{"index":30,"fishtype":1,"cts":1673834167,"route":"p0","speed":64},{"index":44,"fishtype":2,"cts":1673834168,"route":"p1","speed":54}]}}
2023/01/16 09:56:36 [INFO] Receive Message:{"Ret":"ActCreateFish","Data":{"fishinfo":[{"index":9,"fishtype":3,"cts":1673834196,"route":"p2","speed":54},{"index":23,"fishtype":25,"cts":1673834196,"route":"p2","speed":71},{"index":64,"fishtype":28,"cts":1673834196,"route":"p2","speed":85}],"formation":null}}
2023/01/16 09:56:36 [INFO] Receive Message:{"Ret":"ActDispFish","Data":{"fishinfo":[{"index":20,"fishtype":25,"cts":1673834170,"route":"p2","speed":71},{"index":31,"fishtype":1,"cts":1673834168,"route":"p0","speed":64}]}}
2023/01/16 09:56:37 [INFO] Receive Message:{"Ret":"ActCreateFish","Data":{"fishinfo":[{"index":65,"fishtype":28,"cts":1673834197,"route":"p2","speed":85}],"formation":null}}
2023/01/16 09:56:37 [INFO] Receive Message:{"Ret":"ActDispFish","Data":{"fishinfo":[{"index":45,"fishtype":2,"cts":1673834170,"route":"p1","speed":54}]}}
2023/01/16 09:56:38 [INFO] Receive Message:{"Ret":"ActCreateFish","Data":{"fishinfo":[{"index":24,"fishtype":25,"cts":1673834198,"route":"p2","speed":71},{"index":66,"fishtype":28,"cts":1673834198,"route":"p2","speed":85}],"formation":null}}
2023/01/16 09:56:38 [INFO] Receive Message:{"Ret":"ActDispFish","Data":{"fishinfo":[{"index":21,"fishtype":25,"cts":1673834172,"route":"p2","speed":71}]}}
2023/01/16 09:56:39 [INFO] Receive Message:{"Ret":"ActDispFish","Data":{"fishinfo":[{"index":1,"fishtype":3,"cts":1673834164,"route":"p2","speed":54},{"index":46,"fishtype":2,"cts":1673834172,"route":"p1","speed":54}]}}
2023/01/16 09:56:40 [INFO] Receive Message:{"Ret":"ActCreateFish","Data":{"fishinfo":[{"index":10,"fishtype":3,"cts":1673834200,"route":"p2","speed":54},{"index":25,"fishtype":25,"cts":1673834200,"route":"p2","speed":71}],"formation":null}}
2023/01/16 09:56:42 [INFO] Receive Message:{"Ret":"ActCreateFish","Data":{"fishinfo":[{"index":26,"fishtype":25,"cts":1673834202,"route":"p2","speed":71}],"formation":null}}
2023/01/16 09:56:43 [INFO] Receive Message:{"Ret":"ActDispFish","Data":{"fishinfo":[{"index":2,"fishtype":3,"cts":1673834168,"route":"p2","speed":54}]}}
2023/01/16 09:56:44 [INFO] Receive Message:{"Ret":"ActCreateFish","Data":{"fishinfo":[{"index":11,"fishtype":3,"cts":1673834204,"route":"p2","speed":54},{"index":37,"fishtype":1,"cts":1673834204,"route":"p0","speed":64},{"index":52,"fishtype":2,"cts":1673834204,"route":"p1","speed":54}],"formation":null}}
2023/01/16 09:56:45 [INFO] Receive Message:{"Ret":"ActCreateFish","Data":{"fishinfo":[{"index":38,"fishtype":1,"cts":1673834205,"route":"p0","speed":64}],"formation":null}}
2023/01/16 09:56:46 [INFO] Receive Message:{"Ret":"ActCreateFish","Data":{"fishinfo":[{"index":39,"fishtype":1,"cts":1673834206,"route":"p0","speed":64},{"index":53,"fishtype":2,"cts":1673834206,"route":"p1","speed":54}],"formation":null}}
2023/01/16 09:56:47 [INFO] Receive Message:{"Ret":"ActCreateFish","Data":{"fishinfo":[{"index":40,"fishtype":1,"cts":1673834207,"route":"p0","speed":64}],"formation":null}}
2023/01/16 09:56:47 [INFO] Receive Message:{"Ret":"ActDispFish","Data":{"fishinfo":[{"index":3,"fishtype":3,"cts":1673834172,"route":"p2","speed":54}]}}
2023/01/16 09:56:48 [INFO] Receive Message:{"Ret":"ActCreateFish","Data":{"fishinfo":[{"index":12,"fishtype":3,"cts":1673834208,"route":"p2","speed":54},{"index":41,"fishtype":1,"cts":1673834208,"route":"p0","speed":64},{"index":54,"fishtype":2,"cts":1673834208,"route":"p1","speed":54}],"formation":null}}
2023/01/16 09:56:50 [INFO] Receive Message:{"Ret":"ActCreateFish","Data":{"fishinfo":[{"index":55,"fishtype":2,"cts":1673834210,"route":"p1","speed":54}],"formation":null}}
2023/01/16 09:56:51 [INFO] Receive Message:{"Ret":"ActDispFish","Data":{"fishinfo":[{"index":4,"fishtype":3,"cts":1673834176,"route":"p2","speed":54},{"index":47,"fishtype":2,"cts":1673834184,"route":"p1","speed":54}]}}
2023/01/16 09:56:52 [INFO] Receive Message:{"Ret":"ActCreateFish","Data":{"fishinfo":[{"index":13,"fishtype":3,"cts":1673834212,"route":"p2","speed":54},{"index":56,"fishtype":2,"cts":1673834212,"route":"p1","speed":54}],"formation":null}}
2023/01/16 09:56:52 [INFO] Receive Message:{"Ret":"ActDispFish","Data":{"fishinfo":[{"index":32,"fishtype":1,"cts":1673834184,"route":"p0","speed":64}]}}
2023/01/16 09:56:53 [INFO] Receive Message:{"Ret":"ActDispFish","Data":{"fishinfo":[{"index":33,"fishtype":1,"cts":1673834185,"route":"p0","speed":64},{"index":48,"fishtype":2,"cts":1673834186,"route":"p1","speed":54}]}}
2023/01/16 09:56:54 [INFO] Receive Message:{"Ret":"ActDispFish","Data":{"fishinfo":[{"index":34,"fishtype":1,"cts":1673834186,"route":"p0","speed":64}]}}
2023/01/16 09:56:55 [INFO] Receive Message:{"Ret":"ActDispFish","Data":{"fishinfo":[{"index":5,"fishtype":3,"cts":1673834180,"route":"p2","speed":54},{"index":35,"fishtype":1,"cts":1673834187,"route":"p0","speed":64},{"index":49,"fishtype":2,"cts":1673834188,"route":"p1","speed":54}]}}
2023/01/16 09:56:56 [INFO] Receive Message:{"Ret":"ActCreateFish","Data":{"fishinfo":[{"index":14,"fishtype":3,"cts":1673834216,"route":"p2","speed":54}],"formation":null}}
2023/01/16 09:56:56 [INFO] Receive Message:{"Ret":"ActDispFish","Data":{"fishinfo":[{"index":36,"fishtype":1,"cts":1673834188,"route":"p0","speed":64},{"index":62,"fishtype":28,"cts":1673834194,"route":"p2","speed":85}]}}
2023/01/16 09:56:57 [INFO] Receive Message:{"Ret":"ActDispFish","Data":{"fishinfo":[{"index":50,"fishtype":2,"cts":1673834190,"route":"p1","speed":54},{"index":63,"fishtype":28,"cts":1673834195,"route":"p2","speed":85}]}}
2023/01/16 09:56:58 [INFO] Receive Message:{"Ret":"ActDispFish","Data":{"fishinfo":[{"index":64,"fishtype":28,"cts":1673834196,"route":"p2","speed":85}]}}
2023/01/16 09:56:59 [INFO] Receive Message:{"Ret":"ActDispFish","Data":{"fishinfo":[{"index":6,"fishtype":3,"cts":1673834184,"route":"p2","speed":54},{"index":51,"fishtype":2,"cts":1673834192,"route":"p1","speed":54},{"index":65,"fishtype":28,"cts":1673834197,"route":"p2","speed":85}]}}
2023/01/16 09:57:00 [INFO] Receive Message:{"Ret":"ActCreateFish","Data":{"fishinfo":[{"index":15,"fishtype":3,"cts":1673834220,"route":"p2","speed":54}],"formation":null}}
2023/01/16 09:57:00 [INFO] Receive Message:{"Ret":"ActDispFish","Data":{"fishinfo":[{"index":22,"fishtype":25,"cts":1673834194,"route":"p2","speed":71},{"index":66,"fishtype":28,"cts":1673834198,"route":"p2","speed":85}]}}
2023/01/16 09:57:02 [INFO] Receive Message:{"Ret":"ActDispFish","Data":{"fishinfo":[{"index":23,"fishtype":25,"cts":1673834196,"route":"p2","speed":71}]}}
2023/01/16 09:57:13 [INFO] Receive Message:{"Ret":"ActGamePeriod","Data":{"Fsm":"Loading","Gid":"3002-1614803637857423360","RemainSec":3}}
2023/01/16 09:57:13 [INFO] Receive Message:{"Ret":"ActSceneNotify","Data":{"scene":1,"stage":1}}
2023/01/16 09:57:13 [INFO] Receive Message:{"Ret":"ActTableStatus","Data":{"tablePlayerInfo":[{"seatId":0,"iconId":1,"name":"****t19","gold":161996},{"seatId":1,"iconId":0,"name":"****mon","gold":1999987.55}]}}
2023/01/16 09:57:16 [INFO] Receive Message:{"Ret":"ActGamePeriod","Data":{"Fsm":"SpStage","Gid":"3002-1614803942380670976","RemainSec":60}}
2023/01/16 09:57:17 [INFO] Receive Message:{"Ret":"ActCreateFish","Data":{"fishinfo":null,"formation":[{"createpoint":[-790,240],"space":[150,60],"speed":75,"group":[[{"index":68,"fishtype":2,"cts":1673834237},null,{"index":69,"fishtype":2,"cts":1673834237},null,null,{"index":70,"fishtype":3,"cts":1673834237}],[null,{"index":71,"fishtype":2,"cts":1673834237},null,{"index":72,"fishtype":2,"cts":1673834237},null,{"index":73,"fishtype":3,"cts":1673834237}],[null,null,null,null,null,{"index":74,"fishtype":3,"cts":1673834237}],[null,null,null,null,null,{"index":75,"fishtype":3,"cts":1673834237}],[null,null,null,null,null,{"index":76,"fishtype":3,"cts":1673834237}],[null,{"index":77,"fishtype":1,"cts":1673834237},null,{"index":78,"fishtype":1,"cts":1673834237},null,{"index":79,"fishtype":3,"cts":1673834237}],[{"index":80,"fishtype":1,"cts":1673834237},null,{"index":81,"fishtype":1,"cts":1673834237},null,null,{"index":82,"fishtype":3,"cts":1673834237}]]}]}}
2023/01/16 09:57:38 [INFO] Receive Message:{"Ret":"ActDispFish","Data":{"fishinfo":[{"index":70,"fishtype":3,"cts":1673834237},{"index":73,"fishtype":3,"cts":1673834237},{"index":74,"fishtype":3,"cts":1673834237},{"index":75,"fishtype":3,"cts":1673834237},{"index":76,"fishtype":3,"cts":1673834237},{"index":79,"fishtype":3,"cts":1673834237},{"index":82,"fishtype":3,"cts":1673834237}]}}
2023/01/16 09:57:40 [INFO] Receive Message:{"Ret":"ActDispFish","Data":{"fishinfo":[{"index":72,"fishtype":2,"cts":1673834237},{"index":78,"fishtype":1,"cts":1673834237}]}}
2023/01/16 09:57:42 [INFO] Receive Message:{"Ret":"ActDispFish","Data":{"fishinfo":[{"index":69,"fishtype":2,"cts":1673834237},{"index":81,"fishtype":1,"cts":1673834237}]}}
2023/01/16 09:57:44 [INFO] Receive Message:{"Ret":"ActDispFish","Data":{"fishinfo":[{"index":71,"fishtype":2,"cts":1673834237},{"index":77,"fishtype":1,"cts":1673834237}]}}
2023/01/16 09:57:46 [INFO] Receive Message:{"Ret":"ActDispFish","Data":{"fishinfo":[{"index":68,"fishtype":2,"cts":1673834237},{"index":80,"fishtype":1,"cts":1673834237}]}}
2023/01/16 09:58:21 [ERROR] read tcp [::1]:54020->[::1]:10001: wsarecv: An existing connection was forcibly closed by the remote host.
2023/01/16 10:04:44 [INFO] 連線中斷
2023/01/16 10:04:48 [INFO] Connect Success
2023/01/16 10:04:50 [INFO] Receive Message:{"Code":0,"Ret":"Login","Message":"success","Data":{"Gold":1999987.55,"IconID":0,"Name":"Test_simon","UserId":83513177,"MatchGameCode":"","MatchGameTableId":0,"Version":"1.0.0","Marquee":null}}
2023/01/16 10:04:52 [INFO] Receive Message:{"Code":0,"Ret":"IntoGame","Message":"success","Data":{"Gid":"","BetLimit":[[0.1,1]],"Chips":[0.1,0.2,0.3,0.4,0.5,0.6,0.7,0.8,0.9,1],"RemainSec":0,"PlayerInfo":[{"seatId":3,"iconId":0,"name":"Test_simon","gold":1999987.55}],"Fsm":"Init"}}
2023/01/16 10:04:53 [INFO] Receive Message:{"Ret":"ActGamePeriod","Data":{"Fsm":"Loading","Gid":"","RemainSec":3}}
2023/01/16 10:04:53 [INFO] Receive Message:{"Ret":"ActSceneNotify","Data":{"scene":1,"stage":1}}
2023/01/16 10:04:53 [INFO] Receive Message:{"Ret":"ActTableStatus","Data":{"tablePlayerInfo":[{"seatId":0,"iconId":1,"name":"****t25","gold":180556},{"seatId":3,"iconId":0,"name":"****mon","gold":1999987.55}]}}
2023/01/16 10:04:56 [INFO] Receive Message:{"Ret":"ActGamePeriod","Data":{"Fsm":"Shu","Gid":"3002-1614805874751049728","RemainSec":60}}
2023/01/16 10:04:57 [INFO] Receive Message:{"Ret":"ActCreateFish","Data":{"fishinfo":[{"index":0,"fishtype":2,"cts":1673834697,"route":"p1","speed":54},{"index":15,"fishtype":3,"cts":1673834697,"route":"p2","speed":54},{"index":30,"fishtype":26,"cts":1673834697,"route":"p1","speed":71},{"index":31,"fishtype":27,"cts":1673834697,"route":"p2","speed":71},{"index":32,"fishtype":28,"cts":1673834697,"route":"p2","speed":85},{"index":42,"fishtype":1,"cts":1673834697,"route":"p0","speed":64},{"index":57,"fishtype":25,"cts":1673834697,"route":"p2","speed":71}],"formation":null}}
2023/01/16 10:04:58 [INFO] Receive Message:{"Ret":"ActCreateFish","Data":{"fishinfo":[{"index":33,"fishtype":28,"cts":1673834698,"route":"p2","speed":85},{"index":43,"fishtype":1,"cts":1673834698,"route":"p0","speed":64}],"formation":null}}
2023/01/16 10:04:59 [INFO] Receive Message:{"Ret":"ActCreateFish","Data":{"fishinfo":[{"index":1,"fishtype":2,"cts":1673834699,"route":"p1","speed":54},{"index":34,"fishtype":28,"cts":1673834699,"route":"p2","speed":85},{"index":44,"fishtype":1,"cts":1673834699,"route":"p0","speed":64},{"index":58,"fishtype":25,"cts":1673834699,"route":"p2","speed":71}],"formation":null}}
2023/01/16 10:05:00 [INFO] Receive Message:{"Ret":"ActCreateFish","Data":{"fishinfo":[{"index":35,"fishtype":28,"cts":1673834700,"route":"p2","speed":85},{"index":45,"fishtype":1,"cts":1673834700,"route":"p0","speed":64}],"formation":null}}
2023/01/16 10:05:01 [INFO] Receive Message:{"Ret":"ActCreateFish","Data":{"fishinfo":[{"index":2,"fishtype":2,"cts":1673834701,"route":"p1","speed":54},{"index":16,"fishtype":3,"cts":1673834701,"route":"p2","speed":54},{"index":36,"fishtype":28,"cts":1673834701,"route":"p2","speed":85},{"index":46,"fishtype":1,"cts":1673834701,"route":"p0","speed":64},{"index":59,"fishtype":25,"cts":1673834701,"route":"p2","speed":71}],"formation":null}}
2023/01/16 10:05:03 [INFO] Receive Message:{"Ret":"ActCreateFish","Data":{"fishinfo":[{"index":3,"fishtype":2,"cts":1673834703,"route":"p1","speed":54},{"index":60,"fishtype":25,"cts":1673834703,"route":"p2","speed":71}],"formation":null}}
2023/01/16 10:05:05 [INFO] Receive Message:{"Ret":"ActCreateFish","Data":{"fishinfo":[{"index":4,"fishtype":2,"cts":1673834705,"route":"p1","speed":54},{"index":17,"fishtype":3,"cts":1673834705,"route":"p2","speed":54},{"index":61,"fishtype":25,"cts":1673834705,"route":"p2","speed":71}],"formation":null}}
2023/01/16 10:05:09 [INFO] Receive Message:{"Ret":"ActCreateFish","Data":{"fishinfo":[{"index":18,"fishtype":3,"cts":1673834709,"route":"p2","speed":54}],"formation":null}}
2023/01/16 10:05:13 [INFO] Receive Message:{"Ret":"ActCreateFish","Data":{"fishinfo":[{"index":19,"fishtype":3,"cts":1673834713,"route":"p2","speed":54}],"formation":null}}
2023/01/16 10:05:17 [INFO] Receive Message:{"Ret":"ActCreateFish","Data":{"fishinfo":[{"index":5,"fishtype":2,"cts":1673834717,"route":"p1","speed":54},{"index":20,"fishtype":3,"cts":1673834717,"route":"p2","speed":54},{"index":47,"fishtype":1,"cts":1673834717,"route":"p0","speed":64}],"formation":null}}
2023/01/16 10:05:17 [INFO] Receive Message:{"Ret":"ActDispFish","Data":{"fishinfo":[{"index":30,"fishtype":26,"cts":1673834697,"route":"p1","speed":71}]}}
2023/01/16 10:05:18 [INFO] Receive Message:{"Ret":"ActCreateFish","Data":{"fishinfo":[{"index":48,"fishtype":1,"cts":1673834718,"route":"p0","speed":64}],"formation":null}}
2023/01/16 10:05:19 [INFO] Receive Message:{"Ret":"ActCreateFish","Data":{"fishinfo":[{"index":6,"fishtype":2,"cts":1673834719,"route":"p1","speed":54},{"index":49,"fishtype":1,"cts":1673834719,"route":"p0","speed":64}],"formation":null}}
2023/01/16 10:05:19 [INFO] Receive Message:{"Ret":"ActDispFish","Data":{"fishinfo":[{"index":32,"fishtype":28,"cts":1673834697,"route":"p2","speed":85}]}}
2023/01/16 10:05:20 [INFO] Receive Message:{"Ret":"ActCreateFish","Data":{"fishinfo":[{"index":50,"fishtype":1,"cts":1673834720,"route":"p0","speed":64}],"formation":null}}
2023/01/16 10:05:20 [INFO] Receive Message:{"Ret":"ActDispFish","Data":{"fishinfo":[{"index":33,"fishtype":28,"cts":1673834698,"route":"p2","speed":85}]}}
2023/01/16 10:05:21 [INFO] Receive Message:{"Ret":"ActCreateFish","Data":{"fishinfo":[{"index":7,"fishtype":2,"cts":1673834721,"route":"p1","speed":54},{"index":21,"fishtype":3,"cts":1673834721,"route":"p2","speed":54},{"index":51,"fishtype":1,"cts":1673834721,"route":"p0","speed":64}],"formation":null}}
2023/01/16 10:05:21 [INFO] Receive Message:{"Ret":"ActDispFish","Data":{"fishinfo":[{"index":34,"fishtype":28,"cts":1673834699,"route":"p2","speed":85}]}}
2023/01/16 10:05:22 [INFO] Receive Message:{"Ret":"ActDispFish","Data":{"fishinfo":[{"index":35,"fishtype":28,"cts":1673834700,"route":"p2","speed":85}]}}
2023/01/16 10:05:23 [INFO] Receive Message:{"Ret":"ActCreateFish","Data":{"fishinfo":[{"index":8,"fishtype":2,"cts":1673834723,"route":"p1","speed":54}],"formation":null}}
2023/01/16 10:05:23 [INFO] Receive Message:{"Ret":"ActDispFish","Data":{"fishinfo":[{"index":31,"fishtype":27,"cts":1673834697,"route":"p2","speed":71},{"index":36,"fishtype":28,"cts":1673834701,"route":"p2","speed":85},{"index":57,"fishtype":25,"cts":1673834697,"route":"p2","speed":71}]}}
2023/01/16 10:05:24 [INFO] Receive Message:{"Ret":"ActDispFish","Data":{"fishinfo":[{"index":0,"fishtype":2,"cts":1673834697,"route":"p1","speed":54}]}}
2023/01/16 10:05:25 [INFO] Receive Message:{"Ret":"ActCreateFish","Data":{"fishinfo":[{"index":9,"fishtype":2,"cts":1673834725,"route":"p1","speed":54},{"index":22,"fishtype":3,"cts":1673834725,"route":"p2","speed":54}],"formation":null}}
2023/01/16 10:05:25 [INFO] Receive Message:{"Ret":"ActDispFish","Data":{"fishinfo":[{"index":42,"fishtype":1,"cts":1673834697,"route":"p0","speed":64},{"index":58,"fishtype":25,"cts":1673834699,"route":"p2","speed":71}]}}
2023/01/16 10:05:26 [INFO] Receive Message:{"Ret":"ActDispFish","Data":{"fishinfo":[{"index":1,"fishtype":2,"cts":1673834699,"route":"p1","speed":54},{"index":43,"fishtype":1,"cts":1673834698,"route":"p0","speed":64}]}}
2023/01/16 10:05:27 [INFO] Receive Message:{"Ret":"ActCreateFish","Data":{"fishinfo":[{"index":37,"fishtype":28,"cts":1673834727,"route":"p2","speed":85},{"index":62,"fishtype":25,"cts":1673834727,"route":"p2","speed":71}],"formation":null}}
2023/01/16 10:05:27 [INFO] Receive Message:{"Ret":"ActDispFish","Data":{"fishinfo":[{"index":44,"fishtype":1,"cts":1673834699,"route":"p0","speed":64},{"index":59,"fishtype":25,"cts":1673834701,"route":"p2","speed":71}]}}
2023/01/16 10:05:28 [INFO] Receive Message:{"Ret":"ActCreateFish","Data":{"fishinfo":[{"index":38,"fishtype":28,"cts":1673834728,"route":"p2","speed":85}],"formation":null}}
2023/01/16 10:05:28 [INFO] Receive Message:{"Ret":"ActDispFish","Data":{"fishinfo":[{"index":2,"fishtype":2,"cts":1673834701,"route":"p1","speed":54},{"index":45,"fishtype":1,"cts":1673834700,"route":"p0","speed":64}]}}
2023/01/16 10:05:29 [ERROR] read tcp [::1]:54190->[::1]:10001: wsarecv: An existing connection was forcibly closed by the remote host.
2023/01/16 10:06:00 [INFO] 連線中斷
2023/01/16 10:06:00 [INFO] Connect Success
2023/01/16 10:06:04 [INFO] Receive Message:{"Code":0,"Ret":"Login","Message":"success","Data":{"Gold":1999987.55,"IconID":0,"Name":"Test_simon","UserId":83513177,"MatchGameCode":"","MatchGameTableId":30020,"Version":"1.0.0","Marquee":null}}
2023/01/16 10:06:16 [INFO] Receive Message:{"Code":0,"Ret":"IntoGame","Message":"success","Data":{"Gid":"","BetLimit":[[0.1,1]],"Chips":[0.1,0.2,0.3,0.4,0.5,0.6,0.7,0.8,0.9,1],"RemainSec":0,"PlayerInfo":[{"seatId":1,"iconId":0,"name":"Test_simon","gold":1999987.55}],"Fsm":"Init"}}
2023/01/16 10:06:17 [INFO] Receive Message:{"Ret":"ActGamePeriod","Data":{"Fsm":"Loading","Gid":"","RemainSec":3}}
2023/01/16 10:06:17 [INFO] Receive Message:{"Ret":"ActSceneNotify","Data":{"scene":1,"stage":1}}
2023/01/16 10:06:17 [INFO] Receive Message:{"Ret":"ActTableStatus","Data":{"tablePlayerInfo":[{"seatId":1,"iconId":0,"name":"****mon","gold":1999987.55},{"seatId":2,"iconId":5,"name":"****t17","gold":143953}]}}
2023/01/16 10:06:20 [INFO] Receive Message:{"Ret":"ActGamePeriod","Data":{"Fsm":"Shu","Gid":"3002-1614806227349409792","RemainSec":10}}
2023/01/16 10:06:36 [INFO] Receive Message:{"Ret":"ActGamePeriod","Data":{"Fsm":"Loading","Gid":"3002-1614806227349409792","RemainSec":3}}
2023/01/16 10:06:36 [INFO] Receive Message:{"Ret":"ActSceneNotify","Data":{"scene":1,"stage":2}}
2023/01/16 10:06:36 [INFO] Receive Message:{"Ret":"ActTableStatus","Data":{"tablePlayerInfo":[{"seatId":1,"iconId":0,"name":"****mon","gold":1999987.55},{"seatId":2,"iconId":5,"name":"****t17","gold":143953}]}}
2023/01/16 10:06:39 [INFO] Receive Message:{"Ret":"ActGamePeriod","Data":{"Fsm":"SpStage","Gid":"3002-1614806303681548288","RemainSec":10}}
2023/01/16 10:06:53 [INFO] Receive Message:{"Ret":"ActGamePeriod","Data":{"Fsm":"Loading","Gid":"3002-1614806303681548288","RemainSec":3}}
2023/01/16 10:06:53 [INFO] Receive Message:{"Ret":"ActSceneNotify","Data":{"scene":1,"stage":3}}
2023/01/16 10:06:53 [INFO] Receive Message:{"Ret":"ActTableStatus","Data":{"tablePlayerInfo":[{"seatId":1,"iconId":0,"name":"****mon","gold":1999987.55},{"seatId":2,"iconId":5,"name":"****t17","gold":143953}]}}
2023/01/16 10:06:56 [INFO] Receive Message:{"Ret":"ActGamePeriod","Data":{"Fsm":"BossStage","Gid":"3002-1614806377052508160","RemainSec":10}}
2023/01/16 10:07:24 [ERROR] read tcp [::1]:54215->[::1]:10001: wsarecv: An existing connection was forcibly closed by the remote host.
2023/01/16 10:08:33 [INFO] 連線中斷
2023/01/16 10:08:34 [INFO] Connect Success
2023/01/16 10:08:36 [INFO] Receive Message:{"Code":0,"Ret":"Login","Message":"success","Data":{"Gold":1999987.55,"IconID":0,"Name":"Test_simon","UserId":83513177,"MatchGameCode":"","MatchGameTableId":30020,"Version":"1.0.0","Marquee":null}}
2023/01/16 10:08:39 [INFO] Receive Message:{"Code":0,"Ret":"IntoGame","Message":"success","Data":{"Gid":"","BetLimit":[[0.1,1]],"Chips":[0.1,0.2,0.3,0.4,0.5,0.6,0.7,0.8,0.9,1],"RemainSec":0,"PlayerInfo":[{"seatId":3,"iconId":0,"name":"Test_simon","gold":1999987.55}],"Fsm":"Init"}}
2023/01/16 10:08:47 [INFO] Receive Message:{"Ret":"ActGamePeriod","Data":{"Fsm":"Loading","Gid":"","RemainSec":3}}
2023/01/16 10:08:47 [INFO] Receive Message:{"Ret":"ActSceneNotify","Data":{"scene":1,"stage":1}}
2023/01/16 10:08:47 [INFO] Receive Message:{"Ret":"ActTableStatus","Data":{"tablePlayerInfo":[{"seatId":1,"iconId":4,"name":"****t22","gold":108912},{"seatId":3,"iconId":0,"name":"****mon","gold":1999987.55}]}}
2023/01/16 10:08:49 [INFO] Receive Message:{"Ret":"ActGamePeriod","Data":{"Fsm":"Shu","Gid":"3002-1614806852204236800","RemainSec":10}}
2023/01/16 10:09:05 [INFO] Receive Message:{"Ret":"ActGamePeriod","Data":{"Fsm":"Loading","Gid":"3002-1614806852204236800","RemainSec":3}}
2023/01/16 10:09:05 [INFO] Receive Message:{"Ret":"ActSceneNotify","Data":{"scene":1,"stage":2}}
2023/01/16 10:09:05 [INFO] Receive Message:{"Ret":"ActTableStatus","Data":{"tablePlayerInfo":[{"seatId":1,"iconId":4,"name":"****t22","gold":108912},{"seatId":3,"iconId":0,"name":"****mon","gold":1999987.55}]}}
2023/01/16 10:09:08 [INFO] Receive Message:{"Ret":"ActGamePeriod","Data":{"Fsm":"SpStage","Gid":"3002-1614806928980971520","RemainSec":10}}
2023/01/16 10:09:23 [INFO] Receive Message:{"Ret":"ActGamePeriod","Data":{"Fsm":"Loading","Gid":"3002-1614806928980971520","RemainSec":3}}
2023/01/16 10:09:23 [INFO] Receive Message:{"Ret":"ActSceneNotify","Data":{"scene":1,"stage":3}}
2023/01/16 10:09:23 [INFO] Receive Message:{"Ret":"ActTableStatus","Data":{"tablePlayerInfo":[{"seatId":1,"iconId":4,"name":"****t22","gold":108912},{"seatId":3,"iconId":0,"name":"****mon","gold":1999987.55}]}}
2023/01/16 10:09:26 [INFO] Receive Message:{"Ret":"ActGamePeriod","Data":{"Fsm":"BossStage","Gid":"3002-1614807004495220736","RemainSec":10}}
2023/01/16 10:09:51 [ERROR] read tcp [::1]:54279->[::1]:10001: wsarecv: An existing connection was forcibly closed by the remote host.
2023/01/16 10:10:15 [INFO] 連線中斷
2023/01/16 10:10:16 [INFO] Connect Success
2023/01/16 10:10:19 [INFO] Receive Message:{"Code":0,"Ret":"Login","Message":"success","Data":{"Gold":1999987.55,"IconID":0,"Name":"Test_simon","UserId":83513177,"MatchGameCode":"","MatchGameTableId":30020,"Version":"1.0.0","Marquee":null}}
2023/01/16 10:10:22 [INFO] Receive Message:{"Code":0,"Ret":"IntoGame","Message":"success","Data":{"Gid":"","BetLimit":[[0.1,1]],"Chips":[0.1,0.2,0.3,0.4,0.5,0.6,0.7,0.8,0.9,1],"RemainSec":0,"PlayerInfo":[{"seatId":3,"iconId":0,"name":"Test_simon","gold":1999987.55}],"Fsm":"Init"}}
2023/01/16 10:10:27 [INFO] Receive Message:{"Ret":"ActGamePeriod","Data":{"Fsm":"Loading","Gid":"","RemainSec":3}}
2023/01/16 10:10:27 [INFO] Receive Message:{"Ret":"ActSceneNotify","Data":{"scene":1,"stage":1}}
2023/01/16 10:10:27 [INFO] Receive Message:{"Ret":"ActTableStatus","Data":{"tablePlayerInfo":[{"seatId":0,"iconId":5,"name":"****t29","gold":107905},{"seatId":3,"iconId":0,"name":"****mon","gold":1999987.55}]}}
2023/01/16 10:10:30 [INFO] Receive Message:{"Ret":"ActGamePeriod","Data":{"Fsm":"Shu","Gid":"3002-1614807273236860928","RemainSec":10}}
2023/01/16 10:10:46 [INFO] Receive Message:{"Ret":"ActGamePeriod","Data":{"Fsm":"Loading","Gid":"3002-1614807273236860928","RemainSec":3}}
2023/01/16 10:10:46 [INFO] Receive Message:{"Ret":"ActSceneNotify","Data":{"scene":1,"stage":2}}
2023/01/16 10:10:46 [INFO] Receive Message:{"Ret":"ActTableStatus","Data":{"tablePlayerInfo":[{"seatId":0,"iconId":5,"name":"****t29","gold":107905},{"seatId":3,"iconId":0,"name":"****mon","gold":1999987.55}]}}
2023/01/16 10:10:49 [INFO] Receive Message:{"Ret":"ActGamePeriod","Data":{"Fsm":"SpStage","Gid":"3002-1614807353348067328","RemainSec":10}}
2023/01/16 10:11:09 [INFO] Receive Message:{"Ret":"ActGamePeriod","Data":{"Fsm":"Loading","Gid":"3002-1614807353348067328","RemainSec":3}}
2023/01/16 10:11:09 [INFO] Receive Message:{"Ret":"ActSceneNotify","Data":{"scene":1,"stage":3}}
2023/01/16 10:11:09 [INFO] Receive Message:{"Ret":"ActTableStatus","Data":{"tablePlayerInfo":[{"seatId":0,"iconId":5,"name":"****t29","gold":107905},{"seatId":3,"iconId":0,"name":"****mon","gold":1999987.55}]}}
2023/01/16 10:11:12 [INFO] Receive Message:{"Ret":"ActGamePeriod","Data":{"Fsm":"BossStage","Gid":"3002-1614807451956154368","RemainSec":10}}
2023/01/16 10:11:28 [INFO] Receive Message:{"Ret":"ActGamePeriod","Data":{"Fsm":"Loading","Gid":"3002-1614807451956154368","RemainSec":3}}
2023/01/16 10:11:28 [INFO] Receive Message:{"Ret":"ActSceneNotify","Data":{"scene":2,"stage":1}}
2023/01/16 10:11:28 [INFO] Receive Message:{"Ret":"ActTableStatus","Data":{"tablePlayerInfo":[{"seatId":0,"iconId":5,"name":"****t29","gold":107905},{"seatId":3,"iconId":0,"name":"****mon","gold":1999987.55}]}}
2023/01/16 10:11:31 [INFO] Receive Message:{"Ret":"ActGamePeriod","Data":{"Fsm":"Wu","Gid":"3002-1614807528716111872","RemainSec":10}}
2023/01/16 10:11:46 [INFO] Receive Message:{"Ret":"ActGamePeriod","Data":{"Fsm":"Loading","Gid":"3002-1614807528716111872","RemainSec":3}}
2023/01/16 10:11:46 [INFO] Receive Message:{"Ret":"ActSceneNotify","Data":{"scene":2,"stage":2}}
2023/01/16 10:11:46 [INFO] Receive Message:{"Ret":"ActTableStatus","Data":{"tablePlayerInfo":[{"seatId":0,"iconId":5,"name":"****t29","gold":107905},{"seatId":3,"iconId":0,"name":"****mon","gold":1999987.55}]}}
2023/01/16 10:11:49 [INFO] Receive Message:{"Ret":"ActGamePeriod","Data":{"Fsm":"SpStage","Gid":"3002-1614807605429932032","RemainSec":10}}
2023/01/16 10:12:04 [INFO] Receive Message:{"Ret":"ActGamePeriod","Data":{"Fsm":"Loading","Gid":"3002-1614807605429932032","RemainSec":3}}
2023/01/16 10:12:04 [INFO] Receive Message:{"Ret":"ActSceneNotify","Data":{"scene":2,"stage":3}}
2023/01/16 10:12:04 [INFO] Receive Message:{"Ret":"ActTableStatus","Data":{"tablePlayerInfo":[{"seatId":0,"iconId":5,"name":"****t29","gold":107905},{"seatId":3,"iconId":0,"name":"****mon","gold":1999987.55}]}}
2023/01/16 10:12:07 [INFO] Receive Message:{"Ret":"ActGamePeriod","Data":{"Fsm":"BossStage","Gid":"3002-1614807679673307136","RemainSec":10}}
2023/01/16 10:12:27 [INFO] Receive Message:{"Ret":"ActGamePeriod","Data":{"Fsm":"Loading","Gid":"3002-1614807679673307136","RemainSec":3}}
2023/01/16 10:12:27 [INFO] Receive Message:{"Ret":"ActSceneNotify","Data":{"scene":3,"stage":1}}
2023/01/16 10:12:27 [INFO] Receive Message:{"Ret":"ActTableStatus","Data":{"tablePlayerInfo":[{"seatId":0,"iconId":5,"name":"****t29","gold":107905},{"seatId":3,"iconId":0,"name":"****mon","gold":1999987.55}]}}
2023/01/16 10:12:30 [INFO] Receive Message:{"Ret":"ActGamePeriod","Data":{"Fsm":"Wei","Gid":"3002-1614807776188436480","RemainSec":10}}
2023/01/16 10:12:44 [INFO] Receive Message:{"Ret":"ActGamePeriod","Data":{"Fsm":"Loading","Gid":"3002-1614807776188436480","RemainSec":3}}
2023/01/16 10:12:44 [INFO] Receive Message:{"Ret":"ActSceneNotify","Data":{"scene":3,"stage":2}}
2023/01/16 10:12:44 [INFO] Receive Message:{"Ret":"ActTableStatus","Data":{"tablePlayerInfo":[{"seatId":0,"iconId":5,"name":"****t29","gold":107905},{"seatId":3,"iconId":0,"name":"****mon","gold":1999987.55}]}}
2023/01/16 10:12:47 [INFO] Receive Message:{"Ret":"ActGamePeriod","Data":{"Fsm":"SpStage","Gid":"3002-1614807847474827264","RemainSec":10}}
2023/01/16 10:13:03 [INFO] Receive Message:{"Ret":"ActGamePeriod","Data":{"Fsm":"Loading","Gid":"3002-1614807847474827264","RemainSec":3}}
2023/01/16 10:13:03 [INFO] Receive Message:{"Ret":"ActSceneNotify","Data":{"scene":3,"stage":3}}
2023/01/16 10:13:03 [INFO] Receive Message:{"Ret":"ActTableStatus","Data":{"tablePlayerInfo":[{"seatId":0,"iconId":5,"name":"****t29","gold":107905},{"seatId":3,"iconId":0,"name":"****mon","gold":1999987.55}]}}
2023/01/16 10:13:05 [INFO] Receive Message:{"Ret":"ActGamePeriod","Data":{"Fsm":"BossStage","Gid":"3002-1614807926306770944","RemainSec":10}}
2023/01/16 10:13:21 [INFO] Receive Message:{"Ret":"ActGamePeriod","Data":{"Fsm":"Loading","Gid":"3002-1614807926306770944","RemainSec":3}}
2023/01/16 10:13:21 [INFO] Receive Message:{"Ret":"ActSceneNotify","Data":{"scene":1,"stage":1}}
2023/01/16 10:13:21 [INFO] Receive Message:{"Ret":"ActTableStatus","Data":{"tablePlayerInfo":[{"seatId":0,"iconId":5,"name":"****t29","gold":107905},{"seatId":3,"iconId":0,"name":"****mon","gold":1999987.55}]}}
2023/01/16 10:13:24 [INFO] Receive Message:{"Ret":"ActGamePeriod","Data":{"Fsm":"Shu","Gid":"3002-1614808004362768384","RemainSec":10}}
2023/01/16 10:13:39 [INFO] Receive Message:{"Ret":"ActGamePeriod","Data":{"Fsm":"Loading","Gid":"3002-1614808004362768384","RemainSec":3}}
2023/01/16 10:13:39 [INFO] Receive Message:{"Ret":"ActSceneNotify","Data":{"scene":1,"stage":2}}
2023/01/16 10:13:39 [INFO] Receive Message:{"Ret":"ActTableStatus","Data":{"tablePlayerInfo":[{"seatId":0,"iconId":5,"name":"****t29","gold":107905},{"seatId":3,"iconId":0,"name":"****mon","gold":1999987.55}]}}
2023/01/16 10:13:42 [INFO] Receive Message:{"Ret":"ActGamePeriod","Data":{"Fsm":"SpStage","Gid":"3002-1614808079440809984","RemainSec":10}}
2023/01/16 10:13:46 [ERROR] read tcp [::1]:54323->[::1]:10001: wsarecv: An existing connection was forcibly closed by the remote host.
2023/01/16 10:37:33 [ERROR] 未選擇環境
2023/01/16 10:37:35 [INFO] Connect Success
2023/01/16 10:37:41 [ERROR] read tcp [::1]:54854->[::1]:10001: use of closed network connection
2023/01/16 10:37:41 [INFO] 連線中斷
2023/01/16 10:37:41 [INFO] Connect Success
2023/01/16 10:37:49 [INFO] Receive Message:{"Code":0,"Ret":"Login","Message":"success","Data":{"Gold":1999987.55,"IconID":0,"Name":"Test_simon","UserId":83513177,"MatchGameCode":"","MatchGameTableId":0,"Version":"1.0.0","Marquee":null}}
2023/01/16 10:37:52 [INFO] Receive Message:{"Code":0,"Ret":"IntoGame","Message":"success","Data":{"Gid":"","BetLimit":[[0.1,1]],"Chips":[0.1,0.2,0.3,0.4,0.5,0.6,0.7,0.8,0.9,1],"RemainSec":0,"PlayerInfo":[{"seatId":3,"iconId":0,"name":"Test_simon","gold":1999987.55}],"Fsm":"Init"}}
2023/01/16 10:37:53 [INFO] Receive Message:{"Ret":"ActGamePeriod","Data":{"Fsm":"Loading","Gid":"","RemainSec":3}}
2023/01/16 10:37:53 [INFO] Receive Message:{"Ret":"ActSceneNotify","Data":{"scene":1,"stage":1}}
2023/01/16 10:37:53 [INFO] Receive Message:{"Ret":"ActTableStatus","Data":{"tablePlayerInfo":[{"seatId":1,"iconId":4,"name":"****t22","gold":198035},{"seatId":3,"iconId":0,"name":"****mon","gold":1999987.55}]}}
2023/01/16 10:37:56 [INFO] Receive Message:{"Ret":"ActGamePeriod","Data":{"Fsm":"Shu","Gid":"3002-1614814177447120896","RemainSec":10}}
2023/01/16 10:38:07 [INFO] Receive Message:{"Code":200021,"Ret":"SkillShoot","Message":"Wrong skill ID"}
2023/01/16 10:38:14 [INFO] Receive Message:{"Ret":"ActGamePeriod","Data":{"Fsm":"Loading","Gid":"3002-1614814177447120896","RemainSec":3}}
2023/01/16 10:38:14 [INFO] Receive Message:{"Ret":"ActSceneNotify","Data":{"scene":1,"stage":2}}
2023/01/16 10:38:14 [INFO] Receive Message:{"Ret":"ActTableStatus","Data":{"tablePlayerInfo":[{"seatId":1,"iconId":4,"name":"****t22","gold":198035},{"seatId":3,"iconId":0,"name":"****mon","gold":1999987.55}]}}
2023/01/16 10:38:17 [INFO] Receive Message:{"Ret":"ActGamePeriod","Data":{"Fsm":"SpStage","Gid":"3002-1614814267607879680","RemainSec":10}}
2023/01/16 10:38:27 [INFO] Receive Message:{"Ret":"ActGamePeriod","Data":{"Fsm":"Loading","Gid":"3002-1614814267607879680","RemainSec":3}}
2023/01/16 10:38:27 [INFO] Receive Message:{"Ret":"ActSceneNotify","Data":{"scene":1,"stage":3}}
2023/01/16 10:38:27 [INFO] Receive Message:{"Ret":"ActTableStatus","Data":{"tablePlayerInfo":[{"seatId":1,"iconId":4,"name":"****t22","gold":198035},{"seatId":3,"iconId":0,"name":"****mon","gold":1999987.55}]}}
2023/01/16 10:38:30 [INFO] Receive Message:{"Ret":"ActGamePeriod","Data":{"Fsm":"BossStage","Gid":"3002-1614814322163191808","RemainSec":10}}
2023/01/16 10:38:40 [INFO] Receive Message:{"Ret":"ActGamePeriod","Data":{"Fsm":"Loading","Gid":"3002-1614814322163191808","RemainSec":3}}
2023/01/16 10:38:40 [INFO] Receive Message:{"Ret":"ActSceneNotify","Data":{"scene":2,"stage":1}}
2023/01/16 10:38:40 [INFO] Receive Message:{"Ret":"ActTableStatus","Data":{"tablePlayerInfo":[{"seatId":1,"iconId":4,"name":"****t22","gold":198035},{"seatId":3,"iconId":0,"name":"****mon","gold":1999987.55}]}}
2023/01/16 10:38:43 [INFO] Receive Message:{"Ret":"ActGamePeriod","Data":{"Fsm":"Wu","Gid":"3002-1614814376701726720","RemainSec":10}}
2023/01/16 10:38:53 [INFO] Receive Message:{"Ret":"ActGamePeriod","Data":{"Fsm":"Loading","Gid":"3002-1614814376701726720","RemainSec":3}}
2023/01/16 10:38:53 [INFO] Receive Message:{"Ret":"ActSceneNotify","Data":{"scene":2,"stage":2}}
2023/01/16 10:38:53 [INFO] Receive Message:{"Ret":"ActTableStatus","Data":{"tablePlayerInfo":[{"seatId":1,"iconId":4,"name":"****t22","gold":198035},{"seatId":3,"iconId":0,"name":"****mon","gold":1999987.55}]}}
2023/01/16 10:38:56 [INFO] Receive Message:{"Ret":"ActGamePeriod","Data":{"Fsm":"SpStage","Gid":"3002-1614814431236067328","RemainSec":10}}
2023/01/16 10:39:01 [ERROR] read tcp [::1]:54857->[::1]:10001: wsarecv: An existing connection was forcibly closed by the remote host.
