2023/05/05 11:29:50 [INFO] Connect Success
2023/05/05 11:29:59 [INFO] Receive Message:{"Code":0,"Ret":"Login","Message":"success","Data":{"Gold":9999969.65,"IconID":0,"Name":"Test_simon","UserId":82941254,"MatchGameCode":"","MatchGameTableId":0,"Version":"1.0.0","Marquee":null,"is_relogin":false}}
2023/05/05 11:30:05 [INFO] Receive Message:{"Code":0,"Ret":"JoinGame","Message":"success","Data":{"Gid":"","raiseArray":[4,6,8,10,12,14],"RemainSec":1,"BetInfo":{},"TableCards":{},"PlayerInfo":[{"seatId":4,"iconId":0,"name":"Test_simon","gold":9999969.65,"IsActive":false}],"Fsm":"Init","result":null,"own":4}}
2023/05/05 11:30:06 [INFO] Receive Message:{"Ret":"ActGamePeriod","Data":{"Fsm":"Match","Gid":"2006-1654327583375888384","RemainSec":3}}
2023/05/05 11:30:34 [ERROR] read tcp [::1]:56801->[::1]:10001: wsarecv: An existing connection was forcibly closed by the remote host.
2023/05/05 13:33:17 [INFO] 連線中斷
2023/05/05 13:33:17 [INFO] Connect Success
2023/05/05 13:33:20 [INFO] Receive Message:{"Code":0,"Ret":"Login","Message":"success","Data":{"Gold":9999969.65,"IconID":0,"Name":"Test_simon","UserId":82941254,"MatchGameCode":"","MatchGameTableId":0,"Version":"1.0.0","Marquee":null,"is_relogin":false}}
2023/05/05 13:33:25 [INFO] Receive Message:{"Code":0,"Ret":"JoinGame","Message":"success","Data":{"Gid":"","raiseArray":[4,6,8,10,12,14],"RemainSec":1,"BetInfo":{},"TableCards":{},"PlayerInfo":[{"seatId":4,"iconId":0,"name":"Test_simon","gold":9999969.65,"IsActive":false}],"Fsm":"Init","result":null,"own":4}}
2023/05/05 13:33:26 [INFO] Receive Message:{"Ret":"ActGamePeriod","Data":{"Fsm":"Match","Gid":"2006-1654358623196811264","RemainSec":3}}
2023/05/05 13:33:37 [INFO] Receive Message:{"Ret":"ActTableStatus","Data":{"tablePlayerInfo":[{"seatId":0,"iconId":101,"name":"****e26","gold":197596,"isSitDown":true},{"seatId":1,"iconId":3,"name":"****a84","gold":119250,"isSitDown":true},{"seatId":4,"iconId":0,"name":"****mon","gold":9999969.65,"isSitDown":true}]}}
2023/05/05 13:33:37 [INFO] Receive Message:{"Ret":"ActRaiseArray","Data":{"raiseArray":[4,6,8,10,12,14]}}
2023/05/05 13:33:37 [INFO] Receive Message:{"Ret":"ActGold","Data":{"Gold":9999968.65}}
2023/05/05 13:33:37 [INFO] Receive Message:{"Ret":"ActAnteBet","Data":{"antebet":[{"seatId":0,"bet":1},{"seatId":1,"bet":1},{"seatId":4,"bet":1}]}}
2023/05/05 13:33:37 [INFO] Receive Message:{"Ret":"ActGamePeriod","Data":{"Fsm":"Bet","Gid":"2006-1654358623196811264","RemainSec":1}}
2023/05/05 13:33:38 [INFO] Receive Message:{"Ret":"ActGamePeriod","Data":{"Fsm":"Deal","Gid":"2006-1654358623196811264","RemainSec":1}}
2023/05/05 13:33:38 [INFO] Receive Message:{"Ret":"ActDealCard","Data":{"seatid":4,"cards":[-1,-1,-1]}}
2023/05/05 13:33:39 [INFO] Receive Message:{"Ret":"ActGamePeriod","Data":{"Fsm":"Play","Gid":"2006-1654358623196811264","RemainSec":15}}
2023/05/05 13:33:39 [INFO] Receive Message:{"Ret":"ActTokenPlayerSeat","Data":{"SeatId":0}}
2023/05/05 13:33:42 [INFO] Receive Message:{"Ret":"ActAction","Data":{"seatId":0,"actiontype":"call","data":{"IsLookAt":true,"gold":4}}}
2023/05/05 13:33:42 [INFO] Receive Message:{"Ret":"ActGamePeriod","Data":{"Fsm":"Play","Gid":"2006-1654358623196811264","RemainSec":15}}
2023/05/05 13:33:42 [INFO] Receive Message:{"Ret":"ActTokenPlayerSeat","Data":{"SeatId":1}}
2023/05/05 13:33:43 [INFO] Receive Message:{"Ret":"ActAction","Data":{"seatId":1,"actiontype":"fold","data":null}}
2023/05/05 13:33:43 [INFO] Receive Message:{"Ret":"ActGamePeriod","Data":{"Fsm":"Play","Gid":"2006-1654358623196811264","RemainSec":15}}
2023/05/05 13:33:43 [INFO] Receive Message:{"Ret":"ActTokenPlayerSeat","Data":{"SeatId":4}}
2023/05/05 13:33:58 [INFO] Receive Message:{"Ret":"ActGold","Data":{"Gold":9999966.65}}
2023/05/05 13:33:58 [INFO] Receive Message:{"Ret":"ActAction","Data":{"seatId":4,"actiontype":"call","data":{"IsLookAt":false,"gold":2}}}
2023/05/05 13:33:58 [INFO] Receive Message:{"Ret":"ActGamePeriod","Data":{"Fsm":"Play","Gid":"2006-1654358623196811264","RemainSec":15}}
2023/05/05 13:33:58 [INFO] Receive Message:{"Ret":"ActTokenPlayerSeat","Data":{"SeatId":0}}
2023/05/05 13:34:00 [INFO] Receive Message:{"Ret":"ActAction","Data":{"seatId":0,"actiontype":"call","data":{"IsLookAt":true,"gold":4}}}
2023/05/05 13:34:00 [INFO] Receive Message:{"Ret":"ActGamePeriod","Data":{"Fsm":"Play","Gid":"2006-1654358623196811264","RemainSec":15}}
2023/05/05 13:34:00 [INFO] Receive Message:{"Ret":"ActTokenPlayerSeat","Data":{"SeatId":4}}
2023/05/05 13:34:15 [INFO] Receive Message:{"Ret":"ActGold","Data":{"Gold":9999964.65}}
2023/05/05 13:34:15 [INFO] Receive Message:{"Ret":"ActAction","Data":{"seatId":4,"actiontype":"call","data":{"IsLookAt":false,"gold":2}}}
2023/05/05 13:34:15 [INFO] Receive Message:{"Ret":"ActGamePeriod","Data":{"Fsm":"Play","Gid":"2006-1654358623196811264","RemainSec":15}}
2023/05/05 13:34:15 [INFO] Receive Message:{"Ret":"ActTokenPlayerSeat","Data":{"SeatId":0}}
2023/05/05 13:35:12 [INFO] Receive Message:{"Ret":"ActAction","Data":{"seatId":0,"actiontype":"fold","data":null}}
2023/05/05 13:35:12 [INFO] Receive Message:{"Ret":"ActGamePeriod","Data":{"Fsm":"Play","Gid":"2006-1654358623196811264","RemainSec":15}}
2023/05/05 13:35:12 [INFO] Receive Message:{"Ret":"ActTokenPlayerSeat","Data":{"SeatId":4}}
2023/05/05 13:35:12 [INFO] Receive Message:{"Ret":"ActGamePeriod","Data":{"Fsm":"Result","Gid":"2006-1654358623196811264","RemainSec":4}}
2023/05/05 13:35:12 [INFO] Receive Message:{"Ret":"ActGold","Data":{"Gold":9999974.15}}
2023/05/05 13:35:12 [INFO] Receive Message:{"Ret":"SettleInfo","Data":[{"seatId":0,"bet":9,"win":0,"Gold":197587,"refund":0},{"seatId":1,"bet":1,"win":0,"Gold":119249,"refund":0},{"seatId":4,"bet":5,"win":9.5,"Gold":9999974.15,"refund":0}]}
2023/05/05 13:35:53 [ERROR] read tcp [::1]:62182->[::1]:10001: wsarecv: An existing connection was forcibly closed by the remote host.
2023/05/05 13:36:27 [INFO] 連線中斷
2023/05/05 13:36:27 [INFO] Connect Success
2023/05/05 13:36:30 [INFO] Receive Message:{"Code":0,"Ret":"Login","Message":"success","Data":{"Gold":9999974.15,"IconID":0,"Name":"Test_simon","UserId":82941254,"MatchGameCode":"","MatchGameTableId":0,"Version":"1.0.0","Marquee":null,"is_relogin":false}}
2023/05/05 13:36:35 [INFO] Receive Message:{"Code":0,"Ret":"JoinGame","Message":"success","Data":{"Gid":"","raiseArray":[4,6,8,10,12,14],"RemainSec":1,"BetInfo":{},"TableCards":{},"PlayerInfo":[{"seatId":4,"iconId":0,"name":"Test_simon","gold":9999974.15,"IsActive":false}],"Fsm":"Init","result":null,"own":4}}
2023/05/05 13:36:36 [INFO] Receive Message:{"Ret":"ActGamePeriod","Data":{"Fsm":"Match","Gid":"2006-1654359416952066048","RemainSec":3}}
2023/05/05 13:36:39 [INFO] Receive Message:{"Ret":"ActTableStatus","Data":{"tablePlayerInfo":[{"seatId":2,"iconId":4,"name":"****w05","gold":180721,"isSitDown":true},{"seatId":3,"iconId":6,"name":"****a59","gold":159107,"isSitDown":true},{"seatId":4,"iconId":0,"name":"****mon","gold":9999974.15,"isSitDown":true}]}}
2023/05/05 13:36:39 [INFO] Receive Message:{"Ret":"ActRaiseArray","Data":{"raiseArray":[4,6,8,10,12,14]}}
2023/05/05 13:36:39 [INFO] Receive Message:{"Ret":"ActGold","Data":{"Gold":9999973.15}}
2023/05/05 13:36:39 [INFO] Receive Message:{"Ret":"ActAnteBet","Data":{"antebet":[{"seatId":2,"bet":1},{"seatId":3,"bet":1},{"seatId":4,"bet":1}]}}
2023/05/05 13:36:39 [INFO] Receive Message:{"Ret":"ActGamePeriod","Data":{"Fsm":"Bet","Gid":"2006-1654359416952066048","RemainSec":1}}
2023/05/05 13:36:40 [INFO] Receive Message:{"Ret":"ActGamePeriod","Data":{"Fsm":"Deal","Gid":"2006-1654359416952066048","RemainSec":1}}
2023/05/05 13:36:40 [INFO] Receive Message:{"Ret":"ActDealCard","Data":{"seatid":4,"cards":[-1,-1,-1]}}
2023/05/05 13:36:41 [INFO] Receive Message:{"Ret":"ActGamePeriod","Data":{"Fsm":"Play","Gid":"2006-1654359416952066048","RemainSec":15}}
2023/05/05 13:36:41 [INFO] Receive Message:{"Ret":"ActTokenPlayerSeat","Data":{"SeatId":3}}
2023/05/05 13:36:43 [INFO] Receive Message:{"Ret":"ActAction","Data":{"seatId":3,"actiontype":"call","data":{"IsLookAt":true,"gold":4}}}
2023/05/05 13:36:43 [INFO] Receive Message:{"Ret":"ActGamePeriod","Data":{"Fsm":"Play","Gid":"2006-1654359416952066048","RemainSec":15}}
2023/05/05 13:36:43 [INFO] Receive Message:{"Ret":"ActTokenPlayerSeat","Data":{"SeatId":4}}
2023/05/05 13:36:58 [INFO] Receive Message:{"Ret":"ActGold","Data":{"Gold":9999971.15}}
2023/05/05 13:36:58 [INFO] Receive Message:{"Ret":"ActAction","Data":{"seatId":4,"actiontype":"call","data":{"IsLookAt":false,"gold":2}}}
2023/05/05 13:36:58 [INFO] Receive Message:{"Ret":"ActGamePeriod","Data":{"Fsm":"Play","Gid":"2006-1654359416952066048","RemainSec":15}}
2023/05/05 13:36:58 [INFO] Receive Message:{"Ret":"ActTokenPlayerSeat","Data":{"SeatId":2}}
2023/05/05 13:37:01 [INFO] Receive Message:{"Ret":"ActAction","Data":{"seatId":2,"actiontype":"call","data":{"IsLookAt":true,"gold":4}}}
2023/05/05 13:37:01 [INFO] Receive Message:{"Ret":"ActGamePeriod","Data":{"Fsm":"Play","Gid":"2006-1654359416952066048","RemainSec":15}}
2023/05/05 13:37:01 [INFO] Receive Message:{"Ret":"ActTokenPlayerSeat","Data":{"SeatId":3}}
2023/05/05 13:37:03 [INFO] Receive Message:{"Ret":"ActAction","Data":{"seatId":3,"actiontype":"fold","data":null}}
2023/05/05 13:37:03 [INFO] Receive Message:{"Ret":"ActGamePeriod","Data":{"Fsm":"Play","Gid":"2006-1654359416952066048","RemainSec":15}}
2023/05/05 13:37:03 [INFO] Receive Message:{"Ret":"ActTokenPlayerSeat","Data":{"SeatId":4}}
2023/05/05 13:37:18 [INFO] Receive Message:{"Ret":"ActGold","Data":{"Gold":9999969.15}}
2023/05/05 13:37:18 [INFO] Receive Message:{"Ret":"ActAction","Data":{"seatId":4,"actiontype":"call","data":{"IsLookAt":false,"gold":2}}}
2023/05/05 13:37:18 [INFO] Receive Message:{"Ret":"ActGamePeriod","Data":{"Fsm":"Play","Gid":"2006-1654359416952066048","RemainSec":15}}
2023/05/05 13:37:18 [INFO] Receive Message:{"Ret":"ActTokenPlayerSeat","Data":{"SeatId":2}}
2023/05/05 13:38:16 [ERROR] read tcp [::1]:63289->[::1]:10001: wsarecv: An existing connection was forcibly closed by the remote host.
2023/05/05 13:39:09 [INFO] 連線中斷
2023/05/05 13:39:09 [INFO] Connect Success
2023/05/05 13:39:12 [INFO] Receive Message:{"Code":0,"Ret":"Login","Message":"success","Data":{"Gold":9999978.65,"IconID":0,"Name":"Test_simon","UserId":82941254,"MatchGameCode":"goldenflower","MatchGameTableId":20060,"Version":"1.0.0","Marquee":null,"is_relogin":false}}
2023/05/05 13:39:16 [INFO] Receive Message:{"Code":0,"Ret":"JoinGame","Message":"success","Data":{"Gid":"","raiseArray":[4,6,8,10,12,14],"RemainSec":1,"BetInfo":{},"TableCards":{},"PlayerInfo":[{"seatId":0,"iconId":0,"name":"Test_simon","gold":9999978.65,"IsActive":false}],"Fsm":"Init","result":null,"own":0}}
2023/05/05 13:39:17 [INFO] Receive Message:{"Ret":"ActGamePeriod","Data":{"Fsm":"Match","Gid":"2006-1654360095691116544","RemainSec":3}}
2023/05/05 13:39:52 [INFO] Receive Message:{"Ret":"ActTableStatus","Data":{"tablePlayerInfo":[{"seatId":0,"iconId":0,"name":"****mon","gold":19999957.3,"isSitDown":true},{"seatId":2,"iconId":3,"name":"****y64","gold":191772,"isSitDown":true},{"seatId":3,"iconId":0,"name":"****a81","gold":153847,"isSitDown":true}]}}
2023/05/05 13:39:52 [INFO] Receive Message:{"Ret":"ActRaiseArray","Data":{"raiseArray":[4,6,8,10,12,14]}}
2023/05/05 13:39:52 [INFO] Receive Message:{"Ret":"ActGold","Data":{"Gold":19999956.3}}
2023/05/05 13:39:52 [INFO] Receive Message:{"Ret":"ActAnteBet","Data":{"antebet":[{"seatId":0,"bet":1},{"seatId":2,"bet":1},{"seatId":3,"bet":1}]}}
2023/05/05 13:39:52 [INFO] Receive Message:{"Ret":"ActGamePeriod","Data":{"Fsm":"Bet","Gid":"2006-1654360095691116544","RemainSec":1}}
2023/05/05 13:39:53 [INFO] Receive Message:{"Ret":"ActGamePeriod","Data":{"Fsm":"Deal","Gid":"2006-1654360095691116544","RemainSec":1}}
2023/05/05 13:39:53 [INFO] Receive Message:{"Ret":"ActDealCard","Data":{"seatid":0,"cards":[-1,-1,-1]}}
2023/05/05 13:39:54 [INFO] Receive Message:{"Ret":"ActGamePeriod","Data":{"Fsm":"Play","Gid":"2006-1654360095691116544","RemainSec":15}}
2023/05/05 13:39:54 [INFO] Receive Message:{"Ret":"ActTokenPlayerSeat","Data":{"SeatId":0}}
2023/05/05 13:40:09 [INFO] Receive Message:{"Ret":"ActGold","Data":{"Gold":19999954.3}}
2023/05/05 13:40:09 [INFO] Receive Message:{"Ret":"ActAction","Data":{"seatId":0,"actiontype":"call","data":{"IsLookAt":false,"gold":2}}}
2023/05/05 13:40:09 [INFO] Receive Message:{"Ret":"ActGamePeriod","Data":{"Fsm":"Play","Gid":"2006-1654360095691116544","RemainSec":15}}
2023/05/05 13:40:09 [INFO] Receive Message:{"Ret":"ActTokenPlayerSeat","Data":{"SeatId":2}}
2023/05/05 13:40:12 [INFO] Receive Message:{"Ret":"ActAction","Data":{"seatId":2,"actiontype":"fold","data":null}}
2023/05/05 13:40:12 [INFO] Receive Message:{"Ret":"ActGamePeriod","Data":{"Fsm":"Play","Gid":"2006-1654360095691116544","RemainSec":15}}
2023/05/05 13:40:12 [INFO] Receive Message:{"Ret":"ActTokenPlayerSeat","Data":{"SeatId":3}}
2023/05/05 13:41:19 [INFO] Receive Message:{"Ret":"ActAction","Data":{"seatId":3,"actiontype":"fold","data":null}}
2023/05/05 13:41:19 [INFO] Receive Message:{"Ret":"ActGamePeriod","Data":{"Fsm":"Play","Gid":"2006-1654360095691116544","RemainSec":15}}
2023/05/05 13:41:19 [INFO] Receive Message:{"Ret":"ActTokenPlayerSeat","Data":{"SeatId":0}}
2023/05/05 13:41:19 [INFO] Receive Message:{"Ret":"ActGamePeriod","Data":{"Fsm":"Result","Gid":"2006-1654360095691116544","RemainSec":4}}
2023/05/05 13:41:19 [INFO] Receive Message:{"Ret":"ActGold","Data":{"Gold":19999956.2}}
2023/05/05 13:41:19 [INFO] Receive Message:{"Ret":"SettleInfo","Data":[{"seatId":0,"bet":3,"win":1.9,"Gold":19999956.2,"refund":0},{"seatId":2,"bet":1,"win":0,"Gold":191771,"refund":0},{"seatId":3,"bet":1,"win":0,"Gold":153846,"refund":0}]}
2023/05/05 13:41:19 [INFO] Receive Message:{"Ret":"ActGold","Data":{"Gold":9999977.55}}
2023/05/05 14:07:14 [ERROR] read tcp [::1]:63578->[::1]:10001: wsarecv: An existing connection was forcibly closed by the remote host.
2023/05/05 14:07:28 [INFO] 連線中斷
2023/05/05 14:07:29 [INFO] Connect Success
2023/05/05 14:07:31 [INFO] Receive Message:{"Code":0,"Ret":"Login","Message":"success","Data":{"Gold":9999977.55,"IconID":0,"Name":"Test_simon","UserId":82941254,"MatchGameCode":"","MatchGameTableId":0,"Version":"1.0.0","Marquee":null,"is_relogin":false}}
2023/05/05 14:07:35 [INFO] Receive Message:{"Code":0,"Ret":"JoinGame","Message":"success","Data":{"Gid":"","raiseArray":[4,6,8,10,12,14],"RemainSec":1,"BetInfo":{},"TableCards":{},"PlayerInfo":[{"seatId":2,"iconId":0,"name":"Test_simon","gold":9999977.55,"IsActive":false}],"Fsm":"Init","result":null,"own":2}}
2023/05/05 14:07:36 [INFO] Receive Message:{"Ret":"ActGamePeriod","Data":{"Fsm":"Match","Gid":"2006-1654367218739187712","RemainSec":3}}
2023/05/05 14:07:45 [INFO] Receive Message:{"Ret":"ActTableStatus","Data":{"tablePlayerInfo":[{"seatId":1,"iconId":6,"name":"****t27","gold":145076,"isSitDown":true},{"seatId":2,"iconId":0,"name":"****mon","gold":9999977.55,"isSitDown":true},{"seatId":3,"iconId":105,"name":"****a38","gold":160141,"isSitDown":true}]}}
2023/05/05 14:07:45 [INFO] Receive Message:{"Ret":"ActRaiseArray","Data":{"raiseArray":[4,6,8,10,12,14]}}
2023/05/05 14:07:45 [INFO] Receive Message:{"Ret":"ActGold","Data":{"Gold":9999976.55}}
2023/05/05 14:07:45 [INFO] Receive Message:{"Ret":"ActAnteBet","Data":{"antebet":[{"seatId":1,"bet":1},{"seatId":2,"bet":1},{"seatId":3,"bet":1}]}}
2023/05/05 14:07:45 [INFO] Receive Message:{"Ret":"ActGamePeriod","Data":{"Fsm":"Bet","Gid":"2006-1654367218739187712","RemainSec":1}}
2023/05/05 14:07:46 [INFO] Receive Message:{"Ret":"ActGamePeriod","Data":{"Fsm":"Deal","Gid":"2006-1654367218739187712","RemainSec":1}}
2023/05/05 14:07:46 [INFO] Receive Message:{"Ret":"ActDealCard","Data":{"seatid":2,"cards":[-1,-1,-1]}}
2023/05/05 14:07:47 [INFO] Receive Message:{"Ret":"ActGamePeriod","Data":{"Fsm":"Play","Gid":"2006-1654367218739187712","RemainSec":15}}
2023/05/05 14:07:47 [INFO] Receive Message:{"Ret":"ActTokenPlayerSeat","Data":{"SeatId":1}}
2023/05/05 14:07:48 [INFO] Receive Message:{"Ret":"ActAction","Data":{"seatId":1,"actiontype":"call","data":{"IsLookAt":true,"gold":4}}}
2023/05/05 14:07:48 [INFO] Receive Message:{"Ret":"ActGamePeriod","Data":{"Fsm":"Play","Gid":"2006-1654367218739187712","RemainSec":15}}
2023/05/05 14:07:48 [INFO] Receive Message:{"Ret":"ActTokenPlayerSeat","Data":{"SeatId":2}}
2023/05/05 14:08:03 [INFO] Receive Message:{"Ret":"ActGold","Data":{"Gold":9999974.55}}
2023/05/05 14:08:03 [INFO] Receive Message:{"Ret":"ActAction","Data":{"seatId":2,"actiontype":"call","data":{"IsLookAt":false,"gold":2}}}
2023/05/05 14:08:03 [INFO] Receive Message:{"Ret":"ActGamePeriod","Data":{"Fsm":"Play","Gid":"2006-1654367218739187712","RemainSec":15}}
2023/05/05 14:08:03 [INFO] Receive Message:{"Ret":"ActTokenPlayerSeat","Data":{"SeatId":3}}
2023/05/05 14:08:06 [INFO] Receive Message:{"Ret":"ActAction","Data":{"seatId":3,"actiontype":"fold","data":null}}
2023/05/05 14:08:06 [INFO] Receive Message:{"Ret":"ActGamePeriod","Data":{"Fsm":"Play","Gid":"2006-1654367218739187712","RemainSec":15}}
2023/05/05 14:08:06 [INFO] Receive Message:{"Ret":"ActTokenPlayerSeat","Data":{"SeatId":1}}
2023/05/05 14:08:46 [INFO] Receive Message:{"Ret":"ActAction","Data":{"seatId":1,"actiontype":"fold","data":null}}
2023/05/05 14:08:46 [INFO] Receive Message:{"Ret":"ActGamePeriod","Data":{"Fsm":"Play","Gid":"2006-1654367218739187712","RemainSec":15}}
2023/05/05 14:08:46 [INFO] Receive Message:{"Ret":"ActTokenPlayerSeat","Data":{"SeatId":2}}
2023/05/05 14:08:46 [INFO] Receive Message:{"Ret":"ActGamePeriod","Data":{"Fsm":"Result","Gid":"2006-1654367218739187712","RemainSec":4}}
2023/05/05 14:08:46 [INFO] Receive Message:{"Ret":"ActGold","Data":{"Gold":9999980.25}}
2023/05/05 14:08:46 [INFO] Receive Message:{"Ret":"SettleInfo","Data":[{"seatId":1,"bet":5,"win":0,"Gold":145071,"refund":0},{"seatId":2,"bet":3,"win":5.7,"Gold":9999980.25,"refund":0},{"seatId":3,"bet":1,"win":0,"Gold":160140,"refund":0}]}
2023/05/05 14:34:53 [ERROR] read tcp [::1]:64743->[::1]:10001: wsarecv: An existing connection was forcibly closed by the remote host.
