2023/09/15 09:37:46 [INFO] Connect Success
2023/09/15 09:37:53 [INFO] Receive Message:{"Code":0,"Ret":"Login","Message":"success","Data":{"Gold":999996,"IconID":0,"Name":"Test_simon","UserId":88342761,"MatchGameCode":"","MatchGameTableId":0,"Version":"1.0.0","Marquee":null,"is_relogin":false}}
2023/09/15 09:37:57 [INFO] Receive Message:{"Ret":"DebugMatchType","Data":{"matchtype":0}}
2023/09/15 09:37:57 [INFO] Receive Message:{"Code":0,"Ret":"JoinGame","Message":"success","Data":{"Gid":"","raiseArray":[2,4,6,8,10,12,14],"RemainSec":1,"BetInfo":{},"TableCards":[-1,-1,-1],"PlayerInfo":[{"seatId":2,"iconId":0,"name":"****mon","gold":999996,"IsActive":false,"isFold":false,"isCompareLose":false,"isLookAtCards":false}],"Fsm":"Init","result":null,"own":2,"tokenSeat":0,"settleInfo":null,"round":0,"TableCardType":[],"betindex":0}}
2023/09/15 09:37:58 [INFO] Receive Message:{"Ret":"ActGamePeriod","Data":{"Fsm":"Match","Gid":"2006-1702496951347449856","RemainSec":3}}
2023/09/15 09:38:01 [INFO] Receive Message:{"Ret":"ActTableStatus","Data":{"tablePlayerInfo":[{"seatId":0,"iconId":102,"name":"****s95","gold":104803,"isSitDown":true},{"seatId":1,"iconId":1,"name":"****ery","gold":105817,"isSitDown":true},{"seatId":2,"iconId":0,"name":"****mon","gold":999996,"isSitDown":true}]}}
2023/09/15 09:38:01 [INFO] Receive Message:{"Ret":"ActRaiseArray","Data":{"raiseArray":[2,4,6,8,10,12,14]}}
2023/09/15 09:38:01 [INFO] Receive Message:{"Ret":"ActGold","Data":{"Gold":999995}}
2023/09/15 09:38:01 [INFO] Receive Message:{"Ret":"ActAnteBet","Data":{"antebet":[{"seatId":0,"bet":1,"balance":104802},{"seatId":1,"bet":1,"balance":105816},{"seatId":2,"bet":1,"balance":999995}]}}
2023/09/15 09:38:01 [INFO] Receive Message:{"Ret":"ActGamePeriod","Data":{"Fsm":"Bet","Gid":"2006-1702496951347449856","RemainSec":1}}
2023/09/15 09:38:02 [INFO] Receive Message:{"Ret":"ActGamePeriod","Data":{"Fsm":"Deal","Gid":"2006-1702496951347449856","RemainSec":1}}
2023/09/15 09:38:02 [INFO] Receive Message:{"Ret":"ActDealCard","Data":{"seatid":2,"cards":[-1,-1,-1],"cardtype":0}}
2023/09/15 09:38:03 [INFO] Receive Message:{"Ret":"ActGamePeriod","Data":{"Fsm":"Play","Gid":"2006-1702496951347449856","RemainSec":15,"Round":1}}
2023/09/15 09:38:03 [INFO] Receive Message:{"Ret":"ActTokenPlayerSeat","Data":{"SeatId":0}}
2023/09/15 09:38:06 [INFO] Receive Message:{"Ret":"ActAction","Data":{"seatId":0,"actiontype":"call","data":{"IsLookAt":true,"balance":104800,"gold":2}}}
2023/09/15 09:38:06 [INFO] Receive Message:{"Ret":"ActGamePeriod","Data":{"Fsm":"Play","Gid":"2006-1702496951347449856","RemainSec":15,"Round":1}}
2023/09/15 09:38:06 [INFO] Receive Message:{"Ret":"ActTokenPlayerSeat","Data":{"SeatId":1}}
2023/09/15 09:38:15 [INFO] Receive Message:{"Ret":"ActAction","Data":{"seatId":1,"actiontype":"fold","data":null}}
2023/09/15 09:38:15 [INFO] Receive Message:{"Ret":"ActGamePeriod","Data":{"Fsm":"Play","Gid":"2006-1702496951347449856","RemainSec":15,"Round":1}}
2023/09/15 09:38:15 [INFO] Receive Message:{"Ret":"ActTokenPlayerSeat","Data":{"SeatId":2}}
2023/09/15 09:38:21 [INFO] Receive Message:{"Code":0,"Ret":"PlayOperate","Message":"success"}
2023/09/15 09:38:31 [INFO] Receive Message:{"Ret":"ActAction","Data":{"seatId":2,"actiontype":"fold","data":null}}
2023/09/15 09:38:31 [INFO] Receive Message:{"Ret":"ActTokenPlayerSeat","Data":{"SeatId":0}}
2023/09/15 09:38:31 [INFO] Receive Message:{"Ret":"ActGamePeriod","Data":{"Fsm":"Result","Gid":"2006-1702496951347449856","RemainSec":8,"Round":2}}
2023/09/15 09:38:31 [INFO] Receive Message:{"Ret":"ActSettleData","Data":{"cards":{"0":[8,2,28],"1":[48,20,5],"2":[51,31,14]},"cardtype":{"0":5,"1":6,"2":6},"settleinfo":[{"seatId":0,"bet":3,"win":1.9,"Gold":104804.9,"refund":0,"isFold":false,"isCompareLose":false,"bonus":0},{"seatId":1,"bet":1,"win":0,"Gold":105816,"refund":0,"isFold":true,"isCompareLose":false,"bonus":0},{"seatId":2,"bet":1,"win":0,"Gold":999995,"refund":0,"isFold":true,"isCompareLose":false,"bonus":0}]}}
2023/09/15 10:12:57 [ERROR] read tcp [::1]:58890->[::1]:10001: wsarecv: An existing connection was forcibly closed by the remote host.
2023/09/15 14:02:14 [INFO] 連線中斷
2023/09/15 14:02:15 [INFO] Connect Success
2023/09/15 14:02:19 [INFO] Receive Message:{"Code":0,"Ret":"Login","Message":"success","Data":{"Gold":999995,"IconID":0,"Name":"Test_simon","UserId":88342761,"MatchGameCode":"","MatchGameTableId":0,"Version":"1.0.0","Marquee":null,"is_relogin":false}}
2023/09/15 14:02:22 [INFO] Receive Message:{"Ret":"DebugMatchType","Data":{"matchtype":0}}
2023/09/15 14:02:22 [INFO] Receive Message:{"Code":0,"Ret":"JoinGame","Message":"success","Data":{"Gid":"","raiseArray":[2,4,6,8,10,12,14],"RemainSec":1,"BetInfo":{},"TableCards":[-1,-1,-1],"PlayerInfo":[{"seatId":3,"iconId":0,"name":"****mon","gold":999995,"IsActive":false,"isFold":false,"isCompareLose":false,"isLookAtCards":false}],"Fsm":"Init","result":null,"own":3,"tokenSeat":0,"settleInfo":null,"round":0,"TableCardType":[],"betindex":0}}
2023/09/15 14:02:23 [INFO] Receive Message:{"Ret":"ActGamePeriod","Data":{"Fsm":"Match","Gid":"2006-1702563494576001024","RemainSec":3}}
2023/09/15 14:02:26 [INFO] Receive Message:{"Ret":"ActTableStatus","Data":{"tablePlayerInfo":[{"seatId":0,"iconId":5,"name":"****y94","gold":115529,"isSitDown":true},{"seatId":1,"iconId":7,"name":"****c92","gold":180219,"isSitDown":true},{"seatId":2,"iconId":4,"name":"****ham","gold":103343,"isSitDown":true},{"seatId":3,"iconId":0,"name":"****mon","gold":999995,"isSitDown":true}]}}
2023/09/15 14:02:26 [INFO] Receive Message:{"Ret":"ActRaiseArray","Data":{"raiseArray":[2,4,6,8,10,12,14]}}
2023/09/15 14:02:26 [INFO] Receive Message:{"Ret":"ActGold","Data":{"Gold":999994}}
2023/09/15 14:02:26 [INFO] Receive Message:{"Ret":"ActAnteBet","Data":{"antebet":[{"seatId":0,"bet":1,"balance":115528},{"seatId":1,"bet":1,"balance":180218},{"seatId":2,"bet":1,"balance":103342},{"seatId":3,"bet":1,"balance":999994}]}}
2023/09/15 14:02:26 [INFO] Receive Message:{"Ret":"ActGamePeriod","Data":{"Fsm":"Bet","Gid":"2006-1702563494576001024","RemainSec":1}}
2023/09/15 14:02:27 [INFO] Receive Message:{"Ret":"ActGamePeriod","Data":{"Fsm":"Deal","Gid":"2006-1702563494576001024","RemainSec":1}}
2023/09/15 14:02:27 [INFO] Receive Message:{"Ret":"ActDealCard","Data":{"seatid":3,"cards":[-1,-1,-1],"cardtype":0}}
2023/09/15 14:02:28 [INFO] Receive Message:{"Ret":"ActGamePeriod","Data":{"Fsm":"Play","Gid":"2006-1702563494576001024","RemainSec":15,"Round":1}}
2023/09/15 14:02:28 [INFO] Receive Message:{"Ret":"ActTokenPlayerSeat","Data":{"SeatId":2}}
2023/09/15 14:02:35 [INFO] Receive Message:{"Ret":"ActAction","Data":{"seatId":2,"actiontype":"call","data":{"IsLookAt":true,"balance":103340,"gold":2}}}
2023/09/15 14:02:35 [INFO] Receive Message:{"Ret":"ActGamePeriod","Data":{"Fsm":"Play","Gid":"2006-1702563494576001024","RemainSec":15,"Round":1}}
2023/09/15 14:02:35 [INFO] Receive Message:{"Ret":"ActTokenPlayerSeat","Data":{"SeatId":3}}
2023/09/15 14:02:39 [INFO] Receive Message:{"Code":0,"Ret":"PlayOperate","Message":"success"}
2023/09/15 14:02:39 [INFO] Receive Message:{"Ret":"ActAction","Data":{"seatId":3,"actiontype":"fold","data":null}}
2023/09/15 14:02:39 [INFO] Receive Message:{"Ret":"ActGamePeriod","Data":{"Fsm":"Play","Gid":"2006-1702563494576001024","RemainSec":15,"Round":1}}
2023/09/15 14:02:39 [INFO] Receive Message:{"Ret":"ActTokenPlayerSeat","Data":{"SeatId":0}}
2023/09/15 14:02:47 [INFO] Receive Message:{"Ret":"ActAction","Data":{"seatId":0,"actiontype":"call","data":{"IsLookAt":true,"balance":115526,"gold":2}}}
2023/09/15 14:02:47 [INFO] Receive Message:{"Ret":"ActGamePeriod","Data":{"Fsm":"Play","Gid":"2006-1702563494576001024","RemainSec":15,"Round":1}}
2023/09/15 14:02:47 [INFO] Receive Message:{"Ret":"ActTokenPlayerSeat","Data":{"SeatId":1}}
2023/09/15 14:02:49 [INFO] Receive Message:{"Ret":"ActAction","Data":{"seatId":1,"actiontype":"fold","data":null}}
2023/09/15 14:02:49 [INFO] Receive Message:{"Ret":"ActGamePeriod","Data":{"Fsm":"Play","Gid":"2006-1702563494576001024","RemainSec":15,"Round":2}}
2023/09/15 14:02:49 [INFO] Receive Message:{"Ret":"ActTokenPlayerSeat","Data":{"SeatId":2}}
2023/09/15 14:02:55 [INFO] Receive Message:{"Ret":"ActAction","Data":{"seatId":2,"actiontype":"call","data":{"IsLookAt":true,"balance":103338,"gold":2}}}
2023/09/15 14:02:55 [INFO] Receive Message:{"Ret":"ActGamePeriod","Data":{"Fsm":"Play","Gid":"2006-1702563494576001024","RemainSec":15,"Round":2}}
2023/09/15 14:02:55 [INFO] Receive Message:{"Ret":"ActTokenPlayerSeat","Data":{"SeatId":0}}
2023/09/15 14:03:02 [INFO] Receive Message:{"Ret":"ActAction","Data":{"seatId":0,"actiontype":"raise","data":{"IsLookAt":true,"balance":115522,"gold":4}}}
2023/09/15 14:03:02 [INFO] Receive Message:{"Ret":"ActGamePeriod","Data":{"Fsm":"Play","Gid":"2006-1702563494576001024","RemainSec":15,"Round":3}}
2023/09/15 14:03:02 [INFO] Receive Message:{"Ret":"ActTokenPlayerSeat","Data":{"SeatId":2}}
2023/09/15 14:03:08 [INFO] Receive Message:{"Ret":"ActAction","Data":{"seatId":2,"actiontype":"call","data":{"IsLookAt":true,"balance":103334,"gold":4}}}
2023/09/15 14:03:08 [INFO] Receive Message:{"Ret":"ActGamePeriod","Data":{"Fsm":"Play","Gid":"2006-1702563494576001024","RemainSec":15,"Round":3}}
2023/09/15 14:03:08 [INFO] Receive Message:{"Ret":"ActTokenPlayerSeat","Data":{"SeatId":0}}
2023/09/15 14:03:17 [INFO] Receive Message:{"Ret":"ActAction","Data":{"seatId":0,"actiontype":"raise","data":{"IsLookAt":true,"balance":115516,"gold":6}}}
2023/09/15 14:03:17 [INFO] Receive Message:{"Ret":"ActGamePeriod","Data":{"Fsm":"Play","Gid":"2006-1702563494576001024","RemainSec":15,"Round":4}}
2023/09/15 14:03:17 [INFO] Receive Message:{"Ret":"ActTokenPlayerSeat","Data":{"SeatId":2}}
2023/09/15 14:03:22 [INFO] Receive Message:{"Ret":"ActAction","Data":{"seatId":2,"actiontype":"call","data":{"IsLookAt":true,"balance":103328,"gold":6}}}
2023/09/15 14:03:22 [INFO] Receive Message:{"Ret":"ActGamePeriod","Data":{"Fsm":"Play","Gid":"2006-1702563494576001024","RemainSec":15,"Round":4}}
2023/09/15 14:03:22 [INFO] Receive Message:{"Ret":"ActTokenPlayerSeat","Data":{"SeatId":0}}
2023/09/15 14:03:30 [INFO] Receive Message:{"Ret":"ActAction","Data":{"seatId":0,"actiontype":"raise","data":{"IsLookAt":true,"balance":115508,"gold":8}}}
2023/09/15 14:03:30 [INFO] Receive Message:{"Ret":"ActGamePeriod","Data":{"Fsm":"Play","Gid":"2006-1702563494576001024","RemainSec":15,"Round":5}}
2023/09/15 14:03:30 [INFO] Receive Message:{"Ret":"ActTokenPlayerSeat","Data":{"SeatId":2}}
2023/09/15 14:03:36 [INFO] Receive Message:{"Ret":"ActAction","Data":{"seatId":2,"actiontype":"call","data":{"IsLookAt":true,"balance":103320,"gold":8}}}
2023/09/15 14:03:36 [INFO] Receive Message:{"Ret":"ActGamePeriod","Data":{"Fsm":"Play","Gid":"2006-1702563494576001024","RemainSec":15,"Round":5}}
2023/09/15 14:03:36 [INFO] Receive Message:{"Ret":"ActTokenPlayerSeat","Data":{"SeatId":0}}
2023/09/15 14:03:43 [INFO] Receive Message:{"Ret":"ActAction","Data":{"seatId":0,"actiontype":"raise","data":{"IsLookAt":true,"balance":115498,"gold":10}}}
2023/09/15 14:03:43 [INFO] Receive Message:{"Ret":"ActGamePeriod","Data":{"Fsm":"Play","Gid":"2006-1702563494576001024","RemainSec":15,"Round":6}}
2023/09/15 14:03:43 [INFO] Receive Message:{"Ret":"ActTokenPlayerSeat","Data":{"SeatId":2}}
2023/09/15 14:03:48 [INFO] Receive Message:{"Ret":"ActAction","Data":{"seatId":2,"actiontype":"call","data":{"IsLookAt":true,"balance":103310,"gold":10}}}
2023/09/15 14:03:48 [INFO] Receive Message:{"Ret":"ActGamePeriod","Data":{"Fsm":"Play","Gid":"2006-1702563494576001024","RemainSec":15,"Round":6}}
2023/09/15 14:03:48 [INFO] Receive Message:{"Ret":"ActTokenPlayerSeat","Data":{"SeatId":0}}
2023/09/15 14:03:55 [INFO] Receive Message:{"Ret":"ActAction","Data":{"seatId":0,"actiontype":"raise","data":{"IsLookAt":true,"balance":115486,"gold":12}}}
2023/09/15 14:03:55 [INFO] Receive Message:{"Ret":"ActGamePeriod","Data":{"Fsm":"Play","Gid":"2006-1702563494576001024","RemainSec":15,"Round":7}}
2023/09/15 14:03:55 [INFO] Receive Message:{"Ret":"ActTokenPlayerSeat","Data":{"SeatId":2}}
2023/09/15 14:04:02 [INFO] Receive Message:{"Ret":"ActAction","Data":{"seatId":2,"actiontype":"call","data":{"IsLookAt":true,"balance":103298,"gold":12}}}
2023/09/15 14:04:02 [INFO] Receive Message:{"Ret":"ActGamePeriod","Data":{"Fsm":"Play","Gid":"2006-1702563494576001024","RemainSec":15,"Round":7}}
2023/09/15 14:04:02 [INFO] Receive Message:{"Ret":"ActTokenPlayerSeat","Data":{"SeatId":0}}
2023/09/15 14:04:09 [INFO] Receive Message:{"Ret":"ActAction","Data":{"seatId":0,"actiontype":"raise","data":{"IsLookAt":true,"balance":115472,"gold":14}}}
2023/09/15 14:04:09 [INFO] Receive Message:{"Ret":"ActGamePeriod","Data":{"Fsm":"Play","Gid":"2006-1702563494576001024","RemainSec":15,"Round":8}}
2023/09/15 14:04:09 [INFO] Receive Message:{"Ret":"ActTokenPlayerSeat","Data":{"SeatId":2}}
2023/09/15 14:04:16 [INFO] Receive Message:{"Ret":"ActAction","Data":{"seatId":2,"actiontype":"call","data":{"IsLookAt":true,"balance":103284,"gold":14}}}
2023/09/15 14:04:16 [INFO] Receive Message:{"Ret":"ActGamePeriod","Data":{"Fsm":"Play","Gid":"2006-1702563494576001024","RemainSec":15,"Round":8}}
2023/09/15 14:04:16 [INFO] Receive Message:{"Ret":"ActTokenPlayerSeat","Data":{"SeatId":0}}
2023/09/15 14:04:26 [INFO] Receive Message:{"Ret":"ActAction","Data":{"seatId":0,"actiontype":"call","data":{"IsLookAt":true,"balance":115458,"gold":14}}}
2023/09/15 14:04:26 [INFO] Receive Message:{"Ret":"ActGamePeriod","Data":{"Fsm":"Play","Gid":"2006-1702563494576001024","RemainSec":15,"Round":9}}
2023/09/15 14:04:26 [INFO] Receive Message:{"Ret":"ActTokenPlayerSeat","Data":{"SeatId":2}}
2023/09/15 14:04:31 [INFO] Receive Message:{"Ret":"ActAction","Data":{"seatId":2,"actiontype":"compare","data":{"playseat":2,"compareseat":0,"comparebet":14,"iswin":false,"playcard":[11,6,19],"comparecard":[47,45,40],"playCardtype":5,"compareCardtype":3}}}
2023/09/15 14:05:26 [INFO] Receive Message:{"Ret":"ActGamePeriod","Data":{"Fsm":"Result","Gid":"2006-1702563494576001024","RemainSec":8,"Round":9}}
2023/09/15 14:05:26 [INFO] Receive Message:{"Ret":"ActSettleData","Data":{"cards":{"0":[47,45,40],"1":[22,30,27],"2":[11,6,19],"3":[39,33,29]},"cardtype":{"0":3,"1":6,"2":5,"3":6},"settleinfo":[{"seatId":0,"bet":71,"win":71.25,"Gold":115600.25,"refund":0,"isFold":false,"isCompareLose":false,"bonus":0},{"seatId":1,"bet":1,"win":0,"Gold":180218,"refund":0,"isFold":true,"isCompareLose":false,"bonus":0},{"seatId":2,"bet":73,"win":0,"Gold":103270,"refund":0,"isFold":false,"isCompareLose":true,"bonus":0},{"seatId":3,"bet":1,"win":0,"Gold":999994,"refund":0,"isFold":true,"isCompareLose":false,"bonus":0}]}}
2023/09/15 14:36:02 [ERROR] read tcp [::1]:57281->[::1]:10001: wsarecv: An existing connection was forcibly closed by the remote host.
2023/09/15 16:07:43 [INFO] 連線中斷
2023/09/15 16:07:43 [INFO] Connect Success
2023/09/15 16:07:45 [INFO] Receive Message:{"Code":0,"Ret":"Login","Message":"success","Data":{"Gold":999994,"IconID":0,"Name":"Test_simon","UserId":88342761,"MatchGameCode":"","MatchGameTableId":0,"Version":"1.0.0","Marquee":null,"is_relogin":false}}
2023/09/15 16:07:51 [INFO] Receive Message:{"Ret":"DebugMatchType","Data":{"matchtype":0}}
2023/09/15 16:07:51 [INFO] Receive Message:{"Code":0,"Ret":"JoinGame","Message":"success","Data":{"Gid":"","raiseArray":[2,4,6,8,10,12,14],"RemainSec":1,"BetInfo":{},"TableCards":[-1,-1,-1],"PlayerInfo":[{"seatId":3,"iconId":0,"name":"****mon","gold":999994,"IsActive":false,"isFold":false,"isCompareLose":false,"isLookAtCards":false}],"Fsm":"Init","result":null,"own":3,"tokenSeat":0,"settleInfo":null,"round":0,"TableCardType":[],"betindex":0}}
2023/09/15 16:07:52 [INFO] Receive Message:{"Ret":"ActGamePeriod","Data":{"Fsm":"Match","Gid":"2006-1702595072672927744","RemainSec":3}}
2023/09/15 16:07:55 [INFO] Receive Message:{"Ret":"ActTableStatus","Data":{"tablePlayerInfo":[{"seatId":2,"iconId":7,"name":"****ddy","gold":166096,"isSitDown":true},{"seatId":3,"iconId":0,"name":"****mon","gold":999994,"isSitDown":true},{"seatId":4,"iconId":1,"name":"****lie","gold":183070,"isSitDown":true}]}}
2023/09/15 16:07:55 [INFO] Receive Message:{"Ret":"ActRaiseArray","Data":{"raiseArray":[2,4,6,8,10,12,14]}}
2023/09/15 16:07:55 [INFO] Receive Message:{"Ret":"ActGold","Data":{"Gold":999993}}
2023/09/15 16:07:55 [INFO] Receive Message:{"Ret":"ActAnteBet","Data":{"antebet":[{"seatId":2,"bet":1,"balance":166095},{"seatId":3,"bet":1,"balance":999993},{"seatId":4,"bet":1,"balance":183069}]}}
2023/09/15 16:07:55 [INFO] Receive Message:{"Ret":"ActGamePeriod","Data":{"Fsm":"Bet","Gid":"2006-1702595072672927744","RemainSec":1}}
2023/09/15 16:07:56 [INFO] Receive Message:{"Ret":"ActGamePeriod","Data":{"Fsm":"Deal","Gid":"2006-1702595072672927744","RemainSec":1}}
2023/09/15 16:07:56 [INFO] Receive Message:{"Ret":"ActDealCard","Data":{"seatid":3,"cards":[-1,-1,-1],"cardtype":0}}
2023/09/15 16:07:57 [INFO] Receive Message:{"Ret":"ActGamePeriod","Data":{"Fsm":"Play","Gid":"2006-1702595072672927744","RemainSec":15,"Round":1}}
2023/09/15 16:07:57 [INFO] Receive Message:{"Ret":"ActTokenPlayerSeat","Data":{"SeatId":3}}
2023/09/15 16:08:03 [INFO] Receive Message:{"Code":0,"Ret":"PlayOperate","Message":"success"}
2023/09/15 16:08:03 [INFO] Receive Message:{"Ret":"ActAction","Data":{"seatId":3,"actiontype":"fold","data":null}}
2023/09/15 16:08:03 [INFO] Receive Message:{"Ret":"ActGamePeriod","Data":{"Fsm":"Play","Gid":"2006-1702595072672927744","RemainSec":15,"Round":1}}
2023/09/15 16:08:03 [INFO] Receive Message:{"Ret":"ActTokenPlayerSeat","Data":{"SeatId":4}}
2023/09/15 16:08:11 [INFO] Receive Message:{"Ret":"ActAction","Data":{"seatId":4,"actiontype":"fold","data":null}}
2023/09/15 16:08:11 [INFO] Receive Message:{"Ret":"ActTokenPlayerSeat","Data":{"SeatId":2}}
2023/09/15 16:08:11 [INFO] Receive Message:{"Ret":"ActGamePeriod","Data":{"Fsm":"Result","Gid":"2006-1702595072672927744","RemainSec":8,"Round":1}}
2023/09/15 16:08:11 [INFO] Receive Message:{"Ret":"ActSettleData","Data":{"cards":{"2":[19,42,27],"3":[24,16,40],"4":[12,25,8]},"cardtype":{"2":6,"3":6,"4":5},"settleinfo":[{"seatId":2,"bet":1,"win":1.9,"Gold":166097.9,"refund":0,"isFold":false,"isCompareLose":false,"bonus":0},{"seatId":3,"bet":1,"win":0,"Gold":999993,"refund":0,"isFold":true,"isCompareLose":false,"bonus":0},{"seatId":4,"bet":1,"win":0,"Gold":183069,"refund":0,"isFold":true,"isCompareLose":false,"bonus":0}]}}
2023/09/15 16:08:57 [ERROR] read tcp [::1]:54683->[::1]:10001: use of closed network connection
2023/09/15 16:08:57 [INFO] 連線中斷
2023/09/15 16:08:57 [INFO] Connect Success
2023/09/15 16:09:00 [INFO] Receive Message:{"Code":0,"Ret":"Login","Message":"success","Data":{"Gold":999993,"IconID":0,"Name":"Test_simon","UserId":88342761,"MatchGameCode":"","MatchGameTableId":0,"Version":"1.0.0","Marquee":null,"is_relogin":false}}
2023/09/15 16:09:03 [INFO] Receive Message:{"Ret":"DebugMatchType","Data":{"matchtype":0}}
2023/09/15 16:09:03 [INFO] Receive Message:{"Code":0,"Ret":"JoinGame","Message":"success","Data":{"Gid":"2006-1702595072672927744","raiseArray":[2,4,6,8,10,12,14],"RemainSec":1,"BetInfo":{},"TableCards":[-1,-1,-1],"PlayerInfo":[{"seatId":3,"iconId":0,"name":"****mon","gold":999993,"IsActive":false,"isFold":false,"isCompareLose":false,"isLookAtCards":false}],"Fsm":"Init","result":[],"own":3,"tokenSeat":2,"settleInfo":null,"round":0,"TableCardType":[],"betindex":0}}
2023/09/15 16:09:04 [INFO] Receive Message:{"Ret":"ActGamePeriod","Data":{"Fsm":"Match","Gid":"2006-1702595375644282880","RemainSec":3}}
2023/09/15 16:09:07 [INFO] Receive Message:{"Ret":"ActTableStatus","Data":{"tablePlayerInfo":[{"seatId":0,"iconId":5,"name":"****lle","gold":101978,"isSitDown":true},{"seatId":1,"iconId":103,"name":"****lia","gold":160731,"isSitDown":true},{"seatId":2,"iconId":107,"name":"****d32","gold":113935,"isSitDown":true},{"seatId":3,"iconId":0,"name":"****mon","gold":999993,"isSitDown":true}]}}
2023/09/15 16:09:07 [INFO] Receive Message:{"Ret":"ActRaiseArray","Data":{"raiseArray":[2,4,6,8,10,12,14]}}
2023/09/15 16:09:07 [INFO] Receive Message:{"Ret":"ActGold","Data":{"Gold":999992}}
2023/09/15 16:09:07 [INFO] Receive Message:{"Ret":"ActAnteBet","Data":{"antebet":[{"seatId":0,"bet":1,"balance":101977},{"seatId":1,"bet":1,"balance":160730},{"seatId":2,"bet":1,"balance":113934},{"seatId":3,"bet":1,"balance":999992}]}}
2023/09/15 16:09:07 [INFO] Receive Message:{"Ret":"ActGamePeriod","Data":{"Fsm":"Bet","Gid":"2006-1702595375644282880","RemainSec":1}}
2023/09/15 16:09:08 [INFO] Receive Message:{"Ret":"ActGamePeriod","Data":{"Fsm":"Deal","Gid":"2006-1702595375644282880","RemainSec":1}}
2023/09/15 16:09:08 [INFO] Receive Message:{"Ret":"ActDealCard","Data":{"seatid":3,"cards":[-1,-1,-1],"cardtype":0}}
2023/09/15 16:09:09 [INFO] Receive Message:{"Ret":"ActGamePeriod","Data":{"Fsm":"Play","Gid":"2006-1702595375644282880","RemainSec":15,"Round":1}}
2023/09/15 16:09:09 [INFO] Receive Message:{"Ret":"ActTokenPlayerSeat","Data":{"SeatId":2}}
2023/09/15 16:09:10 [INFO] Receive Message:{"Ret":"ActAction","Data":{"seatId":2,"actiontype":"fold","data":null}}
2023/09/15 16:09:10 [INFO] Receive Message:{"Ret":"ActGamePeriod","Data":{"Fsm":"Play","Gid":"2006-1702595375644282880","RemainSec":15,"Round":1}}
2023/09/15 16:09:10 [INFO] Receive Message:{"Ret":"ActTokenPlayerSeat","Data":{"SeatId":3}}
2023/09/15 16:09:13 [INFO] Receive Message:{"Code":0,"Ret":"PlayOperate","Message":"success"}
2023/09/15 16:09:14 [INFO] Receive Message:{"Ret":"ActAction","Data":{"seatId":3,"actiontype":"fold","data":null}}
2023/09/15 16:09:14 [INFO] Receive Message:{"Ret":"ActGamePeriod","Data":{"Fsm":"Play","Gid":"2006-1702595375644282880","RemainSec":15,"Round":1}}
2023/09/15 16:09:14 [INFO] Receive Message:{"Ret":"ActTokenPlayerSeat","Data":{"SeatId":0}}
2023/09/15 16:09:22 [INFO] Receive Message:{"Ret":"ActAction","Data":{"seatId":0,"actiontype":"call","data":{"IsLookAt":false,"balance":101976,"gold":1}}}
2023/09/15 16:09:22 [INFO] Receive Message:{"Ret":"ActGamePeriod","Data":{"Fsm":"Play","Gid":"2006-1702595375644282880","RemainSec":15,"Round":1}}
2023/09/15 16:09:22 [INFO] Receive Message:{"Ret":"ActTokenPlayerSeat","Data":{"SeatId":1}}
2023/09/15 16:09:23 [INFO] Receive Message:{"Ret":"ActAction","Data":{"seatId":1,"actiontype":"call","data":{"IsLookAt":false,"balance":160729,"gold":1}}}
2023/09/15 16:09:23 [INFO] Receive Message:{"Ret":"ActGamePeriod","Data":{"Fsm":"Play","Gid":"2006-1702595375644282880","RemainSec":15,"Round":2}}
2023/09/15 16:09:23 [INFO] Receive Message:{"Ret":"ActTokenPlayerSeat","Data":{"SeatId":0}}
2023/09/15 16:09:31 [INFO] Receive Message:{"Ret":"ActAction","Data":{"seatId":0,"actiontype":"call","data":{"IsLookAt":false,"balance":101975,"gold":1}}}
2023/09/15 16:09:31 [INFO] Receive Message:{"Ret":"ActGamePeriod","Data":{"Fsm":"Play","Gid":"2006-1702595375644282880","RemainSec":15,"Round":2}}
2023/09/15 16:09:31 [INFO] Receive Message:{"Ret":"ActTokenPlayerSeat","Data":{"SeatId":1}}
2023/09/15 16:09:32 [INFO] Receive Message:{"Ret":"ActAction","Data":{"seatId":1,"actiontype":"call","data":{"IsLookAt":true,"balance":160727,"gold":2}}}
2023/09/15 16:09:32 [INFO] Receive Message:{"Ret":"ActGamePeriod","Data":{"Fsm":"Play","Gid":"2006-1702595375644282880","RemainSec":15,"Round":3}}
2023/09/15 16:09:32 [INFO] Receive Message:{"Ret":"ActTokenPlayerSeat","Data":{"SeatId":0}}
2023/09/15 16:09:41 [INFO] Receive Message:{"Ret":"ActAction","Data":{"seatId":0,"actiontype":"call","data":{"IsLookAt":false,"balance":101974,"gold":1}}}
2023/09/15 16:09:41 [INFO] Receive Message:{"Ret":"ActGamePeriod","Data":{"Fsm":"Play","Gid":"2006-1702595375644282880","RemainSec":15,"Round":3}}
2023/09/15 16:09:41 [INFO] Receive Message:{"Ret":"ActTokenPlayerSeat","Data":{"SeatId":1}}
2023/09/15 16:09:43 [INFO] Receive Message:{"Ret":"ActAction","Data":{"seatId":1,"actiontype":"call","data":{"IsLookAt":true,"balance":160725,"gold":2}}}
2023/09/15 16:09:43 [INFO] Receive Message:{"Ret":"ActGamePeriod","Data":{"Fsm":"Play","Gid":"2006-1702595375644282880","RemainSec":15,"Round":4}}
2023/09/15 16:09:43 [INFO] Receive Message:{"Ret":"ActTokenPlayerSeat","Data":{"SeatId":0}}
2023/09/15 16:09:50 [INFO] Receive Message:{"Ret":"ActAction","Data":{"seatId":0,"actiontype":"call","data":{"IsLookAt":false,"balance":101973,"gold":1}}}
2023/09/15 16:09:50 [INFO] Receive Message:{"Ret":"ActGamePeriod","Data":{"Fsm":"Play","Gid":"2006-1702595375644282880","RemainSec":15,"Round":4}}
2023/09/15 16:09:50 [INFO] Receive Message:{"Ret":"ActTokenPlayerSeat","Data":{"SeatId":1}}
2023/09/15 16:09:51 [INFO] Receive Message:{"Ret":"ActAction","Data":{"seatId":1,"actiontype":"compare","data":{"playseat":1,"compareseat":0,"comparebet":2,"iswin":true,"playcard":[19,45,30],"comparecard":[37,17,41],"playCardtype":5,"compareCardtype":6}}}
2023/09/15 16:12:08 [ERROR] read tcp [::1]:54749->[::1]:10001: wsarecv: An existing connection was forcibly closed by the remote host.
2023/09/15 16:17:16 [INFO] 連線中斷
2023/09/15 16:17:16 [INFO] Connect Success
2023/09/15 16:17:19 [INFO] Receive Message:{"Code":0,"Ret":"Login","Message":"success","Data":{"Gold":999992,"IconID":0,"Name":"Test_simon","UserId":88342761,"MatchGameCode":"","MatchGameTableId":0,"Version":"1.0.0","Marquee":null,"is_relogin":false}}
2023/09/15 16:17:21 [INFO] Receive Message:{"Ret":"DebugMatchType","Data":{"matchtype":0}}
2023/09/15 16:17:21 [INFO] Receive Message:{"Code":0,"Ret":"JoinGame","Message":"success","Data":{"Gid":"","raiseArray":[2,4,6,8,10,12,14],"RemainSec":1,"BetInfo":{},"TableCards":[-1,-1,-1],"PlayerInfo":[{"seatId":3,"iconId":0,"name":"****mon","gold":999992,"IsActive":false,"isFold":false,"isCompareLose":false,"isLookAtCards":false}],"Fsm":"Init","result":null,"own":3,"tokenSeat":0,"settleInfo":null,"round":0,"TableCardType":[],"betindex":0}}
2023/09/15 16:17:22 [INFO] Receive Message:{"Ret":"ActGamePeriod","Data":{"Fsm":"Match","Gid":"2006-1702597463778529280","RemainSec":3}}
2023/09/15 16:17:25 [INFO] Receive Message:{"Ret":"ActTableStatus","Data":{"tablePlayerInfo":[{"seatId":0,"iconId":6,"name":"****ete","gold":110963,"isSitDown":true},{"seatId":1,"iconId":106,"name":"****rin","gold":186995,"isSitDown":true},{"seatId":2,"iconId":106,"name":"****ron","gold":187139.8,"isSitDown":true},{"seatId":3,"iconId":0,"name":"****mon","gold":999992,"isSitDown":true}]}}
2023/09/15 16:17:25 [INFO] Receive Message:{"Ret":"ActRaiseArray","Data":{"raiseArray":[2,4,6,8,10,12,14]}}
2023/09/15 16:17:25 [INFO] Receive Message:{"Ret":"ActGold","Data":{"Gold":999991}}
2023/09/15 16:17:25 [INFO] Receive Message:{"Ret":"ActAnteBet","Data":{"antebet":[{"seatId":0,"bet":1,"balance":110962},{"seatId":1,"bet":1,"balance":186994},{"seatId":2,"bet":1,"balance":187138.8},{"seatId":3,"bet":1,"balance":999991}]}}
2023/09/15 16:17:25 [INFO] Receive Message:{"Ret":"ActGamePeriod","Data":{"Fsm":"Bet","Gid":"2006-1702597463778529280","RemainSec":1}}
2023/09/15 16:17:26 [INFO] Receive Message:{"Ret":"ActGamePeriod","Data":{"Fsm":"Deal","Gid":"2006-1702597463778529280","RemainSec":1}}
2023/09/15 16:17:26 [INFO] Receive Message:{"Ret":"ActDealCard","Data":{"seatid":3,"cards":[-1,-1,-1],"cardtype":0}}
2023/09/15 16:17:27 [INFO] Receive Message:{"Ret":"ActGamePeriod","Data":{"Fsm":"Play","Gid":"2006-1702597463778529280","RemainSec":15,"Round":1}}
2023/09/15 16:17:27 [INFO] Receive Message:{"Ret":"ActTokenPlayerSeat","Data":{"SeatId":1}}
2023/09/15 16:17:32 [INFO] Receive Message:{"Ret":"ActAction","Data":{"seatId":1,"actiontype":"call","data":{"IsLookAt":false,"balance":186993,"gold":1}}}
2023/09/15 16:17:32 [INFO] Receive Message:{"Ret":"ActGamePeriod","Data":{"Fsm":"Play","Gid":"2006-1702597463778529280","RemainSec":15,"Round":1}}
2023/09/15 16:17:32 [INFO] Receive Message:{"Ret":"ActTokenPlayerSeat","Data":{"SeatId":2}}
2023/09/15 16:17:37 [INFO] Receive Message:{"Ret":"ActAction","Data":{"seatId":2,"actiontype":"call","data":{"IsLookAt":false,"balance":187137.8,"gold":1}}}
2023/09/15 16:17:37 [INFO] Receive Message:{"Ret":"ActGamePeriod","Data":{"Fsm":"Play","Gid":"2006-1702597463778529280","RemainSec":15,"Round":1}}
2023/09/15 16:17:37 [INFO] Receive Message:{"Ret":"ActTokenPlayerSeat","Data":{"SeatId":3}}
2023/09/15 16:17:41 [INFO] Receive Message:{"Code":0,"Ret":"PlayOperate","Message":"success"}
2023/09/15 16:17:41 [INFO] Receive Message:{"Ret":"ActAction","Data":{"seatId":3,"actiontype":"fold","data":null}}
2023/09/15 16:17:41 [INFO] Receive Message:{"Ret":"ActGamePeriod","Data":{"Fsm":"Play","Gid":"2006-1702597463778529280","RemainSec":15,"Round":1}}
2023/09/15 16:17:41 [INFO] Receive Message:{"Ret":"ActTokenPlayerSeat","Data":{"SeatId":0}}
2023/09/15 16:17:44 [INFO] Receive Message:{"Ret":"ActAction","Data":{"seatId":0,"actiontype":"fold","data":null}}
2023/09/15 16:17:44 [INFO] Receive Message:{"Ret":"ActGamePeriod","Data":{"Fsm":"Play","Gid":"2006-1702597463778529280","RemainSec":15,"Round":2}}
2023/09/15 16:17:44 [INFO] Receive Message:{"Ret":"ActTokenPlayerSeat","Data":{"SeatId":1}}
2023/09/15 16:17:54 [INFO] Receive Message:{"Ret":"ActAction","Data":{"seatId":1,"actiontype":"fold","data":null}}
2023/09/15 16:17:54 [INFO] Receive Message:{"Ret":"ActTokenPlayerSeat","Data":{"SeatId":2}}
2023/09/15 16:17:54 [INFO] Receive Message:{"Ret":"ActGamePeriod","Data":{"Fsm":"Result","Gid":"2006-1702597463778529280","RemainSec":8,"Round":2}}
2023/09/15 16:17:54 [INFO] Receive Message:{"Ret":"ActSettleData","Data":{"cards":{"0":[22,17,43],"1":[48,33,31],"2":[24,15,28],"3":[23,16,1]},"cardtype":{"0":5,"1":6,"2":5,"3":6},"settleinfo":[{"seatId":0,"bet":1,"win":0,"Gold":110962,"refund":0,"isFold":true,"isCompareLose":false,"bonus":0},{"seatId":1,"bet":2,"win":0,"Gold":186993,"refund":0,"isFold":true,"isCompareLose":false,"bonus":0},{"seatId":2,"bet":2,"win":3.8,"Gold":187143.6,"refund":0,"isFold":false,"isCompareLose":false,"bonus":0},{"seatId":3,"bet":1,"win":0,"Gold":999991,"refund":0,"isFold":true,"isCompareLose":false,"bonus":0}]}}
2023/09/15 17:48:25 [ERROR] read tcp [::1]:55174->[::1]:10001: wsarecv: An existing connection was forcibly closed by the remote host.
