2023/09/21 15:19:08 [INFO] Connect Success
2023/09/21 15:19:31 [INFO] Receive Message:{"Code":0,"Ret":"Login","Message":"success","Data":{"Gold":1000000,"IconID":0,"Name":"Test_simon2","UserId":82638823,"MatchGameCode":"","MatchGameTableId":0,"Version":"1.0.0","Marquee":null,"is_relogin":false}}
2023/09/21 15:19:37 [INFO] Receive Message:{"Ret":"DebugMatchType","Data":{"matchtype":1}}
2023/09/21 15:19:37 [INFO] Receive Message:{"Code":0,"Ret":"JoinGame","Message":"success","Data":{"Gid":"","raiseArray":[2,4,6,8,10,12,14],"RemainSec":1,"BetInfo":{},"TableCards":[-1,-1,-1],"PlayerInfo":[{"seatId":0,"iconId":0,"name":"****on2","gold":1000000,"IsActive":false,"isFold":false,"isCompareLose":false,"isLookAtCards":false}],"Fsm":"Init","result":null,"own":0,"tokenSeat":0,"settleInfo":null,"round":0,"TableCardType":[],"betindex":0}}
2023/09/21 15:19:38 [INFO] Receive Message:{"Ret":"ActGamePeriod","Data":{"Fsm":"Match","Gid":"2006-1704757259625566208","RemainSec":3,"TimeStamp":1695280778197}}
2023/09/21 15:19:41 [INFO] Receive Message:{"Ret":"ActTableStatus","Data":{"tablePlayerInfo":[{"seatId":0,"iconId":0,"name":"****on2","gold":1000000,"isSitDown":true},{"seatId":1,"iconId":100,"name":"****a73","gold":103755,"isSitDown":true},{"seatId":2,"iconId":6,"name":"****low","gold":180195,"isSitDown":true},{"seatId":3,"iconId":1,"name":"****tin","gold":133588,"isSitDown":true}]}}
2023/09/21 15:19:41 [INFO] Receive Message:{"Ret":"ActRaiseArray","Data":{"raiseArray":[2,4,6,8,10,12,14]}}
2023/09/21 15:19:41 [INFO] Receive Message:{"Ret":"ActGold","Data":{"Gold":999999}}
2023/09/21 15:19:41 [INFO] Receive Message:{"Ret":"ActAnteBet","Data":{"antebet":[{"seatId":0,"bet":1,"balance":999999},{"seatId":1,"bet":1,"balance":103754},{"seatId":2,"bet":1,"balance":180194},{"seatId":3,"bet":1,"balance":133587}]}}
2023/09/21 15:19:41 [INFO] Receive Message:{"Ret":"ActGamePeriod","Data":{"Fsm":"Bet","Gid":"2006-1704757259625566208","RemainSec":1,"TimeStamp":1695280781226}}
2023/09/21 15:19:42 [INFO] Receive Message:{"Ret":"ActGamePeriod","Data":{"Fsm":"Deal","Gid":"2006-1704757259625566208","RemainSec":1,"TimeStamp":1695280782194}}
2023/09/21 15:19:42 [INFO] Receive Message:{"Ret":"ActDealCard","Data":{"seatid":0,"cards":[-1,-1,-1],"cardtype":0}}
2023/09/21 15:19:43 [INFO] Receive Message:{"Ret":"ActGamePeriod","Data":{"Fsm":"Play","Gid":"2006-1704757259625566208","RemainSec":15,"Round":1,"TimeStamp":1695280783190}}
2023/09/21 15:19:43 [INFO] Receive Message:{"Ret":"ActTokenPlayerSeat","Data":{"SeatId":1}}
2023/09/21 15:19:49 [INFO] Receive Message:{"Ret":"ActAction","Data":{"seatId":1,"actiontype":"call","data":{"IsLookAt":false,"balance":103753,"gold":1}}}
2023/09/21 15:19:49 [INFO] Receive Message:{"Ret":"ActGamePeriod","Data":{"Fsm":"Play","Gid":"2006-1704757259625566208","RemainSec":15,"Round":1,"TimeStamp":1695280789292}}
2023/09/21 15:19:49 [INFO] Receive Message:{"Ret":"ActTokenPlayerSeat","Data":{"SeatId":2}}
2023/09/21 15:19:53 [INFO] Receive Message:{"Ret":"ActAction","Data":{"seatId":2,"actiontype":"call","data":{"IsLookAt":true,"balance":180192,"gold":2}}}
2023/09/21 15:19:53 [INFO] Receive Message:{"Ret":"ActGamePeriod","Data":{"Fsm":"Play","Gid":"2006-1704757259625566208","RemainSec":15,"Round":1,"TimeStamp":1695280793389}}
2023/09/21 15:19:53 [INFO] Receive Message:{"Ret":"ActTokenPlayerSeat","Data":{"SeatId":3}}
2023/09/21 15:20:00 [INFO] Receive Message:{"Ret":"ActAction","Data":{"seatId":3,"actiontype":"call","data":{"IsLookAt":true,"balance":133585,"gold":2}}}
2023/09/21 15:20:00 [INFO] Receive Message:{"Ret":"ActGamePeriod","Data":{"Fsm":"Play","Gid":"2006-1704757259625566208","RemainSec":15,"Round":1,"TimeStamp":1695280800482}}
2023/09/21 15:20:00 [INFO] Receive Message:{"Ret":"ActTokenPlayerSeat","Data":{"SeatId":0}}
2023/09/21 15:20:15 [INFO] Receive Message:{"Ret":"ActAction","Data":{"seatId":0,"actiontype":"fold","data":null}}
2023/09/21 15:20:15 [INFO] Receive Message:{"Ret":"ActGamePeriod","Data":{"Fsm":"Play","Gid":"2006-1704757259625566208","RemainSec":15,"Round":2,"TimeStamp":1695280815414}}
2023/09/21 15:20:15 [INFO] Receive Message:{"Ret":"ActTokenPlayerSeat","Data":{"SeatId":1}}
2023/09/21 15:20:22 [INFO] Receive Message:{"Ret":"ActAction","Data":{"seatId":1,"actiontype":"call","data":{"IsLookAt":true,"balance":103751,"gold":2}}}
2023/09/21 15:20:22 [INFO] Receive Message:{"Ret":"ActGamePeriod","Data":{"Fsm":"Play","Gid":"2006-1704757259625566208","RemainSec":15,"Round":2,"TimeStamp":1695280822478}}
2023/09/21 15:20:22 [INFO] Receive Message:{"Ret":"ActTokenPlayerSeat","Data":{"SeatId":2}}
2023/09/21 15:20:25 [INFO] Receive Message:{"Ret":"ActAction","Data":{"seatId":2,"actiontype":"call","data":{"IsLookAt":true,"balance":180190,"gold":2}}}
2023/09/21 15:20:25 [INFO] Receive Message:{"Ret":"ActGamePeriod","Data":{"Fsm":"Play","Gid":"2006-1704757259625566208","RemainSec":15,"Round":2,"TimeStamp":1695280825592}}
2023/09/21 15:20:25 [INFO] Receive Message:{"Ret":"ActTokenPlayerSeat","Data":{"SeatId":3}}
2023/09/21 15:20:33 [INFO] Receive Message:{"Ret":"ActAction","Data":{"seatId":3,"actiontype":"compare","data":{"playseat":3,"compareseat":1,"comparebet":2,"iswin":false,"playcard":[33,30,43],"comparecard":[9,7,3],"playCardtype":5,"compareCardtype":3}}}
2023/09/21 15:20:38 [INFO] Receive Message:{"Ret":"ActGamePeriod","Data":{"Fsm":"Play","Gid":"2006-1704757259625566208","RemainSec":15,"Round":3,"TimeStamp":1695280838001}}
2023/09/21 15:20:38 [INFO] Receive Message:{"Ret":"ActTokenPlayerSeat","Data":{"SeatId":1}}
2023/09/21 15:20:43 [INFO] Receive Message:{"Ret":"ActAction","Data":{"seatId":1,"actiontype":"compare","data":{"playseat":1,"compareseat":2,"comparebet":2,"iswin":true,"playcard":[9,7,3],"comparecard":[48,34,29],"playCardtype":3,"compareCardtype":6}}}
2023/09/21 15:21:06 [INFO] Receive Message:{"Ret":"ActGamePeriod","Data":{"Fsm":"Result","Gid":"2006-1704757259625566208","RemainSec":8,"Round":3,"TimeStamp":1695280848083}}
2023/09/21 15:21:06 [INFO] Receive Message:{"Ret":"ActSettleData","Data":{"cards":{"0":[24,36,22],"1":[9,7,3],"2":[48,34,29],"3":[33,30,43]},"cardtype":{"0":4,"1":3,"2":6,"3":5},"settleinfo":[{"seatId":0,"bet":1,"win":0,"Gold":999999,"refund":0,"isFold":true,"isCompareLose":false,"bonus":0},{"seatId":1,"bet":6,"win":10.45,"Gold":103765.45,"refund":0,"isFold":false,"isCompareLose":false,"bonus":0},{"seatId":2,"bet":5,"win":0,"Gold":180190,"refund":0,"isFold":false,"isCompareLose":true,"bonus":0},{"seatId":3,"bet":5,"win":0,"Gold":133583,"refund":0,"isFold":false,"isCompareLose":true,"bonus":0}]}}
2023/09/21 15:21:32 [INFO] Receive Message:{"Ret":"DebugMatchType","Data":{"matchtype":0}}
2023/09/21 15:21:32 [INFO] Receive Message:{"Code":0,"Ret":"JoinGame","Message":"success","Data":{"Gid":"2006-1704757259625566208","raiseArray":[2,4,6,8,10,12,14],"RemainSec":1,"BetInfo":{},"TableCards":[-1,-1,-1],"PlayerInfo":[{"seatId":3,"iconId":0,"name":"****on2","gold":999999,"IsActive":false,"isFold":false,"isCompareLose":false,"isLookAtCards":false}],"Fsm":"Init","result":[],"own":3,"tokenSeat":1,"settleInfo":null,"round":0,"TableCardType":[],"betindex":0}}
2023/09/21 15:21:33 [INFO] Receive Message:{"Ret":"ActGamePeriod","Data":{"Fsm":"Match","Gid":"2006-1704757743895711744","RemainSec":3,"TimeStamp":1695280893643}}
2023/09/21 15:21:36 [INFO] Receive Message:{"Ret":"ActTableStatus","Data":{"tablePlayerInfo":[{"seatId":0,"iconId":101,"name":"****t02","gold":178874.6,"isSitDown":true},{"seatId":1,"iconId":106,"name":"****ity","gold":169804.9,"isSitDown":true},{"seatId":3,"iconId":0,"name":"****on2","gold":999999,"isSitDown":true}]}}
2023/09/21 15:21:36 [INFO] Receive Message:{"Ret":"ActRaiseArray","Data":{"raiseArray":[2,4,6,8,10,12,14]}}
2023/09/21 15:21:36 [INFO] Receive Message:{"Ret":"ActGold","Data":{"Gold":999998}}
2023/09/21 15:21:36 [INFO] Receive Message:{"Ret":"ActAnteBet","Data":{"antebet":[{"seatId":0,"bet":1,"balance":178873.6},{"seatId":1,"bet":1,"balance":169803.9},{"seatId":3,"bet":1,"balance":999998}]}}
2023/09/21 15:21:36 [INFO] Receive Message:{"Ret":"ActGamePeriod","Data":{"Fsm":"Bet","Gid":"2006-1704757743895711744","RemainSec":1,"TimeStamp":1695280896658}}
2023/09/21 15:21:37 [INFO] Receive Message:{"Ret":"ActGamePeriod","Data":{"Fsm":"Deal","Gid":"2006-1704757743895711744","RemainSec":1,"TimeStamp":1695280897642}}
2023/09/21 15:21:37 [INFO] Receive Message:{"Ret":"ActDealCard","Data":{"seatid":3,"cards":[-1,-1,-1],"cardtype":0}}
2023/09/21 15:21:38 [INFO] Receive Message:{"Ret":"ActGamePeriod","Data":{"Fsm":"Play","Gid":"2006-1704757743895711744","RemainSec":15,"Round":1,"TimeStamp":1695280898641}}
2023/09/21 15:21:38 [INFO] Receive Message:{"Ret":"ActTokenPlayerSeat","Data":{"SeatId":0}}
2023/09/21 15:21:47 [INFO] Receive Message:{"Ret":"ActAction","Data":{"seatId":0,"actiontype":"call","data":{"IsLookAt":false,"balance":178872.6,"gold":1}}}
2023/09/21 15:21:47 [INFO] Receive Message:{"Ret":"ActGamePeriod","Data":{"Fsm":"Play","Gid":"2006-1704757743895711744","RemainSec":15,"Round":1,"TimeStamp":1695280907740}}
2023/09/21 15:21:47 [INFO] Receive Message:{"Ret":"ActTokenPlayerSeat","Data":{"SeatId":1}}
2023/09/21 15:21:50 [INFO] Receive Message:{"Ret":"ActAction","Data":{"seatId":1,"actiontype":"fold","data":null}}
2023/09/21 15:21:50 [INFO] Receive Message:{"Ret":"ActGamePeriod","Data":{"Fsm":"Play","Gid":"2006-1704757743895711744","RemainSec":15,"Round":1,"TimeStamp":1695280910838}}
2023/09/21 15:21:50 [INFO] Receive Message:{"Ret":"ActTokenPlayerSeat","Data":{"SeatId":3}}
2023/09/21 15:21:54 [INFO] Receive Message:{"Code":0,"Ret":"PlayOperate","Message":"success"}
2023/09/21 15:22:42 [ERROR] read tcp [::1]:59143->[::1]:10001: wsarecv: An existing connection was forcibly closed by the remote host.
2023/09/21 15:24:31 [INFO] 連線中斷
2023/09/21 15:24:32 [INFO] Connect Success
2023/09/21 15:24:42 [INFO] Receive Message:{"Code":0,"Ret":"Login","Message":"success","Data":{"Gold":1000000,"IconID":0,"Name":"Test_simon1","UserId":88843478,"MatchGameCode":"","MatchGameTableId":0,"Version":"1.0.0","Marquee":null,"is_relogin":false}}
2023/09/21 15:24:46 [INFO] Receive Message:{"Ret":"DebugMatchType","Data":{"matchtype":1}}
2023/09/21 15:24:46 [INFO] Receive Message:{"Code":0,"Ret":"JoinGame","Message":"success","Data":{"Gid":"","raiseArray":[2,4,6,8,10,12,14],"RemainSec":1,"BetInfo":{},"TableCards":[-1,-1,-1],"PlayerInfo":[{"seatId":4,"iconId":0,"name":"****on1","gold":1000000,"IsActive":false,"isFold":false,"isCompareLose":false,"isLookAtCards":false}],"Fsm":"Init","result":null,"own":4,"tokenSeat":0,"settleInfo":null,"round":0,"TableCardType":[],"betindex":0}}
2023/09/21 15:24:47 [INFO] Receive Message:{"Ret":"ActGamePeriod","Data":{"Fsm":"Match","Gid":"2006-1704758558920282112","RemainSec":3,"TimeStamp":1695281087984}}
2023/09/21 15:24:50 [INFO] Receive Message:{"Ret":"ActTableStatus","Data":{"tablePlayerInfo":[{"seatId":0,"iconId":4,"name":"****uck","gold":113672.9,"isSitDown":true},{"seatId":1,"iconId":5,"name":"****ing","gold":143586.6,"isSitDown":true},{"seatId":4,"iconId":0,"name":"****on1","gold":1000000,"isSitDown":true}]}}
2023/09/21 15:24:50 [INFO] Receive Message:{"Ret":"ActRaiseArray","Data":{"raiseArray":[2,4,6,8,10,12,14]}}
2023/09/21 15:24:50 [INFO] Receive Message:{"Ret":"ActGold","Data":{"Gold":999999}}
2023/09/21 15:24:50 [INFO] Receive Message:{"Ret":"ActAnteBet","Data":{"antebet":[{"seatId":0,"bet":1,"balance":113671.9},{"seatId":1,"bet":1,"balance":143585.6},{"seatId":4,"bet":1,"balance":999999}]}}
2023/09/21 15:24:50 [INFO] Receive Message:{"Ret":"ActGamePeriod","Data":{"Fsm":"Bet","Gid":"2006-1704758558920282112","RemainSec":1,"TimeStamp":1695281090989}}
2023/09/21 15:24:51 [INFO] Receive Message:{"Ret":"ActGamePeriod","Data":{"Fsm":"Deal","Gid":"2006-1704758558920282112","RemainSec":1,"TimeStamp":1695281091983}}
2023/09/21 15:24:51 [INFO] Receive Message:{"Ret":"ActDealCard","Data":{"seatid":4,"cards":[-1,-1,-1],"cardtype":0}}
2023/09/21 15:24:52 [INFO] Receive Message:{"Ret":"ActGamePeriod","Data":{"Fsm":"Play","Gid":"2006-1704758558920282112","RemainSec":15,"Round":1,"TimeStamp":1695281092977}}
2023/09/21 15:24:52 [INFO] Receive Message:{"Ret":"ActTokenPlayerSeat","Data":{"SeatId":0}}
2023/09/21 15:24:58 [INFO] Receive Message:{"Ret":"ActAction","Data":{"seatId":0,"actiontype":"call","data":{"IsLookAt":true,"balance":113669.9,"gold":2}}}
2023/09/21 15:24:58 [INFO] Receive Message:{"Ret":"ActGamePeriod","Data":{"Fsm":"Play","Gid":"2006-1704758558920282112","RemainSec":15,"Round":1,"TimeStamp":1695281098080}}
2023/09/21 15:24:58 [INFO] Receive Message:{"Ret":"ActTokenPlayerSeat","Data":{"SeatId":1}}
2023/09/21 15:25:06 [INFO] Receive Message:{"Ret":"ActAction","Data":{"seatId":1,"actiontype":"call","data":{"IsLookAt":true,"balance":143583.6,"gold":2}}}
2023/09/21 15:25:06 [INFO] Receive Message:{"Ret":"ActGamePeriod","Data":{"Fsm":"Play","Gid":"2006-1704758558920282112","RemainSec":15,"Round":1,"TimeStamp":1695281106182}}
2023/09/21 15:25:06 [INFO] Receive Message:{"Ret":"ActTokenPlayerSeat","Data":{"SeatId":4}}
2023/09/21 15:25:10 [INFO] Receive Message:{"Code":0,"Ret":"PlayOperate","Message":"success"}
2023/09/21 15:25:10 [INFO] Receive Message:{"Ret":"ActAction","Data":{"seatId":4,"actiontype":"fold","data":null}}
2023/09/21 15:25:10 [INFO] Receive Message:{"Ret":"ActGamePeriod","Data":{"Fsm":"Play","Gid":"2006-1704758558920282112","RemainSec":15,"Round":2,"TimeStamp":1695281110801}}
2023/09/21 15:25:10 [INFO] Receive Message:{"Ret":"ActTokenPlayerSeat","Data":{"SeatId":0}}
2023/09/21 15:25:16 [INFO] Receive Message:{"Ret":"ActAction","Data":{"seatId":0,"actiontype":"compare","data":{"playseat":0,"compareseat":1,"comparebet":2,"iswin":false,"playcard":[24,7,46],"comparecard":[25,16,15],"playCardtype":5,"compareCardtype":3}}}
2023/09/21 15:27:02 [ERROR] read tcp [::1]:59286->[::1]:10001: wsarecv: An existing connection was forcibly closed by the remote host.
2023/09/21 15:27:52 [INFO] 連線中斷
2023/09/21 15:27:52 [INFO] Connect Success
2023/09/21 15:27:55 [INFO] Receive Message:{"Code":0,"Ret":"Login","Message":"success","Data":{"Gold":999999,"IconID":0,"Name":"Test_simon1","UserId":88843478,"MatchGameCode":"","MatchGameTableId":0,"Version":"1.0.0","Marquee":null,"is_relogin":false}}
2023/09/21 15:28:01 [INFO] Receive Message:{"Ret":"DebugMatchType","Data":{"matchtype":0}}
2023/09/21 15:28:01 [INFO] Receive Message:{"Code":0,"Ret":"JoinGame","Message":"success","Data":{"Gid":"","raiseArray":[2,4,6,8,10,12,14],"RemainSec":1,"BetInfo":{},"TableCards":[-1,-1,-1],"PlayerInfo":[{"seatId":4,"iconId":0,"name":"****on1","gold":999999,"IsActive":false,"isFold":false,"isCompareLose":false,"isLookAtCards":false}],"Fsm":"Init","result":null,"own":4,"tokenSeat":0,"settleInfo":null,"round":0,"TableCardType":[],"betindex":0}}
2023/09/21 15:28:02 [INFO] Receive Message:{"Ret":"ActGamePeriod","Data":{"Fsm":"Match","Gid":"2006-1704759375010205696","RemainSec":3,"TimeStamp":1695281282554}}
2023/09/21 15:28:05 [INFO] Receive Message:{"Ret":"ActTableStatus","Data":{"tablePlayerInfo":[{"seatId":0,"iconId":106,"name":"****r03","gold":168972,"isSitDown":true},{"seatId":2,"iconId":101,"name":"****ine","gold":189097,"isSitDown":true},{"seatId":4,"iconId":0,"name":"****on1","gold":999999,"isSitDown":true}]}}
2023/09/21 15:28:05 [INFO] Receive Message:{"Ret":"ActRaiseArray","Data":{"raiseArray":[2,4,6,8,10,12,14]}}
2023/09/21 15:28:05 [INFO] Receive Message:{"Ret":"ActGold","Data":{"Gold":999998}}
2023/09/21 15:28:05 [INFO] Receive Message:{"Ret":"ActAnteBet","Data":{"antebet":[{"seatId":0,"bet":1,"balance":168971},{"seatId":2,"bet":1,"balance":189096},{"seatId":4,"bet":1,"balance":999998}]}}
2023/09/21 15:28:05 [INFO] Receive Message:{"Ret":"ActGamePeriod","Data":{"Fsm":"Bet","Gid":"2006-1704759375010205696","RemainSec":1,"TimeStamp":1695281285574}}
2023/09/21 15:28:06 [INFO] Receive Message:{"Ret":"ActGamePeriod","Data":{"Fsm":"Deal","Gid":"2006-1704759375010205696","RemainSec":1,"TimeStamp":1695281286559}}
2023/09/21 15:28:06 [INFO] Receive Message:{"Ret":"ActDealCard","Data":{"seatid":4,"cards":[-1,-1,-1],"cardtype":0}}
2023/09/21 15:28:07 [INFO] Receive Message:{"Ret":"ActGamePeriod","Data":{"Fsm":"Play","Gid":"2006-1704759375010205696","RemainSec":15,"Round":1,"TimeStamp":1695281287565}}
2023/09/21 15:28:07 [INFO] Receive Message:{"Ret":"ActTokenPlayerSeat","Data":{"SeatId":0}}
2023/09/21 15:28:12 [INFO] Receive Message:{"Ret":"ActAction","Data":{"seatId":0,"actiontype":"call","data":{"IsLookAt":true,"balance":168969,"gold":2}}}
2023/09/21 15:28:12 [INFO] Receive Message:{"Ret":"ActGamePeriod","Data":{"Fsm":"Play","Gid":"2006-1704759375010205696","RemainSec":15,"Round":1,"TimeStamp":1695281292659}}
2023/09/21 15:28:12 [INFO] Receive Message:{"Ret":"ActTokenPlayerSeat","Data":{"SeatId":2}}
2023/09/21 15:28:21 [INFO] Receive Message:{"Ret":"ActAction","Data":{"seatId":2,"actiontype":"fold","data":null}}
2023/09/21 15:28:21 [INFO] Receive Message:{"Ret":"ActGamePeriod","Data":{"Fsm":"Play","Gid":"2006-1704759375010205696","RemainSec":15,"Round":1,"TimeStamp":1695281301751}}
2023/09/21 15:28:21 [INFO] Receive Message:{"Ret":"ActTokenPlayerSeat","Data":{"SeatId":4}}
2023/09/21 15:28:25 [INFO] Receive Message:{"Code":0,"Ret":"PlayOperate","Message":"success"}
2023/09/21 15:29:00 [INFO] Receive Message:{"Ret":"ActAction","Data":{"seatId":4,"actiontype":"fold","data":null}}
2023/09/21 15:29:00 [INFO] Receive Message:{"Ret":"ActTokenPlayerSeat","Data":{"SeatId":0}}
2023/09/21 15:29:00 [INFO] Receive Message:{"Ret":"ActGamePeriod","Data":{"Fsm":"Result","Gid":"2006-1704759375010205696","RemainSec":8,"Round":2,"TimeStamp":1695281305378}}
2023/09/21 15:29:00 [INFO] Receive Message:{"Ret":"ActDropCoin","Data":{}}
2023/09/21 15:29:00 [INFO] Receive Message:{"Ret":"ActSettleData","Data":{"cards":{"0":[37,8,17],"2":[12,34,31],"4":[19,15,27]},"cardtype":{"0":6,"2":6,"4":6},"settleinfo":[{"seatId":0,"bet":3,"win":1.9,"Gold":168973.9,"refund":0,"isFold":false,"isCompareLose":false,"bonus":0},{"seatId":2,"bet":1,"win":0,"Gold":189096,"refund":0,"isFold":true,"isCompareLose":false,"bonus":0},{"seatId":4,"bet":1,"win":0,"Gold":999998,"refund":0,"isFold":true,"isCompareLose":false,"bonus":0}]}}
2023/09/21 15:29:24 [ERROR] read tcp [::1]:59341->[::1]:10001: wsarecv: An existing connection was forcibly closed by the remote host.
