2023/04/11 09:29:19 [INFO] 連線中斷
2023/04/11 09:29:22 [INFO] simon SendMessage={Login:{Token: Name:simon}}
2023/04/11 09:29:22 [ERROR] simon write tcp [::1]:59833->[::1]:10001: use of closed network connection
2023/04/11 09:29:24 [INFO] simon SendMessage={JoinGame:{TableId:20060 BringGold:0}}
2023/04/11 09:29:24 [ERROR] simon write tcp [::1]:59833->[::1]:10001: use of closed network connection
2023/04/11 09:29:32 [INFO] Connect Success
2023/04/11 09:29:34 [INFO] 連線中斷
2023/04/11 09:29:34 [ERROR] read tcp [::1]:49798->[::1]:10001: use of closed network connection
2023/04/11 09:29:35 [INFO] Connect Success
2023/04/11 09:29:36 [INFO] Receive Message:{"Code":0,"Ret":"Login","Message":"success","Data":{"Gold":7000086.65,"IconID":0,"Name":"Test_simon","UserId":82941254,"MatchGameCode":"","MatchGameTableId":0,"Version":"1.0.0","Marquee":null,"is_relogin":false}}
2023/04/11 09:29:40 [INFO] Receive Message:{"Code":0,"Ret":"JoinGame","Message":"success","Data":{"Gid":"","BankerCards":null,"BankerCardPoint":0,"BetLimit":[[1,0]],"Chips":[0,0,0,0,0,0],"RemainSec":1,"BetInfo":{},"TableCards":{},"PlayerInfo":[],"Fsm":"Init","result":null}}
2023/04/11 09:29:41 [INFO] Receive Message:{"Ret":"ActGamePeriod","Data":{"Fsm":"Match","Gid":"2006-1645599970306297856","RemainSec":3}}
2023/04/11 09:29:44 [INFO] Receive Message:{"Ret":"ActTableStatus","Data":{"tablePlayerInfo":[{"seatId":1,"iconId":0,"name":"****mon","gold":7000086.65,"isSitDown":true},{"seatId":2,"iconId":105,"name":"****a90","gold":114131,"isSitDown":true},{"seatId":3,"iconId":100,"name":"****s41","gold":184257,"isSitDown":true},{"seatId":4,"iconId":5,"name":"****n66","gold":157518,"isSitDown":true}]}}
2023/04/11 09:29:44 [INFO] Receive Message:{"Ret":"ActRaiseArray","Data":{"raiseArray":[4,6,8,10,12,14]}}
2023/04/11 09:29:44 [INFO] Receive Message:{"Ret":"ActGold","Data":{"Gold":7000085.65}}
2023/04/11 09:29:44 [INFO] Receive Message:{"Ret":"ActAnteBet","Data":{"antebet":[{"seatId":1,"bet":1},{"seatId":2,"bet":1},{"seatId":3,"bet":1},{"seatId":4,"bet":1}]}}
2023/04/11 09:29:44 [INFO] Receive Message:{"Ret":"ActGamePeriod","Data":{"Fsm":"Bet","Gid":"2006-1645599970306297856","RemainSec":1}}
2023/04/11 09:29:45 [INFO] Receive Message:{"Ret":"ActGamePeriod","Data":{"Fsm":"Deal","Gid":"2006-1645599970306297856","RemainSec":1}}
2023/04/11 09:29:45 [INFO] Receive Message:{"Ret":"ActDealCard","Data":{"seatid":1,"cards":[-1,-1,-1]}}
2023/04/11 09:29:46 [INFO] Receive Message:{"Ret":"ActGamePeriod","Data":{"Fsm":"Play","Gid":"2006-1645599970306297856","RemainSec":15}}
2023/04/11 09:29:46 [INFO] Receive Message:{"Ret":"ActTokenPlayerSeat","Data":{"SeatId":2}}
2023/04/11 09:29:47 [INFO] Receive Message:{"Ret":"ActAction","Data":{"seatId":2,"actiontype":"call","data":null}}
2023/04/11 09:29:47 [INFO] Receive Message:{"Ret":"ActGamePeriod","Data":{"Fsm":"Play","Gid":"2006-1645599970306297856","RemainSec":15}}
2023/04/11 09:29:47 [INFO] Receive Message:{"Ret":"ActTokenPlayerSeat","Data":{"SeatId":3}}
2023/04/11 09:29:50 [INFO] Receive Message:{"Ret":"ActAction","Data":{"seatId":3,"actiontype":"call","data":null}}
2023/04/11 09:29:50 [INFO] Receive Message:{"Ret":"ActGamePeriod","Data":{"Fsm":"Play","Gid":"2006-1645599970306297856","RemainSec":15}}
2023/04/11 09:29:50 [INFO] Receive Message:{"Ret":"ActTokenPlayerSeat","Data":{"SeatId":4}}
2023/04/11 09:29:51 [INFO] Receive Message:{"Ret":"ActAction","Data":{"seatId":4,"actiontype":"fold","data":null}}
2023/04/11 09:29:51 [INFO] Receive Message:{"Ret":"ActGamePeriod","Data":{"Fsm":"Play","Gid":"2006-1645599970306297856","RemainSec":15}}
2023/04/11 09:29:51 [INFO] Receive Message:{"Ret":"ActTokenPlayerSeat","Data":{"SeatId":1}}
2023/04/11 09:30:06 [INFO] Receive Message:{"Ret":"ActGold","Data":{"Gold":7000085.15}}
2023/04/11 09:30:06 [INFO] Receive Message:{"Ret":"ActAction","Data":{"seatId":1,"actiontype":"call","data":null}}
2023/04/11 09:30:06 [INFO] Receive Message:{"Ret":"ActGamePeriod","Data":{"Fsm":"Play","Gid":"2006-1645599970306297856","RemainSec":15}}
2023/04/11 09:30:06 [INFO] Receive Message:{"Ret":"ActTokenPlayerSeat","Data":{"SeatId":2}}
2023/04/11 09:30:07 [INFO] Receive Message:{"Ret":"ActAction","Data":{"seatId":2,"actiontype":"fold","data":null}}
2023/04/11 09:30:07 [INFO] Receive Message:{"Ret":"ActGamePeriod","Data":{"Fsm":"Play","Gid":"2006-1645599970306297856","RemainSec":15}}
2023/04/11 09:30:07 [INFO] Receive Message:{"Ret":"ActTokenPlayerSeat","Data":{"SeatId":1}}
2023/04/11 09:30:22 [INFO] Receive Message:{"Ret":"ActGold","Data":{"Gold":7000084.65}}
2023/04/11 09:30:22 [INFO] Receive Message:{"Ret":"ActAction","Data":{"seatId":1,"actiontype":"call","data":null}}
2023/04/11 09:30:22 [INFO] Receive Message:{"Ret":"ActGamePeriod","Data":{"Fsm":"Play","Gid":"2006-1645599970306297856","RemainSec":15}}
2023/04/11 09:30:22 [INFO] Receive Message:{"Ret":"ActTokenPlayerSeat","Data":{"SeatId":3}}
2023/04/11 09:30:24 [INFO] Receive Message:{"Ret":"ActAction","Data":{"seatId":3,"actiontype":"call","data":null}}
2023/04/11 09:30:24 [INFO] Receive Message:{"Ret":"ActGamePeriod","Data":{"Fsm":"Play","Gid":"2006-1645599970306297856","RemainSec":15}}
2023/04/11 09:30:24 [INFO] Receive Message:{"Ret":"ActTokenPlayerSeat","Data":{"SeatId":1}}
2023/04/11 09:30:39 [INFO] Receive Message:{"Ret":"ActGold","Data":{"Gold":7000084.15}}
2023/04/11 09:30:39 [INFO] Receive Message:{"Ret":"ActAction","Data":{"seatId":1,"actiontype":"call","data":null}}
2023/04/11 09:30:39 [INFO] Receive Message:{"Ret":"ActGamePeriod","Data":{"Fsm":"Play","Gid":"2006-1645599970306297856","RemainSec":15}}
2023/04/11 09:30:39 [INFO] Receive Message:{"Ret":"ActTokenPlayerSeat","Data":{"SeatId":3}}
2023/04/11 09:30:40 [INFO] Receive Message:{"Ret":"ActAction","Data":{"seatId":3,"actiontype":"compare","data":{"playseat":3,"compareseat":1,"comparebet":1,"iswin":false,"playcard":[3,15,40],"comparecard":[12,37,49],"playCardtype":4,"compareCardtype":4}}}
2023/04/11 09:30:45 [INFO] Receive Message:{"Ret":"ActGamePeriod","Data":{"Fsm":"Play","Gid":"2006-1645599970306297856","RemainSec":15}}
2023/04/11 09:30:45 [INFO] Receive Message:{"Ret":"ActTokenPlayerSeat","Data":{"SeatId":1}}
2023/04/11 09:30:59 [INFO] Receive Message:{"Ret":"ActGold","Data":{"Gold":7000083.65}}
2023/04/11 09:30:59 [INFO] Receive Message:{"Ret":"ActAction","Data":{"seatId":1,"actiontype":"call","data":null}}
2023/04/11 09:30:59 [INFO] Receive Message:{"Ret":"ActGamePeriod","Data":{"Fsm":"Play","Gid":"2006-1645599970306297856","RemainSec":15}}
2023/04/11 09:30:59 [INFO] Receive Message:{"Ret":"ActTokenPlayerSeat","Data":{"SeatId":1}}
2023/04/11 09:31:14 [INFO] Receive Message:{"Ret":"ActGold","Data":{"Gold":7000083.15}}
2023/04/11 09:31:14 [INFO] Receive Message:{"Ret":"ActAction","Data":{"seatId":1,"actiontype":"call","data":null}}
2023/04/11 09:31:14 [INFO] Receive Message:{"Ret":"ActGamePeriod","Data":{"Fsm":"Play","Gid":"2006-1645599970306297856","RemainSec":15}}
2023/04/11 09:31:14 [INFO] Receive Message:{"Ret":"ActTokenPlayerSeat","Data":{"SeatId":1}}
2023/04/11 09:31:19 [INFO] Receive Message:{"Ret":"ActAction","Data":{"seatId":1,"actiontype":"fold","data":null}}
2023/04/11 09:31:19 [INFO] Receive Message:{"Ret":"ActGamePeriod","Data":{"Fsm":"Play","Gid":"2006-1645599970306297856","RemainSec":15}}
2023/04/11 09:31:32 [ERROR] read tcp [::1]:49799->[::1]:10001: wsarecv: An existing connection was forcibly closed by the remote host.
2023/04/11 09:33:05 [INFO] 連線中斷
2023/04/11 09:33:05 [INFO] Connect Success
2023/04/11 09:33:07 [INFO] Receive Message:{"Code":0,"Ret":"Login","Message":"success","Data":{"Gold":7000071.65,"IconID":0,"Name":"Test_simon","UserId":82941254,"MatchGameCode":"goldenflower","MatchGameTableId":20060,"Version":"1.0.0","Marquee":null,"is_relogin":false}}
2023/04/11 09:33:12 [INFO] Receive Message:{"Code":0,"Ret":"JoinGame","Message":"success","Data":{"Gid":"","BankerCards":null,"BankerCardPoint":0,"BetLimit":[[1,0]],"Chips":[0,0,0,0,0,0],"RemainSec":1,"BetInfo":{},"TableCards":{},"PlayerInfo":[],"Fsm":"Init","result":null}}
2023/04/11 09:33:13 [INFO] Receive Message:{"Ret":"ActGamePeriod","Data":{"Fsm":"Match","Gid":"2006-1645600861260353536","RemainSec":3}}
2023/04/11 09:33:16 [INFO] Receive Message:{"Ret":"ActTableStatus","Data":{"tablePlayerInfo":[{"seatId":0,"iconId":0,"name":"****mon","gold":14000143.3,"isSitDown":true},{"seatId":1,"iconId":2,"name":"****y47","gold":166591,"isSitDown":true},{"seatId":2,"iconId":4,"name":"****y57","gold":171516,"isSitDown":true},{"seatId":4,"iconId":107,"name":"****a96","gold":144910,"isSitDown":true}]}}
2023/04/11 09:33:16 [INFO] Receive Message:{"Ret":"ActRaiseArray","Data":{"raiseArray":[4,6,8,10,12,14]}}
2023/04/11 09:33:16 [INFO] Receive Message:{"Ret":"ActGold","Data":{"Gold":14000142.3}}
2023/04/11 09:33:16 [INFO] Receive Message:{"Ret":"ActAnteBet","Data":{"antebet":[{"seatId":0,"bet":1},{"seatId":1,"bet":1},{"seatId":2,"bet":1},{"seatId":4,"bet":1}]}}
2023/04/11 09:33:16 [INFO] Receive Message:{"Ret":"ActGamePeriod","Data":{"Fsm":"Bet","Gid":"2006-1645600861260353536","RemainSec":1}}
2023/04/11 09:33:17 [INFO] Receive Message:{"Ret":"ActGamePeriod","Data":{"Fsm":"Deal","Gid":"2006-1645600861260353536","RemainSec":1}}
2023/04/11 09:33:17 [INFO] Receive Message:{"Ret":"ActDealCard","Data":{"seatid":0,"cards":[-1,-1,-1]}}
2023/04/11 09:33:18 [INFO] Receive Message:{"Ret":"ActGamePeriod","Data":{"Fsm":"Play","Gid":"2006-1645600861260353536","RemainSec":15}}
2023/04/11 09:33:18 [INFO] Receive Message:{"Ret":"ActTokenPlayerSeat","Data":{"SeatId":0}}
2023/04/11 09:33:26 [INFO] Receive Message:{"Code":0,"Ret":"PlayOperate","Message":"success"}
2023/04/11 09:33:26 [INFO] Receive Message:{"Ret":"ActAction","Data":{"seatId":0,"actiontype":"fold","data":null}}
2023/04/11 09:33:26 [INFO] Receive Message:{"Ret":"ActGamePeriod","Data":{"Fsm":"Play","Gid":"2006-1645600861260353536","RemainSec":15}}
2023/04/11 09:33:26 [INFO] Receive Message:{"Ret":"ActTokenPlayerSeat","Data":{"SeatId":1}}
2023/04/11 09:33:28 [INFO] Receive Message:{"Ret":"ActAction","Data":{"seatId":1,"actiontype":"call","data":null}}
2023/04/11 09:33:28 [INFO] Receive Message:{"Ret":"ActGamePeriod","Data":{"Fsm":"Play","Gid":"2006-1645600861260353536","RemainSec":15}}
2023/04/11 09:33:28 [INFO] Receive Message:{"Ret":"ActTokenPlayerSeat","Data":{"SeatId":2}}
2023/04/11 09:33:31 [INFO] Receive Message:{"Ret":"ActAction","Data":{"seatId":2,"actiontype":"call","data":null}}
2023/04/11 09:33:31 [INFO] Receive Message:{"Ret":"ActGamePeriod","Data":{"Fsm":"Play","Gid":"2006-1645600861260353536","RemainSec":15}}
2023/04/11 09:33:31 [INFO] Receive Message:{"Ret":"ActTokenPlayerSeat","Data":{"SeatId":4}}
2023/04/11 09:33:34 [INFO] Receive Message:{"Ret":"ActAction","Data":{"seatId":4,"actiontype":"fold","data":null}}
2023/04/11 09:33:34 [INFO] Receive Message:{"Ret":"ActGamePeriod","Data":{"Fsm":"Play","Gid":"2006-1645600861260353536","RemainSec":15}}
2023/04/11 09:33:34 [INFO] Receive Message:{"Ret":"ActTokenPlayerSeat","Data":{"SeatId":1}}
2023/04/11 09:33:36 [INFO] Receive Message:{"Ret":"ActAction","Data":{"seatId":1,"actiontype":"raise","data":4}}
2023/04/11 09:33:36 [INFO] Receive Message:{"Ret":"ActGamePeriod","Data":{"Fsm":"Play","Gid":"2006-1645600861260353536","RemainSec":15}}
2023/04/11 09:33:36 [INFO] Receive Message:{"Ret":"ActTokenPlayerSeat","Data":{"SeatId":2}}
2023/04/11 09:33:37 [INFO] Receive Message:{"Ret":"ActAction","Data":{"seatId":2,"actiontype":"fold","data":null}}
2023/04/11 09:33:37 [INFO] Receive Message:{"Ret":"ActGamePeriod","Data":{"Fsm":"Play","Gid":"2006-1645600861260353536","RemainSec":15}}
2023/04/11 09:33:37 [INFO] Receive Message:{"Ret":"ActTokenPlayerSeat","Data":{"SeatId":1}}
2023/04/11 09:33:40 [INFO] Receive Message:{"Ret":"ActAction","Data":{"seatId":1,"actiontype":"call","data":null}}
2023/04/11 09:33:40 [INFO] Receive Message:{"Ret":"ActGamePeriod","Data":{"Fsm":"Play","Gid":"2006-1645600861260353536","RemainSec":15}}
2023/04/11 09:33:40 [INFO] Receive Message:{"Ret":"ActTokenPlayerSeat","Data":{"SeatId":1}}
2023/04/11 09:33:41 [INFO] Receive Message:{"Ret":"ActAction","Data":{"seatId":1,"actiontype":"call","data":null}}
2023/04/11 09:33:41 [INFO] Receive Message:{"Ret":"ActGamePeriod","Data":{"Fsm":"Play","Gid":"2006-1645600861260353536","RemainSec":15}}
2023/04/11 09:33:41 [INFO] Receive Message:{"Ret":"ActTokenPlayerSeat","Data":{"SeatId":1}}
2023/04/11 09:33:45 [INFO] Receive Message:{"Ret":"ActAction","Data":{"seatId":1,"actiontype":"raise","data":6}}
2023/04/11 09:33:45 [INFO] Receive Message:{"Ret":"ActGamePeriod","Data":{"Fsm":"Play","Gid":"2006-1645600861260353536","RemainSec":15}}
2023/04/11 09:33:45 [INFO] Receive Message:{"Ret":"ActTokenPlayerSeat","Data":{"SeatId":1}}
2023/04/11 09:33:48 [INFO] Receive Message:{"Ret":"ActAction","Data":{"seatId":1,"actiontype":"call","data":null}}
2023/04/11 09:33:48 [INFO] Receive Message:{"Ret":"ActGamePeriod","Data":{"Fsm":"Play","Gid":"2006-1645600861260353536","RemainSec":15}}
2023/04/11 09:33:48 [INFO] Receive Message:{"Ret":"ActTokenPlayerSeat","Data":{"SeatId":1}}
2023/04/11 09:33:49 [INFO] Receive Message:{"Ret":"ActAction","Data":{"seatId":1,"actiontype":"call","data":null}}
2023/04/11 09:33:49 [INFO] Receive Message:{"Ret":"ActGamePeriod","Data":{"Fsm":"Play","Gid":"2006-1645600861260353536","RemainSec":15}}
2023/04/11 09:33:49 [INFO] Receive Message:{"Ret":"ActTokenPlayerSeat","Data":{"SeatId":1}}
2023/04/11 09:33:50 [INFO] Receive Message:{"Ret":"ActAction","Data":{"seatId":1,"actiontype":"call","data":null}}
2023/04/11 09:33:50 [INFO] Receive Message:{"Ret":"ActGamePeriod","Data":{"Fsm":"Play","Gid":"2006-1645600861260353536","RemainSec":15}}
2023/04/11 09:33:50 [INFO] Receive Message:{"Ret":"ActTokenPlayerSeat","Data":{"SeatId":1}}
2023/04/11 09:33:51 [INFO] Receive Message:{"Ret":"ActAction","Data":{"seatId":1,"actiontype":"raise","data":8}}
2023/04/11 09:33:51 [INFO] Receive Message:{"Ret":"ActGamePeriod","Data":{"Fsm":"Play","Gid":"2006-1645600861260353536","RemainSec":15}}
2023/04/11 09:33:51 [INFO] Receive Message:{"Ret":"ActTokenPlayerSeat","Data":{"SeatId":1}}
2023/04/11 09:33:52 [INFO] Receive Message:{"Ret":"ActAction","Data":{"seatId":1,"actiontype":"call","data":null}}
2023/04/11 09:33:52 [INFO] Receive Message:{"Ret":"ActGamePeriod","Data":{"Fsm":"Play","Gid":"2006-1645600861260353536","RemainSec":15}}
2023/04/11 09:33:52 [INFO] Receive Message:{"Ret":"ActTokenPlayerSeat","Data":{"SeatId":1}}
2023/04/11 09:33:53 [INFO] Receive Message:{"Ret":"ActAction","Data":{"seatId":1,"actiontype":"call","data":null}}
2023/04/11 09:33:53 [INFO] Receive Message:{"Ret":"ActGamePeriod","Data":{"Fsm":"Play","Gid":"2006-1645600861260353536","RemainSec":15}}
2023/04/11 09:33:53 [INFO] Receive Message:{"Ret":"ActTokenPlayerSeat","Data":{"SeatId":1}}
2023/04/11 09:33:56 [INFO] Receive Message:{"Ret":"ActAction","Data":{"seatId":1,"actiontype":"call","data":null}}
2023/04/11 09:33:56 [INFO] Receive Message:{"Ret":"ActGamePeriod","Data":{"Fsm":"Play","Gid":"2006-1645600861260353536","RemainSec":15}}
2023/04/11 09:33:56 [INFO] Receive Message:{"Ret":"ActTokenPlayerSeat","Data":{"SeatId":1}}
2023/04/11 09:33:57 [INFO] Receive Message:{"Ret":"ActAction","Data":{"seatId":1,"actiontype":"call","data":null}}
2023/04/11 09:33:57 [INFO] Receive Message:{"Ret":"ActGamePeriod","Data":{"Fsm":"Play","Gid":"2006-1645600861260353536","RemainSec":15}}
2023/04/11 09:33:57 [INFO] Receive Message:{"Ret":"ActTokenPlayerSeat","Data":{"SeatId":1}}
2023/04/11 09:33:58 [INFO] Receive Message:{"Ret":"ActAction","Data":{"seatId":1,"actiontype":"call","data":null}}
2023/04/11 09:33:58 [INFO] Receive Message:{"Ret":"ActGamePeriod","Data":{"Fsm":"Play","Gid":"2006-1645600861260353536","RemainSec":15}}
2023/04/11 09:33:58 [INFO] Receive Message:{"Ret":"ActTokenPlayerSeat","Data":{"SeatId":1}}
2023/04/11 09:34:01 [INFO] Receive Message:{"Ret":"ActAction","Data":{"seatId":1,"actiontype":"call","data":null}}
2023/04/11 09:34:01 [INFO] Receive Message:{"Ret":"ActGamePeriod","Data":{"Fsm":"Play","Gid":"2006-1645600861260353536","RemainSec":15}}
2023/04/11 09:34:01 [INFO] Receive Message:{"Ret":"ActTokenPlayerSeat","Data":{"SeatId":1}}
2023/04/11 09:34:04 [INFO] Receive Message:{"Ret":"ActAction","Data":{"seatId":1,"actiontype":"call","data":null}}
2023/04/11 09:34:04 [INFO] Receive Message:{"Ret":"ActGamePeriod","Data":{"Fsm":"Play","Gid":"2006-1645600861260353536","RemainSec":15}}
2023/04/11 09:34:04 [INFO] Receive Message:{"Ret":"ActTokenPlayerSeat","Data":{"SeatId":1}}
2023/04/11 09:34:07 [INFO] Receive Message:{"Ret":"ActAction","Data":{"seatId":1,"actiontype":"call","data":null}}
2023/04/11 09:34:07 [INFO] Receive Message:{"Ret":"ActGamePeriod","Data":{"Fsm":"Play","Gid":"2006-1645600861260353536","RemainSec":15}}
2023/04/11 09:34:07 [INFO] Receive Message:{"Ret":"ActTokenPlayerSeat","Data":{"SeatId":1}}
2023/04/11 09:34:09 [INFO] Receive Message:{"Ret":"ActAction","Data":{"seatId":1,"actiontype":"call","data":null}}
2023/04/11 09:34:09 [INFO] Receive Message:{"Ret":"ActGamePeriod","Data":{"Fsm":"Play","Gid":"2006-1645600861260353536","RemainSec":15}}
2023/04/11 09:34:09 [INFO] Receive Message:{"Ret":"ActTokenPlayerSeat","Data":{"SeatId":1}}
2023/04/11 09:34:12 [INFO] Receive Message:{"Ret":"ActAction","Data":{"seatId":1,"actiontype":"call","data":null}}
2023/04/11 09:34:12 [INFO] Receive Message:{"Ret":"ActGamePeriod","Data":{"Fsm":"Play","Gid":"2006-1645600861260353536","RemainSec":15}}
2023/04/11 09:34:12 [INFO] Receive Message:{"Ret":"ActTokenPlayerSeat","Data":{"SeatId":1}}
2023/04/11 09:34:14 [INFO] Receive Message:{"Ret":"ActAction","Data":{"seatId":1,"actiontype":"call","data":null}}
2023/04/11 09:34:14 [INFO] Receive Message:{"Ret":"ActGamePeriod","Data":{"Fsm":"Play","Gid":"2006-1645600861260353536","RemainSec":15}}
2023/04/11 09:34:14 [INFO] Receive Message:{"Ret":"ActTokenPlayerSeat","Data":{"SeatId":1}}
2023/04/11 09:34:17 [INFO] Receive Message:{"Ret":"ActAction","Data":{"seatId":1,"actiontype":"call","data":null}}
2023/04/11 09:34:17 [INFO] Receive Message:{"Ret":"ActGamePeriod","Data":{"Fsm":"Play","Gid":"2006-1645600861260353536","RemainSec":15}}
2023/04/11 09:34:17 [INFO] Receive Message:{"Ret":"ActGamePeriod","Data":{"Fsm":"Show","Gid":"2006-1645600861260353536","RemainSec":5}}
2023/04/11 09:34:17 [INFO] Receive Message:{"Ret":"ActGamePeriod","Data":{"Fsm":"Result","Gid":"2006-1645600861260353536","RemainSec":4}}
2023/04/11 09:34:17 [INFO] Receive Message:{"Ret":"SettleInfo","Data":[{"seatId":0,"bet":1,"win":0,"Gold":7000070.65},{"seatId":1,"bet":142,"win":3.8,"Gold":166452.8},{"seatId":2,"bet":2,"win":0,"Gold":171514},{"seatId":4,"bet":1,"win":0,"Gold":144909}]}
2023/04/11 09:34:17 [INFO] Receive Message:{"Ret":"ActGold","Data":{"Gold":7000070.65}}
2023/04/11 09:34:54 [ERROR] read tcp [::1]:49905->[::1]:10001: wsarecv: An existing connection was forcibly closed by the remote host.
2023/04/11 09:35:02 [INFO] 連線中斷
2023/04/11 09:35:02 [INFO] Connect Success
2023/04/11 09:35:05 [INFO] Receive Message:{"Code":0,"Ret":"Login","Message":"success","Data":{"Gold":7000070.65,"IconID":0,"Name":"Test_simon","UserId":82941254,"MatchGameCode":"","MatchGameTableId":0,"Version":"1.0.0","Marquee":null,"is_relogin":false}}
2023/04/11 09:35:09 [INFO] Receive Message:{"Code":0,"Ret":"JoinGame","Message":"success","Data":{"Gid":"","BankerCards":null,"BankerCardPoint":0,"BetLimit":[[1,0]],"Chips":[0,0,0,0,0,0],"RemainSec":1,"BetInfo":{},"TableCards":{},"PlayerInfo":[],"Fsm":"Init","result":null}}
2023/04/11 09:35:10 [INFO] Receive Message:{"Ret":"ActGamePeriod","Data":{"Fsm":"Match","Gid":"2006-1645601349179543552","RemainSec":3}}
2023/04/11 09:35:13 [INFO] Receive Message:{"Ret":"ActTableStatus","Data":{"tablePlayerInfo":[{"seatId":0,"iconId":0,"name":"****mon","gold":7000070.65,"isSitDown":true},{"seatId":1,"iconId":2,"name":"****r99","gold":140831,"isSitDown":true},{"seatId":2,"iconId":6,"name":"****p99","gold":176698,"isSitDown":true}]}}
2023/04/11 09:35:13 [INFO] Receive Message:{"Ret":"ActRaiseArray","Data":{"raiseArray":[4,6,8,10,12,14]}}
2023/04/11 09:35:13 [INFO] Receive Message:{"Ret":"ActGold","Data":{"Gold":7000069.65}}
2023/04/11 09:35:13 [INFO] Receive Message:{"Ret":"ActAnteBet","Data":{"antebet":[{"seatId":0,"bet":1},{"seatId":1,"bet":1},{"seatId":2,"bet":1}]}}
2023/04/11 09:35:13 [INFO] Receive Message:{"Ret":"ActGamePeriod","Data":{"Fsm":"Bet","Gid":"2006-1645601349179543552","RemainSec":1}}
2023/04/11 09:35:14 [INFO] Receive Message:{"Ret":"ActGamePeriod","Data":{"Fsm":"Deal","Gid":"2006-1645601349179543552","RemainSec":1}}
2023/04/11 09:35:14 [INFO] Receive Message:{"Ret":"ActDealCard","Data":{"seatid":0,"cards":[-1,-1,-1]}}
2023/04/11 09:35:15 [INFO] Receive Message:{"Ret":"ActGamePeriod","Data":{"Fsm":"Play","Gid":"2006-1645601349179543552","RemainSec":15}}
2023/04/11 09:35:15 [INFO] Receive Message:{"Ret":"ActTokenPlayerSeat","Data":{"SeatId":1}}
2023/04/11 09:35:18 [INFO] Receive Message:{"Ret":"ActAction","Data":{"seatId":1,"actiontype":"call","data":null}}
2023/04/11 09:35:18 [INFO] Receive Message:{"Ret":"ActGamePeriod","Data":{"Fsm":"Play","Gid":"2006-1645601349179543552","RemainSec":15}}
2023/04/11 09:35:18 [INFO] Receive Message:{"Ret":"ActTokenPlayerSeat","Data":{"SeatId":2}}
2023/04/11 09:35:20 [INFO] Receive Message:{"Ret":"ActAction","Data":{"seatId":2,"actiontype":"raise","data":4}}
2023/04/11 09:35:20 [INFO] Receive Message:{"Ret":"ActGamePeriod","Data":{"Fsm":"Play","Gid":"2006-1645601349179543552","RemainSec":15}}
2023/04/11 09:35:20 [INFO] Receive Message:{"Ret":"ActTokenPlayerSeat","Data":{"SeatId":0}}
2023/04/11 09:35:25 [INFO] Receive Message:{"Code":0,"Ret":"PlayOperate","Message":"success"}
2023/04/11 09:35:25 [INFO] Receive Message:{"Ret":"ActAction","Data":{"seatId":0,"actiontype":"fold","data":null}}
2023/04/11 09:35:25 [INFO] Receive Message:{"Ret":"ActGamePeriod","Data":{"Fsm":"Play","Gid":"2006-1645601349179543552","RemainSec":15}}
2023/04/11 09:35:25 [INFO] Receive Message:{"Ret":"ActTokenPlayerSeat","Data":{"SeatId":1}}
2023/04/11 09:35:27 [INFO] Receive Message:{"Ret":"ActAction","Data":{"seatId":1,"actiontype":"call","data":null}}
2023/04/11 09:35:27 [INFO] Receive Message:{"Ret":"ActGamePeriod","Data":{"Fsm":"Play","Gid":"2006-1645601349179543552","RemainSec":15}}
2023/04/11 09:35:27 [INFO] Receive Message:{"Ret":"ActTokenPlayerSeat","Data":{"SeatId":2}}
2023/04/11 09:35:28 [INFO] Receive Message:{"Ret":"ActAction","Data":{"seatId":2,"actiontype":"fold","data":null}}
2023/04/11 09:35:28 [INFO] Receive Message:{"Ret":"ActGamePeriod","Data":{"Fsm":"Play","Gid":"2006-1645601349179543552","RemainSec":15}}
2023/04/11 09:35:28 [INFO] Receive Message:{"Ret":"ActTokenPlayerSeat","Data":{"SeatId":1}}
2023/04/11 09:35:36 [ERROR] read tcp [::1]:49946->[::1]:10001: wsarecv: An existing connection was forcibly closed by the remote host.
2023/04/11 09:40:28 [INFO] 連線中斷
2023/04/11 09:40:28 [INFO] Connect Success
2023/04/11 09:40:30 [INFO] Receive Message:{"Code":0,"Ret":"Login","Message":"success","Data":{"Gold":7000069.65,"IconID":0,"Name":"Test_simon","UserId":82941254,"MatchGameCode":"","MatchGameTableId":0,"Version":"1.0.0","Marquee":null,"is_relogin":false}}
2023/04/11 09:40:32 [INFO] Receive Message:{"Code":0,"Ret":"JoinGame","Message":"success","Data":{"Gid":"","BankerCards":null,"BankerCardPoint":0,"BetLimit":[[1,0]],"Chips":[0,0,0,0,0,0],"RemainSec":1,"BetInfo":{},"TableCards":{},"PlayerInfo":[],"Fsm":"Init","result":null}}
2023/04/11 09:40:33 [INFO] Receive Message:{"Ret":"ActGamePeriod","Data":{"Fsm":"Match","Gid":"2006-1645602705697148928","RemainSec":3}}
2023/04/11 09:40:36 [INFO] Receive Message:{"Ret":"ActTableStatus","Data":{"tablePlayerInfo":[{"seatId":0,"iconId":0,"name":"****mon","gold":7000069.65,"isSitDown":true},{"seatId":1,"iconId":105,"name":"****a78","gold":118352,"isSitDown":true},{"seatId":3,"iconId":100,"name":"****a17","gold":161920,"isSitDown":true}]}}
2023/04/11 09:40:36 [INFO] Receive Message:{"Ret":"ActRaiseArray","Data":{"raiseArray":[4,6,8,10,12,14]}}
2023/04/11 09:40:36 [INFO] Receive Message:{"Ret":"ActGold","Data":{"Gold":7000068.65}}
2023/04/11 09:40:36 [INFO] Receive Message:{"Ret":"ActAnteBet","Data":{"antebet":[{"seatId":0,"bet":1},{"seatId":1,"bet":1},{"seatId":3,"bet":1}]}}
2023/04/11 09:40:36 [INFO] Receive Message:{"Ret":"ActGamePeriod","Data":{"Fsm":"Bet","Gid":"2006-1645602705697148928","RemainSec":1}}
2023/04/11 09:40:37 [INFO] Receive Message:{"Ret":"ActGamePeriod","Data":{"Fsm":"Deal","Gid":"2006-1645602705697148928","RemainSec":1}}
2023/04/11 09:40:37 [INFO] Receive Message:{"Ret":"ActDealCard","Data":{"seatid":0,"cards":[-1,-1,-1]}}
2023/04/11 09:40:38 [INFO] Receive Message:{"Ret":"ActGamePeriod","Data":{"Fsm":"Play","Gid":"2006-1645602705697148928","RemainSec":15}}
2023/04/11 09:40:38 [INFO] Receive Message:{"Ret":"ActTokenPlayerSeat","Data":{"SeatId":1}}
2023/04/11 09:40:41 [INFO] Receive Message:{"Ret":"ActAction","Data":{"seatId":1,"actiontype":"call","data":null}}
2023/04/11 09:40:41 [INFO] Receive Message:{"Ret":"ActGamePeriod","Data":{"Fsm":"Play","Gid":"2006-1645602705697148928","RemainSec":15}}
2023/04/11 09:40:41 [INFO] Receive Message:{"Ret":"ActTokenPlayerSeat","Data":{"SeatId":3}}
2023/04/11 09:40:43 [INFO] Receive Message:{"Ret":"ActAction","Data":{"seatId":3,"actiontype":"call","data":null}}
2023/04/11 09:40:43 [INFO] Receive Message:{"Ret":"ActGamePeriod","Data":{"Fsm":"Play","Gid":"2006-1645602705697148928","RemainSec":15}}
2023/04/11 09:40:43 [INFO] Receive Message:{"Ret":"ActTokenPlayerSeat","Data":{"SeatId":0}}
2023/04/11 09:40:56 [INFO] Receive Message:{"Code":0,"Ret":"PlayOperate","Message":"success"}
2023/04/11 09:40:56 [INFO] Receive Message:{"Ret":"ActAction","Data":{"seatId":0,"actiontype":"fold","data":null}}
2023/04/11 09:40:56 [INFO] Receive Message:{"Ret":"ActGamePeriod","Data":{"Fsm":"Play","Gid":"2006-1645602705697148928","RemainSec":15}}
2023/04/11 09:40:56 [INFO] Receive Message:{"Ret":"ActTokenPlayerSeat","Data":{"SeatId":1}}
2023/04/11 09:40:58 [INFO] Receive Message:{"Ret":"ActAction","Data":{"seatId":1,"actiontype":"raise","data":4}}
2023/04/11 09:40:58 [INFO] Receive Message:{"Ret":"ActGamePeriod","Data":{"Fsm":"Play","Gid":"2006-1645602705697148928","RemainSec":15}}
2023/04/11 09:40:58 [INFO] Receive Message:{"Ret":"ActTokenPlayerSeat","Data":{"SeatId":3}}
2023/04/11 09:41:01 [INFO] Receive Message:{"Ret":"ActAction","Data":{"seatId":3,"actiontype":"fold","data":null}}
2023/04/11 09:41:01 [INFO] Receive Message:{"Ret":"ActGamePeriod","Data":{"Fsm":"Play","Gid":"2006-1645602705697148928","RemainSec":15}}
2023/04/11 09:41:01 [INFO] Receive Message:{"Ret":"ActTokenPlayerSeat","Data":{"SeatId":1}}
2023/04/11 09:41:03 [INFO] Receive Message:{"Ret":"ActAction","Data":{"seatId":1,"actiontype":"call","data":null}}
2023/04/11 09:41:03 [INFO] Receive Message:{"Ret":"ActGamePeriod","Data":{"Fsm":"Play","Gid":"2006-1645602705697148928","RemainSec":15}}
2023/04/11 09:41:03 [INFO] Receive Message:{"Ret":"ActTokenPlayerSeat","Data":{"SeatId":1}}
2023/04/11 09:41:06 [INFO] Receive Message:{"Ret":"ActAction","Data":{"seatId":1,"actiontype":"raise","data":6}}
2023/04/11 09:41:06 [INFO] Receive Message:{"Ret":"ActGamePeriod","Data":{"Fsm":"Play","Gid":"2006-1645602705697148928","RemainSec":15}}
2023/04/11 09:41:06 [INFO] Receive Message:{"Ret":"ActTokenPlayerSeat","Data":{"SeatId":1}}
2023/04/11 09:41:08 [INFO] Receive Message:{"Ret":"ActAction","Data":{"seatId":1,"actiontype":"call","data":null}}
2023/04/11 09:41:08 [INFO] Receive Message:{"Ret":"ActGamePeriod","Data":{"Fsm":"Play","Gid":"2006-1645602705697148928","RemainSec":15}}
2023/04/11 09:41:08 [INFO] Receive Message:{"Ret":"ActTokenPlayerSeat","Data":{"SeatId":1}}
2023/04/11 09:41:10 [INFO] Receive Message:{"Ret":"ActAction","Data":{"seatId":1,"actiontype":"call","data":null}}
2023/04/11 09:41:10 [INFO] Receive Message:{"Ret":"ActGamePeriod","Data":{"Fsm":"Play","Gid":"2006-1645602705697148928","RemainSec":15}}
2023/04/11 09:41:10 [INFO] Receive Message:{"Ret":"ActTokenPlayerSeat","Data":{"SeatId":1}}
2023/04/11 09:41:13 [INFO] Receive Message:{"Ret":"ActAction","Data":{"seatId":1,"actiontype":"call","data":null}}
2023/04/11 09:41:13 [INFO] Receive Message:{"Ret":"ActGamePeriod","Data":{"Fsm":"Play","Gid":"2006-1645602705697148928","RemainSec":15}}
2023/04/11 09:41:13 [INFO] Receive Message:{"Ret":"ActTokenPlayerSeat","Data":{"SeatId":1}}
2023/04/11 09:41:28 [ERROR] read tcp [::1]:50163->[::1]:10001: wsarecv: An existing connection was forcibly closed by the remote host.
2023/04/11 09:43:09 [INFO] 連線中斷
2023/04/11 09:43:09 [INFO] Connect Success
2023/04/11 09:43:11 [INFO] Receive Message:{"Code":0,"Ret":"Login","Message":"success","Data":{"Gold":7000068.65,"IconID":0,"Name":"Test_simon","UserId":82941254,"MatchGameCode":"goldenflower","MatchGameTableId":20060,"Version":"1.0.0","Marquee":null,"is_relogin":false}}
2023/04/11 09:43:15 [INFO] Receive Message:{"Code":0,"Ret":"JoinGame","Message":"success","Data":{"Gid":"","BankerCards":null,"BankerCardPoint":0,"BetLimit":[[1,0]],"Chips":[0,0,0,0,0,0],"RemainSec":1,"BetInfo":{},"TableCards":{},"PlayerInfo":[],"Fsm":"Init","result":null}}
2023/04/11 09:43:16 [INFO] Receive Message:{"Ret":"ActGamePeriod","Data":{"Fsm":"Match","Gid":"2006-1645603390849290240","RemainSec":3}}
2023/04/11 09:43:19 [INFO] Receive Message:{"Ret":"ActTableStatus","Data":{"tablePlayerInfo":[{"seatId":0,"iconId":101,"name":"****d22","gold":116312,"isSitDown":true},{"seatId":1,"iconId":4,"name":"****h77","gold":124580,"isSitDown":true},{"seatId":3,"iconId":0,"name":"****mon","gold":14000137.3,"isSitDown":true}]}}
2023/04/11 09:43:19 [INFO] Receive Message:{"Ret":"ActRaiseArray","Data":{"raiseArray":[4,6,8,10,12,14]}}
2023/04/11 09:43:19 [INFO] Receive Message:{"Ret":"ActGold","Data":{"Gold":14000136.3}}
2023/04/11 09:43:19 [INFO] Receive Message:{"Ret":"ActAnteBet","Data":{"antebet":[{"seatId":0,"bet":1},{"seatId":1,"bet":1},{"seatId":3,"bet":1}]}}
2023/04/11 09:43:19 [INFO] Receive Message:{"Ret":"ActGamePeriod","Data":{"Fsm":"Bet","Gid":"2006-1645603390849290240","RemainSec":1}}
2023/04/11 09:43:20 [INFO] Receive Message:{"Ret":"ActGamePeriod","Data":{"Fsm":"Deal","Gid":"2006-1645603390849290240","RemainSec":1}}
2023/04/11 09:43:20 [INFO] Receive Message:{"Ret":"ActDealCard","Data":{"seatid":3,"cards":[-1,-1,-1]}}
2023/04/11 09:43:29 [INFO] Receive Message:{"Ret":"ActGamePeriod","Data":{"Fsm":"Play","Gid":"2006-1645603390849290240","RemainSec":15}}
2023/04/11 09:43:29 [INFO] Receive Message:{"Ret":"ActTokenPlayerSeat","Data":{"SeatId":0}}
2023/04/11 09:43:34 [INFO] Receive Message:{"Ret":"ActAction","Data":{"seatId":0,"actiontype":"call","data":null}}
2023/04/11 09:43:34 [INFO] Receive Message:{"Ret":"ActGamePeriod","Data":{"Fsm":"Play","Gid":"2006-1645603390849290240","RemainSec":15}}
2023/04/11 09:43:34 [INFO] Receive Message:{"Ret":"ActTokenPlayerSeat","Data":{"SeatId":1}}
2023/04/11 09:43:38 [INFO] Receive Message:{"Ret":"ActAction","Data":{"seatId":1,"actiontype":"raise","data":4}}
2023/04/11 09:43:38 [INFO] Receive Message:{"Ret":"ActGamePeriod","Data":{"Fsm":"Play","Gid":"2006-1645603390849290240","RemainSec":15}}
2023/04/11 09:43:38 [INFO] Receive Message:{"Ret":"ActTokenPlayerSeat","Data":{"SeatId":3}}
2023/04/11 09:43:46 [INFO] Receive Message:{"Code":0,"Ret":"PlayOperate","Message":"success"}
2023/04/11 09:43:46 [INFO] Receive Message:{"Ret":"ActAction","Data":{"seatId":3,"actiontype":"fold","data":null}}
2023/04/11 09:43:46 [INFO] Receive Message:{"Ret":"ActGamePeriod","Data":{"Fsm":"Play","Gid":"2006-1645603390849290240","RemainSec":15}}
2023/04/11 09:43:46 [INFO] Receive Message:{"Ret":"ActTokenPlayerSeat","Data":{"SeatId":0}}
2023/04/11 09:43:50 [INFO] Receive Message:{"Ret":"ActAction","Data":{"seatId":0,"actiontype":"call","data":null}}
2023/04/11 09:43:50 [INFO] Receive Message:{"Ret":"ActGamePeriod","Data":{"Fsm":"Play","Gid":"2006-1645603390849290240","RemainSec":15}}
2023/04/11 09:43:50 [INFO] Receive Message:{"Ret":"ActTokenPlayerSeat","Data":{"SeatId":1}}
2023/04/11 09:43:54 [INFO] Receive Message:{"Ret":"ActAction","Data":{"seatId":1,"actiontype":"call","data":null}}
2023/04/11 09:43:54 [INFO] Receive Message:{"Ret":"ActGamePeriod","Data":{"Fsm":"Play","Gid":"2006-1645603390849290240","RemainSec":15}}
2023/04/11 09:43:54 [INFO] Receive Message:{"Ret":"ActTokenPlayerSeat","Data":{"SeatId":0}}
2023/04/11 09:43:58 [INFO] Receive Message:{"Ret":"ActAction","Data":{"seatId":0,"actiontype":"call","data":null}}
2023/04/11 09:43:58 [INFO] Receive Message:{"Ret":"ActGamePeriod","Data":{"Fsm":"Play","Gid":"2006-1645603390849290240","RemainSec":15}}
2023/04/11 09:43:58 [INFO] Receive Message:{"Ret":"ActTokenPlayerSeat","Data":{"SeatId":1}}
2023/04/11 09:44:02 [INFO] Receive Message:{"Ret":"ActAction","Data":{"seatId":1,"actiontype":"call","data":null}}
2023/04/11 09:44:02 [INFO] Receive Message:{"Ret":"ActGamePeriod","Data":{"Fsm":"Play","Gid":"2006-1645603390849290240","RemainSec":15}}
2023/04/11 09:44:02 [INFO] Receive Message:{"Ret":"ActTokenPlayerSeat","Data":{"SeatId":0}}
2023/04/11 09:44:05 [INFO] Receive Message:{"Ret":"ActAction","Data":{"seatId":0,"actiontype":"compare","data":{"playseat":0,"compareseat":1,"comparebet":4,"iswin":true,"playcard":[5,17,42],"comparecard":[4,16,28],"playCardtype":4,"compareCardtype":4}}}
2023/04/11 09:44:13 [INFO] Receive Message:{"Ret":"ActGamePeriod","Data":{"Fsm":"Play","Gid":"2006-1645603390849290240","RemainSec":15}}
2023/04/11 09:44:13 [INFO] Receive Message:{"Ret":"ActTokenPlayerSeat","Data":{"SeatId":0}}
2023/04/11 09:45:01 [INFO] Receive Message:{"Ret":"ActAction","Data":{"seatId":0,"actiontype":"call","data":null}}
2023/04/11 09:45:01 [INFO] Receive Message:{"Ret":"ActGamePeriod","Data":{"Fsm":"Play","Gid":"2006-1645603390849290240","RemainSec":15}}
2023/04/11 09:45:08 [INFO] Receive Message:{"Ret":"ActTokenPlayerSeat","Data":{"SeatId":0}}
2023/04/11 09:45:10 [INFO] Receive Message:{"Ret":"ActAction","Data":{"seatId":0,"actiontype":"call","data":null}}
2023/04/11 09:45:19 [INFO] Receive Message:{"Ret":"ActGamePeriod","Data":{"Fsm":"Play","Gid":"2006-1645603390849290240","RemainSec":15}}
2023/04/11 09:45:19 [INFO] Receive Message:{"Ret":"ActTokenPlayerSeat","Data":{"SeatId":0}}
2023/04/11 09:45:22 [ERROR] read tcp [::1]:50228->[::1]:10001: wsarecv: An existing connection was forcibly closed by the remote host.
2023/04/11 09:46:32 [INFO] 連線中斷
2023/04/11 09:46:33 [INFO] Connect Success
2023/04/11 09:46:36 [INFO] Receive Message:{"Code":0,"Ret":"Login","Message":"success","Data":{"Gold":7000067.65,"IconID":0,"Name":"Test_simon","UserId":82941254,"MatchGameCode":"goldenflower","MatchGameTableId":20060,"Version":"1.0.0","Marquee":null,"is_relogin":false}}
2023/04/11 09:46:42 [INFO] Receive Message:{"Code":0,"Ret":"JoinGame","Message":"success","Data":{"Gid":"","BankerCards":null,"BankerCardPoint":0,"BetLimit":[[1,0]],"Chips":[0,0,0,0,0,0],"RemainSec":1,"BetInfo":{},"TableCards":{},"PlayerInfo":[],"Fsm":"Init","result":null}}
2023/04/11 09:46:43 [INFO] Receive Message:{"Ret":"ActGamePeriod","Data":{"Fsm":"Match","Gid":"2006-1645604259271544832","RemainSec":3}}
2023/04/11 09:46:46 [INFO] Receive Message:{"Ret":"ActTableStatus","Data":{"tablePlayerInfo":[{"seatId":0,"iconId":6,"name":"****e51","gold":162195,"isSitDown":true},{"seatId":1,"iconId":102,"name":"****y47","gold":153570,"isSitDown":true},{"seatId":3,"iconId":0,"name":"****mon","gold":21000203.95,"isSitDown":true},{"seatId":4,"iconId":5,"name":"****d34","gold":153514,"isSitDown":true}]}}
2023/04/11 09:46:46 [INFO] Receive Message:{"Ret":"ActRaiseArray","Data":{"raiseArray":[4,6,8,10,12,14]}}
2023/04/11 09:46:46 [INFO] Receive Message:{"Ret":"ActGold","Data":{"Gold":21000202.95}}
2023/04/11 09:46:46 [INFO] Receive Message:{"Ret":"ActAnteBet","Data":{"antebet":[{"seatId":0,"bet":1},{"seatId":1,"bet":1},{"seatId":3,"bet":1},{"seatId":4,"bet":1}]}}
2023/04/11 09:46:46 [INFO] Receive Message:{"Ret":"ActGamePeriod","Data":{"Fsm":"Bet","Gid":"2006-1645604259271544832","RemainSec":1}}
2023/04/11 09:46:47 [INFO] Receive Message:{"Ret":"ActGamePeriod","Data":{"Fsm":"Deal","Gid":"2006-1645604259271544832","RemainSec":1}}
2023/04/11 09:46:47 [INFO] Receive Message:{"Ret":"ActDealCard","Data":{"seatid":3,"cards":[-1,-1,-1]}}
2023/04/11 09:46:50 [INFO] Receive Message:{"Ret":"ActGamePeriod","Data":{"Fsm":"Play","Gid":"2006-1645604259271544832","RemainSec":15}}
2023/04/11 09:46:52 [INFO] Receive Message:{"Ret":"ActTokenPlayerSeat","Data":{"SeatId":3}}
2023/04/11 09:47:08 [INFO] Receive Message:{"Code":0,"Ret":"PlayOperate","Message":"success"}
2023/04/11 09:47:08 [INFO] Receive Message:{"Ret":"ActAction","Data":{"seatId":3,"actiontype":"fold","data":null}}
2023/04/11 09:47:08 [INFO] Receive Message:{"Ret":"ActGamePeriod","Data":{"Fsm":"Play","Gid":"2006-1645604259271544832","RemainSec":15}}
2023/04/11 09:47:08 [INFO] Receive Message:{"Ret":"ActTokenPlayerSeat","Data":{"SeatId":0}}
2023/04/11 09:47:10 [INFO] Receive Message:{"Ret":"ActAction","Data":{"seatId":0,"actiontype":"raise","data":4}}
2023/04/11 09:47:10 [INFO] Receive Message:{"Ret":"ActGamePeriod","Data":{"Fsm":"Play","Gid":"2006-1645604259271544832","RemainSec":15}}
2023/04/11 09:47:10 [INFO] Receive Message:{"Ret":"ActTokenPlayerSeat","Data":{"SeatId":1}}
2023/04/11 09:47:11 [INFO] Receive Message:{"Ret":"ActAction","Data":{"seatId":1,"actiontype":"call","data":null}}
2023/04/11 09:47:11 [INFO] Receive Message:{"Ret":"ActGamePeriod","Data":{"Fsm":"Play","Gid":"2006-1645604259271544832","RemainSec":15}}
2023/04/11 09:47:11 [INFO] Receive Message:{"Ret":"ActTokenPlayerSeat","Data":{"SeatId":4}}
2023/04/11 09:47:13 [INFO] Receive Message:{"Ret":"ActAction","Data":{"seatId":4,"actiontype":"call","data":null}}
2023/04/11 09:47:13 [INFO] Receive Message:{"Ret":"ActGamePeriod","Data":{"Fsm":"Play","Gid":"2006-1645604259271544832","RemainSec":15}}
2023/04/11 09:47:13 [INFO] Receive Message:{"Ret":"ActTokenPlayerSeat","Data":{"SeatId":0}}
2023/04/11 09:47:17 [INFO] Receive Message:{"Ret":"ActAction","Data":{"seatId":0,"actiontype":"raise","data":6}}
2023/04/11 09:47:17 [INFO] Receive Message:{"Ret":"ActGamePeriod","Data":{"Fsm":"Play","Gid":"2006-1645604259271544832","RemainSec":15}}
2023/04/11 09:47:17 [INFO] Receive Message:{"Ret":"ActTokenPlayerSeat","Data":{"SeatId":1}}
2023/04/11 09:47:21 [INFO] Receive Message:{"Ret":"ActAction","Data":{"seatId":1,"actiontype":"call","data":null}}
2023/04/11 09:47:21 [INFO] Receive Message:{"Ret":"ActGamePeriod","Data":{"Fsm":"Play","Gid":"2006-1645604259271544832","RemainSec":15}}
2023/04/11 09:47:21 [INFO] Receive Message:{"Ret":"ActTokenPlayerSeat","Data":{"SeatId":4}}
2023/04/11 09:47:23 [INFO] Receive Message:{"Ret":"ActAction","Data":{"seatId":4,"actiontype":"call","data":null}}
2023/04/11 09:47:23 [INFO] Receive Message:{"Ret":"ActGamePeriod","Data":{"Fsm":"Play","Gid":"2006-1645604259271544832","RemainSec":15}}
2023/04/11 09:47:23 [INFO] Receive Message:{"Ret":"ActTokenPlayerSeat","Data":{"SeatId":0}}
2023/04/11 09:47:25 [INFO] Receive Message:{"Ret":"ActAction","Data":{"seatId":0,"actiontype":"raise","data":8}}
2023/04/11 09:47:25 [INFO] Receive Message:{"Ret":"ActGamePeriod","Data":{"Fsm":"Play","Gid":"2006-1645604259271544832","RemainSec":15}}
2023/04/11 09:47:25 [INFO] Receive Message:{"Ret":"ActTokenPlayerSeat","Data":{"SeatId":1}}
2023/04/11 09:47:29 [INFO] Receive Message:{"Ret":"ActAction","Data":{"seatId":1,"actiontype":"call","data":null}}
2023/04/11 09:47:29 [INFO] Receive Message:{"Ret":"ActGamePeriod","Data":{"Fsm":"Play","Gid":"2006-1645604259271544832","RemainSec":15}}
2023/04/11 09:47:29 [INFO] Receive Message:{"Ret":"ActTokenPlayerSeat","Data":{"SeatId":4}}
2023/04/11 09:47:31 [INFO] Receive Message:{"Ret":"ActAction","Data":{"seatId":4,"actiontype":"call","data":null}}
2023/04/11 09:47:31 [INFO] Receive Message:{"Ret":"ActGamePeriod","Data":{"Fsm":"Play","Gid":"2006-1645604259271544832","RemainSec":15}}
2023/04/11 09:47:31 [INFO] Receive Message:{"Ret":"ActTokenPlayerSeat","Data":{"SeatId":0}}
2023/04/11 09:47:34 [INFO] Receive Message:{"Ret":"ActAction","Data":{"seatId":0,"actiontype":"call","data":null}}
2023/04/11 09:47:34 [INFO] Receive Message:{"Ret":"ActGamePeriod","Data":{"Fsm":"Play","Gid":"2006-1645604259271544832","RemainSec":15}}
2023/04/11 09:47:34 [INFO] Receive Message:{"Ret":"ActTokenPlayerSeat","Data":{"SeatId":1}}
2023/04/11 09:47:38 [INFO] Receive Message:{"Ret":"ActAction","Data":{"seatId":1,"actiontype":"call","data":null}}
2023/04/11 09:47:38 [INFO] Receive Message:{"Ret":"ActGamePeriod","Data":{"Fsm":"Play","Gid":"2006-1645604259271544832","RemainSec":15}}
2023/04/11 09:47:38 [INFO] Receive Message:{"Ret":"ActTokenPlayerSeat","Data":{"SeatId":4}}
2023/04/11 09:47:41 [INFO] Receive Message:{"Ret":"ActAction","Data":{"seatId":4,"actiontype":"fold","data":null}}
2023/04/11 09:47:41 [INFO] Receive Message:{"Ret":"ActGamePeriod","Data":{"Fsm":"Play","Gid":"2006-1645604259271544832","RemainSec":15}}
2023/04/11 09:47:41 [INFO] Receive Message:{"Ret":"ActTokenPlayerSeat","Data":{"SeatId":0}}
2023/04/11 09:47:44 [INFO] Receive Message:{"Ret":"ActAction","Data":{"seatId":0,"actiontype":"call","data":null}}
2023/04/11 09:47:44 [INFO] Receive Message:{"Ret":"ActGamePeriod","Data":{"Fsm":"Play","Gid":"2006-1645604259271544832","RemainSec":15}}
2023/04/11 09:47:44 [INFO] Receive Message:{"Ret":"ActTokenPlayerSeat","Data":{"SeatId":1}}
2023/04/11 09:47:48 [INFO] Receive Message:{"Ret":"ActAction","Data":{"seatId":1,"actiontype":"call","data":null}}
2023/04/11 09:47:48 [INFO] Receive Message:{"Ret":"ActGamePeriod","Data":{"Fsm":"Play","Gid":"2006-1645604259271544832","RemainSec":15}}
2023/04/11 09:47:48 [INFO] Receive Message:{"Ret":"ActTokenPlayerSeat","Data":{"SeatId":0}}
2023/04/11 09:47:52 [INFO] Receive Message:{"Ret":"ActAction","Data":{"seatId":0,"actiontype":"call","data":null}}
2023/04/11 09:47:52 [INFO] Receive Message:{"Ret":"ActGamePeriod","Data":{"Fsm":"Play","Gid":"2006-1645604259271544832","RemainSec":15}}
2023/04/11 09:47:52 [INFO] Receive Message:{"Ret":"ActTokenPlayerSeat","Data":{"SeatId":1}}
2023/04/11 09:47:54 [INFO] Receive Message:{"Ret":"ActAction","Data":{"seatId":1,"actiontype":"call","data":null}}
2023/04/11 09:47:54 [INFO] Receive Message:{"Ret":"ActGamePeriod","Data":{"Fsm":"Play","Gid":"2006-1645604259271544832","RemainSec":15}}
2023/04/11 09:47:54 [INFO] Receive Message:{"Ret":"ActTokenPlayerSeat","Data":{"SeatId":0}}
2023/04/11 09:47:56 [INFO] Receive Message:{"Ret":"ActAction","Data":{"seatId":0,"actiontype":"call","data":null}}
2023/04/11 09:47:56 [INFO] Receive Message:{"Ret":"ActGamePeriod","Data":{"Fsm":"Play","Gid":"2006-1645604259271544832","RemainSec":15}}
2023/04/11 09:47:56 [INFO] Receive Message:{"Ret":"ActTokenPlayerSeat","Data":{"SeatId":1}}
2023/04/11 09:48:02 [INFO] Receive Message:{"Ret":"ActAction","Data":{"seatId":1,"actiontype":"call","data":null}}
2023/04/11 09:48:02 [INFO] Receive Message:{"Ret":"ActGamePeriod","Data":{"Fsm":"Play","Gid":"2006-1645604259271544832","RemainSec":15}}
2023/04/11 09:48:02 [INFO] Receive Message:{"Ret":"ActTokenPlayerSeat","Data":{"SeatId":0}}
2023/04/11 09:48:04 [INFO] Receive Message:{"Ret":"ActAction","Data":{"seatId":0,"actiontype":"call","data":null}}
2023/04/11 09:48:04 [INFO] Receive Message:{"Ret":"ActGamePeriod","Data":{"Fsm":"Play","Gid":"2006-1645604259271544832","RemainSec":15}}
2023/04/11 09:48:04 [INFO] Receive Message:{"Ret":"ActTokenPlayerSeat","Data":{"SeatId":1}}
2023/04/11 09:48:05 [INFO] Receive Message:{"Ret":"ActAction","Data":{"seatId":1,"actiontype":"raise","data":10}}
2023/04/11 09:48:05 [INFO] Receive Message:{"Ret":"ActGamePeriod","Data":{"Fsm":"Play","Gid":"2006-1645604259271544832","RemainSec":15}}
2023/04/11 09:48:05 [INFO] Receive Message:{"Ret":"ActTokenPlayerSeat","Data":{"SeatId":0}}
2023/04/11 09:48:07 [INFO] Receive Message:{"Ret":"ActAction","Data":{"seatId":0,"actiontype":"call","data":null}}
2023/04/11 09:48:07 [INFO] Receive Message:{"Ret":"ActGamePeriod","Data":{"Fsm":"Play","Gid":"2006-1645604259271544832","RemainSec":15}}
2023/04/11 09:48:07 [INFO] Receive Message:{"Ret":"ActTokenPlayerSeat","Data":{"SeatId":1}}
2023/04/11 09:48:10 [INFO] Receive Message:{"Ret":"ActAction","Data":{"seatId":1,"actiontype":"call","data":null}}
2023/04/11 09:48:10 [INFO] Receive Message:{"Ret":"ActGamePeriod","Data":{"Fsm":"Play","Gid":"2006-1645604259271544832","RemainSec":15}}
2023/04/11 09:48:10 [INFO] Receive Message:{"Ret":"ActTokenPlayerSeat","Data":{"SeatId":0}}
2023/04/11 09:48:11 [INFO] Receive Message:{"Ret":"ActAction","Data":{"seatId":0,"actiontype":"call","data":null}}
2023/04/11 09:48:11 [INFO] Receive Message:{"Ret":"ActGamePeriod","Data":{"Fsm":"Play","Gid":"2006-1645604259271544832","RemainSec":15}}
2023/04/11 09:48:11 [INFO] Receive Message:{"Ret":"ActTokenPlayerSeat","Data":{"SeatId":1}}
2023/04/11 09:48:13 [INFO] Receive Message:{"Ret":"ActAction","Data":{"seatId":1,"actiontype":"call","data":null}}
2023/04/11 09:48:13 [INFO] Receive Message:{"Ret":"ActGamePeriod","Data":{"Fsm":"Play","Gid":"2006-1645604259271544832","RemainSec":15}}
2023/04/11 09:48:13 [INFO] Receive Message:{"Ret":"ActTokenPlayerSeat","Data":{"SeatId":0}}
2023/04/11 09:48:15 [INFO] Receive Message:{"Ret":"ActAction","Data":{"seatId":0,"actiontype":"call","data":null}}
2023/04/11 09:48:15 [INFO] Receive Message:{"Ret":"ActGamePeriod","Data":{"Fsm":"Play","Gid":"2006-1645604259271544832","RemainSec":15}}
2023/04/11 09:48:15 [INFO] Receive Message:{"Ret":"ActTokenPlayerSeat","Data":{"SeatId":1}}
2023/04/11 09:48:19 [INFO] Receive Message:{"Ret":"ActAction","Data":{"seatId":1,"actiontype":"call","data":null}}
2023/04/11 09:48:19 [INFO] Receive Message:{"Ret":"ActGamePeriod","Data":{"Fsm":"Play","Gid":"2006-1645604259271544832","RemainSec":15}}
2023/04/11 09:48:19 [INFO] Receive Message:{"Ret":"ActTokenPlayerSeat","Data":{"SeatId":0}}
2023/04/11 09:48:20 [INFO] Receive Message:{"Ret":"ActAction","Data":{"seatId":0,"actiontype":"call","data":null}}
2023/04/11 09:48:20 [INFO] Receive Message:{"Ret":"ActGamePeriod","Data":{"Fsm":"Play","Gid":"2006-1645604259271544832","RemainSec":15}}
2023/04/11 09:48:20 [INFO] Receive Message:{"Ret":"ActTokenPlayerSeat","Data":{"SeatId":1}}
2023/04/11 09:48:21 [INFO] Receive Message:{"Ret":"ActAction","Data":{"seatId":1,"actiontype":"call","data":null}}
2023/04/11 09:48:21 [INFO] Receive Message:{"Ret":"ActGamePeriod","Data":{"Fsm":"Play","Gid":"2006-1645604259271544832","RemainSec":15}}
2023/04/11 09:48:21 [INFO] Receive Message:{"Ret":"ActTokenPlayerSeat","Data":{"SeatId":0}}
2023/04/11 09:48:23 [INFO] Receive Message:{"Ret":"ActAction","Data":{"seatId":0,"actiontype":"call","data":null}}
2023/04/11 09:48:23 [INFO] Receive Message:{"Ret":"ActGamePeriod","Data":{"Fsm":"Play","Gid":"2006-1645604259271544832","RemainSec":15}}
2023/04/11 09:48:23 [INFO] Receive Message:{"Ret":"ActTokenPlayerSeat","Data":{"SeatId":1}}
2023/04/11 09:48:26 [INFO] Receive Message:{"Ret":"ActAction","Data":{"seatId":1,"actiontype":"call","data":null}}
2023/04/11 09:48:26 [INFO] Receive Message:{"Ret":"ActGamePeriod","Data":{"Fsm":"Play","Gid":"2006-1645604259271544832","RemainSec":15}}
2023/04/11 09:48:26 [INFO] Receive Message:{"Ret":"ActTokenPlayerSeat","Data":{"SeatId":0}}
2023/04/11 09:48:27 [INFO] Receive Message:{"Ret":"ActAction","Data":{"seatId":0,"actiontype":"raise","data":12}}
2023/04/11 09:48:27 [INFO] Receive Message:{"Ret":"ActGamePeriod","Data":{"Fsm":"Play","Gid":"2006-1645604259271544832","RemainSec":15}}
2023/04/11 09:48:27 [INFO] Receive Message:{"Ret":"ActTokenPlayerSeat","Data":{"SeatId":1}}
2023/04/11 09:48:28 [INFO] Receive Message:{"Ret":"ActAction","Data":{"seatId":1,"actiontype":"call","data":null}}
2023/04/11 09:48:28 [INFO] Receive Message:{"Ret":"ActGamePeriod","Data":{"Fsm":"Play","Gid":"2006-1645604259271544832","RemainSec":15}}
2023/04/11 09:48:28 [INFO] Receive Message:{"Ret":"ActTokenPlayerSeat","Data":{"SeatId":0}}
2023/04/11 09:48:29 [INFO] Receive Message:{"Ret":"ActAction","Data":{"seatId":0,"actiontype":"call","data":null}}
2023/04/11 09:48:29 [INFO] Receive Message:{"Ret":"ActGamePeriod","Data":{"Fsm":"Play","Gid":"2006-1645604259271544832","RemainSec":15}}
2023/04/11 09:48:29 [INFO] Receive Message:{"Ret":"ActTokenPlayerSeat","Data":{"SeatId":1}}
2023/04/11 09:48:32 [INFO] Receive Message:{"Ret":"ActAction","Data":{"seatId":1,"actiontype":"call","data":null}}
2023/04/11 09:48:32 [INFO] Receive Message:{"Ret":"ActGamePeriod","Data":{"Fsm":"Play","Gid":"2006-1645604259271544832","RemainSec":15}}
2023/04/11 09:48:32 [INFO] Receive Message:{"Ret":"ActTokenPlayerSeat","Data":{"SeatId":0}}
2023/04/11 09:48:35 [INFO] Receive Message:{"Ret":"ActAction","Data":{"seatId":0,"actiontype":"call","data":null}}
2023/04/11 09:48:35 [INFO] Receive Message:{"Ret":"ActGamePeriod","Data":{"Fsm":"Play","Gid":"2006-1645604259271544832","RemainSec":15}}
2023/04/11 09:48:35 [INFO] Receive Message:{"Ret":"ActTokenPlayerSeat","Data":{"SeatId":1}}
2023/04/11 09:48:38 [INFO] Receive Message:{"Ret":"ActAction","Data":{"seatId":1,"actiontype":"call","data":null}}
2023/04/11 09:48:38 [INFO] Receive Message:{"Ret":"ActGamePeriod","Data":{"Fsm":"Play","Gid":"2006-1645604259271544832","RemainSec":15}}
2023/04/11 09:48:38 [INFO] Receive Message:{"Ret":"ActTokenPlayerSeat","Data":{"SeatId":0}}
2023/04/11 09:48:42 [INFO] Receive Message:{"Ret":"ActAction","Data":{"seatId":0,"actiontype":"call","data":null}}
2023/04/11 09:48:42 [INFO] Receive Message:{"Ret":"ActGamePeriod","Data":{"Fsm":"Play","Gid":"2006-1645604259271544832","RemainSec":15}}
2023/04/11 09:48:42 [INFO] Receive Message:{"Ret":"ActTokenPlayerSeat","Data":{"SeatId":1}}
2023/04/11 09:48:44 [INFO] Receive Message:{"Ret":"ActAction","Data":{"seatId":1,"actiontype":"compare","data":{"playseat":1,"compareseat":0,"comparebet":12,"iswin":false,"playcard":[8,20,32],"comparecard":[23,35,47],"playCardtype":4,"compareCardtype":4}}}
2023/04/11 09:48:44 [INFO] Receive Message:{"Ret":"ActGamePeriod","Data":{"Fsm":"Result","Gid":"2006-1645604259271544832","RemainSec":4}}
2023/04/11 09:48:44 [INFO] Receive Message:{"Ret":"SettleInfo","Data":[{"seatId":0,"bet":157,"win":170.05,"Gold":162208.05},{"seatId":1,"bet":159,"win":0,"Gold":153411},{"seatId":3,"bet":1,"win":0,"Gold":7000066.65},{"seatId":4,"bet":19,"win":0,"Gold":153495}]}
2023/04/11 09:48:44 [INFO] Receive Message:{"Ret":"ActGold","Data":{"Gold":7000066.65}}
2023/04/11 10:02:00 [ERROR] read tcp [::1]:50450->[::1]:10001: wsarecv: An existing connection was forcibly closed by the remote host.
2023/04/11 10:26:40 [INFO] 連線中斷
2023/04/11 10:26:41 [INFO] Connect Success
2023/04/11 10:26:43 [INFO] Receive Message:{"Code":0,"Ret":"Login","Message":"success","Data":{"Gold":7000066.65,"IconID":0,"Name":"Test_simon","UserId":82941254,"MatchGameCode":"","MatchGameTableId":0,"Version":"1.0.0","Marquee":null,"is_relogin":false}}
2023/04/11 10:26:46 [INFO] Receive Message:{"Code":0,"Ret":"JoinGame","Message":"success","Data":{"Gid":"","BankerCards":null,"BankerCardPoint":0,"BetLimit":[[1,0]],"Chips":[0,0,0,0,0,0],"RemainSec":1,"BetInfo":{},"TableCards":{},"PlayerInfo":[],"Fsm":"Init","result":null}}
2023/04/11 10:26:47 [INFO] Receive Message:{"Ret":"ActGamePeriod","Data":{"Fsm":"Match","Gid":"2006-1645614342600658944","RemainSec":3}}
2023/04/11 10:26:50 [INFO] Receive Message:{"Ret":"ActTableStatus","Data":{"tablePlayerInfo":[{"seatId":0,"iconId":0,"name":"****mon","gold":7000066.65,"isSitDown":true},{"seatId":1,"iconId":100,"name":"****e85","gold":138045,"isSitDown":true},{"seatId":2,"iconId":106,"name":"****o07","gold":197027,"isSitDown":true},{"seatId":4,"iconId":104,"name":"****a57","gold":120168,"isSitDown":true}]}}
2023/04/11 10:26:50 [INFO] Receive Message:{"Ret":"ActRaiseArray","Data":{"raiseArray":[4,6,8,10,12,14]}}
2023/04/11 10:26:50 [INFO] Receive Message:{"Ret":"ActGold","Data":{"Gold":7000065.65}}
2023/04/11 10:26:50 [INFO] Receive Message:{"Ret":"ActAnteBet","Data":{"antebet":[{"seatId":0,"bet":1},{"seatId":1,"bet":1},{"seatId":2,"bet":1},{"seatId":4,"bet":1}]}}
2023/04/11 10:26:50 [INFO] Receive Message:{"Ret":"ActGamePeriod","Data":{"Fsm":"Bet","Gid":"2006-1645614342600658944","RemainSec":1}}
2023/04/11 10:27:00 [INFO] Receive Message:{"Ret":"ActGamePeriod","Data":{"Fsm":"Deal","Gid":"2006-1645614342600658944","RemainSec":1}}
2023/04/11 10:27:00 [INFO] Receive Message:{"Ret":"ActDealCard","Data":{"seatid":0,"cards":[-1,-1,-1]}}
2023/04/11 10:27:01 [INFO] Receive Message:{"Ret":"ActGamePeriod","Data":{"Fsm":"Play","Gid":"2006-1645614342600658944","RemainSec":15}}
2023/04/11 10:27:01 [INFO] Receive Message:{"Ret":"ActTokenPlayerSeat","Data":{"SeatId":0}}
2023/04/11 10:27:13 [ERROR] read tcp [::1]:51897->[::1]:10001: wsarecv: An existing connection was forcibly closed by the remote host.
2023/04/11 10:57:17 [INFO] 連線中斷
2023/04/11 10:57:18 [INFO] Connect Success
2023/04/11 10:57:20 [INFO] Receive Message:{"Code":0,"Ret":"Login","Message":"success","Data":{"Gold":7000065.65,"IconID":0,"Name":"Test_simon","UserId":82941254,"MatchGameCode":"","MatchGameTableId":0,"Version":"1.0.0","Marquee":null,"is_relogin":false}}
2023/04/11 10:57:23 [INFO] Receive Message:{"Code":0,"Ret":"JoinGame","Message":"success","Data":{"Gid":"","BankerCards":null,"BankerCardPoint":0,"BetLimit":[[1,0]],"Chips":[0,0,0,0,0,0],"RemainSec":1,"BetInfo":{},"TableCards":{},"PlayerInfo":[],"Fsm":"Init","result":null}}
2023/04/11 10:57:24 [INFO] Receive Message:{"Ret":"ActGamePeriod","Data":{"Fsm":"Match","Gid":"2006-1645622046597582848","RemainSec":3}}
2023/04/11 10:57:27 [INFO] Receive Message:{"Ret":"ActTableStatus","Data":{"tablePlayerInfo":[{"seatId":0,"iconId":3,"name":"****n00","gold":188218,"isSitDown":true},{"seatId":1,"iconId":105,"name":"****e94","gold":142238,"isSitDown":true},{"seatId":3,"iconId":0,"name":"****mon","gold":7000065.65,"isSitDown":true}]}}
2023/04/11 10:57:27 [INFO] Receive Message:{"Ret":"ActRaiseArray","Data":{"raiseArray":[4,6,8,10,12,14]}}
2023/04/11 10:57:27 [INFO] Receive Message:{"Ret":"ActGold","Data":{"Gold":7000064.65}}
2023/04/11 10:57:27 [INFO] Receive Message:{"Ret":"ActAnteBet","Data":{"antebet":[{"seatId":0,"bet":1},{"seatId":1,"bet":1},{"seatId":3,"bet":1}]}}
2023/04/11 10:57:27 [INFO] Receive Message:{"Ret":"ActGamePeriod","Data":{"Fsm":"Bet","Gid":"2006-1645622046597582848","RemainSec":1}}
2023/04/11 10:57:28 [INFO] Receive Message:{"Ret":"ActGamePeriod","Data":{"Fsm":"Deal","Gid":"2006-1645622046597582848","RemainSec":1}}
2023/04/11 10:57:28 [INFO] Receive Message:{"Ret":"ActDealCard","Data":{"seatid":3,"cards":[-1,-1,-1]}}
2023/04/11 10:57:29 [INFO] Receive Message:{"Ret":"ActGamePeriod","Data":{"Fsm":"Play","Gid":"2006-1645622046597582848","RemainSec":15}}
2023/04/11 10:57:29 [INFO] Receive Message:{"Ret":"ActTokenPlayerSeat","Data":{"SeatId":1}}
2023/04/11 10:57:30 [INFO] Receive Message:{"Ret":"ActAction","Data":{"seatId":1,"actiontype":"call","data":null}}
2023/04/11 10:57:30 [INFO] Receive Message:{"Ret":"ActGamePeriod","Data":{"Fsm":"Play","Gid":"2006-1645622046597582848","RemainSec":15}}
2023/04/11 10:57:30 [INFO] Receive Message:{"Ret":"ActTokenPlayerSeat","Data":{"SeatId":3}}
2023/04/11 10:57:45 [INFO] Receive Message:{"Ret":"ActGold","Data":{"Gold":7000064.15}}
2023/04/11 10:57:45 [INFO] Receive Message:{"Ret":"ActAction","Data":{"seatId":3,"actiontype":"call","data":null}}
2023/04/11 10:57:45 [INFO] Receive Message:{"Ret":"ActGamePeriod","Data":{"Fsm":"Play","Gid":"2006-1645622046597582848","RemainSec":15}}
2023/04/11 10:57:45 [INFO] Receive Message:{"Ret":"ActTokenPlayerSeat","Data":{"SeatId":0}}
2023/04/11 10:57:47 [INFO] Receive Message:{"Ret":"ActAction","Data":{"seatId":0,"actiontype":"call","data":null}}
2023/04/11 10:57:47 [INFO] Receive Message:{"Ret":"ActGamePeriod","Data":{"Fsm":"Play","Gid":"2006-1645622046597582848","RemainSec":15}}
2023/04/11 10:57:47 [INFO] Receive Message:{"Ret":"ActTokenPlayerSeat","Data":{"SeatId":1}}
2023/04/11 10:57:48 [INFO] Receive Message:{"Ret":"ActAction","Data":{"seatId":1,"actiontype":"fold","data":null}}
2023/04/11 10:57:48 [INFO] Receive Message:{"Ret":"ActGamePeriod","Data":{"Fsm":"Play","Gid":"2006-1645622046597582848","RemainSec":15}}
2023/04/11 10:57:48 [INFO] Receive Message:{"Ret":"ActTokenPlayerSeat","Data":{"SeatId":0}}
2023/04/11 10:57:51 [INFO] Receive Message:{"Ret":"ActAction","Data":{"seatId":0,"actiontype":"call","data":null}}
2023/04/11 10:57:51 [INFO] Receive Message:{"Ret":"ActGamePeriod","Data":{"Fsm":"Play","Gid":"2006-1645622046597582848","RemainSec":15}}
2023/04/11 10:57:51 [INFO] Receive Message:{"Ret":"ActTokenPlayerSeat","Data":{"SeatId":3}}
2023/04/11 10:58:05 [INFO] Receive Message:{"Ret":"ActGold","Data":{"Gold":7000063.65}}
2023/04/11 10:58:05 [INFO] Receive Message:{"Ret":"ActAction","Data":{"seatId":3,"actiontype":"call","data":null}}
2023/04/11 10:58:05 [INFO] Receive Message:{"Ret":"ActGamePeriod","Data":{"Fsm":"Play","Gid":"2006-1645622046597582848","RemainSec":15}}
2023/04/11 10:58:05 [INFO] Receive Message:{"Ret":"ActTokenPlayerSeat","Data":{"SeatId":0}}
2023/04/11 10:58:09 [INFO] Receive Message:{"Ret":"ActAction","Data":{"seatId":0,"actiontype":"call","data":null}}
2023/04/11 10:58:09 [INFO] Receive Message:{"Ret":"ActGamePeriod","Data":{"Fsm":"Play","Gid":"2006-1645622046597582848","RemainSec":15}}
2023/04/11 10:58:09 [INFO] Receive Message:{"Ret":"ActTokenPlayerSeat","Data":{"SeatId":3}}
2023/04/11 10:58:23 [INFO] Receive Message:{"Ret":"ActGold","Data":{"Gold":7000063.15}}
2023/04/11 10:58:23 [INFO] Receive Message:{"Ret":"ActAction","Data":{"seatId":3,"actiontype":"call","data":null}}
2023/04/11 10:58:23 [INFO] Receive Message:{"Ret":"ActGamePeriod","Data":{"Fsm":"Play","Gid":"2006-1645622046597582848","RemainSec":15}}
2023/04/11 10:58:23 [INFO] Receive Message:{"Ret":"ActTokenPlayerSeat","Data":{"SeatId":0}}
2023/04/11 10:58:25 [INFO] Receive Message:{"Ret":"ActAction","Data":{"seatId":0,"actiontype":"call","data":null}}
2023/04/11 10:58:25 [INFO] Receive Message:{"Ret":"ActGamePeriod","Data":{"Fsm":"Play","Gid":"2006-1645622046597582848","RemainSec":15}}
2023/04/11 10:58:25 [INFO] Receive Message:{"Ret":"ActTokenPlayerSeat","Data":{"SeatId":3}}
2023/04/11 10:58:39 [INFO] Receive Message:{"Ret":"ActGold","Data":{"Gold":7000062.65}}
2023/04/11 10:58:39 [INFO] Receive Message:{"Ret":"ActAction","Data":{"seatId":3,"actiontype":"call","data":null}}
2023/04/11 10:58:39 [INFO] Receive Message:{"Ret":"ActGamePeriod","Data":{"Fsm":"Play","Gid":"2006-1645622046597582848","RemainSec":15}}
2023/04/11 10:58:39 [INFO] Receive Message:{"Ret":"ActTokenPlayerSeat","Data":{"SeatId":0}}
2023/04/11 10:58:43 [INFO] Receive Message:{"Ret":"ActAction","Data":{"seatId":0,"actiontype":"call","data":null}}
2023/04/11 10:58:43 [INFO] Receive Message:{"Ret":"ActGamePeriod","Data":{"Fsm":"Play","Gid":"2006-1645622046597582848","RemainSec":15}}
2023/04/11 10:58:43 [INFO] Receive Message:{"Ret":"ActTokenPlayerSeat","Data":{"SeatId":3}}
2023/04/11 10:58:57 [INFO] Receive Message:{"Ret":"ActGold","Data":{"Gold":7000062.15}}
2023/04/11 10:58:57 [INFO] Receive Message:{"Ret":"ActAction","Data":{"seatId":3,"actiontype":"call","data":null}}
2023/04/11 10:58:57 [INFO] Receive Message:{"Ret":"ActGamePeriod","Data":{"Fsm":"Play","Gid":"2006-1645622046597582848","RemainSec":15}}
2023/04/11 10:58:57 [INFO] Receive Message:{"Ret":"ActTokenPlayerSeat","Data":{"SeatId":0}}
2023/04/11 10:58:59 [INFO] Receive Message:{"Ret":"ActAction","Data":{"seatId":0,"actiontype":"call","data":null}}
2023/04/11 10:58:59 [INFO] Receive Message:{"Ret":"ActGamePeriod","Data":{"Fsm":"Play","Gid":"2006-1645622046597582848","RemainSec":15}}
2023/04/11 10:58:59 [INFO] Receive Message:{"Ret":"ActTokenPlayerSeat","Data":{"SeatId":3}}
2023/04/11 10:59:06 [INFO] Receive Message:{"Code":0,"Ret":"JoinGame","Message":"success","Data":{"Gid":"2006-1645622046597582848","BankerCards":null,"BankerCardPoint":0,"BetLimit":[[1,0]],"Chips":[0,0,0,0,0,0],"RemainSec":8,"BetInfo":{"0":7,"1":2,"3":6},"TableCards":{"0":[20,32,44],"1":[7,19,31],"3":[24,37,10]},"PlayerInfo":[],"Fsm":"Play","result":null}}
2023/04/11 10:59:13 [INFO] Receive Message:{"Ret":"ActGold","Data":{"Gold":7000061.65}}
2023/04/11 10:59:13 [INFO] Receive Message:{"Ret":"ActAction","Data":{"seatId":3,"actiontype":"call","data":null}}
2023/04/11 10:59:13 [INFO] Receive Message:{"Ret":"ActGamePeriod","Data":{"Fsm":"Play","Gid":"2006-1645622046597582848","RemainSec":15}}
2023/04/11 10:59:13 [INFO] Receive Message:{"Ret":"ActTokenPlayerSeat","Data":{"SeatId":0}}
2023/04/11 10:59:15 [INFO] Receive Message:{"Ret":"ActAction","Data":{"seatId":0,"actiontype":"call","data":null}}
2023/04/11 10:59:15 [INFO] Receive Message:{"Ret":"ActGamePeriod","Data":{"Fsm":"Play","Gid":"2006-1645622046597582848","RemainSec":15}}
2023/04/11 10:59:15 [INFO] Receive Message:{"Ret":"ActTokenPlayerSeat","Data":{"SeatId":3}}
2023/04/11 10:59:16 [ERROR] read tcp [::1]:52757->[::1]:10001: wsarecv: An existing connection was forcibly closed by the remote host.
2023/04/11 11:04:33 [INFO] 連線中斷
2023/04/11 11:04:34 [INFO] Connect Success
2023/04/11 11:04:37 [INFO] Receive Message:{"Code":0,"Ret":"Login","Message":"success","Data":{"Gold":7000061.65,"IconID":0,"Name":"Test_simon","UserId":82941254,"MatchGameCode":"","MatchGameTableId":0,"Version":"1.0.0","Marquee":null,"is_relogin":false}}
2023/04/11 11:04:44 [INFO] Receive Message:{"Code":0,"Ret":"JoinGame","Message":"success","Data":{"Gid":"","BankerCards":null,"BankerCardPoint":0,"BetLimit":[[1,0]],"Chips":[0,0,0,0,0,0],"RemainSec":1,"BetInfo":{},"TableCards":{},"PlayerInfo":[],"Fsm":"Init","result":null}}
2023/04/11 11:04:45 [INFO] Receive Message:{"Ret":"ActGamePeriod","Data":{"Fsm":"Match","Gid":"2006-1645623896642162688","RemainSec":3}}
2023/04/11 11:04:48 [INFO] Receive Message:{"Ret":"ActTableStatus","Data":{"tablePlayerInfo":[{"seatId":1,"iconId":101,"name":"****a90","gold":193146,"isSitDown":true},{"seatId":2,"iconId":3,"name":"****e44","gold":125233,"isSitDown":true},{"seatId":4,"iconId":0,"name":"****mon","gold":7000061.65,"isSitDown":true}]}}
2023/04/11 11:04:48 [INFO] Receive Message:{"Ret":"ActRaiseArray","Data":{"raiseArray":[4,6,8,10,12,14]}}
2023/04/11 11:04:48 [INFO] Receive Message:{"Ret":"ActGold","Data":{"Gold":7000060.65}}
2023/04/11 11:04:48 [INFO] Receive Message:{"Ret":"ActAnteBet","Data":{"antebet":[{"seatId":1,"bet":1},{"seatId":2,"bet":1},{"seatId":4,"bet":1}]}}
2023/04/11 11:04:48 [INFO] Receive Message:{"Ret":"ActGamePeriod","Data":{"Fsm":"Bet","Gid":"2006-1645623896642162688","RemainSec":1}}
2023/04/11 11:04:49 [INFO] Receive Message:{"Ret":"ActGamePeriod","Data":{"Fsm":"Deal","Gid":"2006-1645623896642162688","RemainSec":1}}
2023/04/11 11:04:49 [INFO] Receive Message:{"Ret":"ActDealCard","Data":{"seatid":4,"cards":[-1,-1,-1]}}
2023/04/11 11:04:50 [INFO] Receive Message:{"Ret":"ActGamePeriod","Data":{"Fsm":"Play","Gid":"2006-1645623896642162688","RemainSec":15}}
2023/04/11 11:04:50 [INFO] Receive Message:{"Ret":"ActTokenPlayerSeat","Data":{"SeatId":1}}
2023/04/11 11:04:51 [INFO] Receive Message:{"Ret":"ActAction","Data":{"seatId":1,"actiontype":"call","data":null}}
2023/04/11 11:04:51 [INFO] Receive Message:{"Ret":"ActGamePeriod","Data":{"Fsm":"Play","Gid":"2006-1645623896642162688","RemainSec":15}}
2023/04/11 11:04:51 [INFO] Receive Message:{"Ret":"ActTokenPlayerSeat","Data":{"SeatId":2}}
2023/04/11 11:04:54 [INFO] Receive Message:{"Ret":"ActAction","Data":{"seatId":2,"actiontype":"fold","data":null}}
2023/04/11 11:04:54 [INFO] Receive Message:{"Ret":"ActGamePeriod","Data":{"Fsm":"Play","Gid":"2006-1645623896642162688","RemainSec":15}}
2023/04/11 11:04:54 [INFO] Receive Message:{"Ret":"ActTokenPlayerSeat","Data":{"SeatId":1}}
2023/04/11 11:04:58 [INFO] Receive Message:{"Ret":"ActAction","Data":{"seatId":1,"actiontype":"call","data":null}}
2023/04/11 11:04:58 [INFO] Receive Message:{"Ret":"ActGamePeriod","Data":{"Fsm":"Play","Gid":"2006-1645623896642162688","RemainSec":15}}
2023/04/11 11:04:58 [INFO] Receive Message:{"Ret":"ActTokenPlayerSeat","Data":{"SeatId":4}}
2023/04/11 11:05:00 [INFO] Receive Message:{"Code":0,"Ret":"PlayOperate","Message":"success"}
2023/04/11 11:05:53 [ERROR] read tcp [::1]:52983->[::1]:10001: wsarecv: An existing connection was forcibly closed by the remote host.
2023/04/11 11:10:16 [INFO] 連線中斷
2023/04/11 11:10:16 [INFO] Connect Success
2023/04/11 11:10:18 [INFO] Receive Message:{"Code":0,"Ret":"Login","Message":"success","Data":{"Gold":7000060.65,"IconID":0,"Name":"Test_simon","UserId":82941254,"MatchGameCode":"","MatchGameTableId":0,"Version":"1.0.0","Marquee":null,"is_relogin":false}}
2023/04/11 11:10:23 [INFO] Receive Message:{"Code":0,"Ret":"JoinGame","Message":"success","Data":{"Gid":"","BankerCards":null,"BankerCardPoint":0,"BetLimit":[[1,0]],"Chips":[0,0,0,0,0,0],"RemainSec":1,"BetInfo":{},"TableCards":{},"PlayerInfo":[],"Fsm":"Init","result":null}}
2023/04/11 11:10:24 [INFO] Receive Message:{"Ret":"ActGamePeriod","Data":{"Fsm":"Match","Gid":"2006-1645625315138998272","RemainSec":3}}
2023/04/11 11:10:27 [INFO] Receive Message:{"Ret":"ActTableStatus","Data":{"tablePlayerInfo":[{"seatId":0,"iconId":7,"name":"****l60","gold":105275,"isSitDown":true},{"seatId":1,"iconId":101,"name":"****n66","gold":142519,"isSitDown":true},{"seatId":2,"iconId":0,"name":"****mon","gold":7000060.65,"isSitDown":true}]}}
2023/04/11 11:10:27 [INFO] Receive Message:{"Ret":"ActRaiseArray","Data":{"raiseArray":[4,6,8,10,12,14]}}
2023/04/11 11:10:27 [INFO] Receive Message:{"Ret":"ActGold","Data":{"Gold":7000059.65}}
2023/04/11 11:10:27 [INFO] Receive Message:{"Ret":"ActAnteBet","Data":{"antebet":[{"seatId":0,"bet":1},{"seatId":1,"bet":1},{"seatId":2,"bet":1}]}}
2023/04/11 11:10:27 [INFO] Receive Message:{"Ret":"ActGamePeriod","Data":{"Fsm":"Bet","Gid":"2006-1645625315138998272","RemainSec":1}}
2023/04/11 11:10:28 [INFO] Receive Message:{"Ret":"ActGamePeriod","Data":{"Fsm":"Deal","Gid":"2006-1645625315138998272","RemainSec":1}}
2023/04/11 11:10:28 [INFO] Receive Message:{"Ret":"ActDealCard","Data":{"seatid":2,"cards":[-1,-1,-1]}}
2023/04/11 11:10:29 [INFO] Receive Message:{"Ret":"ActGamePeriod","Data":{"Fsm":"Play","Gid":"2006-1645625315138998272","RemainSec":15}}
2023/04/11 11:10:29 [INFO] Receive Message:{"Ret":"ActTokenPlayerSeat","Data":{"SeatId":1}}
2023/04/11 11:10:32 [INFO] Receive Message:{"Ret":"ActAction","Data":{"seatId":1,"actiontype":"call","data":null}}
2023/04/11 11:10:32 [INFO] Receive Message:{"Ret":"ActGamePeriod","Data":{"Fsm":"Play","Gid":"2006-1645625315138998272","RemainSec":15}}
2023/04/11 11:10:32 [INFO] Receive Message:{"Ret":"ActTokenPlayerSeat","Data":{"SeatId":2}}
2023/04/11 11:10:47 [INFO] Receive Message:{"Ret":"ActGold","Data":{"Gold":7000059.15}}
2023/04/11 11:10:47 [INFO] Receive Message:{"Ret":"ActAction","Data":{"seatId":2,"actiontype":"call","data":null}}
2023/04/11 11:10:47 [INFO] Receive Message:{"Ret":"ActGamePeriod","Data":{"Fsm":"Play","Gid":"2006-1645625315138998272","RemainSec":15}}
2023/04/11 11:10:47 [INFO] Receive Message:{"Ret":"ActTokenPlayerSeat","Data":{"SeatId":0}}
2023/04/11 11:10:49 [INFO] Receive Message:{"Ret":"ActAction","Data":{"seatId":0,"actiontype":"fold","data":null}}
2023/04/11 11:10:49 [INFO] Receive Message:{"Ret":"ActGamePeriod","Data":{"Fsm":"Play","Gid":"2006-1645625315138998272","RemainSec":15}}
2023/04/11 11:10:49 [INFO] Receive Message:{"Ret":"ActTokenPlayerSeat","Data":{"SeatId":1}}
2023/04/11 11:10:50 [INFO] Receive Message:{"Ret":"ActAction","Data":{"seatId":1,"actiontype":"raise","data":4}}
2023/04/11 11:10:50 [INFO] Receive Message:{"Ret":"ActGamePeriod","Data":{"Fsm":"Play","Gid":"2006-1645625315138998272","RemainSec":15}}
2023/04/11 11:10:50 [INFO] Receive Message:{"Ret":"ActTokenPlayerSeat","Data":{"SeatId":2}}
2023/04/11 11:10:58 [INFO] Receive Message:{"Code":0,"Ret":"PlayOperate","Message":"success"}
2023/04/11 11:10:58 [INFO] Receive Message:{"Ret":"ActAction","Data":{"seatId":2,"actiontype":"fold","data":null}}
2023/04/11 11:10:58 [INFO] Receive Message:{"Ret":"ActGamePeriod","Data":{"Fsm":"Play","Gid":"2006-1645625315138998272","RemainSec":15}}
2023/04/11 11:10:58 [INFO] Receive Message:{"Ret":"ActTokenPlayerSeat","Data":{"SeatId":1}}
2023/04/11 11:10:58 [INFO] Receive Message:{"Ret":"ActGamePeriod","Data":{"Fsm":"Result","Gid":"2006-1645625315138998272","RemainSec":4}}
2023/04/11 11:10:58 [INFO] Receive Message:{"Ret":"SettleInfo","Data":[{"seatId":0,"bet":1,"win":0,"Gold":105274},{"seatId":1,"bet":6,"win":2.85,"Gold":142515.85},{"seatId":2,"bet":2,"win":0,"Gold":7000059.15}]}
2023/04/11 11:12:32 [ERROR] read tcp [::1]:53123->[::1]:10001: wsarecv: An existing connection was forcibly closed by the remote host.
2023/04/11 11:12:44 [INFO] 連線中斷
2023/04/11 11:12:45 [INFO] Connect Success
2023/04/11 11:12:46 [INFO] Receive Message:{"Code":0,"Ret":"Login","Message":"success","Data":{"Gold":7000059.15,"IconID":0,"Name":"Test_simon","UserId":82941254,"MatchGameCode":"","MatchGameTableId":0,"Version":"1.0.0","Marquee":null,"is_relogin":false}}
2023/04/11 11:12:49 [INFO] Receive Message:{"Code":0,"Ret":"JoinGame","Message":"success","Data":{"Gid":"","BankerCards":null,"BankerCardPoint":0,"BetLimit":[[1,0]],"Chips":[0,0,0,0,0,0],"RemainSec":1,"BetInfo":{},"TableCards":{},"PlayerInfo":[],"Fsm":"Init","result":null}}
2023/04/11 11:12:50 [INFO] Receive Message:{"Ret":"ActGamePeriod","Data":{"Fsm":"Match","Gid":"2006-1645625929461927936","RemainSec":3}}
2023/04/11 11:12:53 [INFO] Receive Message:{"Ret":"ActTableStatus","Data":{"tablePlayerInfo":[{"seatId":0,"iconId":0,"name":"****mon","gold":7000059.15,"isSitDown":true},{"seatId":1,"iconId":107,"name":"****y84","gold":102368,"isSitDown":true},{"seatId":3,"iconId":104,"name":"****s65","gold":197312,"isSitDown":true}]}}
2023/04/11 11:12:53 [INFO] Receive Message:{"Ret":"ActRaiseArray","Data":{"raiseArray":[4,6,8,10,12,14]}}
2023/04/11 11:12:53 [INFO] Receive Message:{"Ret":"ActGold","Data":{"Gold":7000058.15}}
2023/04/11 11:12:53 [INFO] Receive Message:{"Ret":"ActAnteBet","Data":{"antebet":[{"seatId":0,"bet":1},{"seatId":1,"bet":1},{"seatId":3,"bet":1}]}}
2023/04/11 11:12:53 [INFO] Receive Message:{"Ret":"ActGamePeriod","Data":{"Fsm":"Bet","Gid":"2006-1645625929461927936","RemainSec":1}}
2023/04/11 11:12:54 [INFO] Receive Message:{"Ret":"ActGamePeriod","Data":{"Fsm":"Deal","Gid":"2006-1645625929461927936","RemainSec":1}}
2023/04/11 11:12:54 [INFO] Receive Message:{"Ret":"ActDealCard","Data":{"seatid":0,"cards":[-1,-1,-1]}}
2023/04/11 11:12:55 [INFO] Receive Message:{"Ret":"ActGamePeriod","Data":{"Fsm":"Play","Gid":"2006-1645625929461927936","RemainSec":15}}
2023/04/11 11:12:55 [INFO] Receive Message:{"Ret":"ActTokenPlayerSeat","Data":{"SeatId":0}}
2023/04/11 11:12:59 [INFO] Receive Message:{"Code":0,"Ret":"PlayOperate","Message":"success"}
2023/04/11 11:12:59 [INFO] Receive Message:{"Ret":"ActAction","Data":{"seatId":0,"actiontype":"fold","data":null}}
2023/04/11 11:12:59 [INFO] Receive Message:{"Ret":"ActGamePeriod","Data":{"Fsm":"Play","Gid":"2006-1645625929461927936","RemainSec":15}}
2023/04/11 11:12:59 [INFO] Receive Message:{"Ret":"ActTokenPlayerSeat","Data":{"SeatId":1}}
2023/04/11 11:13:01 [INFO] Receive Message:{"Ret":"ActAction","Data":{"seatId":1,"actiontype":"call","data":null}}
2023/04/11 11:13:01 [INFO] Receive Message:{"Ret":"ActGamePeriod","Data":{"Fsm":"Play","Gid":"2006-1645625929461927936","RemainSec":15}}
2023/04/11 11:13:01 [INFO] Receive Message:{"Ret":"ActTokenPlayerSeat","Data":{"SeatId":3}}
2023/04/11 11:13:02 [INFO] Receive Message:{"Ret":"ActAction","Data":{"seatId":3,"actiontype":"call","data":null}}
2023/04/11 11:13:02 [INFO] Receive Message:{"Ret":"ActGamePeriod","Data":{"Fsm":"Play","Gid":"2006-1645625929461927936","RemainSec":15}}
2023/04/11 11:13:02 [INFO] Receive Message:{"Ret":"ActTokenPlayerSeat","Data":{"SeatId":1}}
2023/04/11 11:13:05 [INFO] Receive Message:{"Ret":"ActAction","Data":{"seatId":1,"actiontype":"call","data":null}}
2023/04/11 11:13:05 [INFO] Receive Message:{"Ret":"ActGamePeriod","Data":{"Fsm":"Play","Gid":"2006-1645625929461927936","RemainSec":15}}
2023/04/11 11:13:05 [INFO] Receive Message:{"Ret":"ActTokenPlayerSeat","Data":{"SeatId":3}}
2023/04/11 11:13:08 [INFO] Receive Message:{"Ret":"ActAction","Data":{"seatId":3,"actiontype":"call","data":null}}
2023/04/11 11:13:08 [INFO] Receive Message:{"Ret":"ActGamePeriod","Data":{"Fsm":"Play","Gid":"2006-1645625929461927936","RemainSec":15}}
2023/04/11 11:13:08 [INFO] Receive Message:{"Ret":"ActTokenPlayerSeat","Data":{"SeatId":1}}
2023/04/11 11:13:10 [INFO] Receive Message:{"Ret":"ActAction","Data":{"seatId":1,"actiontype":"call","data":null}}
2023/04/11 11:13:10 [INFO] Receive Message:{"Ret":"ActGamePeriod","Data":{"Fsm":"Play","Gid":"2006-1645625929461927936","RemainSec":15}}
2023/04/11 11:13:10 [INFO] Receive Message:{"Ret":"ActTokenPlayerSeat","Data":{"SeatId":3}}
2023/04/11 11:13:13 [INFO] Receive Message:{"Ret":"ActAction","Data":{"seatId":3,"actiontype":"call","data":null}}
2023/04/11 11:13:13 [INFO] Receive Message:{"Ret":"ActGamePeriod","Data":{"Fsm":"Play","Gid":"2006-1645625929461927936","RemainSec":15}}
2023/04/11 11:13:13 [INFO] Receive Message:{"Ret":"ActTokenPlayerSeat","Data":{"SeatId":1}}
2023/04/11 11:17:33 [INFO] Receive Message:{"Ret":"ActAction","Data":{"seatId":1,"actiontype":"compare","data":{"playseat":1,"compareseat":3,"comparebet":1,"iswin":true,"playcard":[15,27,39],"comparecard":[25,37,26],"playCardtype":4,"compareCardtype":6}}}
2023/04/11 11:17:33 [INFO] Receive Message:{"Ret":"ActGamePeriod","Data":{"Fsm":"Result","Gid":"2006-1645625929461927936","RemainSec":4}}
2023/04/11 11:17:33 [INFO] Receive Message:{"Ret":"SettleInfo","Data":[{"seatId":0,"bet":1,"win":0,"Gold":7000058.15},{"seatId":1,"bet":5,"win":4.75,"Gold":102367.75},{"seatId":3,"bet":4,"win":0,"Gold":197308}]}
2023/04/11 11:17:35 [ERROR] read tcp [::1]:53691->[::1]:10001: wsarecv: An existing connection was forcibly closed by the remote host.
2023/04/11 11:17:48 [INFO] 連線中斷
2023/04/11 11:17:48 [INFO] Connect Success
2023/04/11 11:17:51 [INFO] Receive Message:{"Code":0,"Ret":"Login","Message":"success","Data":{"Gold":7000058.15,"IconID":0,"Name":"Test_simon","UserId":82941254,"MatchGameCode":"","MatchGameTableId":0,"Version":"1.0.0","Marquee":null,"is_relogin":false}}
2023/04/11 11:17:53 [INFO] Receive Message:{"Code":0,"Ret":"JoinGame","Message":"success","Data":{"Gid":"","BankerCards":null,"BankerCardPoint":0,"BetLimit":[[1,0]],"Chips":[0,0,0,0,0,0],"RemainSec":1,"BetInfo":{},"TableCards":{},"PlayerInfo":[],"Fsm":"Init","result":null}}
2023/04/11 11:17:54 [INFO] Receive Message:{"Ret":"ActGamePeriod","Data":{"Fsm":"Match","Gid":"2006-1645627205247569920","RemainSec":3}}
2023/04/11 11:17:57 [INFO] Receive Message:{"Ret":"ActTableStatus","Data":{"tablePlayerInfo":[{"seatId":0,"iconId":3,"name":"****a20","gold":163348,"isSitDown":true},{"seatId":1,"iconId":7,"name":"****a64","gold":182037,"isSitDown":true},{"seatId":2,"iconId":0,"name":"****mon","gold":7000058.15,"isSitDown":true},{"seatId":4,"iconId":4,"name":"****l33","gold":136725,"isSitDown":true}]}}
2023/04/11 11:17:57 [INFO] Receive Message:{"Ret":"ActRaiseArray","Data":{"raiseArray":[4,6,8,10,12,14]}}
2023/04/11 11:17:57 [INFO] Receive Message:{"Ret":"ActGold","Data":{"Gold":7000057.15}}
2023/04/11 11:17:57 [INFO] Receive Message:{"Ret":"ActAnteBet","Data":{"antebet":[{"seatId":0,"bet":1},{"seatId":1,"bet":1},{"seatId":2,"bet":1},{"seatId":4,"bet":1}]}}
2023/04/11 11:17:57 [INFO] Receive Message:{"Ret":"ActGamePeriod","Data":{"Fsm":"Bet","Gid":"2006-1645627205247569920","RemainSec":1}}
2023/04/11 11:17:58 [INFO] Receive Message:{"Ret":"ActGamePeriod","Data":{"Fsm":"Deal","Gid":"2006-1645627205247569920","RemainSec":1}}
2023/04/11 11:17:58 [INFO] Receive Message:{"Ret":"ActDealCard","Data":{"seatid":2,"cards":[-1,-1,-1]}}
2023/04/11 11:17:59 [INFO] Receive Message:{"Ret":"ActGamePeriod","Data":{"Fsm":"Play","Gid":"2006-1645627205247569920","RemainSec":15}}
2023/04/11 11:17:59 [INFO] Receive Message:{"Ret":"ActTokenPlayerSeat","Data":{"SeatId":0}}
2023/04/11 11:18:00 [INFO] Receive Message:{"Ret":"ActAction","Data":{"seatId":0,"actiontype":"raise","data":4}}
2023/04/11 11:18:00 [INFO] Receive Message:{"Ret":"ActGamePeriod","Data":{"Fsm":"Play","Gid":"2006-1645627205247569920","RemainSec":15}}
2023/04/11 11:18:00 [INFO] Receive Message:{"Ret":"ActTokenPlayerSeat","Data":{"SeatId":1}}
2023/04/11 11:18:02 [INFO] Receive Message:{"Ret":"ActAction","Data":{"seatId":1,"actiontype":"call","data":null}}
2023/04/11 11:18:02 [INFO] Receive Message:{"Ret":"ActGamePeriod","Data":{"Fsm":"Play","Gid":"2006-1645627205247569920","RemainSec":15}}
2023/04/11 11:18:02 [INFO] Receive Message:{"Ret":"ActTokenPlayerSeat","Data":{"SeatId":2}}
2023/04/11 11:18:17 [INFO] Receive Message:{"Ret":"ActGold","Data":{"Gold":7000055.15}}
2023/04/11 11:18:17 [INFO] Receive Message:{"Ret":"ActAction","Data":{"seatId":2,"actiontype":"call","data":null}}
2023/04/11 11:18:17 [INFO] Receive Message:{"Ret":"ActGamePeriod","Data":{"Fsm":"Play","Gid":"2006-1645627205247569920","RemainSec":15}}
2023/04/11 11:18:17 [INFO] Receive Message:{"Ret":"ActTokenPlayerSeat","Data":{"SeatId":4}}
2023/04/11 11:18:20 [INFO] Receive Message:{"Ret":"ActAction","Data":{"seatId":4,"actiontype":"call","data":null}}
2023/04/11 11:18:20 [INFO] Receive Message:{"Ret":"ActGamePeriod","Data":{"Fsm":"Play","Gid":"2006-1645627205247569920","RemainSec":15}}
2023/04/11 11:18:20 [INFO] Receive Message:{"Ret":"ActTokenPlayerSeat","Data":{"SeatId":0}}
2023/04/11 11:18:21 [INFO] Receive Message:{"Ret":"ActAction","Data":{"seatId":0,"actiontype":"fold","data":null}}
2023/04/11 11:18:21 [INFO] Receive Message:{"Ret":"ActGamePeriod","Data":{"Fsm":"Play","Gid":"2006-1645627205247569920","RemainSec":15}}
2023/04/11 11:18:21 [INFO] Receive Message:{"Ret":"ActTokenPlayerSeat","Data":{"SeatId":1}}
2023/04/11 11:18:23 [INFO] Receive Message:{"Ret":"ActAction","Data":{"seatId":1,"actiontype":"call","data":null}}
2023/04/11 11:18:23 [INFO] Receive Message:{"Ret":"ActGamePeriod","Data":{"Fsm":"Play","Gid":"2006-1645627205247569920","RemainSec":15}}
2023/04/11 11:18:23 [INFO] Receive Message:{"Ret":"ActTokenPlayerSeat","Data":{"SeatId":2}}
2023/04/11 11:18:27 [INFO] Receive Message:{"Code":0,"Ret":"PlayOperate","Message":"success"}
2023/04/11 11:18:27 [INFO] Receive Message:{"Ret":"ActAction","Data":{"seatId":2,"actiontype":"fold","data":null}}
2023/04/11 11:18:27 [INFO] Receive Message:{"Ret":"ActGamePeriod","Data":{"Fsm":"Play","Gid":"2006-1645627205247569920","RemainSec":15}}
2023/04/11 11:18:27 [INFO] Receive Message:{"Ret":"ActTokenPlayerSeat","Data":{"SeatId":1}}
2023/04/11 11:18:30 [INFO] Receive Message:{"Ret":"ActAction","Data":{"seatId":1,"actiontype":"call","data":null}}
2023/04/11 11:18:30 [INFO] Receive Message:{"Ret":"ActGamePeriod","Data":{"Fsm":"Play","Gid":"2006-1645627205247569920","RemainSec":15}}
2023/04/11 11:18:30 [INFO] Receive Message:{"Ret":"ActTokenPlayerSeat","Data":{"SeatId":4}}
2023/04/11 11:18:31 [INFO] Receive Message:{"Ret":"ActAction","Data":{"seatId":4,"actiontype":"call","data":null}}
2023/04/11 11:18:31 [INFO] Receive Message:{"Ret":"ActGamePeriod","Data":{"Fsm":"Play","Gid":"2006-1645627205247569920","RemainSec":15}}
2023/04/11 11:18:31 [INFO] Receive Message:{"Ret":"ActTokenPlayerSeat","Data":{"SeatId":1}}
2023/04/11 11:18:33 [INFO] Receive Message:{"Ret":"ActAction","Data":{"seatId":1,"actiontype":"call","data":null}}
2023/04/11 11:18:33 [INFO] Receive Message:{"Ret":"ActGamePeriod","Data":{"Fsm":"Play","Gid":"2006-1645627205247569920","RemainSec":15}}
2023/04/11 11:18:33 [INFO] Receive Message:{"Ret":"ActTokenPlayerSeat","Data":{"SeatId":4}}
2023/04/11 11:20:31 [ERROR] read tcp [::1]:53834->[::1]:10001: wsarecv: An existing connection was forcibly closed by the remote host.
2023/04/11 11:29:33 [INFO] 連線中斷
2023/04/11 11:29:33 [INFO] Connect Success
2023/04/11 11:29:35 [INFO] Receive Message:{"Code":0,"Ret":"Login","Message":"success","Data":{"Gold":7000055.15,"IconID":0,"Name":"Test_simon","UserId":82941254,"MatchGameCode":"","MatchGameTableId":0,"Version":"1.0.0","Marquee":null,"is_relogin":false}}
2023/04/11 11:29:40 [INFO] Receive Message:{"Code":0,"Ret":"JoinGame","Message":"success","Data":{"Gid":"","BankerCards":null,"BankerCardPoint":0,"BetLimit":[[1,0]],"Chips":[0,0,0,0,0,0],"RemainSec":1,"BetInfo":{},"TableCards":{},"PlayerInfo":[],"Fsm":"Init","result":null}}
2023/04/11 11:29:41 [INFO] Receive Message:{"Ret":"ActGamePeriod","Data":{"Fsm":"Match","Gid":"2006-1645630169706139648","RemainSec":3}}
2023/04/11 11:29:44 [INFO] Receive Message:{"Ret":"ActTableStatus","Data":{"tablePlayerInfo":[{"seatId":0,"iconId":0,"name":"****d49","gold":187465,"isSitDown":true},{"seatId":2,"iconId":0,"name":"****mon","gold":7000055.15,"isSitDown":true},{"seatId":3,"iconId":1,"name":"****n18","gold":122374,"isSitDown":true},{"seatId":4,"iconId":102,"name":"****e23","gold":115404,"isSitDown":true}]}}
2023/04/11 11:29:44 [INFO] Receive Message:{"Ret":"ActRaiseArray","Data":{"raiseArray":[4,6,8,10,12,14]}}
2023/04/11 11:29:44 [INFO] Receive Message:{"Ret":"ActGold","Data":{"Gold":7000054.15}}
2023/04/11 11:29:44 [INFO] Receive Message:{"Ret":"ActAnteBet","Data":{"antebet":[{"seatId":0,"bet":1},{"seatId":2,"bet":1},{"seatId":3,"bet":1},{"seatId":4,"bet":1}]}}
2023/04/11 11:29:44 [INFO] Receive Message:{"Ret":"ActGamePeriod","Data":{"Fsm":"Bet","Gid":"2006-1645630169706139648","RemainSec":1}}
2023/04/11 11:29:45 [INFO] Receive Message:{"Ret":"ActGamePeriod","Data":{"Fsm":"Deal","Gid":"2006-1645630169706139648","RemainSec":1}}
2023/04/11 11:29:45 [INFO] Receive Message:{"Ret":"ActDealCard","Data":{"seatid":2,"cards":[-1,-1,-1]}}
2023/04/11 11:29:46 [INFO] Receive Message:{"Ret":"ActGamePeriod","Data":{"Fsm":"Play","Gid":"2006-1645630169706139648","RemainSec":15}}
2023/04/11 11:29:46 [INFO] Receive Message:{"Ret":"ActTokenPlayerSeat","Data":{"SeatId":0}}
2023/04/11 11:29:48 [INFO] Receive Message:{"Ret":"ActAction","Data":{"seatId":0,"actiontype":"call","data":null}}
2023/04/11 11:29:48 [INFO] Receive Message:{"Ret":"ActGamePeriod","Data":{"Fsm":"Play","Gid":"2006-1645630169706139648","RemainSec":15}}
2023/04/11 11:29:48 [INFO] Receive Message:{"Ret":"ActTokenPlayerSeat","Data":{"SeatId":2}}
2023/04/11 11:30:03 [INFO] Receive Message:{"Ret":"ActGold","Data":{"Gold":7000053.65}}
2023/04/11 11:30:03 [INFO] Receive Message:{"Ret":"ActAction","Data":{"seatId":2,"actiontype":"call","data":null}}
2023/04/11 11:30:03 [INFO] Receive Message:{"Ret":"ActGamePeriod","Data":{"Fsm":"Play","Gid":"2006-1645630169706139648","RemainSec":15}}
2023/04/11 11:30:03 [INFO] Receive Message:{"Ret":"ActTokenPlayerSeat","Data":{"SeatId":3}}
2023/04/11 11:30:03 [INFO] Receive Message:{"Code":0,"Ret":"PlayOperate","Message":"success"}
2023/04/11 11:30:03 [INFO] Receive Message:{"Ret":"ActAction","Data":{"seatId":2,"actiontype":"fold","data":null}}
2023/04/11 11:30:03 [INFO] Receive Message:{"Ret":"ActGamePeriod","Data":{"Fsm":"Play","Gid":"2006-1645630169706139648","RemainSec":15}}
2023/04/11 11:30:03 [INFO] Receive Message:{"Ret":"ActTokenPlayerSeat","Data":{"SeatId":4}}
2023/04/11 11:30:05 [INFO] Receive Message:{"Ret":"ActAction","Data":{"seatId":3,"actiontype":"fold","data":null}}
2023/04/11 11:30:05 [INFO] Receive Message:{"Ret":"ActGamePeriod","Data":{"Fsm":"Play","Gid":"2006-1645630169706139648","RemainSec":15}}
2023/04/11 11:30:05 [INFO] Receive Message:{"Ret":"ActTokenPlayerSeat","Data":{"SeatId":0}}
2023/04/11 11:30:05 [INFO] Receive Message:{"Ret":"ActAction","Data":{"seatId":4,"actiontype":"call","data":null}}
2023/04/11 11:30:05 [INFO] Receive Message:{"Ret":"ActGamePeriod","Data":{"Fsm":"Play","Gid":"2006-1645630169706139648","RemainSec":15}}
2023/04/11 11:30:05 [INFO] Receive Message:{"Ret":"ActTokenPlayerSeat","Data":{"SeatId":4}}
2023/04/11 11:30:07 [INFO] Receive Message:{"Ret":"ActAction","Data":{"seatId":4,"actiontype":"call","data":null}}
2023/04/11 11:30:07 [INFO] Receive Message:{"Ret":"ActGamePeriod","Data":{"Fsm":"Play","Gid":"2006-1645630169706139648","RemainSec":15}}
2023/04/11 11:30:07 [INFO] Receive Message:{"Ret":"ActTokenPlayerSeat","Data":{"SeatId":0}}
2023/04/11 11:30:07 [INFO] Receive Message:{"Ret":"ActAction","Data":{"seatId":0,"actiontype":"call","data":null}}
2023/04/11 11:30:07 [INFO] Receive Message:{"Ret":"ActGamePeriod","Data":{"Fsm":"Play","Gid":"2006-1645630169706139648","RemainSec":15}}
2023/04/11 11:30:07 [INFO] Receive Message:{"Ret":"ActTokenPlayerSeat","Data":{"SeatId":4}}
2023/04/11 11:30:38 [INFO] Receive Message:{"Ret":"ActAction","Data":{"seatId":4,"actiontype":"fold","data":null}}
2023/04/11 11:30:38 [INFO] Receive Message:{"Ret":"ActGamePeriod","Data":{"Fsm":"Play","Gid":"2006-1645630169706139648","RemainSec":15}}
2023/04/11 11:30:38 [INFO] Receive Message:{"Ret":"ActTokenPlayerSeat","Data":{"SeatId":0}}
2023/04/11 11:30:38 [INFO] Receive Message:{"Ret":"ActGamePeriod","Data":{"Fsm":"Result","Gid":"2006-1645630169706139648","RemainSec":4}}
2023/04/11 11:30:38 [INFO] Receive Message:{"Ret":"SettleInfo","Data":[{"seatId":0,"bet":3,"win":5.7,"Gold":187467.7},{"seatId":2,"bet":2,"win":0,"Gold":7000053.65},{"seatId":3,"bet":1,"win":0,"Gold":122373},{"seatId":4,"bet":3,"win":0,"Gold":115401}]}
2023/04/11 13:56:20 [ERROR] read tcp [::1]:54145->[::1]:10001: wsarecv: An existing connection was forcibly closed by the remote host.
2023/04/11 14:49:42 [INFO] 連線中斷
2023/04/11 14:49:44 [INFO] Connect Success
2023/04/11 14:49:48 [INFO] Receive Message:{"Code":0,"Ret":"Login","Message":"success","Data":{"Gold":7000053.65,"IconID":0,"Name":"Test_simon","UserId":82941254,"MatchGameCode":"","MatchGameTableId":0,"Version":"1.0.0","Marquee":null,"is_relogin":false}}
2023/04/11 14:49:49 [ERROR] read tcp [::1]:63224->[::1]:10001: use of closed network connection
2023/04/11 14:49:49 [INFO] 連線中斷
2023/04/11 14:49:53 [INFO] Connect Success
2023/04/11 14:50:18 [INFO] Receive Message:{"Code":0,"Ret":"Login","Message":"success","Data":{"Gold":7000053.65,"IconID":0,"Name":"Test_simon","UserId":82941254,"MatchGameCode":"","MatchGameTableId":0,"Version":"1.0.0","Marquee":null,"is_relogin":false}}
2023/04/11 14:50:22 [INFO] Receive Message:{"Code":0,"Ret":"EnterRoom","Message":"success","Data":[{"GameCode":"hundredsicbo","RoomType":0,"TableId":10050,"Num":1,"Status":1},{"GameCode":"hundredsicbo","RoomType":1,"TableId":10051,"Num":1,"Status":1},{"GameCode":"hundredsicbo","RoomType":2,"TableId":10052,"Num":1,"Status":1},{"GameCode":"hundredsicbo","RoomType":3,"TableId":10053,"Num":1,"Status":1}]}
2023/04/11 14:50:22 [INFO] Receive Message:{"Ret":"ActRoomStatus","Data":{"RoomInfo":[[{"RoadList":{"History":[10,4,12],"Num":[[6,1,3],[1,1,2],[5,5,2]],"Big":33,"Small":67,"Leopard":0},"Fsm":"Bet","PlayerNum":44,"BetLimit":[2,100],"RemainSec":8,"TableId":100501}],[{"RoadList":{"History":[8,9,16],"Num":[[1,1,6],[1,5,3],[6,4,6]],"Big":33,"Small":67,"Leopard":0},"Fsm":"Bet","PlayerNum":24,"BetLimit":[20,1000],"RemainSec":8,"TableId":100511}],[{"RoadList":{"History":[11,7,14],"Num":[[3,6,2],[2,1,4],[5,5,4]],"Big":67,"Small":33,"Leopard":0},"Fsm":"Bet","PlayerNum":19,"BetLimit":[200,10000],"RemainSec":8,"TableId":100521}],[{"RoadList":{"History":[13,13,7],"Num":[[5,5,3],[5,2,6],[2,4,1]],"Big":67,"Small":33,"Leopard":0},"Fsm":"Bet","PlayerNum":7,"BetLimit":[500,25000],"RemainSec":8,"TableId":100531}]]}}
2023/04/11 14:50:23 [INFO] Receive Message:{"Ret":"ActRoomStatus","Data":{"RoomInfo":[[{"RoadList":{"History":[10,4,12],"Num":[[6,1,3],[1,1,2],[5,5,2]],"Big":33,"Small":67,"Leopard":0},"Fsm":"Bet","PlayerNum":44,"BetLimit":[2,100],"RemainSec":8,"TableId":100501}],[{"RoadList":{"History":[8,9,16],"Num":[[1,1,6],[1,5,3],[6,4,6]],"Big":33,"Small":67,"Leopard":0},"Fsm":"Bet","PlayerNum":24,"BetLimit":[20,1000],"RemainSec":8,"TableId":100511}],[{"RoadList":{"History":[11,7,14],"Num":[[3,6,2],[2,1,4],[5,5,4]],"Big":67,"Small":33,"Leopard":0},"Fsm":"Bet","PlayerNum":19,"BetLimit":[200,10000],"RemainSec":8,"TableId":100521}],[{"RoadList":{"History":[13,13,7],"Num":[[5,5,3],[5,2,6],[2,4,1]],"Big":67,"Small":33,"Leopard":0},"Fsm":"Bet","PlayerNum":7,"BetLimit":[500,25000],"RemainSec":7,"TableId":100531}]]}}
2023/04/11 14:50:23 [INFO] Receive Message:{"Ret":"ActRoomStatus","Data":{"RoomInfo":[[{"RoadList":{"History":[10,4,12],"Num":[[6,1,3],[1,1,2],[5,5,2]],"Big":33,"Small":67,"Leopard":0},"Fsm":"Bet","PlayerNum":44,"BetLimit":[2,100],"RemainSec":7,"TableId":100501}],[{"RoadList":{"History":[8,9,16],"Num":[[1,1,6],[1,5,3],[6,4,6]],"Big":33,"Small":67,"Leopard":0},"Fsm":"Bet","PlayerNum":24,"BetLimit":[20,1000],"RemainSec":7,"TableId":100511}],[{"RoadList":{"History":[11,7,14],"Num":[[3,6,2],[2,1,4],[5,5,4]],"Big":67,"Small":33,"Leopard":0},"Fsm":"Bet","PlayerNum":19,"BetLimit":[200,10000],"RemainSec":7,"TableId":100521}],[{"RoadList":{"History":[13,13,7],"Num":[[5,5,3],[5,2,6],[2,4,1]],"Big":67,"Small":33,"Leopard":0},"Fsm":"Bet","PlayerNum":7,"BetLimit":[500,25000],"RemainSec":7,"TableId":100531}]]}}
2023/04/11 14:50:24 [INFO] Receive Message:{"Ret":"ActRoomStatus","Data":{"RoomInfo":[[{"RoadList":{"History":[10,4,12],"Num":[[6,1,3],[1,1,2],[5,5,2]],"Big":33,"Small":67,"Leopard":0},"Fsm":"Bet","PlayerNum":44,"BetLimit":[2,100],"RemainSec":7,"TableId":100501}],[{"RoadList":{"History":[8,9,16],"Num":[[1,1,6],[1,5,3],[6,4,6]],"Big":33,"Small":67,"Leopard":0},"Fsm":"Bet","PlayerNum":24,"BetLimit":[20,1000],"RemainSec":7,"TableId":100511}],[{"RoadList":{"History":[11,7,14],"Num":[[3,6,2],[2,1,4],[5,5,4]],"Big":67,"Small":33,"Leopard":0},"Fsm":"Bet","PlayerNum":19,"BetLimit":[200,10000],"RemainSec":7,"TableId":100521}],[{"RoadList":{"History":[13,13,7],"Num":[[5,5,3],[5,2,6],[2,4,1]],"Big":67,"Small":33,"Leopard":0},"Fsm":"Bet","PlayerNum":7,"BetLimit":[500,25000],"RemainSec":6,"TableId":100531}]]}}
2023/04/11 14:50:24 [INFO] Receive Message:{"Ret":"ActRoomStatus","Data":{"RoomInfo":[[{"RoadList":{"History":[10,4,12],"Num":[[6,1,3],[1,1,2],[5,5,2]],"Big":33,"Small":67,"Leopard":0},"Fsm":"Bet","PlayerNum":44,"BetLimit":[2,100],"RemainSec":6,"TableId":100501}],[{"RoadList":{"History":[8,9,16],"Num":[[1,1,6],[1,5,3],[6,4,6]],"Big":33,"Small":67,"Leopard":0},"Fsm":"Bet","PlayerNum":24,"BetLimit":[20,1000],"RemainSec":6,"TableId":100511}],[{"RoadList":{"History":[11,7,14],"Num":[[3,6,2],[2,1,4],[5,5,4]],"Big":67,"Small":33,"Leopard":0},"Fsm":"Bet","PlayerNum":19,"BetLimit":[200,10000],"RemainSec":6,"TableId":100521}],[{"RoadList":{"History":[13,13,7],"Num":[[5,5,3],[5,2,6],[2,4,1]],"Big":67,"Small":33,"Leopard":0},"Fsm":"Bet","PlayerNum":7,"BetLimit":[500,25000],"RemainSec":6,"TableId":100531}]]}}
2023/04/11 14:50:25 [ERROR] read tcp [::1]:63234->[::1]:10001: wsarecv: An existing connection was forcibly closed by the remote host.
