2023/02/14 09:19:37 [INFO] Connect Success
2023/02/14 09:19:44 [INFO] Receive Message:{"Code":0,"Ret":"Login","Message":"success","Data":{"Gold":2000051.05,"IconID":0,"Name":"Test_simon","UserId":83513177,"MatchGameCode":"","MatchGameTableId":0,"Version":"1.0.0","Marquee":[{"id":"2d7df3e5-3052-4ed6-b882-3d259d3c0e04","lang":"en-us","type":1,"order":999,"freq":30,"content":"Welcome to DG. Various playing methods plus super high odds.","start_time":"2023-01-15T16:00:00Z","end_time":"2023-03-31T15:59:00Z"},{"id":"c85ac23d-6156-4860-9e73-470d87ea754a","lang":"vi-vn","type":1,"order":999,"freq":30,"content":"Chào mừng bạn đến với DG , các loại game bài kinh điển đa dạng, tỷ lệ đền cực cao.","start_time":"2023-01-15T16:00:00Z","end_time":"2023-03-31T15:59:00Z"},{"id":"63d5b734-64da-44a9-aa29-541dcc5e0832","lang":"th-th","type":1,"order":999,"freq":30,"content":"ยินดีต้อนรับสู่ DG เกมหมากรุกและไพ่คลาสสิกที่หลากหลายโบนัทสูงรางวัลมากมาย","start_time":"2023-01-15T16:59:00Z","end_time":"2023-03-31T15:59:00Z"},{"id":"0b7a6f50-624e-4a39-96dd-c74525b31726","lang":"zh-cn","type":1,"order":999,"freq":60,"content":"欢迎来到DG，多样经典棋牌玩法，超高倍率嗨翻天","start_time":"2023-01-15T16:00:00Z","end_time":"2023-03-31T15:59:00Z"}]}}
2023/02/14 09:19:55 [INFO] Receive Message:{"Code":0,"Ret":"IntoGame","Message":"success","Data":{"Gid":"","BetLimit":[[0.1,1]],"Chips":[0.1,0.2,0.3,0.4,0.5,0.6,0.7,0.8,0.9,1],"RemainSec":0,"PlayerInfo":[{"seatId":1,"iconId":0,"name":"Test_simon","gold":2000051.05}],"Fsm":"Init"}}
2023/02/14 09:19:56 [INFO] Receive Message:{"Ret":"ActGamePeriod","Data":{"Fsm":"Loading","Gid":"","RemainSec":3}}
2023/02/14 09:19:56 [INFO] Receive Message:{"Ret":"ActSceneNotify","Data":{"scene":1,"stage":1}}
2023/02/14 09:19:56 [INFO] Receive Message:{"Ret":"ActTableStatus","Data":{"tablePlayerInfo":[{"seatId":1,"iconId":0,"name":"****mon","gold":2000051.05},{"seatId":3,"iconId":102,"name":"****t19","gold":133070}]}}
2023/02/14 09:22:47 [ERROR] read tcp [::1]:60901->[::1]:10001: wsarecv: An existing connection was forcibly closed by the remote host.
2023/02/14 09:23:00 [INFO] 連線中斷
2023/02/14 09:23:02 [INFO] Connect Success
2023/02/14 09:23:04 [INFO] Receive Message:{"Code":0,"Ret":"Login","Message":"success","Data":{"Gold":2000051.05,"IconID":0,"Name":"Test_simon","UserId":83513177,"MatchGameCode":"","MatchGameTableId":0,"Version":"1.0.0","Marquee":[{"id":"2d7df3e5-3052-4ed6-b882-3d259d3c0e04","lang":"en-us","type":1,"order":999,"freq":30,"content":"Welcome to DG. Various playing methods plus super high odds.","start_time":"2023-01-15T16:00:00Z","end_time":"2023-03-31T15:59:00Z"},{"id":"c85ac23d-6156-4860-9e73-470d87ea754a","lang":"vi-vn","type":1,"order":999,"freq":30,"content":"Chào mừng bạn đến với DG , các loại game bài kinh điển đa dạng, tỷ lệ đền cực cao.","start_time":"2023-01-15T16:00:00Z","end_time":"2023-03-31T15:59:00Z"},{"id":"63d5b734-64da-44a9-aa29-541dcc5e0832","lang":"th-th","type":1,"order":999,"freq":30,"content":"ยินดีต้อนรับสู่ DG เกมหมากรุกและไพ่คลาสสิกที่หลากหลายโบนัทสูงรางวัลมากมาย","start_time":"2023-01-15T16:59:00Z","end_time":"2023-03-31T15:59:00Z"},{"id":"0b7a6f50-624e-4a39-96dd-c74525b31726","lang":"zh-cn","type":1,"order":999,"freq":60,"content":"欢迎来到DG，多样经典棋牌玩法，超高倍率嗨翻天","start_time":"2023-01-15T16:00:00Z","end_time":"2023-03-31T15:59:00Z"}]}}
2023/02/14 09:23:06 [INFO] Receive Message:{"Code":0,"Ret":"IntoGame","Message":"success","Data":{"Gid":"","BetLimit":[[0.1,1]],"Chips":[0.1,0.2,0.3,0.4,0.5,0.6,0.7,0.8,0.9,1],"RemainSec":0,"PlayerInfo":[{"seatId":0,"iconId":0,"name":"Test_simon","gold":2000051.05}],"Fsm":"Init"}}
2023/02/14 09:23:07 [INFO] Receive Message:{"Ret":"ActGamePeriod","Data":{"Fsm":"Loading","Gid":"","RemainSec":3}}
2023/02/14 09:23:07 [INFO] Receive Message:{"Ret":"ActSceneNotify","Data":{"scene":1,"stage":1}}
2023/02/14 09:23:07 [INFO] Receive Message:{"Ret":"ActTableStatus","Data":{"tablePlayerInfo":[{"seatId":0,"iconId":0,"name":"****mon","gold":2000051.05},{"seatId":1,"iconId":105,"name":"****t16","gold":145943}]}}
2023/02/14 09:23:16 [ERROR] read tcp [::1]:60968->[::1]:10001: wsarecv: An existing connection was forcibly closed by the remote host.
2023/02/14 14:44:12 [INFO] 連線中斷
2023/02/14 14:44:13 [INFO] Connect Success
2023/02/14 14:44:16 [INFO] Receive Message:{"Code":0,"Ret":"Login","Message":"success","Data":{"Gold":2000051.05,"IconID":0,"Name":"Test_simon","UserId":83513177,"MatchGameCode":"","MatchGameTableId":0,"Version":"1.0.0","Marquee":[{"id":"2d7df3e5-3052-4ed6-b882-3d259d3c0e04","lang":"en-us","type":1,"order":999,"freq":30,"content":"Welcome to DG. Various playing methods plus super high odds.","start_time":"2023-01-15T16:00:00Z","end_time":"2023-03-31T15:59:00Z"},{"id":"c85ac23d-6156-4860-9e73-470d87ea754a","lang":"vi-vn","type":1,"order":999,"freq":30,"content":"Chào mừng bạn đến với DG , các loại game bài kinh điển đa dạng, tỷ lệ đền cực cao.","start_time":"2023-01-15T16:00:00Z","end_time":"2023-03-31T15:59:00Z"},{"id":"63d5b734-64da-44a9-aa29-541dcc5e0832","lang":"th-th","type":1,"order":999,"freq":30,"content":"ยินดีต้อนรับสู่ DG เกมหมากรุกและไพ่คลาสสิกที่หลากหลายโบนัทสูงรางวัลมากมาย","start_time":"2023-01-15T16:59:00Z","end_time":"2023-03-31T15:59:00Z"},{"id":"0b7a6f50-624e-4a39-96dd-c74525b31726","lang":"zh-cn","type":1,"order":999,"freq":60,"content":"欢迎来到DG，多样经典棋牌玩法，超高倍率嗨翻天","start_time":"2023-01-15T16:00:00Z","end_time":"2023-03-31T15:59:00Z"}]}}
2023/02/14 14:44:30 [INFO] Receive Message:{"Code":0,"Ret":"IntoGame","Message":"success","Data":{"Gid":"","BetLimit":[[0.1,1]],"Chips":[0.1,0.2,0.3,0.4,0.5,0.6,0.7,0.8,0.9,1],"RemainSec":0,"PlayerInfo":[{"seatId":0,"iconId":0,"name":"Test_simon","gold":2000051.05}],"Fsm":"Init"}}
2023/02/14 14:44:31 [INFO] Receive Message:{"Ret":"ActGamePeriod","Data":{"Fsm":"Loading","Gid":"","RemainSec":3}}
2023/02/14 14:44:31 [INFO] Receive Message:{"Ret":"ActSceneNotify","Data":{"scene":1,"stage":1}}
2023/02/14 14:44:31 [INFO] Receive Message:{"Ret":"ActTableStatus","Data":{"tablePlayerInfo":[{"seatId":0,"iconId":0,"name":"****mon","gold":2000051.05},{"seatId":3,"iconId":0,"name":"****t11","gold":173445}]}}
2023/02/14 14:44:32 [INFO] Receive Message:{"Code":0,"Ret":"DebugInfo","Message":"success","Data":""}
2023/02/14 14:44:34 [INFO] Receive Message:{"Ret":"ActGamePeriod","Data":{"Fsm":"Shu","Gid":"3002-1625385493115965440","RemainSec":60}}
2023/02/14 14:44:35 [INFO] Receive Message:{"Ret":"ActCreateFish","Data":{"fishinfo":[{"index":1,"fishtype":26,"cts":1676357077,"route":"R3_L3_3","speed":71}],"formation":null}}
2023/02/14 14:44:37 [INFO] Receive Message:{"Ret":"ActCreateFish","Data":{"fishinfo":[{"index":2,"fishtype":26,"cts":1676357079,"route":"R3_L3_3","speed":71}],"formation":null}}
2023/02/14 14:44:38 [INFO] Receive Message:{"Code":0,"Ret":"Shoot","Message":"success"}
2023/02/14 14:44:38 [INFO] Receive Message:{"Ret":"ActSyncShoot","Data":{"seatId":0,"bulletId":1,"bulletKind":1,"angle":0,"lockfish":0,"agentcall":false}}
2023/02/14 14:44:39 [INFO] Receive Message:{"Ret":"ActCreateFish","Data":{"fishinfo":[{"index":3,"fishtype":26,"cts":1676357081,"route":"R3_L3_3","speed":71}],"formation":null}}
2023/02/14 14:44:39 [INFO] Receive Message:{"Code":0,"Ret":"Hit","Message":"success","Data":0}
2023/02/14 14:44:39 [INFO] Receive Message:{"Ret":"ActGold","Data":{"Gold":2000050.95}}
2023/02/14 14:44:39 [INFO] Receive Message:{"Ret":"ActSyncHit","Data":{"seatId":0,"diefish":0,"bulletgold":0.1,"wingold":0,"skillReward":null,"gold":2000050.95,"isTrick":false}}
2023/02/14 14:44:41 [INFO] Receive Message:{"Ret":"ActCreateFish","Data":{"fishinfo":[{"index":4,"fishtype":26,"cts":1676357083,"route":"R3_L3_3","speed":71}],"formation":null}}
2023/02/14 14:44:41 [ERROR] read tcp [::1]:55174->[::1]:10001: wsarecv: An existing connection was forcibly closed by the remote host.
