2023/06/02 10:48:17 [INFO] 連線中斷
2023/06/02 10:48:17 [ERROR] read tcp [::1]:49220->[::1]:10001: use of closed network connection
2023/06/02 10:48:26 [INFO] Connect Success
2023/06/02 10:48:30 [INFO] Receive Message:{"Code":0,"Ret":"Login","Message":"success","Data":{"Gold":1000000,"IconID":0,"Name":"Test_simon1","UserId":83402783,"MatchGameCode":"","MatchGameTableId":0,"Version":"1.0.0","Marquee":null,"is_relogin":false}}
2023/06/02 10:49:11 [ERROR] read tcp [::1]:65354->[::1]:10001: wsarecv: An existing connection was forcibly closed by the remote host.
2023/06/02 10:49:20 [INFO] 連線中斷
2023/06/02 10:49:21 [INFO] Connect Success
2023/06/02 10:49:26 [INFO] Receive Message:{"Code":0,"Ret":"Login","Message":"success","Data":{"Gold":1000000,"IconID":0,"Name":"Test_simon2","UserId":82288206,"MatchGameCode":"","MatchGameTableId":0,"Version":"1.0.0","Marquee":null,"is_relogin":false}}
2023/06/02 10:50:06 [ERROR] read tcp [::1]:65406->[::1]:10001: use of closed network connection
2023/06/02 10:50:06 [INFO] 連線中斷
2023/06/02 10:50:08 [INFO] Connect Success
2023/06/02 10:51:15 [INFO] Receive Message:{"Code":0,"Ret":"Login","Message":"success","Data":{"Gold":1000000,"IconID":0,"Name":"Test_simon3","UserId":84826776,"MatchGameCode":"","MatchGameTableId":0,"Version":"1.0.0","Marquee":null,"is_relogin":false}}
2023/06/02 10:59:12 [ERROR] read tcp [::1]:49187->[::1]:10001: wsarecv: An existing connection was forcibly closed by the remote host.
2023/06/02 11:03:55 [INFO] 連線中斷
2023/06/02 11:03:59 [INFO] Connect Success
2023/06/02 11:04:02 [INFO] simon3 SendMessage={"Login":{"Token":"3204b594-9f88-4b7d-9d30-48bc27552133(0)"}}
2023/06/02 11:04:22 [ERROR] read tcp [::1]:49728->[::1]:10001: wsarecv: An existing connection was forcibly closed by the remote host.
2023/06/02 11:04:48 [INFO] simon3 SendMessage={"Login":{"Token":"3204b594-9f88-4b7d-9d30-48bc27552133(0)"}}
2023/06/02 11:04:48 [ERROR] simon3 write tcp [::1]:49728->[::1]:10001: wsasend: An existing connection was forcibly closed by the remote host.
2023/06/02 11:05:01 [INFO] 連線中斷
2023/06/02 11:05:08 [INFO] Connect Success
2023/06/02 11:05:11 [INFO] simon3 SendMessage={"Login":{"Token":"bb2620a5-1a8d-4200-9131-e191e8bff93e"}}
2023/06/02 11:06:49 [INFO] Receive Message:{"Code":0,"Ret":"Login","Message":"success","Data":{"Gold":0,"IconID":0,"Name":"simon","UserId":2507,"MatchGameCode":"","MatchGameTableId":0,"Version":"1.0.0","Marquee":null,"is_relogin":false}}
2023/06/02 11:08:26 [ERROR] read tcp [::1]:49775->[::1]:10001: wsarecv: An existing connection was forcibly closed by the remote host.
2023/06/02 16:45:30 [INFO] 連線中斷
2023/06/02 16:45:36 [INFO] Connect Success
2023/06/02 16:45:39 [INFO] Receive Message:{"Code":0,"Ret":"Login","Message":"success","Data":{"Gold":4000002.85,"IconID":0,"Name":"Test_simon","UserId":80399928,"MatchGameCode":"","MatchGameTableId":0,"Version":"1.0.0","Marquee":null,"is_relogin":false}}
2023/06/02 16:45:42 [INFO] Receive Message:{"Code":0,"Ret":"JoinGame","Message":"success","Data":{"Gid":"","raiseArray":[4,6,8,10,12,14],"RemainSec":1,"BetInfo":{},"TableCards":[-1,-1,-1],"PlayerInfo":[{"seatId":1,"iconId":0,"name":"Test_simon","gold":4000002.85,"IsActive":false,"isFold":false,"isCompareLose":false}],"Fsm":"Init","result":null,"own":1,"tokenSeat":0,"settleInfo":null,"round":0}}
2023/06/02 16:45:43 [INFO] Receive Message:{"Ret":"ActGamePeriod","Data":{"Fsm":"Match","Gid":"2006-1664553870702940160","RemainSec":3}}
2023/06/02 16:45:46 [INFO] Receive Message:{"Ret":"ActTableStatus","Data":{"tablePlayerInfo":[{"seatId":1,"iconId":0,"name":"****mon","gold":4000002.85,"isSitDown":true},{"seatId":2,"iconId":101,"name":"****a42","gold":180246,"isSitDown":true},{"seatId":4,"iconId":101,"name":"****e70","gold":171108,"isSitDown":true}]}}
2023/06/02 16:45:46 [INFO] Receive Message:{"Ret":"ActRaiseArray","Data":{"raiseArray":[4,6,8,10,12,14]}}
2023/06/02 16:45:46 [INFO] Receive Message:{"Ret":"ActGold","Data":{"Gold":4000001.85}}
2023/06/02 16:45:46 [INFO] Receive Message:{"Ret":"ActAnteBet","Data":{"antebet":[{"seatId":1,"bet":1,"balance":4000001.85},{"seatId":2,"bet":1,"balance":180245},{"seatId":4,"bet":1,"balance":171107}]}}
2023/06/02 16:45:46 [INFO] Receive Message:{"Ret":"ActGamePeriod","Data":{"Fsm":"Bet","Gid":"2006-1664553870702940160","RemainSec":1}}
2023/06/02 16:45:47 [INFO] Receive Message:{"Ret":"ActGamePeriod","Data":{"Fsm":"Deal","Gid":"2006-1664553870702940160","RemainSec":1}}
2023/06/02 16:45:47 [INFO] Receive Message:{"Ret":"ActDealCard","Data":{"seatid":1,"cards":[-1,-1,-1],"cardtype":0}}
2023/06/02 16:45:48 [INFO] Receive Message:{"Ret":"ActGamePeriod","Data":{"Fsm":"Play","Gid":"2006-1664553870702940160","RemainSec":15,"Round":1}}
2023/06/02 16:45:48 [INFO] Receive Message:{"Ret":"ActTokenPlayerSeat","Data":{"SeatId":1}}
2023/06/02 16:46:03 [INFO] Receive Message:{"Ret":"ActAction","Data":{"seatId":1,"actiontype":"fold","data":null}}
2023/06/02 16:46:03 [INFO] Receive Message:{"Ret":"ActGamePeriod","Data":{"Fsm":"Play","Gid":"2006-1664553870702940160","RemainSec":15,"Round":1}}
2023/06/02 16:46:03 [INFO] Receive Message:{"Ret":"ActTokenPlayerSeat","Data":{"SeatId":2}}
2023/06/02 16:46:10 [INFO] Receive Message:{"Ret":"ActAction","Data":{"seatId":2,"actiontype":"call","data":{"IsLookAt":true,"balance":180241,"gold":4}}}
2023/06/02 16:46:10 [INFO] Receive Message:{"Ret":"ActGamePeriod","Data":{"Fsm":"Play","Gid":"2006-1664553870702940160","RemainSec":15,"Round":1}}
2023/06/02 16:46:10 [INFO] Receive Message:{"Ret":"ActTokenPlayerSeat","Data":{"SeatId":4}}
2023/06/02 16:46:17 [INFO] Receive Message:{"Ret":"ActAction","Data":{"seatId":4,"actiontype":"call","data":{"IsLookAt":true,"balance":171103,"gold":4}}}
2023/06/02 16:46:17 [INFO] Receive Message:{"Ret":"ActGamePeriod","Data":{"Fsm":"Play","Gid":"2006-1664553870702940160","RemainSec":15,"Round":1}}
2023/06/02 16:46:17 [INFO] Receive Message:{"Ret":"ActTokenPlayerSeat","Data":{"SeatId":2}}
2023/06/02 16:46:24 [INFO] Receive Message:{"Ret":"ActAction","Data":{"seatId":2,"actiontype":"call","data":{"IsLookAt":true,"balance":180237,"gold":4}}}
2023/06/02 16:46:24 [INFO] Receive Message:{"Ret":"ActGamePeriod","Data":{"Fsm":"Play","Gid":"2006-1664553870702940160","RemainSec":15,"Round":2}}
2023/06/02 16:46:24 [INFO] Receive Message:{"Ret":"ActTokenPlayerSeat","Data":{"SeatId":4}}
2023/06/02 16:46:28 [ERROR] read tcp [::1]:61654->[::1]:10001: wsarecv: An existing connection was forcibly closed by the remote host.
2023/06/02 16:46:40 [INFO] 連線中斷
2023/06/02 16:46:41 [INFO] Connect Success
2023/06/02 16:46:43 [INFO] Receive Message:{"Code":0,"Ret":"Login","Message":"success","Data":{"Gold":4000001.85,"IconID":0,"Name":"Test_simon","UserId":80399928,"MatchGameCode":"","MatchGameTableId":0,"Version":"1.0.0","Marquee":null,"is_relogin":false}}
2023/06/02 16:47:09 [ERROR] read tcp [::1]:61687->[::1]:10001: wsarecv: An existing connection was forcibly closed by the remote host.
2023/06/02 18:03:17 [INFO] 連線中斷
2023/06/02 18:03:20 [INFO] Connect Success
2023/06/02 18:03:23 [INFO] Receive Message:{"Code":0,"Ret":"Login","Message":"success","Data":{"Gold":4000001.85,"IconID":0,"Name":"Test_simon","UserId":80399928,"MatchGameCode":"","MatchGameTableId":0,"Version":"1.0.0","Marquee":null,"is_relogin":false}}
2023/06/02 18:03:25 [INFO] Receive Message:{"Code":0,"Ret":"JoinGame","Message":"success","Data":{"Gid":"","raiseArray":[4,6,8,10,12,14],"RemainSec":1,"BetInfo":{},"TableCards":[-1,-1,-1],"PlayerInfo":[{"seatId":0,"iconId":0,"name":"Test_simon","gold":4000001.85,"IsActive":false,"isFold":false,"isCompareLose":false}],"Fsm":"Init","result":null,"own":0,"tokenSeat":0,"settleInfo":null,"round":0}}
2023/06/02 18:03:26 [INFO] Receive Message:{"Ret":"ActGamePeriod","Data":{"Fsm":"Match","Gid":"2006-1664573430189527040","RemainSec":3}}
2023/06/02 18:03:29 [INFO] Receive Message:{"Ret":"ActTableStatus","Data":{"tablePlayerInfo":[{"seatId":0,"iconId":0,"name":"****mon","gold":4000001.85,"isSitDown":true},{"seatId":1,"iconId":0,"name":"****n25","gold":175682,"isSitDown":true},{"seatId":3,"iconId":6,"name":"****e11","gold":109789,"isSitDown":true}]}}
2023/06/02 18:03:29 [INFO] Receive Message:{"Ret":"ActRaiseArray","Data":{"raiseArray":[4,6,8,10,12,14]}}
2023/06/02 18:03:29 [INFO] Receive Message:{"Ret":"ActGold","Data":{"Gold":4000000.85}}
2023/06/02 18:03:29 [INFO] Receive Message:{"Ret":"ActAnteBet","Data":{"antebet":[{"seatId":0,"bet":1,"balance":4000000.85},{"seatId":1,"bet":1,"balance":175681},{"seatId":3,"bet":1,"balance":109788}]}}
2023/06/02 18:03:29 [INFO] Receive Message:{"Ret":"ActGamePeriod","Data":{"Fsm":"Bet","Gid":"2006-1664573430189527040","RemainSec":1}}
2023/06/02 18:03:30 [INFO] Receive Message:{"Ret":"ActGamePeriod","Data":{"Fsm":"Deal","Gid":"2006-1664573430189527040","RemainSec":1}}
2023/06/02 18:03:30 [INFO] Receive Message:{"Ret":"ActDealCard","Data":{"seatid":0,"cards":[-1,-1,-1],"cardtype":0}}
2023/06/02 18:03:31 [INFO] Receive Message:{"Ret":"ActGamePeriod","Data":{"Fsm":"Play","Gid":"2006-1664573430189527040","RemainSec":15,"Round":1}}
2023/06/02 18:03:31 [INFO] Receive Message:{"Ret":"ActTokenPlayerSeat","Data":{"SeatId":1}}
2023/06/02 18:03:36 [INFO] Receive Message:{"Code":200001,"Ret":"PlayOperate","Message":"data error","Data":"not your turn"}
2023/06/02 18:03:37 [INFO] Receive Message:{"Ret":"ActAction","Data":{"seatId":1,"actiontype":"call","data":{"IsLookAt":true,"balance":175677,"gold":4}}}
2023/06/02 18:03:37 [INFO] Receive Message:{"Ret":"ActGamePeriod","Data":{"Fsm":"Play","Gid":"2006-1664573430189527040","RemainSec":15,"Round":1}}
2023/06/02 18:03:37 [INFO] Receive Message:{"Ret":"ActTokenPlayerSeat","Data":{"SeatId":3}}
2023/06/02 18:03:40 [INFO] Receive Message:{"Ret":"ActAction","Data":{"seatId":3,"actiontype":"call","data":{"IsLookAt":false,"balance":109786,"gold":2}}}
2023/06/02 18:03:40 [INFO] Receive Message:{"Ret":"ActGamePeriod","Data":{"Fsm":"Play","Gid":"2006-1664573430189527040","RemainSec":15,"Round":1}}
2023/06/02 18:03:40 [INFO] Receive Message:{"Ret":"ActTokenPlayerSeat","Data":{"SeatId":0}}
2023/06/02 18:03:45 [INFO] Receive Message:{"Code":0,"Ret":"PlayOperate","Message":"success"}
2023/06/02 18:03:45 [INFO] Receive Message:{"Ret":"ActGold","Data":{"Gold":3999998.85}}
2023/06/02 18:03:45 [INFO] Receive Message:{"Ret":"ActAction","Data":{"seatId":0,"actiontype":"call","data":{"IsLookAt":false,"balance":3999998.85,"gold":2}}}
2023/06/02 18:03:45 [INFO] Receive Message:{"Ret":"ActGamePeriod","Data":{"Fsm":"Play","Gid":"2006-1664573430189527040","RemainSec":15,"Round":1}}
2023/06/02 18:03:45 [INFO] Receive Message:{"Ret":"ActTokenPlayerSeat","Data":{"SeatId":1}}
2023/06/02 18:03:50 [INFO] Receive Message:{"Ret":"ActAction","Data":{"seatId":1,"actiontype":"call","data":{"IsLookAt":true,"balance":175673,"gold":4}}}
2023/06/02 18:03:50 [INFO] Receive Message:{"Ret":"ActGamePeriod","Data":{"Fsm":"Play","Gid":"2006-1664573430189527040","RemainSec":15,"Round":2}}
2023/06/02 18:03:50 [INFO] Receive Message:{"Ret":"ActTokenPlayerSeat","Data":{"SeatId":3}}
2023/06/02 18:03:55 [INFO] Receive Message:{"Ret":"ActAction","Data":{"seatId":3,"actiontype":"call","data":{"IsLookAt":true,"balance":109782,"gold":4}}}
2023/06/02 18:03:55 [INFO] Receive Message:{"Ret":"ActGamePeriod","Data":{"Fsm":"Play","Gid":"2006-1664573430189527040","RemainSec":15,"Round":2}}
2023/06/02 18:03:55 [INFO] Receive Message:{"Ret":"ActTokenPlayerSeat","Data":{"SeatId":0}}
2023/06/02 18:03:58 [INFO] Receive Message:{"Code":0,"Ret":"PlayOperate","Message":"success"}
2023/06/02 18:03:58 [INFO] Receive Message:{"Ret":"ActGold","Data":{"Gold":3999996.85}}
2023/06/02 18:03:58 [INFO] Receive Message:{"Ret":"ActAction","Data":{"seatId":0,"actiontype":"call","data":{"IsLookAt":false,"balance":3999996.85,"gold":2}}}
2023/06/02 18:03:58 [INFO] Receive Message:{"Ret":"ActGamePeriod","Data":{"Fsm":"Play","Gid":"2006-1664573430189527040","RemainSec":15,"Round":2}}
2023/06/02 18:03:58 [INFO] Receive Message:{"Ret":"ActTokenPlayerSeat","Data":{"SeatId":1}}
2023/06/02 18:04:03 [INFO] Receive Message:{"Ret":"ActAction","Data":{"seatId":1,"actiontype":"call","data":{"IsLookAt":true,"balance":175669,"gold":4}}}
2023/06/02 18:04:03 [INFO] Receive Message:{"Ret":"ActGamePeriod","Data":{"Fsm":"Play","Gid":"2006-1664573430189527040","RemainSec":15,"Round":3}}
2023/06/02 18:04:03 [INFO] Receive Message:{"Ret":"ActTokenPlayerSeat","Data":{"SeatId":3}}
2023/06/02 18:04:06 [INFO] Receive Message:{"Ret":"ActAction","Data":{"seatId":3,"actiontype":"call","data":{"IsLookAt":true,"balance":109778,"gold":4}}}
2023/06/02 18:04:06 [INFO] Receive Message:{"Ret":"ActGamePeriod","Data":{"Fsm":"Play","Gid":"2006-1664573430189527040","RemainSec":15,"Round":3}}
2023/06/02 18:04:06 [INFO] Receive Message:{"Ret":"ActTokenPlayerSeat","Data":{"SeatId":0}}
2023/06/02 18:04:09 [INFO] Receive Message:{"Code":0,"Ret":"PlayOperate","Message":"success"}
2023/06/02 18:04:09 [INFO] Receive Message:{"Ret":"ActGold","Data":{"Gold":3999994.85}}
2023/06/02 18:04:09 [INFO] Receive Message:{"Ret":"ActAction","Data":{"seatId":0,"actiontype":"call","data":{"IsLookAt":false,"balance":3999994.85,"gold":2}}}
2023/06/02 18:04:09 [INFO] Receive Message:{"Ret":"ActGamePeriod","Data":{"Fsm":"Play","Gid":"2006-1664573430189527040","RemainSec":15,"Round":3}}
2023/06/02 18:04:09 [INFO] Receive Message:{"Ret":"ActAction","Data":{"seatId":1,"actiontype":"compare","data":{"playseat":1,"compareseat":3,"comparebet":1,"iswin":false,"playcard":[24,49,5],"comparecard":[0,12,44],"playCardtype":6,"compareCardtype":6}}}
2023/06/02 18:04:09 [INFO] Receive Message:{"Ret":"ActGamePeriod","Data":{"Fsm":"Show","Gid":"2006-1664573430189527040","RemainSec":5,"Round":3}}
2023/06/02 18:04:14 [INFO] Receive Message:{"Ret":"ActAction","Data":{"seatId":3,"actiontype":"compare","data":{"playseat":3,"compareseat":0,"comparebet":1,"iswin":false,"playcard":[0,12,44],"comparecard":[39,21,15],"playCardtype":6,"compareCardtype":6}}}
2023/06/02 18:04:14 [INFO] Receive Message:{"Ret":"ActGamePeriod","Data":{"Fsm":"Show","Gid":"2006-1664573430189527040","RemainSec":5,"Round":3}}
2023/06/02 18:04:19 [INFO] Receive Message:{"Ret":"ActGamePeriod","Data":{"Fsm":"Show","Gid":"2006-1664573430189527040","RemainSec":5,"Round":3}}
2023/06/02 18:04:19 [INFO] Receive Message:{"Ret":"ActGamePeriod","Data":{"Fsm":"Result","Gid":"2006-1664573430189527040","RemainSec":8,"Round":3}}
2023/06/02 18:04:19 [INFO] Receive Message:{"Ret":"ActGold","Data":{"Gold":4000024.65}}
2023/06/02 18:04:19 [INFO] Receive Message:{"Ret":"ActSettleData","Data":{"cards":{"0":[39,21,15],"1":[24,49,5],"3":[0,12,44]},"cardtype":{"0":6,"1":6,"3":6},"settleinfo":[{"seatId":0,"bet":7,"win":22.8,"Gold":4000024.65,"refund":0,"isFold":false,"isCompareLose":false},{"seatId":1,"bet":13,"win":0,"Gold":175669,"refund":0,"isFold":false,"isCompareLose":true},{"seatId":3,"bet":11,"win":0,"Gold":109778,"refund":0,"isFold":false,"isCompareLose":true}]}}
2023/06/02 18:04:27 [INFO] Receive Message:{"Code":0,"Ret":"JoinGame","Message":"success","Data":{"Gid":"2006-1664573430189527040","raiseArray":[4,6,8,10,12,14],"RemainSec":1,"BetInfo":{},"TableCards":[-1,-1,-1],"PlayerInfo":[{"seatId":3,"iconId":0,"name":"Test_simon","gold":4000024.65,"IsActive":false,"isFold":false,"isCompareLose":false}],"Fsm":"Init","result":[],"own":3,"tokenSeat":1,"settleInfo":null,"round":0}}
2023/06/02 18:04:28 [INFO] Receive Message:{"Ret":"ActGamePeriod","Data":{"Fsm":"Match","Gid":"2006-1664573691305922560","RemainSec":3}}
2023/06/02 18:04:31 [INFO] Receive Message:{"Ret":"ActTableStatus","Data":{"tablePlayerInfo":[{"seatId":1,"iconId":7,"name":"****n68","gold":156088,"isSitDown":true},{"seatId":2,"iconId":0,"name":"****l01","gold":166978,"isSitDown":true},{"seatId":3,"iconId":0,"name":"****mon","gold":4000024.65,"isSitDown":true},{"seatId":4,"iconId":1,"name":"****e98","gold":126703,"isSitDown":true}]}}
2023/06/02 18:04:31 [INFO] Receive Message:{"Ret":"ActRaiseArray","Data":{"raiseArray":[4,6,8,10,12,14]}}
2023/06/02 18:04:31 [INFO] Receive Message:{"Ret":"ActGold","Data":{"Gold":4000023.65}}
2023/06/02 18:04:31 [INFO] Receive Message:{"Ret":"ActAnteBet","Data":{"antebet":[{"seatId":1,"bet":1,"balance":156087},{"seatId":2,"bet":1,"balance":166977},{"seatId":3,"bet":1,"balance":4000023.65},{"seatId":4,"bet":1,"balance":126702}]}}
2023/06/02 18:04:31 [INFO] Receive Message:{"Ret":"ActGamePeriod","Data":{"Fsm":"Bet","Gid":"2006-1664573691305922560","RemainSec":1}}
2023/06/02 18:04:32 [INFO] Receive Message:{"Ret":"ActGamePeriod","Data":{"Fsm":"Deal","Gid":"2006-1664573691305922560","RemainSec":1}}
2023/06/02 18:04:32 [INFO] Receive Message:{"Ret":"ActDealCard","Data":{"seatid":3,"cards":[-1,-1,-1],"cardtype":0}}
2023/06/02 18:04:33 [INFO] Receive Message:{"Ret":"ActGamePeriod","Data":{"Fsm":"Play","Gid":"2006-1664573691305922560","RemainSec":15,"Round":1}}
2023/06/02 18:04:33 [INFO] Receive Message:{"Ret":"ActTokenPlayerSeat","Data":{"SeatId":2}}
2023/06/02 18:04:39 [INFO] Receive Message:{"Ret":"ActAction","Data":{"seatId":2,"actiontype":"call","data":{"IsLookAt":false,"balance":166975,"gold":2}}}
2023/06/02 18:04:39 [INFO] Receive Message:{"Ret":"ActGamePeriod","Data":{"Fsm":"Play","Gid":"2006-1664573691305922560","RemainSec":15,"Round":1}}
2023/06/02 18:04:39 [INFO] Receive Message:{"Ret":"ActTokenPlayerSeat","Data":{"SeatId":3}}
2023/06/02 18:04:49 [INFO] Receive Message:{"Code":0,"Ret":"PlayOperate","Message":"success"}
2023/06/02 18:04:49 [INFO] Receive Message:{"Ret":"ActGold","Data":{"Gold":4000021.65}}
2023/06/02 18:04:49 [INFO] Receive Message:{"Ret":"ActAction","Data":{"seatId":3,"actiontype":"call","data":{"IsLookAt":false,"balance":4000021.65,"gold":2}}}
2023/06/02 18:04:49 [INFO] Receive Message:{"Ret":"ActGamePeriod","Data":{"Fsm":"Play","Gid":"2006-1664573691305922560","RemainSec":15,"Round":1}}
2023/06/02 18:04:49 [INFO] Receive Message:{"Ret":"ActTokenPlayerSeat","Data":{"SeatId":4}}
2023/06/02 18:04:57 [INFO] Receive Message:{"Ret":"ActAction","Data":{"seatId":4,"actiontype":"call","data":{"IsLookAt":false,"balance":126700,"gold":2}}}
2023/06/02 18:04:57 [INFO] Receive Message:{"Ret":"ActGamePeriod","Data":{"Fsm":"Play","Gid":"2006-1664573691305922560","RemainSec":15,"Round":1}}
2023/06/02 18:04:57 [INFO] Receive Message:{"Ret":"ActTokenPlayerSeat","Data":{"SeatId":1}}
2023/06/02 18:04:59 [INFO] Receive Message:{"Ret":"ActAction","Data":{"seatId":1,"actiontype":"call","data":{"IsLookAt":true,"balance":156083,"gold":4}}}
2023/06/02 18:04:59 [INFO] Receive Message:{"Ret":"ActGamePeriod","Data":{"Fsm":"Play","Gid":"2006-1664573691305922560","RemainSec":15,"Round":2}}
2023/06/02 18:04:59 [INFO] Receive Message:{"Ret":"ActTokenPlayerSeat","Data":{"SeatId":2}}
2023/06/02 18:05:06 [INFO] Receive Message:{"Ret":"ActAction","Data":{"seatId":2,"actiontype":"call","data":{"IsLookAt":true,"balance":166971,"gold":4}}}
2023/06/02 18:05:06 [INFO] Receive Message:{"Ret":"ActGamePeriod","Data":{"Fsm":"Play","Gid":"2006-1664573691305922560","RemainSec":15,"Round":2}}
2023/06/02 18:05:06 [INFO] Receive Message:{"Ret":"ActTokenPlayerSeat","Data":{"SeatId":3}}
2023/06/02 18:05:09 [INFO] Receive Message:{"Code":0,"Ret":"PlayOperate","Message":"success"}
2023/06/02 18:05:09 [INFO] Receive Message:{"Ret":"ActGold","Data":{"Gold":4000019.65}}
2023/06/02 18:05:09 [INFO] Receive Message:{"Ret":"ActAction","Data":{"seatId":3,"actiontype":"call","data":{"IsLookAt":false,"balance":4000019.65,"gold":2}}}
2023/06/02 18:05:09 [INFO] Receive Message:{"Ret":"ActGamePeriod","Data":{"Fsm":"Play","Gid":"2006-1664573691305922560","RemainSec":15,"Round":2}}
2023/06/02 18:05:09 [INFO] Receive Message:{"Ret":"ActTokenPlayerSeat","Data":{"SeatId":4}}
2023/06/02 18:05:17 [INFO] Receive Message:{"Ret":"ActAction","Data":{"seatId":4,"actiontype":"call","data":{"IsLookAt":false,"balance":126698,"gold":2}}}
2023/06/02 18:05:17 [INFO] Receive Message:{"Ret":"ActGamePeriod","Data":{"Fsm":"Play","Gid":"2006-1664573691305922560","RemainSec":15,"Round":2}}
2023/06/02 18:05:17 [INFO] Receive Message:{"Ret":"ActTokenPlayerSeat","Data":{"SeatId":1}}
2023/06/02 18:05:19 [INFO] Receive Message:{"Ret":"ActAction","Data":{"seatId":1,"actiontype":"call","data":{"IsLookAt":true,"balance":156079,"gold":4}}}
2023/06/02 18:05:19 [INFO] Receive Message:{"Ret":"ActGamePeriod","Data":{"Fsm":"Play","Gid":"2006-1664573691305922560","RemainSec":15,"Round":3}}
2023/06/02 18:05:19 [INFO] Receive Message:{"Ret":"ActTokenPlayerSeat","Data":{"SeatId":2}}
2023/06/02 18:05:25 [INFO] Receive Message:{"Ret":"ActAction","Data":{"seatId":2,"actiontype":"call","data":{"IsLookAt":true,"balance":166967,"gold":4}}}
2023/06/02 18:05:25 [INFO] Receive Message:{"Ret":"ActGamePeriod","Data":{"Fsm":"Play","Gid":"2006-1664573691305922560","RemainSec":15,"Round":3}}
2023/06/02 18:05:25 [INFO] Receive Message:{"Ret":"ActTokenPlayerSeat","Data":{"SeatId":3}}
2023/06/02 18:05:28 [INFO] Receive Message:{"Code":0,"Ret":"PlayOperate","Message":"success"}
2023/06/02 18:05:28 [INFO] Receive Message:{"Ret":"ActGold","Data":{"Gold":4000017.65}}
2023/06/02 18:05:28 [INFO] Receive Message:{"Ret":"ActAction","Data":{"seatId":3,"actiontype":"call","data":{"IsLookAt":false,"balance":4000017.65,"gold":2}}}
2023/06/02 18:05:28 [INFO] Receive Message:{"Ret":"ActGamePeriod","Data":{"Fsm":"Play","Gid":"2006-1664573691305922560","RemainSec":15,"Round":3}}
2023/06/02 18:05:28 [INFO] Receive Message:{"Ret":"ActTokenPlayerSeat","Data":{"SeatId":4}}
2023/06/02 18:05:36 [INFO] Receive Message:{"Ret":"ActAction","Data":{"seatId":4,"actiontype":"call","data":{"IsLookAt":false,"balance":126696,"gold":2}}}
2023/06/02 18:05:36 [INFO] Receive Message:{"Ret":"ActGamePeriod","Data":{"Fsm":"Play","Gid":"2006-1664573691305922560","RemainSec":15,"Round":3}}
2023/06/02 18:05:36 [INFO] Receive Message:{"Ret":"ActGamePeriod","Data":{"Fsm":"Show","Gid":"2006-1664573691305922560","RemainSec":5,"Round":3}}
2023/06/02 18:05:41 [INFO] Receive Message:{"Ret":"ActGamePeriod","Data":{"Fsm":"Show","Gid":"2006-1664573691305922560","RemainSec":5,"Round":3}}
2023/06/02 18:05:46 [INFO] Receive Message:{"Ret":"ActGamePeriod","Data":{"Fsm":"Show","Gid":"2006-1664573691305922560","RemainSec":5,"Round":3}}
2023/06/02 18:05:51 [INFO] Receive Message:{"Ret":"ActGamePeriod","Data":{"Fsm":"Show","Gid":"2006-1664573691305922560","RemainSec":5,"Round":3}}
2023/06/02 18:05:56 [INFO] Receive Message:{"Ret":"ActGamePeriod","Data":{"Fsm":"Show","Gid":"2006-1664573691305922560","RemainSec":5,"Round":3}}
2023/06/02 18:06:01 [INFO] Receive Message:{"Ret":"ActGamePeriod","Data":{"Fsm":"Show","Gid":"2006-1664573691305922560","RemainSec":5,"Round":3}}
2023/06/02 18:06:06 [INFO] Receive Message:{"Ret":"ActGamePeriod","Data":{"Fsm":"Show","Gid":"2006-1664573691305922560","RemainSec":5,"Round":3}}
2023/06/02 18:06:29 [INFO] Receive Message:{"Ret":"ActGamePeriod","Data":{"Fsm":"Show","Gid":"2006-1664573691305922560","RemainSec":5,"Round":3}}
2023/06/02 18:07:44 [ERROR] read tcp [::1]:63169->[::1]:10001: wsarecv: An existing connection was forcibly closed by the remote host.
2023/06/02 18:08:09 [INFO] 連線中斷
2023/06/02 18:08:12 [INFO] Connect Success
2023/06/02 18:08:15 [INFO] Receive Message:{"Code":0,"Ret":"Login","Message":"success","Data":{"Gold":4000017.65,"IconID":0,"Name":"Test_simon","UserId":80399928,"MatchGameCode":"goldenflower","MatchGameTableId":20060,"Version":"1.0.0","Marquee":null,"is_relogin":false}}
2023/06/02 18:08:19 [INFO] Receive Message:{"Code":0,"Ret":"JoinGame","Message":"success","Data":{"Gid":"","raiseArray":[4,6,8,10,12,14],"RemainSec":1,"BetInfo":{},"TableCards":[-1,-1,-1],"PlayerInfo":[{"seatId":3,"iconId":0,"name":"Test_simon","gold":4000017.65,"IsActive":false,"isFold":false,"isCompareLose":false}],"Fsm":"Init","result":null,"own":3,"tokenSeat":0,"settleInfo":null,"round":0}}
2023/06/02 18:08:20 [INFO] Receive Message:{"Ret":"ActGamePeriod","Data":{"Fsm":"Match","Gid":"2006-1664574660760571904","RemainSec":3}}
2023/06/02 18:08:23 [INFO] Receive Message:{"Ret":"ActTableStatus","Data":{"tablePlayerInfo":[{"seatId":0,"iconId":102,"name":"****l87","gold":126744,"isSitDown":true},{"seatId":2,"iconId":2,"name":"****s35","gold":120981,"isSitDown":true},{"seatId":3,"iconId":0,"name":"****mon","gold":8000035.3,"isSitDown":true}]}}
2023/06/02 18:08:23 [INFO] Receive Message:{"Ret":"ActRaiseArray","Data":{"raiseArray":[4,6,8,10,12,14]}}
2023/06/02 18:08:23 [INFO] Receive Message:{"Ret":"ActGold","Data":{"Gold":8000034.3}}
2023/06/02 18:08:23 [INFO] Receive Message:{"Ret":"ActAnteBet","Data":{"antebet":[{"seatId":0,"bet":1,"balance":126743},{"seatId":2,"bet":1,"balance":120980},{"seatId":3,"bet":1,"balance":8000034.3}]}}
2023/06/02 18:08:23 [INFO] Receive Message:{"Ret":"ActGamePeriod","Data":{"Fsm":"Bet","Gid":"2006-1664574660760571904","RemainSec":1}}
2023/06/02 18:08:24 [INFO] Receive Message:{"Ret":"ActGamePeriod","Data":{"Fsm":"Deal","Gid":"2006-1664574660760571904","RemainSec":1}}
2023/06/02 18:08:24 [INFO] Receive Message:{"Ret":"ActDealCard","Data":{"seatid":3,"cards":[-1,-1,-1],"cardtype":0}}
2023/06/02 18:08:29 [INFO] Receive Message:{"Ret":"ActGamePeriod","Data":{"Fsm":"Play","Gid":"2006-1664574660760571904","RemainSec":15,"Round":1}}
2023/06/02 18:08:29 [INFO] Receive Message:{"Ret":"ActTokenPlayerSeat","Data":{"SeatId":0}}
2023/06/02 18:08:33 [INFO] Receive Message:{"Ret":"ActAction","Data":{"seatId":0,"actiontype":"call","data":{"IsLookAt":true,"balance":126739,"gold":4}}}
2023/06/02 18:08:33 [INFO] Receive Message:{"Ret":"ActGamePeriod","Data":{"Fsm":"Play","Gid":"2006-1664574660760571904","RemainSec":15,"Round":1}}
2023/06/02 18:08:33 [INFO] Receive Message:{"Ret":"ActTokenPlayerSeat","Data":{"SeatId":2}}
2023/06/02 18:08:37 [INFO] Receive Message:{"Ret":"ActAction","Data":{"seatId":2,"actiontype":"call","data":{"IsLookAt":false,"balance":120978,"gold":2}}}
2023/06/02 18:08:37 [INFO] Receive Message:{"Ret":"ActGamePeriod","Data":{"Fsm":"Play","Gid":"2006-1664574660760571904","RemainSec":15,"Round":1}}
2023/06/02 18:08:37 [INFO] Receive Message:{"Ret":"ActTokenPlayerSeat","Data":{"SeatId":3}}
2023/06/02 18:08:46 [INFO] Receive Message:{"Code":0,"Ret":"PlayOperate","Message":"success"}
2023/06/02 18:08:46 [INFO] Receive Message:{"Ret":"ActGold","Data":{"Gold":8000032.3}}
2023/06/02 18:08:46 [INFO] Receive Message:{"Ret":"ActAction","Data":{"seatId":3,"actiontype":"call","data":{"IsLookAt":false,"balance":8000032.3,"gold":2}}}
2023/06/02 18:08:46 [INFO] Receive Message:{"Ret":"ActGamePeriod","Data":{"Fsm":"Play","Gid":"2006-1664574660760571904","RemainSec":15,"Round":1}}
2023/06/02 18:08:46 [INFO] Receive Message:{"Ret":"ActTokenPlayerSeat","Data":{"SeatId":0}}
2023/06/02 18:08:50 [INFO] Receive Message:{"Ret":"ActAction","Data":{"seatId":0,"actiontype":"call","data":{"IsLookAt":true,"balance":126735,"gold":4}}}
2023/06/02 18:08:50 [INFO] Receive Message:{"Ret":"ActGamePeriod","Data":{"Fsm":"Play","Gid":"2006-1664574660760571904","RemainSec":15,"Round":2}}
2023/06/02 18:08:50 [INFO] Receive Message:{"Ret":"ActTokenPlayerSeat","Data":{"SeatId":2}}
2023/06/02 18:08:54 [INFO] Receive Message:{"Ret":"ActAction","Data":{"seatId":2,"actiontype":"call","data":{"IsLookAt":false,"balance":120976,"gold":2}}}
2023/06/02 18:08:54 [INFO] Receive Message:{"Ret":"ActGamePeriod","Data":{"Fsm":"Play","Gid":"2006-1664574660760571904","RemainSec":15,"Round":2}}
2023/06/02 18:08:54 [INFO] Receive Message:{"Ret":"ActTokenPlayerSeat","Data":{"SeatId":3}}
2023/06/02 18:08:58 [INFO] Receive Message:{"Code":0,"Ret":"PlayOperate","Message":"success"}
2023/06/02 18:08:58 [INFO] Receive Message:{"Ret":"ActGold","Data":{"Gold":8000030.3}}
2023/06/02 18:08:58 [INFO] Receive Message:{"Ret":"ActAction","Data":{"seatId":3,"actiontype":"call","data":{"IsLookAt":false,"balance":8000030.3,"gold":2}}}
2023/06/02 18:08:58 [INFO] Receive Message:{"Ret":"ActGamePeriod","Data":{"Fsm":"Play","Gid":"2006-1664574660760571904","RemainSec":15,"Round":2}}
2023/06/02 18:08:58 [INFO] Receive Message:{"Ret":"ActTokenPlayerSeat","Data":{"SeatId":0}}
2023/06/02 18:09:01 [INFO] Receive Message:{"Ret":"ActAction","Data":{"seatId":0,"actiontype":"call","data":{"IsLookAt":true,"balance":126731,"gold":4}}}
2023/06/02 18:09:01 [INFO] Receive Message:{"Ret":"ActGamePeriod","Data":{"Fsm":"Play","Gid":"2006-1664574660760571904","RemainSec":15,"Round":3}}
2023/06/02 18:09:01 [INFO] Receive Message:{"Ret":"ActTokenPlayerSeat","Data":{"SeatId":2}}
2023/06/02 18:09:05 [INFO] Receive Message:{"Ret":"ActAction","Data":{"seatId":2,"actiontype":"call","data":{"IsLookAt":false,"balance":120974,"gold":2}}}
2023/06/02 18:09:05 [INFO] Receive Message:{"Ret":"ActGamePeriod","Data":{"Fsm":"Play","Gid":"2006-1664574660760571904","RemainSec":15,"Round":3}}
2023/06/02 18:09:05 [INFO] Receive Message:{"Ret":"ActTokenPlayerSeat","Data":{"SeatId":3}}
2023/06/02 18:09:12 [INFO] Receive Message:{"Code":0,"Ret":"PlayOperate","Message":"success"}
2023/06/02 18:09:21 [INFO] Receive Message:{"Ret":"ActGold","Data":{"Gold":8000028.3}}
2023/06/02 18:09:21 [INFO] Receive Message:{"Ret":"ActAction","Data":{"seatId":3,"actiontype":"call","data":{"IsLookAt":false,"balance":8000028.3,"gold":2}}}
2023/06/02 18:09:21 [INFO] Receive Message:{"Ret":"ActGamePeriod","Data":{"Fsm":"Play","Gid":"2006-1664574660760571904","RemainSec":15,"Round":3}}
2023/06/02 18:09:21 [INFO] Receive Message:{"Ret":"ActAction","Data":{"seatId":0,"actiontype":"compare","data":{"playseat":0,"compareseat":2,"comparebet":1,"iswin":false,"playcard":[34,31,41],"comparecard":[26,48,32],"playCardtype":6,"compareCardtype":6}}}
2023/06/02 18:09:21 [INFO] Receive Message:{"Ret":"ActGamePeriod","Data":{"Fsm":"Show","Gid":"2006-1664574660760571904","RemainSec":5,"Round":3}}
2023/06/02 18:09:36 [INFO] Receive Message:{"Ret":"ActAction","Data":{"seatId":2,"actiontype":"compare","data":{"playseat":2,"compareseat":3,"comparebet":1,"iswin":false,"playcard":[26,48,32],"comparecard":[21,15,14],"playCardtype":6,"compareCardtype":3}}}
2023/06/02 18:09:36 [INFO] Receive Message:{"Ret":"ActGamePeriod","Data":{"Fsm":"Show","Gid":"2006-1664574660760571904","RemainSec":5,"Round":3}}
2023/06/02 18:09:46 [INFO] Receive Message:{"Ret":"ActGamePeriod","Data":{"Fsm":"Show","Gid":"2006-1664574660760571904","RemainSec":5,"Round":3}}
2023/06/02 18:09:46 [INFO] Receive Message:{"Ret":"ActGamePeriod","Data":{"Fsm":"Result","Gid":"2006-1664574660760571904","RemainSec":8,"Round":3}}
2023/06/02 18:09:46 [INFO] Receive Message:{"Ret":"ActGold","Data":{"Gold":8000054.3}}
2023/06/02 18:09:46 [INFO] Receive Message:{"Ret":"ActSettleData","Data":{"cards":{"0":[34,31,41],"2":[26,48,32],"3":[21,15,14]},"cardtype":{"0":6,"2":6,"3":3},"settleinfo":[{"seatId":0,"bet":13,"win":0,"Gold":126731,"refund":0,"isFold":false,"isCompareLose":true},{"seatId":2,"bet":7,"win":0,"Gold":120974,"refund":0,"isFold":false,"isCompareLose":true},{"seatId":3,"bet":7,"win":19,"Gold":8000054.3,"refund":0,"isFold":false,"isCompareLose":false}]}}
2023/06/02 18:09:46 [INFO] Receive Message:{"Ret":"ActGold","Data":{"Gold":4000036.65}}
2023/06/02 18:10:33 [INFO] Receive Message:{"Code":0,"Ret":"JoinGame","Message":"success","Data":{"Gid":"2006-1664574660760571904","raiseArray":[4,6,8,10,12,14],"RemainSec":1,"BetInfo":{},"TableCards":[-1,-1,-1],"PlayerInfo":[{"seatId":2,"iconId":0,"name":"Test_simon","gold":4000036.65,"IsActive":false,"isFold":false,"isCompareLose":false}],"Fsm":"Init","result":[],"own":2,"tokenSeat":0,"settleInfo":null,"round":0}}
2023/06/02 18:10:34 [INFO] Receive Message:{"Ret":"ActGamePeriod","Data":{"Fsm":"Match","Gid":"2006-1664575222621147136","RemainSec":3}}
2023/06/02 18:10:37 [INFO] Receive Message:{"Ret":"ActTableStatus","Data":{"tablePlayerInfo":[{"seatId":0,"iconId":100,"name":"****a77","gold":103605,"isSitDown":true},{"seatId":2,"iconId":0,"name":"****mon","gold":4000036.65,"isSitDown":true},{"seatId":3,"iconId":107,"name":"****n44","gold":161008,"isSitDown":true},{"seatId":4,"iconId":3,"name":"****l68","gold":152533,"isSitDown":true}]}}
2023/06/02 18:10:37 [INFO] Receive Message:{"Ret":"ActRaiseArray","Data":{"raiseArray":[4,6,8,10,12,14]}}
2023/06/02 18:10:37 [INFO] Receive Message:{"Ret":"ActGold","Data":{"Gold":4000035.65}}
2023/06/02 18:10:37 [INFO] Receive Message:{"Ret":"ActAnteBet","Data":{"antebet":[{"seatId":0,"bet":1,"balance":103604},{"seatId":2,"bet":1,"balance":4000035.65},{"seatId":3,"bet":1,"balance":161007},{"seatId":4,"bet":1,"balance":152532}]}}
2023/06/02 18:10:37 [INFO] Receive Message:{"Ret":"ActGamePeriod","Data":{"Fsm":"Bet","Gid":"2006-1664575222621147136","RemainSec":1}}
2023/06/02 18:10:38 [INFO] Receive Message:{"Ret":"ActGamePeriod","Data":{"Fsm":"Deal","Gid":"2006-1664575222621147136","RemainSec":1}}
2023/06/02 18:10:38 [INFO] Receive Message:{"Ret":"ActDealCard","Data":{"seatid":2,"cards":[-1,-1,-1],"cardtype":0}}
2023/06/02 18:14:14 [ERROR] read tcp [::1]:63253->[::1]:10001: wsarecv: An existing connection was forcibly closed by the remote host.
2023/06/02 18:14:24 [INFO] 連線中斷
2023/06/02 18:14:25 [INFO] Connect Success
2023/06/02 18:14:27 [INFO] Receive Message:{"Code":0,"Ret":"Login","Message":"success","Data":{"Gold":4000035.65,"IconID":0,"Name":"Test_simon","UserId":80399928,"MatchGameCode":"goldenflower","MatchGameTableId":20060,"Version":"1.0.0","Marquee":null,"is_relogin":false}}
2023/06/02 18:14:31 [INFO] Receive Message:{"Code":0,"Ret":"JoinGame","Message":"success","Data":{"Gid":"","raiseArray":[4,6,8,10,12,14],"RemainSec":1,"BetInfo":{},"TableCards":[-1,-1,-1],"PlayerInfo":[{"seatId":2,"iconId":0,"name":"Test_simon","gold":4000035.65,"IsActive":false,"isFold":false,"isCompareLose":false}],"Fsm":"Init","result":null,"own":2,"tokenSeat":0,"settleInfo":null,"round":0}}
2023/06/02 18:14:32 [INFO] Receive Message:{"Ret":"ActGamePeriod","Data":{"Fsm":"Match","Gid":"2006-1664576221431730176","RemainSec":3}}
2023/06/02 18:14:35 [INFO] Receive Message:{"Ret":"ActTableStatus","Data":{"tablePlayerInfo":[{"seatId":1,"iconId":3,"name":"****e32","gold":106369,"isSitDown":true},{"seatId":2,"iconId":0,"name":"****mon","gold":8000071.3,"isSitDown":true},{"seatId":3,"iconId":0,"name":"****f37","gold":199787,"isSitDown":true},{"seatId":4,"iconId":103,"name":"****y68","gold":114475,"isSitDown":true}]}}
2023/06/02 18:14:35 [INFO] Receive Message:{"Ret":"ActRaiseArray","Data":{"raiseArray":[4,6,8,10,12,14]}}
2023/06/02 18:14:35 [INFO] Receive Message:{"Ret":"ActGold","Data":{"Gold":8000070.3}}
2023/06/02 18:14:35 [INFO] Receive Message:{"Ret":"ActAnteBet","Data":{"antebet":[{"seatId":1,"bet":1,"balance":106368},{"seatId":2,"bet":1,"balance":8000070.3},{"seatId":3,"bet":1,"balance":199786},{"seatId":4,"bet":1,"balance":114474}]}}
2023/06/02 18:14:35 [INFO] Receive Message:{"Ret":"ActGamePeriod","Data":{"Fsm":"Bet","Gid":"2006-1664576221431730176","RemainSec":1}}
2023/06/02 18:14:36 [INFO] Receive Message:{"Ret":"ActGamePeriod","Data":{"Fsm":"Deal","Gid":"2006-1664576221431730176","RemainSec":1}}
2023/06/02 18:14:36 [INFO] Receive Message:{"Ret":"ActDealCard","Data":{"seatid":2,"cards":[-1,-1,-1],"cardtype":0}}
2023/06/02 18:14:43 [INFO] Receive Message:{"Ret":"ActGamePeriod","Data":{"Fsm":"Play","Gid":"2006-1664576221431730176","RemainSec":15,"Round":1}}
2023/06/02 18:14:43 [INFO] Receive Message:{"Ret":"ActTokenPlayerSeat","Data":{"SeatId":2}}
2023/06/02 18:14:53 [INFO] Receive Message:{"Code":0,"Ret":"PlayOperate","Message":"success"}
2023/06/02 18:14:53 [INFO] Receive Message:{"Ret":"ActGold","Data":{"Gold":8000068.3}}
2023/06/02 18:14:53 [INFO] Receive Message:{"Ret":"ActAction","Data":{"seatId":2,"actiontype":"call","data":{"IsLookAt":false,"balance":8000068.3,"gold":2}}}
2023/06/02 18:14:53 [INFO] Receive Message:{"Ret":"ActGamePeriod","Data":{"Fsm":"Play","Gid":"2006-1664576221431730176","RemainSec":15,"Round":1}}
2023/06/02 18:14:53 [INFO] Receive Message:{"Ret":"ActTokenPlayerSeat","Data":{"SeatId":3}}
2023/06/02 18:14:58 [INFO] Receive Message:{"Ret":"ActAction","Data":{"seatId":3,"actiontype":"call","data":{"IsLookAt":true,"balance":199782,"gold":4}}}
2023/06/02 18:14:58 [INFO] Receive Message:{"Ret":"ActGamePeriod","Data":{"Fsm":"Play","Gid":"2006-1664576221431730176","RemainSec":15,"Round":1}}
2023/06/02 18:14:58 [INFO] Receive Message:{"Ret":"ActTokenPlayerSeat","Data":{"SeatId":4}}
2023/06/02 18:14:59 [INFO] Receive Message:{"Ret":"ActAction","Data":{"seatId":4,"actiontype":"call","data":{"IsLookAt":false,"balance":114472,"gold":2}}}
2023/06/02 18:14:59 [INFO] Receive Message:{"Ret":"ActGamePeriod","Data":{"Fsm":"Play","Gid":"2006-1664576221431730176","RemainSec":15,"Round":1}}
2023/06/02 18:14:59 [INFO] Receive Message:{"Ret":"ActTokenPlayerSeat","Data":{"SeatId":1}}
2023/06/02 18:15:00 [INFO] Receive Message:{"Ret":"ActAction","Data":{"seatId":1,"actiontype":"call","data":{"IsLookAt":true,"balance":106364,"gold":4}}}
2023/06/02 18:15:00 [INFO] Receive Message:{"Ret":"ActGamePeriod","Data":{"Fsm":"Play","Gid":"2006-1664576221431730176","RemainSec":15,"Round":1}}
2023/06/02 18:15:00 [INFO] Receive Message:{"Ret":"ActTokenPlayerSeat","Data":{"SeatId":2}}
2023/06/02 18:15:03 [INFO] Receive Message:{"Code":0,"Ret":"PlayOperate","Message":"success"}
2023/06/02 18:15:03 [INFO] Receive Message:{"Ret":"ActGold","Data":{"Gold":8000066.3}}
2023/06/02 18:15:03 [INFO] Receive Message:{"Ret":"ActAction","Data":{"seatId":2,"actiontype":"call","data":{"IsLookAt":false,"balance":8000066.3,"gold":2}}}
2023/06/02 18:15:03 [INFO] Receive Message:{"Ret":"ActGamePeriod","Data":{"Fsm":"Play","Gid":"2006-1664576221431730176","RemainSec":15,"Round":2}}
2023/06/02 18:15:03 [INFO] Receive Message:{"Ret":"ActTokenPlayerSeat","Data":{"SeatId":3}}
2023/06/02 18:15:08 [INFO] Receive Message:{"Ret":"ActAction","Data":{"seatId":3,"actiontype":"call","data":{"IsLookAt":true,"balance":199778,"gold":4}}}
2023/06/02 18:15:08 [INFO] Receive Message:{"Ret":"ActGamePeriod","Data":{"Fsm":"Play","Gid":"2006-1664576221431730176","RemainSec":15,"Round":2}}
2023/06/02 18:15:08 [INFO] Receive Message:{"Ret":"ActTokenPlayerSeat","Data":{"SeatId":4}}
2023/06/02 18:15:09 [INFO] Receive Message:{"Ret":"ActAction","Data":{"seatId":4,"actiontype":"call","data":{"IsLookAt":false,"balance":114470,"gold":2}}}
2023/06/02 18:15:09 [INFO] Receive Message:{"Ret":"ActGamePeriod","Data":{"Fsm":"Play","Gid":"2006-1664576221431730176","RemainSec":15,"Round":2}}
2023/06/02 18:15:09 [INFO] Receive Message:{"Ret":"ActTokenPlayerSeat","Data":{"SeatId":1}}
2023/06/02 18:15:10 [INFO] Receive Message:{"Ret":"ActAction","Data":{"seatId":1,"actiontype":"call","data":{"IsLookAt":true,"balance":106360,"gold":4}}}
2023/06/02 18:15:10 [INFO] Receive Message:{"Ret":"ActGamePeriod","Data":{"Fsm":"Play","Gid":"2006-1664576221431730176","RemainSec":15,"Round":2}}
2023/06/02 18:15:10 [INFO] Receive Message:{"Ret":"ActTokenPlayerSeat","Data":{"SeatId":2}}
2023/06/02 18:15:15 [INFO] Receive Message:{"Code":0,"Ret":"PlayOperate","Message":"success"}
2023/06/02 18:15:15 [INFO] Receive Message:{"Ret":"ActGold","Data":{"Gold":8000064.3}}
2023/06/02 18:15:15 [INFO] Receive Message:{"Ret":"ActAction","Data":{"seatId":2,"actiontype":"call","data":{"IsLookAt":false,"balance":8000064.3,"gold":2}}}
2023/06/02 18:15:15 [INFO] Receive Message:{"Ret":"ActGamePeriod","Data":{"Fsm":"Play","Gid":"2006-1664576221431730176","RemainSec":15,"Round":3}}
2023/06/02 18:15:15 [INFO] Receive Message:{"Ret":"ActTokenPlayerSeat","Data":{"SeatId":3}}
2023/06/02 18:15:20 [INFO] Receive Message:{"Ret":"ActAction","Data":{"seatId":3,"actiontype":"call","data":{"IsLookAt":true,"balance":199774,"gold":4}}}
2023/06/02 18:15:20 [INFO] Receive Message:{"Ret":"ActGamePeriod","Data":{"Fsm":"Play","Gid":"2006-1664576221431730176","RemainSec":15,"Round":3}}
2023/06/02 18:15:20 [INFO] Receive Message:{"Ret":"ActTokenPlayerSeat","Data":{"SeatId":4}}
2023/06/02 18:15:22 [INFO] Receive Message:{"Ret":"ActAction","Data":{"seatId":4,"actiontype":"call","data":{"IsLookAt":false,"balance":114468,"gold":2}}}
2023/06/02 18:15:22 [INFO] Receive Message:{"Ret":"ActGamePeriod","Data":{"Fsm":"Play","Gid":"2006-1664576221431730176","RemainSec":15,"Round":3}}
2023/06/02 18:15:22 [INFO] Receive Message:{"Ret":"ActTokenPlayerSeat","Data":{"SeatId":1}}
2023/06/02 18:15:27 [INFO] Receive Message:{"Ret":"ActAction","Data":{"seatId":1,"actiontype":"call","data":{"IsLookAt":true,"balance":106356,"gold":4}}}
2023/06/02 18:15:27 [INFO] Receive Message:{"Ret":"ActGamePeriod","Data":{"Fsm":"Play","Gid":"2006-1664576221431730176","RemainSec":15,"Round":3}}
2023/06/02 18:15:27 [INFO] Receive Message:{"Ret":"ActGold","Data":{"Gold":4000028.65}}
2023/06/02 18:15:27 [INFO] Receive Message:{"Ret":"ActAction","Data":{"seatId":2,"actiontype":"compare","data":{"playseat":2,"compareseat":3,"comparebet":1,"iswin":false,"playcard":[0,11,22],"comparecard":[2,41,14],"playCardtype":6,"compareCardtype":5}}}
2023/06/02 18:15:27 [INFO] Receive Message:{"Ret":"ActGamePeriod","Data":{"Fsm":"Show","Gid":"2006-1664576221431730176","RemainSec":5,"Round":3}}
2023/06/02 18:15:32 [INFO] Receive Message:{"Ret":"ActAction","Data":{"seatId":3,"actiontype":"compare","data":{"playseat":3,"compareseat":4,"comparebet":1,"iswin":true,"playcard":[2,41,14],"comparecard":[7,44,40],"playCardtype":5,"compareCardtype":6}}}
2023/06/02 18:15:32 [INFO] Receive Message:{"Ret":"ActGamePeriod","Data":{"Fsm":"Show","Gid":"2006-1664576221431730176","RemainSec":5,"Round":3}}
2023/06/02 18:15:38 [INFO] Receive Message:{"Ret":"ActAction","Data":{"seatId":3,"actiontype":"compare","data":{"playseat":3,"compareseat":1,"comparebet":1,"iswin":true,"playcard":[2,41,14],"comparecard":[51,48,8],"playCardtype":5,"compareCardtype":6}}}
2023/06/02 18:15:38 [INFO] Receive Message:{"Ret":"ActGamePeriod","Data":{"Fsm":"Show","Gid":"2006-1664576221431730176","RemainSec":5,"Round":3}}
2023/06/02 18:15:43 [INFO] Receive Message:{"Ret":"ActGamePeriod","Data":{"Fsm":"Result","Gid":"2006-1664576221431730176","RemainSec":8,"Round":3}}
2023/06/02 18:15:43 [INFO] Receive Message:{"Ret":"ActSettleData","Data":{"cards":{"1":[51,48,8],"2":[0,11,22],"3":[2,41,14],"4":[7,44,40]},"cardtype":{"1":6,"2":6,"3":5,"4":6},"settleinfo":[{"seatId":1,"bet":13,"win":0,"Gold":106356,"refund":0,"isFold":false,"isCompareLose":true},{"seatId":2,"bet":7,"win":0,"Gold":4000028.65,"refund":0,"isFold":false,"isCompareLose":true},{"seatId":3,"bet":13,"win":25.65,"Gold":199812.65,"refund":0,"isFold":false,"isCompareLose":false},{"seatId":4,"bet":7,"win":0,"Gold":114468,"refund":0,"isFold":false,"isCompareLose":true}]}}
2023/06/02 18:15:59 [INFO] Receive Message:{"Code":0,"Ret":"JoinGame","Message":"success","Data":{"Gid":"2006-1664576221431730176","raiseArray":[4,6,8,10,12,14],"RemainSec":1,"BetInfo":{},"TableCards":[-1,-1,-1],"PlayerInfo":[{"seatId":4,"iconId":0,"name":"Test_simon","gold":4000028.65,"IsActive":false,"isFold":false,"isCompareLose":false}],"Fsm":"Init","result":[],"own":4,"tokenSeat":2,"settleInfo":null,"round":0}}
2023/06/02 18:16:00 [INFO] Receive Message:{"Ret":"ActGamePeriod","Data":{"Fsm":"Match","Gid":"2006-1664576591402897408","RemainSec":3}}
2023/06/02 18:16:03 [INFO] Receive Message:{"Ret":"ActTableStatus","Data":{"tablePlayerInfo":[{"seatId":1,"iconId":101,"name":"****s34","gold":161429,"isSitDown":true},{"seatId":2,"iconId":4,"name":"****s21","gold":125609,"isSitDown":true},{"seatId":3,"iconId":104,"name":"****n21","gold":179596,"isSitDown":true},{"seatId":4,"iconId":0,"name":"****mon","gold":4000028.65,"isSitDown":true}]}}
2023/06/02 18:16:03 [INFO] Receive Message:{"Ret":"ActRaiseArray","Data":{"raiseArray":[4,6,8,10,12,14]}}
2023/06/02 18:16:03 [INFO] Receive Message:{"Ret":"ActGold","Data":{"Gold":4000027.65}}
2023/06/02 18:16:03 [INFO] Receive Message:{"Ret":"ActAnteBet","Data":{"antebet":[{"seatId":1,"bet":1,"balance":161428},{"seatId":2,"bet":1,"balance":125608},{"seatId":3,"bet":1,"balance":179595},{"seatId":4,"bet":1,"balance":4000027.65}]}}
2023/06/02 18:16:03 [INFO] Receive Message:{"Ret":"ActGamePeriod","Data":{"Fsm":"Bet","Gid":"2006-1664576591402897408","RemainSec":1}}
2023/06/02 18:16:04 [INFO] Receive Message:{"Ret":"ActGamePeriod","Data":{"Fsm":"Deal","Gid":"2006-1664576591402897408","RemainSec":1}}
2023/06/02 18:16:04 [INFO] Receive Message:{"Ret":"ActDealCard","Data":{"seatid":4,"cards":[-1,-1,-1],"cardtype":0}}
2023/06/02 18:16:08 [INFO] Receive Message:{"Ret":"ActGamePeriod","Data":{"Fsm":"Play","Gid":"2006-1664576591402897408","RemainSec":15,"Round":1}}
2023/06/02 18:16:08 [INFO] Receive Message:{"Ret":"ActTokenPlayerSeat","Data":{"SeatId":3}}
2023/06/02 18:16:13 [ERROR] read tcp [::1]:63379->[::1]:10001: wsarecv: An existing connection was forcibly closed by the remote host.
