2023/08/28 09:24:15 [INFO] Connect Success
2023/08/28 09:24:32 [INFO] Receive Message:{"Code":0,"Ret":"Login","Message":"success","Data":{"Gold":1000000,"IconID":0,"Name":"Test_simon","UserId":88342761,"MatchGameCode":"","MatchGameTableId":0,"Version":"1.0.0","Marquee":null,"is_relogin":false}}
2023/08/28 09:24:38 [ERROR] read tcp [::1]:65274->[::1]:10001: use of closed network connection
2023/08/28 09:24:38 [INFO] 連線中斷
2023/08/28 09:24:46 [INFO] Connect Success
2023/08/28 09:25:01 [INFO] Receive Message:{"Code":0,"Ret":"Login","Message":"success","Data":{"Gold":1000000,"IconID":0,"Name":"Test_simon","UserId":88342761,"MatchGameCode":"","MatchGameTableId":0,"Version":"1.0.0","Marquee":null,"is_relogin":false}}
2023/08/28 09:25:09 [INFO] Receive Message:{"Ret":"DebugMatchType","Data":{"matchtype":0}}
2023/08/28 09:25:09 [INFO] Receive Message:{"Code":0,"Ret":"JoinGame","Message":"success","Data":{"Gid":"","raiseArray":[2,4,6,8,10,12,14],"RemainSec":1,"BetInfo":{},"TableCards":[-1,-1,-1],"PlayerInfo":[{"seatId":1,"iconId":0,"name":"****mon","gold":1000000,"IsActive":false,"isFold":false,"isCompareLose":false,"isLookAtCards":false}],"Fsm":"Init","result":null,"own":1,"tokenSeat":0,"settleInfo":null,"round":0,"TableCardType":[],"betindex":0}}
2023/08/28 09:25:10 [INFO] Receive Message:{"Ret":"ActGamePeriod","Data":{"Fsm":"Match","Gid":"2006-1695970746746015744","RemainSec":3}}
2023/08/28 09:25:13 [INFO] Receive Message:{"Ret":"ActTableStatus","Data":{"tablePlayerInfo":[{"seatId":0,"iconId":100,"name":"****h21","gold":158159,"isSitDown":true},{"seatId":1,"iconId":0,"name":"****mon","gold":1000000,"isSitDown":true},{"seatId":2,"iconId":5,"name":"****a86","gold":198452,"isSitDown":true},{"seatId":3,"iconId":100,"name":"****k29","gold":144309,"isSitDown":true}]}}
2023/08/28 09:25:13 [INFO] Receive Message:{"Ret":"ActRaiseArray","Data":{"raiseArray":[2,4,6,8,10,12,14]}}
2023/08/28 09:25:13 [INFO] Receive Message:{"Ret":"ActGold","Data":{"Gold":999999}}
2023/08/28 09:25:13 [INFO] Receive Message:{"Ret":"ActAnteBet","Data":{"antebet":[{"seatId":0,"bet":1,"balance":158158},{"seatId":1,"bet":1,"balance":999999},{"seatId":2,"bet":1,"balance":198451},{"seatId":3,"bet":1,"balance":144308}]}}
2023/08/28 09:25:13 [INFO] Receive Message:{"Ret":"ActGamePeriod","Data":{"Fsm":"Bet","Gid":"2006-1695970746746015744","RemainSec":1}}
2023/08/28 09:25:14 [INFO] Receive Message:{"Ret":"ActGamePeriod","Data":{"Fsm":"Deal","Gid":"2006-1695970746746015744","RemainSec":1}}
2023/08/28 09:25:14 [INFO] Receive Message:{"Ret":"ActDealCard","Data":{"seatid":1,"cards":[-1,-1,-1],"cardtype":0}}
2023/08/28 09:25:15 [INFO] Receive Message:{"Ret":"ActGamePeriod","Data":{"Fsm":"Play","Gid":"2006-1695970746746015744","RemainSec":15,"Round":1}}
2023/08/28 09:25:15 [INFO] Receive Message:{"Ret":"ActTokenPlayerSeat","Data":{"SeatId":2}}
2023/08/28 09:25:22 [INFO] Receive Message:{"Ret":"ActAction","Data":{"seatId":2,"actiontype":"call","data":{"IsLookAt":true,"balance":198449,"gold":2}}}
2023/08/28 09:25:22 [INFO] Receive Message:{"Ret":"ActGamePeriod","Data":{"Fsm":"Play","Gid":"2006-1695970746746015744","RemainSec":15,"Round":1}}
2023/08/28 09:25:22 [INFO] Receive Message:{"Ret":"ActTokenPlayerSeat","Data":{"SeatId":3}}
2023/08/28 09:25:28 [INFO] Receive Message:{"Ret":"ActAction","Data":{"seatId":3,"actiontype":"call","data":{"IsLookAt":false,"balance":144307,"gold":1}}}
2023/08/28 09:25:28 [INFO] Receive Message:{"Ret":"ActGamePeriod","Data":{"Fsm":"Play","Gid":"2006-1695970746746015744","RemainSec":15,"Round":1}}
2023/08/28 09:25:28 [INFO] Receive Message:{"Ret":"ActTokenPlayerSeat","Data":{"SeatId":0}}
2023/08/28 09:25:35 [INFO] Receive Message:{"Ret":"ActAction","Data":{"seatId":0,"actiontype":"fold","data":null}}
2023/08/28 09:25:35 [INFO] Receive Message:{"Ret":"ActGamePeriod","Data":{"Fsm":"Play","Gid":"2006-1695970746746015744","RemainSec":15,"Round":1}}
2023/08/28 09:25:35 [INFO] Receive Message:{"Ret":"ActTokenPlayerSeat","Data":{"SeatId":1}}
2023/08/28 09:25:40 [INFO] Receive Message:{"Code":0,"Ret":"PlayOperate","Message":"success"}
2023/08/28 09:25:40 [INFO] Receive Message:{"Ret":"ActGold","Data":{"Gold":999998}}
2023/08/28 09:25:40 [INFO] Receive Message:{"Ret":"ActAction","Data":{"seatId":1,"actiontype":"call","data":{"IsLookAt":false,"balance":999998,"gold":1}}}
2023/08/28 09:25:40 [INFO] Receive Message:{"Ret":"ActGamePeriod","Data":{"Fsm":"Play","Gid":"2006-1695970746746015744","RemainSec":15,"Round":2}}
2023/08/28 09:25:40 [INFO] Receive Message:{"Ret":"ActTokenPlayerSeat","Data":{"SeatId":2}}
2023/08/28 09:25:47 [INFO] Receive Message:{"Ret":"ActAction","Data":{"seatId":2,"actiontype":"call","data":{"IsLookAt":true,"balance":198447,"gold":2}}}
2023/08/28 09:25:47 [INFO] Receive Message:{"Ret":"ActGamePeriod","Data":{"Fsm":"Play","Gid":"2006-1695970746746015744","RemainSec":15,"Round":2}}
2023/08/28 09:25:47 [INFO] Receive Message:{"Ret":"ActTokenPlayerSeat","Data":{"SeatId":3}}
2023/08/28 09:25:54 [INFO] Receive Message:{"Ret":"ActAction","Data":{"seatId":3,"actiontype":"fold","data":null}}
2023/08/28 09:25:54 [INFO] Receive Message:{"Ret":"ActGamePeriod","Data":{"Fsm":"Play","Gid":"2006-1695970746746015744","RemainSec":15,"Round":2}}
2023/08/28 09:25:54 [INFO] Receive Message:{"Ret":"ActTokenPlayerSeat","Data":{"SeatId":1}}
2023/08/28 09:26:04 [INFO] Receive Message:{"Code":0,"Ret":"PlayOperate","Message":"success"}
2023/08/28 09:26:04 [INFO] Receive Message:{"Ret":"ActGold","Data":{"Gold":999997}}
2023/08/28 09:26:04 [INFO] Receive Message:{"Ret":"ActAction","Data":{"seatId":1,"actiontype":"call","data":{"IsLookAt":false,"balance":999997,"gold":1}}}
2023/08/28 09:26:04 [INFO] Receive Message:{"Ret":"ActGamePeriod","Data":{"Fsm":"Play","Gid":"2006-1695970746746015744","RemainSec":15,"Round":3}}
2023/08/28 09:26:04 [INFO] Receive Message:{"Ret":"ActTokenPlayerSeat","Data":{"SeatId":2}}
2023/08/28 09:27:32 [INFO] Receive Message:{"Ret":"ActAction","Data":{"seatId":2,"actiontype":"call","data":{"IsLookAt":true,"balance":198445,"gold":2}}}
2023/08/28 09:27:32 [INFO] Receive Message:{"Ret":"ActGamePeriod","Data":{"Fsm":"Play","Gid":"2006-1695970746746015744","RemainSec":15,"Round":3}}
2023/08/28 09:27:32 [INFO] Receive Message:{"Ret":"ActTokenPlayerSeat","Data":{"SeatId":1}}
2023/08/28 09:27:47 [INFO] Receive Message:{"Code":0,"Ret":"PlayOperate","Message":"success"}
2023/08/28 09:27:47 [INFO] Receive Message:{"Ret":"ActGold","Data":{"Gold":999996}}
2023/08/28 09:27:47 [INFO] Receive Message:{"Ret":"ActAction","Data":{"seatId":1,"actiontype":"call","data":{"IsLookAt":false,"balance":999996,"gold":1}}}
2023/08/28 09:27:47 [INFO] Receive Message:{"Ret":"ActGamePeriod","Data":{"Fsm":"Play","Gid":"2006-1695970746746015744","RemainSec":15,"Round":4}}
2023/08/28 09:27:47 [INFO] Receive Message:{"Ret":"ActTokenPlayerSeat","Data":{"SeatId":2}}
2023/08/28 09:28:15 [INFO] Receive Message:{"Ret":"ActAction","Data":{"seatId":2,"actiontype":"compare","data":{"playseat":2,"compareseat":1,"comparebet":2,"iswin":true,"playcard":[51,48,44],"comparecard":[26,23,31],"playCardtype":3,"compareCardtype":6}}}
2023/08/28 09:28:20 [INFO] Receive Message:{"Ret":"ActGamePeriod","Data":{"Fsm":"Result","Gid":"2006-1695970746746015744","RemainSec":8,"Round":4}}
2023/08/28 09:28:20 [INFO] Receive Message:{"Ret":"ActSettleData","Data":{"cards":{"0":[25,35,21],"1":[26,23,31],"2":[51,48,44],"3":[0,12,45]},"cardtype":{"0":6,"1":6,"2":3,"3":6},"settleinfo":[{"seatId":0,"bet":1,"win":0,"Gold":158158,"refund":0,"isFold":true,"isCompareLose":false,"bonus":0},{"seatId":1,"bet":4,"win":0,"Gold":999996,"refund":0,"isFold":false,"isCompareLose":true,"bonus":0},{"seatId":2,"bet":9,"win":6.65,"Gold":198458.65,"refund":0,"isFold":false,"isCompareLose":false,"bonus":0},{"seatId":3,"bet":2,"win":0,"Gold":144307,"refund":0,"isFold":true,"isCompareLose":false,"bonus":0}]}}
2023/08/28 09:57:03 [ERROR] read tcp [::1]:65285->[::1]:10001: wsarecv: An existing connection was forcibly closed by the remote host.
