2023/09/19 09:43:10 [INFO] 連線中斷
2023/09/19 09:43:10 [INFO] Connect Success
2023/09/19 09:43:12 [INFO] Receive Message:{"Code":0,"Ret":"Login","Message":"success","Data":{"Gold":2999972.4,"IconID":0,"Name":"Test_simon","UserId":88342761,"MatchGameCode":"","MatchGameTableId":0,"Version":"1.0.0","Marquee":null,"is_relogin":false}}
2023/09/19 09:43:22 [INFO] 連線中斷
2023/09/19 09:43:22 [ERROR] read tcp [::1]:53232->[::1]:10001: use of closed network connection
2023/09/19 09:43:31 [INFO] Connect Success
2023/09/19 09:43:33 [INFO] Receive Message:{"Code":0,"Ret":"Login","Message":"success","Data":{"Gold":2999972.4,"IconID":0,"Name":"Test_simon","UserId":88342761,"MatchGameCode":"","MatchGameTableId":0,"Version":"1.0.0","Marquee":null,"is_relogin":false}}
2023/09/19 09:43:37 [INFO] Receive Message:{"Code":0,"Ret":"InJackpot","Message":"success"}
2023/09/19 09:43:39 [INFO] simon SendMessage={"PlayJapot":{}}
2023/09/19 09:53:23 [ERROR] read tcp [::1]:53234->[::1]:10001: wsarecv: An existing connection was forcibly closed by the remote host.
2023/09/19 09:53:37 [INFO] 連線中斷
2023/09/19 09:53:38 [INFO] Connect Success
2023/09/19 09:53:40 [INFO] Receive Message:{"Code":0,"Ret":"Login","Message":"success","Data":{"Gold":2999972.4,"IconID":0,"Name":"Test_simon","UserId":88342761,"MatchGameCode":"","MatchGameTableId":0,"Version":"1.0.0","Marquee":null,"is_relogin":false}}
2023/09/19 09:53:44 [INFO] Receive Message:{"Code":0,"Ret":"InJackpot","Message":"success"}
2023/09/19 09:53:51 [INFO] simon SendMessage={"PlayJapot":{}}
2023/09/19 09:54:19 [INFO] Receive Message:{"Code":0,"Ret":"PlayJapot","Message":"success","Data":{"prize":0,"coinId":"","coinBetvalue":0,"droptime":0}}
2023/09/19 10:04:09 [ERROR] read tcp [::1]:55832->[::1]:10001: use of closed network connection
2023/09/19 10:04:09 [INFO] 連線中斷
2023/09/19 10:04:24 [INFO] Connect Success
2023/09/19 10:04:27 [INFO] Receive Message:{"Code":0,"Ret":"Login","Message":"success","Data":{"Gold":2999972.4,"IconID":0,"Name":"Test_simon","UserId":88342761,"MatchGameCode":"","MatchGameTableId":0,"Version":"1.0.0","Marquee":null,"is_relogin":false}}
2023/09/19 10:04:29 [INFO] Receive Message:{"Ret":"DebugMatchType","Data":{"matchtype":0}}
2023/09/19 10:04:29 [INFO] Receive Message:{"Code":0,"Ret":"JoinGame","Message":"success","Data":{"Gid":"","BankerCards":[],"BankerCardPoint":0,"BetLimit":[[3,300]],"Chips":[3,15,30,75,150,300],"RemainSec":1,"BetInfo":{},"TableCards":{},"PlayerInfo":[{"seatId":3,"iconId":0,"name":"Test_simon","gold":2999972.4,"IsBetFinish":false,"IsDouble":[false,false],"isSitDown":true,"point":[0,0],"is21Point":[false,false],"isFiveDragon":[false,false],"isBlackJack":[false,false],"bust":[false,false],"isSetInsurance":false,"isInsurance":false,"insuranceGold":0,"parentSeat":3}],"Fsm":"Init","TokenPlayerSeatInfo":{"seatId":-1,"splittime":0},"result":[]}}
2023/09/19 10:04:30 [INFO] Receive Message:{"Ret":"ActGamePeriod","Data":{"Fsm":"Match","Gid":"2001-1703953179365871616","RemainSec":3}}
2023/09/19 10:04:33 [INFO] Receive Message:{"Ret":"ActTableStatus","Data":{"tablePlayerInfo":[{"seatId":1,"iconId":6,"name":"****l19","gold":126167,"isSitDown":true},{"seatId":2,"iconId":106,"name":"****ose","gold":111068,"isSitDown":true},{"seatId":3,"iconId":0,"name":"****mon","gold":2999972.4,"isSitDown":true}]}}
2023/09/19 10:04:33 [INFO] Receive Message:{"Ret":"ActGamePeriod","Data":{"Fsm":"Bet","Gid":"2001-1703953179365871616","RemainSec":20}}
2023/09/19 10:04:34 [INFO] Receive Message:{"Ret":"ActSeatOwner","Data":{"seatOwner":[{"seatId":1,"name":"****l19","parentSeat":1},{"seatId":2,"name":"****ose","parentSeat":2},{"seatId":3,"name":"****mon","parentSeat":3}]}}
2023/09/19 10:04:34 [INFO] Receive Message:{"Ret":"ActTableBetData","Data":{"tableBetData":[{"seatId":1,"bet":[300,0],"Gold":125867},{"seatId":2,"bet":[0,0],"Gold":111068},{"seatId":3,"bet":[0,0],"Gold":2999972.4}]}}
2023/09/19 10:04:34 [INFO] Receive Message:{"Ret":"ActBetFinish","Data":{"seatId":1}}
2023/09/19 10:04:36 [INFO] Receive Message:{"Ret":"ActSeatOwner","Data":{"seatOwner":[{"seatId":1,"name":"****l19","parentSeat":1},{"seatId":2,"name":"****ose","parentSeat":2},{"seatId":3,"name":"****mon","parentSeat":3}]}}
2023/09/19 10:04:36 [INFO] Receive Message:{"Ret":"ActTableBetData","Data":{"tableBetData":[{"seatId":1,"bet":[300,0],"Gold":125867},{"seatId":2,"bet":[30,0],"Gold":111038},{"seatId":3,"bet":[0,0],"Gold":2999972.4}]}}
2023/09/19 10:04:36 [INFO] Receive Message:{"Ret":"ActBetFinish","Data":{"seatId":2}}
2023/09/19 10:04:53 [INFO] Receive Message:{"Ret":"ActGamePeriod","Data":{"Fsm":"Deal","Gid":"2001-1703953179365871616","RemainSec":3}}
2023/09/19 10:04:53 [INFO] Receive Message:{"Ret":"ActGold","Data":{"Gold":2999969.4}}
2023/09/19 10:04:53 [INFO] Receive Message:{"Ret":"ActSeatOwner","Data":{"seatOwner":[{"seatId":1,"name":"****l19","parentSeat":1},{"seatId":2,"name":"****ose","parentSeat":2},{"seatId":3,"name":"****mon","parentSeat":3}]}}
2023/09/19 10:04:53 [INFO] Receive Message:{"Ret":"ActTableBetData","Data":{"tableBetData":[{"seatId":1,"bet":[300,0],"Gold":125867},{"seatId":2,"bet":[30,0],"Gold":111038},{"seatId":3,"bet":[3,0],"Gold":2999969.4}]}}
2023/09/19 10:04:53 [INFO] Receive Message:{"Ret":"ActDealCard","Data":{"bankerCards":[22,-1],"playerCards":[[],[21,21],[26,20],[21,47],[]],"point":[0,18,19,18,0]}}
2023/09/19 10:04:56 [INFO] Receive Message:{"Ret":"ActGamePeriod","Data":{"Fsm":"Play","Gid":"2001-1703953179365871616","RemainSec":20}}
2023/09/19 10:04:56 [INFO] Receive Message:{"Ret":"ActTokenPlayerSeat","Data":{"SeatId":1}}
2023/09/19 10:04:58 [INFO] Receive Message:{"Ret":"ActHitCard","Data":{"seatId":1,"card":48,"bust":true,"point":28,"is21Point":false,"isFiveDragon":false,"isBlackJack":false}}
2023/09/19 10:05:00 [INFO] Receive Message:{"Ret":"ActGamePeriod","Data":{"Fsm":"Play","Gid":"2001-1703953179365871616","RemainSec":20}}
2023/09/19 10:05:00 [INFO] Receive Message:{"Ret":"ActTokenPlayerSeat","Data":{"SeatId":2}}
2023/09/19 10:05:02 [INFO] Receive Message:{"Ret":"ActStop","Data":{"SeatId":2}}
2023/09/19 10:05:02 [INFO] Receive Message:{"Ret":"ActGamePeriod","Data":{"Fsm":"Play","Gid":"2001-1703953179365871616","RemainSec":20}}
2023/09/19 10:05:02 [INFO] Receive Message:{"Ret":"ActTokenPlayerSeat","Data":{"SeatId":3}}
2023/09/19 10:05:22 [INFO] Receive Message:{"Ret":"ActGamePeriod","Data":{"Fsm":"Play","Gid":"2001-1703953179365871616","RemainSec":20}}
2023/09/19 10:05:22 [INFO] Receive Message:{"Code":200001,"Ret":"PlayOperate","Message":"data error"}
2023/09/19 10:05:25 [INFO] Receive Message:{"Ret":"ActGamePeriod","Data":{"Fsm":"Open","Gid":"2001-1703953179365871616","RemainSec":4}}
2023/09/19 10:05:25 [INFO] Receive Message:{"Ret":"ActBankerCard","Data":{"bust":false,"cards":[22,31,1],"point":18,"is21Point":false,"isFiveDragon":false,"isBlackJack":false}}
2023/09/19 10:05:34 [INFO] Receive Message:{"Ret":"ActGamePeriod","Data":{"Fsm":"Result","Gid":"2001-1703953179365871616","RemainSec":1}}
2023/09/19 10:05:34 [INFO] Receive Message:{"Ret":"ActGold","Data":{"Gold":2999972.4}}
2023/09/19 10:05:34 [INFO] Receive Message:{"Ret":"ActMatchGameResult","Data":{"gid":"2001-1703953179365871616","result":[{"seatId":2,"bet":[30,0],"win":[58.5,0],"Gold":111096.5},{"seatId":3,"bet":[3,0],"win":[3,0],"Gold":2999972.4},{"seatId":1,"bet":[300,0],"win":[0,0],"Gold":125867}]}}
2023/09/19 10:06:15 [INFO] Receive Message:{"Ret":"DebugMatchType","Data":{"matchtype":0}}
2023/09/19 10:06:15 [INFO] Receive Message:{"Code":0,"Ret":"JoinGame","Message":"success","Data":{"Gid":"2001-1703953179365871616","BankerCards":[],"BankerCardPoint":0,"BetLimit":[[3,300]],"Chips":[3,15,30,75,150,300],"RemainSec":1,"BetInfo":{},"TableCards":{},"PlayerInfo":[{"seatId":2,"iconId":0,"name":"Test_simon","gold":2999972.4,"IsBetFinish":false,"IsDouble":[false,false],"isSitDown":true,"point":[0,0],"is21Point":[false,false],"isFiveDragon":[false,false],"isBlackJack":[false,false],"bust":[false,false],"isSetInsurance":false,"isInsurance":false,"insuranceGold":0,"parentSeat":2}],"Fsm":"Init","TokenPlayerSeatInfo":{"seatId":-1,"splittime":0},"result":[]}}
2023/09/19 10:06:16 [INFO] Receive Message:{"Ret":"ActGamePeriod","Data":{"Fsm":"Match","Gid":"2001-1703953623039348736","RemainSec":3}}
2023/09/19 10:06:19 [INFO] Receive Message:{"Ret":"ActTableStatus","Data":{"tablePlayerInfo":[{"seatId":0,"iconId":107,"name":"****rry","gold":157710.6,"isSitDown":true},{"seatId":2,"iconId":0,"name":"****mon","gold":2999972.4,"isSitDown":true},{"seatId":3,"iconId":3,"name":"****h28","gold":168489,"isSitDown":true}]}}
2023/09/19 10:06:19 [INFO] Receive Message:{"Ret":"ActGamePeriod","Data":{"Fsm":"Bet","Gid":"2001-1703953623039348736","RemainSec":20}}
2023/09/19 10:06:20 [INFO] Receive Message:{"Ret":"ActSeatOwner","Data":{"seatOwner":[{"seatId":0,"name":"****rry","parentSeat":0},{"seatId":2,"name":"****mon","parentSeat":2},{"seatId":3,"name":"****h28","parentSeat":3}]}}
2023/09/19 10:06:20 [INFO] Receive Message:{"Ret":"ActTableBetData","Data":{"tableBetData":[{"seatId":0,"bet":[150,0],"Gold":157560.6},{"seatId":2,"bet":[0,0],"Gold":2999972.4},{"seatId":3,"bet":[0,0],"Gold":168489}]}}
2023/09/19 10:06:20 [INFO] Receive Message:{"Ret":"ActBetFinish","Data":{"seatId":0}}
2023/09/19 10:06:21 [INFO] Receive Message:{"Ret":"ActSeatOwner","Data":{"seatOwner":[{"seatId":0,"name":"****rry","parentSeat":0},{"seatId":2,"name":"****mon","parentSeat":2},{"seatId":3,"name":"****h28","parentSeat":3}]}}
2023/09/19 10:06:21 [INFO] Receive Message:{"Ret":"ActTableBetData","Data":{"tableBetData":[{"seatId":0,"bet":[150,0],"Gold":157560.6},{"seatId":2,"bet":[0,0],"Gold":2999972.4},{"seatId":3,"bet":[300,0],"Gold":168189}]}}
2023/09/19 10:06:21 [INFO] Receive Message:{"Ret":"ActBetFinish","Data":{"seatId":3}}
2023/09/19 10:06:39 [INFO] Receive Message:{"Ret":"ActGamePeriod","Data":{"Fsm":"Deal","Gid":"2001-1703953623039348736","RemainSec":3}}
2023/09/19 10:06:39 [INFO] Receive Message:{"Ret":"ActGold","Data":{"Gold":2999969.4}}
2023/09/19 10:06:39 [INFO] Receive Message:{"Ret":"ActSeatOwner","Data":{"seatOwner":[{"seatId":0,"name":"****rry","parentSeat":0},{"seatId":2,"name":"****mon","parentSeat":2},{"seatId":3,"name":"****h28","parentSeat":3}]}}
2023/09/19 10:06:39 [INFO] Receive Message:{"Ret":"ActTableBetData","Data":{"tableBetData":[{"seatId":0,"bet":[150,0],"Gold":157560.6},{"seatId":2,"bet":[3,0],"Gold":2999969.4},{"seatId":3,"bet":[300,0],"Gold":168189}]}}
2023/09/19 10:06:39 [INFO] Receive Message:{"Ret":"ActDealCard","Data":{"bankerCards":[25,-1],"playerCards":[[31,21],[],[3,38],[44,26],[]],"point":[15,0,14,17,0]}}
2023/09/19 10:06:42 [INFO] Receive Message:{"Ret":"ActGamePeriod","Data":{"Fsm":"Play","Gid":"2001-1703953623039348736","RemainSec":20}}
2023/09/19 10:06:42 [INFO] Receive Message:{"Ret":"ActTokenPlayerSeat","Data":{"SeatId":0}}
2023/09/19 10:06:44 [INFO] Receive Message:{"Ret":"ActHitCard","Data":{"seatId":0,"card":12,"bust":true,"point":25,"is21Point":false,"isFiveDragon":false,"isBlackJack":false}}
2023/09/19 10:06:46 [INFO] Receive Message:{"Ret":"ActGamePeriod","Data":{"Fsm":"Play","Gid":"2001-1703953623039348736","RemainSec":20}}
2023/09/19 10:06:46 [INFO] Receive Message:{"Ret":"ActTokenPlayerSeat","Data":{"SeatId":2}}
2023/09/19 10:07:01 [INFO] Receive Message:{"Code":0,"Ret":"PlayOperate","Message":"success"}
2023/09/19 10:07:01 [INFO] Receive Message:{"Ret":"ActStop","Data":{"SeatId":2}}
2023/09/19 10:07:01 [INFO] Receive Message:{"Ret":"ActGamePeriod","Data":{"Fsm":"Play","Gid":"2001-1703953623039348736","RemainSec":20}}
2023/09/19 10:07:01 [INFO] Receive Message:{"Ret":"ActTokenPlayerSeat","Data":{"SeatId":3}}
2023/09/19 10:07:02 [INFO] Receive Message:{"Ret":"ActHitCard","Data":{"seatId":3,"card":22,"bust":false,"point":17,"is21Point":false,"isFiveDragon":false,"isBlackJack":false}}
2023/09/19 10:07:04 [INFO] Receive Message:{"Ret":"ActStop","Data":{"SeatId":3}}
2023/09/19 10:07:04 [INFO] Receive Message:{"Ret":"ActGamePeriod","Data":{"Fsm":"Play","Gid":"2001-1703953623039348736","RemainSec":20}}
2023/09/19 10:07:07 [INFO] Receive Message:{"Ret":"ActGamePeriod","Data":{"Fsm":"Open","Gid":"2001-1703953623039348736","RemainSec":4}}
2023/09/19 10:07:07 [INFO] Receive Message:{"Ret":"ActBankerCard","Data":{"bust":false,"cards":[25,34],"point":19,"is21Point":false,"isFiveDragon":false,"isBlackJack":false}}
2023/09/19 10:08:28 [INFO] Receive Message:{"Ret":"ActGamePeriod","Data":{"Fsm":"Result","Gid":"2001-1703953623039348736","RemainSec":1}}
2023/09/19 10:08:28 [INFO] Receive Message:{"Ret":"ActMatchGameResult","Data":{"gid":"2001-1703953623039348736","result":[{"seatId":0,"bet":[150,0],"win":[0,0],"Gold":157560.6},{"seatId":2,"bet":[3,0],"win":[0,0],"Gold":2999969.4},{"seatId":3,"bet":[300,0],"win":[0,0],"Gold":168189}]}}
2023/09/19 10:08:44 [INFO] 連線中斷
2023/09/19 10:08:44 [ERROR] read tcp [::1]:50923->[::1]:10001: use of closed network connection
2023/09/19 10:08:46 [INFO] Connect Success
2023/09/19 10:08:48 [INFO] Receive Message:{"Code":0,"Ret":"Login","Message":"success","Data":{"Gold":2999969.4,"IconID":0,"Name":"Test_simon","UserId":88342761,"MatchGameCode":"","MatchGameTableId":0,"Version":"1.0.0","Marquee":null,"is_relogin":false}}
2023/09/19 10:08:50 [INFO] Receive Message:{"Code":0,"Ret":"InJackpot","Message":"success"}
2023/09/19 10:08:52 [INFO] simon SendMessage={"PlayJapot":{}}
2023/09/19 10:10:15 [INFO] Receive Message:{"Code":0,"Ret":"PlayJapot","Message":"success","Data":{"prize":6,"coinId":"","coinBetvalue":0,"droptime":0}}
2023/09/19 10:11:27 [ERROR] read tcp [::1]:50978->[::1]:10001: use of closed network connection
2023/09/19 10:11:27 [INFO] 連線中斷
2023/09/19 10:11:47 [INFO] Connect Success
2023/09/19 10:11:50 [INFO] Receive Message:{"Code":0,"Ret":"Login","Message":"success","Data":{"Gold":2999969.4,"IconID":0,"Name":"Test_simon","UserId":88342761,"MatchGameCode":"","MatchGameTableId":900101,"Version":"1.0.0","Marquee":null,"is_relogin":false}}
2023/09/19 10:11:56 [INFO] Receive Message:{"Ret":"DebugMatchType","Data":{"matchtype":0}}
2023/09/19 10:11:56 [INFO] Receive Message:{"Code":0,"Ret":"JoinGame","Message":"success","Data":{"Gid":"","BankerCards":[],"BankerCardPoint":0,"BetLimit":[[3,300]],"Chips":[3,15,30,75,150,300],"RemainSec":1,"BetInfo":{},"TableCards":{},"PlayerInfo":[{"seatId":0,"iconId":0,"name":"Test_simon","gold":2999969.4,"IsBetFinish":false,"IsDouble":[false,false],"isSitDown":true,"point":[0,0],"is21Point":[false,false],"isFiveDragon":[false,false],"isBlackJack":[false,false],"bust":[false,false],"isSetInsurance":false,"isInsurance":false,"insuranceGold":0,"parentSeat":0}],"Fsm":"Init","TokenPlayerSeatInfo":{"seatId":-1,"splittime":0},"result":[]}}
2023/09/19 10:11:57 [INFO] Receive Message:{"Ret":"ActGamePeriod","Data":{"Fsm":"Match","Gid":"2001-1703955055956201472","RemainSec":3}}
2023/09/19 10:12:00 [INFO] Receive Message:{"Ret":"ActTableStatus","Data":{"tablePlayerInfo":[{"seatId":0,"iconId":0,"name":"****mon","gold":2999969.4,"isSitDown":true},{"seatId":1,"iconId":3,"name":"****lle","gold":108709.7,"isSitDown":true},{"seatId":3,"iconId":105,"name":"****w06","gold":142955.6,"isSitDown":true},{"seatId":4,"iconId":102,"name":"****y63","gold":185776,"isSitDown":true}]}}
2023/09/19 10:12:00 [INFO] Receive Message:{"Ret":"ActGamePeriod","Data":{"Fsm":"Bet","Gid":"2001-1703955055956201472","RemainSec":20}}
2023/09/19 10:12:02 [INFO] Receive Message:{"Ret":"ActSeatOwner","Data":{"seatOwner":[{"seatId":0,"name":"****mon","parentSeat":0},{"seatId":1,"name":"****lle","parentSeat":1},{"seatId":3,"name":"****w06","parentSeat":3},{"seatId":4,"name":"****y63","parentSeat":4}]}}
2023/09/19 10:12:02 [INFO] Receive Message:{"Ret":"ActTableBetData","Data":{"tableBetData":[{"seatId":0,"bet":[0,0],"Gold":2999969.4},{"seatId":1,"bet":[0,0],"Gold":108709.7},{"seatId":3,"bet":[300,0],"Gold":142655.6},{"seatId":4,"bet":[0,0],"Gold":185776}]}}
2023/09/19 10:12:02 [INFO] Receive Message:{"Ret":"ActBetFinish","Data":{"seatId":3}}
2023/09/19 10:12:03 [INFO] Receive Message:{"Ret":"ActSeatOwner","Data":{"seatOwner":[{"seatId":0,"name":"****mon","parentSeat":0},{"seatId":1,"name":"****lle","parentSeat":1},{"seatId":3,"name":"****w06","parentSeat":3},{"seatId":4,"name":"****y63","parentSeat":4}]}}
2023/09/19 10:12:03 [INFO] Receive Message:{"Ret":"ActTableBetData","Data":{"tableBetData":[{"seatId":0,"bet":[0,0],"Gold":2999969.4},{"seatId":1,"bet":[0,0],"Gold":108709.7},{"seatId":3,"bet":[300,0],"Gold":142655.6},{"seatId":4,"bet":[168,0],"Gold":185608}]}}
2023/09/19 10:12:03 [INFO] Receive Message:{"Ret":"ActBetFinish","Data":{"seatId":4}}
2023/09/19 10:12:04 [INFO] Receive Message:{"Ret":"ActSeatOwner","Data":{"seatOwner":[{"seatId":0,"name":"****mon","parentSeat":0},{"seatId":1,"name":"****lle","parentSeat":1},{"seatId":3,"name":"****w06","parentSeat":3},{"seatId":4,"name":"****y63","parentSeat":4}]}}
2023/09/19 10:12:04 [INFO] Receive Message:{"Ret":"ActTableBetData","Data":{"tableBetData":[{"seatId":0,"bet":[0,0],"Gold":2999969.4},{"seatId":1,"bet":[300,0],"Gold":108409.7},{"seatId":3,"bet":[300,0],"Gold":142655.6},{"seatId":4,"bet":[168,0],"Gold":185608}]}}
2023/09/19 10:12:04 [INFO] Receive Message:{"Ret":"ActBetFinish","Data":{"seatId":1}}
2023/09/19 10:12:06 [INFO] Receive Message:{"Code":200001,"Ret":"PlayOperate","Message":"data error"}
2023/09/19 10:12:20 [INFO] Receive Message:{"Code":200001,"Ret":"PlayOperate","Message":"data error"}
2023/09/19 10:12:20 [INFO] Receive Message:{"Ret":"ActGamePeriod","Data":{"Fsm":"Deal","Gid":"2001-1703955055956201472","RemainSec":3}}
2023/09/19 10:12:20 [INFO] Receive Message:{"Ret":"ActGold","Data":{"Gold":2999966.4}}
2023/09/19 10:12:20 [INFO] Receive Message:{"Ret":"ActSeatOwner","Data":{"seatOwner":[{"seatId":0,"name":"****mon","parentSeat":0},{"seatId":1,"name":"****lle","parentSeat":1},{"seatId":3,"name":"****w06","parentSeat":3},{"seatId":4,"name":"****y63","parentSeat":4}]}}
2023/09/19 10:12:20 [INFO] Receive Message:{"Ret":"ActTableBetData","Data":{"tableBetData":[{"seatId":0,"bet":[3,0],"Gold":2999966.4},{"seatId":1,"bet":[300,0],"Gold":108409.7},{"seatId":3,"bet":[300,0],"Gold":142655.6},{"seatId":4,"bet":[168,0],"Gold":185608}]}}
2023/09/19 10:12:20 [INFO] Receive Message:{"Ret":"ActDealCard","Data":{"bankerCards":[35,-1],"playerCards":[[21,38],[28,24],[],[43,5],[6,2]],"point":[19,13,0,11,10]}}
2023/09/19 10:12:23 [INFO] Receive Message:{"Ret":"ActGamePeriod","Data":{"Fsm":"Play","Gid":"2001-1703955055956201472","RemainSec":20}}
2023/09/19 10:12:23 [INFO] Receive Message:{"Ret":"ActTokenPlayerSeat","Data":{"SeatId":0}}
2023/09/19 10:12:30 [INFO] Receive Message:{"Code":0,"Ret":"PlayOperate","Message":"success"}
2023/09/19 10:12:30 [INFO] Receive Message:{"Ret":"ActStop","Data":{"SeatId":0}}
2023/09/19 10:12:30 [INFO] Receive Message:{"Ret":"ActGamePeriod","Data":{"Fsm":"Play","Gid":"2001-1703955055956201472","RemainSec":20}}
2023/09/19 10:12:30 [INFO] Receive Message:{"Ret":"ActTokenPlayerSeat","Data":{"SeatId":1}}
2023/09/19 10:12:32 [INFO] Receive Message:{"Ret":"ActHitCard","Data":{"seatId":1,"card":37,"bust":true,"point":23,"is21Point":false,"isFiveDragon":false,"isBlackJack":false}}
2023/09/19 10:12:34 [INFO] Receive Message:{"Ret":"ActGamePeriod","Data":{"Fsm":"Play","Gid":"2001-1703955055956201472","RemainSec":20}}
2023/09/19 10:12:34 [INFO] Receive Message:{"Ret":"ActTokenPlayerSeat","Data":{"SeatId":3}}
2023/09/19 10:12:35 [INFO] Receive Message:{"Ret":"ActHitCard","Data":{"seatId":3,"card":38,"bust":false,"point":21,"is21Point":true,"isFiveDragon":false,"isBlackJack":false}}
2023/09/19 10:12:37 [INFO] Receive Message:{"Ret":"ActGamePeriod","Data":{"Fsm":"Play","Gid":"2001-1703955055956201472","RemainSec":20}}
2023/09/19 10:12:37 [INFO] Receive Message:{"Ret":"ActTokenPlayerSeat","Data":{"SeatId":4}}
2023/09/19 10:12:38 [INFO] Receive Message:{"Ret":"ActHitCard","Data":{"seatId":4,"card":20,"bust":false,"point":18,"is21Point":false,"isFiveDragon":false,"isBlackJack":false}}
2023/09/19 10:12:39 [INFO] Receive Message:{"Ret":"ActStop","Data":{"SeatId":4}}
2023/09/19 10:12:39 [INFO] Receive Message:{"Ret":"ActGamePeriod","Data":{"Fsm":"Play","Gid":"2001-1703955055956201472","RemainSec":20}}
2023/09/19 10:12:42 [INFO] Receive Message:{"Ret":"ActGamePeriod","Data":{"Fsm":"Open","Gid":"2001-1703955055956201472","RemainSec":4}}
2023/09/19 10:12:42 [INFO] Receive Message:{"Ret":"ActBankerCard","Data":{"bust":false,"cards":[35,21],"point":19,"is21Point":false,"isFiveDragon":false,"isBlackJack":false}}
2023/09/19 10:12:50 [INFO] Receive Message:{"Ret":"ActGamePeriod","Data":{"Fsm":"Result","Gid":"2001-1703955055956201472","RemainSec":1}}
2023/09/19 10:12:50 [INFO] Receive Message:{"Ret":"ActGold","Data":{"Gold":2999969.4}}
2023/09/19 10:12:50 [INFO] Receive Message:{"Ret":"ActMatchGameResult","Data":{"gid":"2001-1703955055956201472","result":[{"seatId":0,"bet":[3,0],"win":[3,0],"Gold":2999969.4},{"seatId":1,"bet":[300,0],"win":[0,0],"Gold":108409.7},{"seatId":3,"bet":[300,0],"win":[585,0],"Gold":143240.6},{"seatId":4,"bet":[168,0],"win":[0,0],"Gold":185608}]}}
2023/09/19 10:38:25 [ERROR] read tcp [::1]:56475->[::1]:10001: wsarecv: An existing connection was forcibly closed by the remote host.
2023/09/19 11:07:17 [INFO] 連線中斷
2023/09/19 11:07:19 [INFO] Connect Success
2023/09/19 11:07:21 [INFO] Receive Message:{"Code":0,"Ret":"Login","Message":"success","Data":{"Gold":2999969.4,"IconID":0,"Name":"Test_simon","UserId":88342761,"MatchGameCode":"","MatchGameTableId":0,"Version":"1.0.0","Marquee":null,"is_relogin":false}}
2023/09/19 11:07:25 [INFO] Receive Message:{"Ret":"DebugMatchType","Data":{"matchtype":0}}
2023/09/19 11:07:25 [INFO] Receive Message:{"Code":0,"Ret":"JoinGame","Message":"success","Data":{"Gid":"","BankerCards":[],"BankerCardPoint":0,"BetLimit":[[3,300]],"Chips":[3,15,30,75,150,300],"RemainSec":1,"BetInfo":{},"TableCards":{},"PlayerInfo":[{"seatId":2,"iconId":0,"name":"Test_simon","gold":2999969.4,"IsBetFinish":false,"IsDouble":[false,false],"isSitDown":true,"point":[0,0],"is21Point":[false,false],"isFiveDragon":[false,false],"isBlackJack":[false,false],"bust":[false,false],"isSetInsurance":false,"isInsurance":false,"insuranceGold":0,"parentSeat":2}],"Fsm":"Init","TokenPlayerSeatInfo":{"seatId":-1,"splittime":0},"result":[]}}
2023/09/19 11:07:26 [INFO] Receive Message:{"Ret":"ActGamePeriod","Data":{"Fsm":"Match","Gid":"2001-1703969016617373696","RemainSec":3}}
2023/09/19 11:07:29 [INFO] Receive Message:{"Ret":"ActTableStatus","Data":{"tablePlayerInfo":[{"seatId":0,"iconId":105,"name":"****y30","gold":120006,"isSitDown":true},{"seatId":1,"iconId":0,"name":"****vey","gold":101466,"isSitDown":true},{"seatId":2,"iconId":0,"name":"****mon","gold":2999969.4,"isSitDown":true},{"seatId":3,"iconId":102,"name":"****l07","gold":178335.5,"isSitDown":true}]}}
2023/09/19 11:07:29 [INFO] Receive Message:{"Ret":"ActGamePeriod","Data":{"Fsm":"Bet","Gid":"2001-1703969016617373696","RemainSec":20}}
2023/09/19 11:07:30 [INFO] Receive Message:{"Ret":"ActSeatOwner","Data":{"seatOwner":[{"seatId":0,"name":"****y30","parentSeat":0},{"seatId":1,"name":"****vey","parentSeat":1},{"seatId":2,"name":"****mon","parentSeat":2},{"seatId":3,"name":"****l07","parentSeat":3}]}}
2023/09/19 11:07:30 [INFO] Receive Message:{"Ret":"ActTableBetData","Data":{"tableBetData":[{"seatId":0,"bet":[96,0],"Gold":119910},{"seatId":1,"bet":[0,0],"Gold":101466},{"seatId":2,"bet":[0,0],"Gold":2999969.4},{"seatId":3,"bet":[0,0],"Gold":178335.5}]}}
2023/09/19 11:07:30 [INFO] Receive Message:{"Ret":"ActBetFinish","Data":{"seatId":0}}
2023/09/19 11:07:32 [INFO] Receive Message:{"Ret":"ActSeatOwner","Data":{"seatOwner":[{"seatId":0,"name":"****y30","parentSeat":0},{"seatId":1,"name":"****vey","parentSeat":1},{"seatId":2,"name":"****mon","parentSeat":2},{"seatId":3,"name":"****l07","parentSeat":3}]}}
2023/09/19 11:07:32 [INFO] Receive Message:{"Ret":"ActTableBetData","Data":{"tableBetData":[{"seatId":0,"bet":[96,0],"Gold":119910},{"seatId":1,"bet":[30,0],"Gold":101436},{"seatId":2,"bet":[0,0],"Gold":2999969.4},{"seatId":3,"bet":[0,0],"Gold":178335.5}]}}
2023/09/19 11:07:32 [INFO] Receive Message:{"Ret":"ActBetFinish","Data":{"seatId":1}}
2023/09/19 11:07:33 [INFO] Receive Message:{"Ret":"ActSeatOwner","Data":{"seatOwner":[{"seatId":0,"name":"****y30","parentSeat":0},{"seatId":1,"name":"****vey","parentSeat":1},{"seatId":2,"name":"****mon","parentSeat":2},{"seatId":3,"name":"****l07","parentSeat":3}]}}
2023/09/19 11:07:33 [INFO] Receive Message:{"Ret":"ActTableBetData","Data":{"tableBetData":[{"seatId":0,"bet":[96,0],"Gold":119910},{"seatId":1,"bet":[30,0],"Gold":101436},{"seatId":2,"bet":[0,0],"Gold":2999969.4},{"seatId":3,"bet":[300,0],"Gold":178035.5}]}}
2023/09/19 11:07:33 [INFO] Receive Message:{"Ret":"ActBetFinish","Data":{"seatId":3}}
2023/09/19 11:07:49 [INFO] Receive Message:{"Ret":"ActGamePeriod","Data":{"Fsm":"Deal","Gid":"2001-1703969016617373696","RemainSec":3}}
2023/09/19 11:07:49 [INFO] Receive Message:{"Ret":"ActGold","Data":{"Gold":2999966.4}}
2023/09/19 11:07:49 [INFO] Receive Message:{"Ret":"ActSeatOwner","Data":{"seatOwner":[{"seatId":0,"name":"****y30","parentSeat":0},{"seatId":1,"name":"****vey","parentSeat":1},{"seatId":2,"name":"****mon","parentSeat":2},{"seatId":3,"name":"****l07","parentSeat":3}]}}
2023/09/19 11:07:49 [INFO] Receive Message:{"Ret":"ActTableBetData","Data":{"tableBetData":[{"seatId":0,"bet":[96,0],"Gold":119910},{"seatId":1,"bet":[30,0],"Gold":101436},{"seatId":2,"bet":[3,0],"Gold":2999966.4},{"seatId":3,"bet":[300,0],"Gold":178035.5}]}}
2023/09/19 11:07:49 [INFO] Receive Message:{"Ret":"ActDealCard","Data":{"bankerCards":[50,-1],"playerCards":[[0,15],[10,6],[45,25],[26,9],[]],"point":[14,17,17,21,0]}}
2023/09/19 11:07:52 [INFO] Receive Message:{"Ret":"ActGamePeriod","Data":{"Fsm":"Play","Gid":"2001-1703969016617373696","RemainSec":20}}
2023/09/19 11:07:52 [INFO] Receive Message:{"Ret":"ActTokenPlayerSeat","Data":{"SeatId":0}}
2023/09/19 11:07:53 [INFO] Receive Message:{"Ret":"ActHitCard","Data":{"seatId":0,"card":2,"bust":false,"point":17,"is21Point":false,"isFiveDragon":false,"isBlackJack":false}}
2023/09/19 11:07:54 [INFO] Receive Message:{"Ret":"ActStop","Data":{"SeatId":0}}
2023/09/19 11:07:54 [INFO] Receive Message:{"Ret":"ActGamePeriod","Data":{"Fsm":"Play","Gid":"2001-1703969016617373696","RemainSec":20}}
2023/09/19 11:07:54 [INFO] Receive Message:{"Ret":"ActTokenPlayerSeat","Data":{"SeatId":1}}
2023/09/19 11:07:56 [INFO] Receive Message:{"Ret":"ActStop","Data":{"SeatId":1}}
2023/09/19 11:07:56 [INFO] Receive Message:{"Ret":"ActGamePeriod","Data":{"Fsm":"Play","Gid":"2001-1703969016617373696","RemainSec":20}}
2023/09/19 11:07:56 [INFO] Receive Message:{"Ret":"ActTokenPlayerSeat","Data":{"SeatId":2}}
2023/09/19 11:08:16 [INFO] Receive Message:{"Ret":"ActGamePeriod","Data":{"Fsm":"Play","Gid":"2001-1703969016617373696","RemainSec":20}}
2023/09/19 11:08:16 [INFO] Receive Message:{"Ret":"ActGamePeriod","Data":{"Fsm":"Play","Gid":"2001-1703969016617373696","RemainSec":20}}
2023/09/19 11:08:19 [INFO] Receive Message:{"Ret":"ActGamePeriod","Data":{"Fsm":"Open","Gid":"2001-1703969016617373696","RemainSec":4}}
2023/09/19 11:08:19 [INFO] Receive Message:{"Ret":"ActBankerCard","Data":{"bust":true,"cards":[50,29,34],"point":23,"is21Point":false,"isFiveDragon":false,"isBlackJack":false}}
2023/09/19 11:09:45 [INFO] Receive Message:{"Ret":"ActGamePeriod","Data":{"Fsm":"Result","Gid":"2001-1703969016617373696","RemainSec":1}}
2023/09/19 11:09:45 [INFO] Receive Message:{"Ret":"ActGold","Data":{"Gold":2999972.25}}
2023/09/19 11:09:45 [INFO] Receive Message:{"Ret":"ActMatchGameResult","Data":{"gid":"2001-1703969016617373696","result":[{"seatId":0,"bet":[96,0],"win":[187.2,0],"Gold":120097.2},{"seatId":1,"bet":[30,0],"win":[58.5,0],"Gold":101494.5},{"seatId":2,"bet":[3,0],"win":[5.85,0],"Gold":2999972.25},{"seatId":3,"bet":[300,0],"win":[727.5,0],"Gold":178763}]}}
2023/09/19 11:18:13 [ERROR] read tcp [::1]:57746->[::1]:10001: wsarecv: An existing connection was forcibly closed by the remote host.
2023/09/19 13:58:16 [INFO] 連線中斷
2023/09/19 13:58:23 [INFO] Connect Success
2023/09/19 13:58:29 [INFO] Receive Message:{"Code":0,"Ret":"Login","Message":"success","Data":{"Gold":3999969.4,"IconID":0,"Name":"Test_simon","UserId":88342761,"MatchGameCode":"","MatchGameTableId":0,"Version":"1.0.0","Marquee":null,"is_relogin":false}}
2023/09/19 13:58:32 [INFO] Receive Message:{"Ret":"DebugMatchType","Data":{"matchtype":0}}
2023/09/19 13:58:32 [INFO] Receive Message:{"Code":0,"Ret":"JoinGame","Message":"success","Data":{"Gid":"","raiseArray":[2,4,6,8,10,12,14],"RemainSec":1,"BetInfo":{},"TableCards":[-1,-1,-1],"PlayerInfo":[{"seatId":3,"iconId":0,"name":"****mon","gold":3999969.4,"IsActive":false,"isFold":false,"isCompareLose":false,"isLookAtCards":false}],"Fsm":"Init","result":null,"own":3,"tokenSeat":0,"settleInfo":null,"round":0,"TableCardType":[],"betindex":0}}
2023/09/19 13:58:33 [INFO] Receive Message:{"Ret":"ActGamePeriod","Data":{"Fsm":"Match","Gid":"2006-1704012080060829696","RemainSec":3}}
2023/09/19 13:58:36 [INFO] Receive Message:{"Ret":"ActTableStatus","Data":{"tablePlayerInfo":[{"seatId":1,"iconId":3,"name":"****e04","gold":196950,"isSitDown":true},{"seatId":3,"iconId":0,"name":"****mon","gold":3999969.4,"isSitDown":true},{"seatId":4,"iconId":107,"name":"****k24","gold":129552.8,"isSitDown":true}]}}
2023/09/19 13:58:36 [INFO] Receive Message:{"Ret":"ActRaiseArray","Data":{"raiseArray":[2,4,6,8,10,12,14]}}
2023/09/19 13:58:36 [INFO] Receive Message:{"Ret":"ActGold","Data":{"Gold":3999968.4}}
2023/09/19 13:58:36 [INFO] Receive Message:{"Ret":"ActAnteBet","Data":{"antebet":[{"seatId":1,"bet":1,"balance":196949},{"seatId":3,"bet":1,"balance":3999968.4},{"seatId":4,"bet":1,"balance":129551.8}]}}
2023/09/19 13:58:36 [INFO] Receive Message:{"Ret":"ActGamePeriod","Data":{"Fsm":"Bet","Gid":"2006-1704012080060829696","RemainSec":1}}
2023/09/19 13:58:37 [INFO] Receive Message:{"Ret":"ActGamePeriod","Data":{"Fsm":"Deal","Gid":"2006-1704012080060829696","RemainSec":1}}
2023/09/19 13:58:37 [INFO] Receive Message:{"Ret":"ActDealCard","Data":{"seatid":3,"cards":[-1,-1,-1],"cardtype":0}}
2023/09/19 13:58:38 [INFO] Receive Message:{"Ret":"ActGamePeriod","Data":{"Fsm":"Play","Gid":"2006-1704012080060829696","RemainSec":15,"Round":1}}
2023/09/19 13:58:38 [INFO] Receive Message:{"Ret":"ActTokenPlayerSeat","Data":{"SeatId":3}}
2023/09/19 13:58:43 [INFO] Receive Message:{"Code":0,"Ret":"PlayOperate","Message":"success"}
2023/09/19 13:58:43 [INFO] Receive Message:{"Ret":"ActAction","Data":{"seatId":3,"actiontype":"fold","data":null}}
2023/09/19 13:58:43 [INFO] Receive Message:{"Ret":"ActGamePeriod","Data":{"Fsm":"Play","Gid":"2006-1704012080060829696","RemainSec":15,"Round":1}}
2023/09/19 13:58:43 [INFO] Receive Message:{"Ret":"ActTokenPlayerSeat","Data":{"SeatId":4}}
2023/09/19 13:58:49 [INFO] Receive Message:{"Ret":"ActAction","Data":{"seatId":4,"actiontype":"fold","data":null}}
2023/09/19 13:58:49 [INFO] Receive Message:{"Ret":"ActTokenPlayerSeat","Data":{"SeatId":1}}
2023/09/19 13:58:49 [INFO] Receive Message:{"Ret":"ActGamePeriod","Data":{"Fsm":"Result","Gid":"2006-1704012080060829696","RemainSec":8,"Round":1}}
2023/09/19 13:58:49 [INFO] Receive Message:{"Ret":"ActSettleData","Data":{"cards":{"1":[38,30,27],"3":[19,31,4],"4":[24,16,40]},"cardtype":{"1":3,"3":4,"4":6},"settleinfo":[{"seatId":1,"bet":1,"win":1.9,"Gold":196951.9,"refund":0,"isFold":false,"isCompareLose":false,"bonus":0},{"seatId":3,"bet":1,"win":0,"Gold":3999968.4,"refund":0,"isFold":true,"isCompareLose":false,"bonus":0},{"seatId":4,"bet":1,"win":0,"Gold":129551.8,"refund":0,"isFold":true,"isCompareLose":false,"bonus":0}]}}
2023/09/19 14:00:20 [ERROR] read tcp [::1]:57618->[::1]:10001: wsarecv: An existing connection was forcibly closed by the remote host.
2023/09/19 14:14:36 [INFO] 連線中斷
2023/09/19 14:14:41 [INFO] Connect Success
2023/09/19 14:14:43 [INFO] Receive Message:{"Code":0,"Ret":"Login","Message":"success","Data":{"Gold":3999968.4,"IconID":0,"Name":"Test_simon","UserId":88342761,"MatchGameCode":"","MatchGameTableId":0,"Version":"1.0.0","Marquee":null,"is_relogin":false}}
2023/09/19 14:14:46 [INFO] Receive Message:{"Code":0,"Ret":"InJackpot","Message":"success","Data":{"coin":false,"pool":{"RealPool":0.001,"ReservePool":0,"ShowPool":10000}}}
2023/09/19 14:16:11 [ERROR] read tcp [::1]:57961->[::1]:10001: wsarecv: An existing connection was forcibly closed by the remote host.
2023/09/19 14:16:22 [INFO] 連線中斷
2023/09/19 14:16:22 [INFO] Connect Success
2023/09/19 14:16:24 [INFO] Receive Message:{"Code":0,"Ret":"Login","Message":"success","Data":{"Gold":3999968.4,"IconID":0,"Name":"Test_simon","UserId":88342761,"MatchGameCode":"","MatchGameTableId":900101,"Version":"1.0.0","Marquee":null,"is_relogin":false}}
2023/09/19 14:16:34 [INFO] Receive Message:{"Code":0,"Ret":"InJackpot","Message":"success","Data":{"coin":false,"pool":10000}}
2023/09/19 14:16:40 [ERROR] read tcp [::1]:57992->[::1]:10001: wsarecv: An existing connection was forcibly closed by the remote host.
2023/09/19 15:13:47 [INFO] simon SendMessage={EnterRoom:{GameID:9001}}
2023/09/19 15:13:47 [ERROR] simon write tcp [::1]:57992->[::1]:10001: wsasend: An existing connection was forcibly closed by the remote host.
2023/09/19 15:13:54 [INFO] simon SendMessage={InJackpot:{TableId:900101}}
2023/09/19 15:13:54 [ERROR] simon write tcp [::1]:57992->[::1]:10001: wsasend: An existing connection was forcibly closed by the remote host.
2023/09/19 16:07:56 [INFO] 連線中斷
2023/09/19 16:08:05 [INFO] Connect Success
2023/09/19 16:08:07 [INFO] Receive Message:{"Code":0,"Ret":"Login","Message":"success","Data":{"Gold":3999968.4,"IconID":0,"Name":"Test_simon","UserId":88342761,"MatchGameCode":"","MatchGameTableId":0,"Version":"1.0.0","Marquee":null,"is_relogin":false}}
2023/09/19 16:08:11 [INFO] Receive Message:{"Ret":"DebugMatchType","Data":{"matchtype":1}}
2023/09/19 16:08:11 [INFO] Receive Message:{"Code":0,"Ret":"JoinGame","Message":"success","Data":{"Gid":"","BankerCards":[],"BankerCardPoint":0,"BetLimit":[[3,300]],"Chips":[3,15,30,75,150,300],"RemainSec":1,"BetInfo":{},"TableCards":{},"PlayerInfo":[{"seatId":1,"iconId":0,"name":"Test_simon","gold":3999968.4,"IsBetFinish":false,"IsDouble":[false,false],"isSitDown":true,"point":[0,0],"is21Point":[false,false],"isFiveDragon":[false,false],"isBlackJack":[false,false],"bust":[false,false],"isSetInsurance":false,"isInsurance":false,"insuranceGold":0,"parentSeat":1}],"Fsm":"Init","TokenPlayerSeatInfo":{"seatId":-1,"splittime":0},"result":[]}}
2023/09/19 16:08:12 [INFO] Receive Message:{"Ret":"ActGamePeriod","Data":{"Fsm":"Match","Gid":"2001-1704044705307693056","RemainSec":3,"TimeStamp":1695110892}}
2023/09/19 16:08:15 [INFO] Receive Message:{"Ret":"ActTableStatus","Data":{"tablePlayerInfo":[{"seatId":1,"iconId":0,"name":"****mon","gold":3999968.4,"isSitDown":true},{"seatId":2,"iconId":0,"name":"****ine","gold":171661,"isSitDown":true},{"seatId":3,"iconId":5,"name":"****ard","gold":187602,"isSitDown":true},{"seatId":4,"iconId":105,"name":"****a86","gold":153059,"isSitDown":true}]}}
2023/09/19 16:08:15 [INFO] Receive Message:{"Ret":"ActGamePeriod","Data":{"Fsm":"Bet","Gid":"2001-1704044705307693056","RemainSec":20,"TimeStamp":1695110895}}
2023/09/19 16:08:16 [INFO] Receive Message:{"Ret":"ActSeatOwner","Data":{"seatOwner":[{"seatId":1,"name":"****mon","parentSeat":1},{"seatId":2,"name":"****ine","parentSeat":2},{"seatId":3,"name":"****ard","parentSeat":3},{"seatId":4,"name":"****a86","parentSeat":4}]}}
2023/09/19 16:08:16 [INFO] Receive Message:{"Ret":"ActTableBetData","Data":{"tableBetData":[{"seatId":1,"bet":[0,0],"Gold":3999968.4},{"seatId":2,"bet":[0,0],"Gold":171661},{"seatId":3,"bet":[0,0],"Gold":187602},{"seatId":4,"bet":[300,0],"Gold":152759}]}}
2023/09/19 16:08:16 [INFO] Receive Message:{"Ret":"ActBetFinish","Data":{"seatId":4}}
2023/09/19 16:08:19 [INFO] Receive Message:{"Ret":"ActSeatOwner","Data":{"seatOwner":[{"seatId":1,"name":"****mon","parentSeat":1},{"seatId":2,"name":"****ine","parentSeat":2},{"seatId":3,"name":"****ard","parentSeat":3},{"seatId":4,"name":"****a86","parentSeat":4}]}}
2023/09/19 16:08:19 [INFO] Receive Message:{"Ret":"ActTableBetData","Data":{"tableBetData":[{"seatId":1,"bet":[0,0],"Gold":3999968.4},{"seatId":2,"bet":[3,0],"Gold":171658},{"seatId":3,"bet":[0,0],"Gold":187602},{"seatId":4,"bet":[300,0],"Gold":152759}]}}
2023/09/19 16:08:19 [INFO] Receive Message:{"Ret":"ActSeatOwner","Data":{"seatOwner":[{"seatId":1,"name":"****mon","parentSeat":1},{"seatId":2,"name":"****ine","parentSeat":2},{"seatId":3,"name":"****ard","parentSeat":3},{"seatId":4,"name":"****a86","parentSeat":4}]}}
2023/09/19 16:08:19 [INFO] Receive Message:{"Ret":"ActTableBetData","Data":{"tableBetData":[{"seatId":1,"bet":[0,0],"Gold":3999968.4},{"seatId":2,"bet":[3,0],"Gold":171658},{"seatId":3,"bet":[60,0],"Gold":187542},{"seatId":4,"bet":[300,0],"Gold":152759}]}}
2023/09/19 16:08:19 [INFO] Receive Message:{"Ret":"ActBetFinish","Data":{"seatId":3}}
2023/09/19 16:08:19 [INFO] Receive Message:{"Ret":"ActBetFinish","Data":{"seatId":2}}
2023/09/19 16:08:35 [INFO] Receive Message:{"Ret":"ActGamePeriod","Data":{"Fsm":"Deal","Gid":"2001-1704044705307693056","RemainSec":3,"TimeStamp":1695110915}}
2023/09/19 16:08:35 [INFO] Receive Message:{"Ret":"ActGold","Data":{"Gold":3999965.4}}
2023/09/19 16:08:35 [INFO] Receive Message:{"Ret":"ActSeatOwner","Data":{"seatOwner":[{"seatId":1,"name":"****mon","parentSeat":1},{"seatId":2,"name":"****ine","parentSeat":2},{"seatId":3,"name":"****ard","parentSeat":3},{"seatId":4,"name":"****a86","parentSeat":4}]}}
2023/09/19 16:08:35 [INFO] Receive Message:{"Ret":"ActTableBetData","Data":{"tableBetData":[{"seatId":1,"bet":[3,0],"Gold":3999965.4},{"seatId":2,"bet":[3,0],"Gold":171658},{"seatId":3,"bet":[60,0],"Gold":187542},{"seatId":4,"bet":[300,0],"Gold":152759}]}}
2023/09/19 16:08:35 [INFO] Receive Message:{"Ret":"ActDealCard","Data":{"bankerCards":[27,-1],"playerCards":[[],[14,34],[10,14],[12,18],[5,11]],"point":[0,11,12,16,16]}}
2023/09/19 16:08:38 [INFO] Receive Message:{"Ret":"ActGamePeriod","Data":{"Fsm":"Play","Gid":"2001-1704044705307693056","RemainSec":20,"TimeStamp":1695110918}}
2023/09/19 16:08:38 [INFO] Receive Message:{"Ret":"ActTokenPlayerSeat","Data":{"SeatId":1}}
2023/09/19 16:08:58 [INFO] Receive Message:{"Ret":"ActGamePeriod","Data":{"Fsm":"Play","Gid":"2001-1704044705307693056","RemainSec":20,"TimeStamp":1695110938}}
2023/09/19 16:08:58 [INFO] Receive Message:{"Ret":"ActTokenPlayerSeat","Data":{"SeatId":2}}
2023/09/19 16:09:01 [INFO] Receive Message:{"Ret":"ActHitCard","Data":{"seatId":2,"card":38,"bust":true,"point":22,"is21Point":false,"isFiveDragon":false,"isBlackJack":false}}
2023/09/19 16:09:03 [INFO] Receive Message:{"Ret":"ActGamePeriod","Data":{"Fsm":"Play","Gid":"2001-1704044705307693056","RemainSec":20,"TimeStamp":1695110943}}
2023/09/19 16:09:03 [INFO] Receive Message:{"Ret":"ActTokenPlayerSeat","Data":{"SeatId":3}}
2023/09/19 16:09:05 [INFO] Receive Message:{"Ret":"ActHitCard","Data":{"seatId":3,"card":36,"bust":true,"point":26,"is21Point":false,"isFiveDragon":false,"isBlackJack":false}}
2023/09/19 16:09:07 [INFO] Receive Message:{"Ret":"ActGamePeriod","Data":{"Fsm":"Play","Gid":"2001-1704044705307693056","RemainSec":20,"TimeStamp":1695110947}}
2023/09/19 16:09:07 [INFO] Receive Message:{"Ret":"ActTokenPlayerSeat","Data":{"SeatId":4}}
2023/09/19 16:09:09 [INFO] Receive Message:{"Ret":"ActHitCard","Data":{"seatId":4,"card":17,"bust":false,"point":21,"is21Point":true,"isFiveDragon":false,"isBlackJack":false}}
2023/09/19 16:09:11 [INFO] Receive Message:{"Ret":"ActGamePeriod","Data":{"Fsm":"Play","Gid":"2001-1704044705307693056","RemainSec":20,"TimeStamp":1695110951}}
2023/09/19 16:09:14 [INFO] Receive Message:{"Ret":"ActGamePeriod","Data":{"Fsm":"Open","Gid":"2001-1704044705307693056","RemainSec":4,"TimeStamp":1695110954}}
2023/09/19 16:09:14 [INFO] Receive Message:{"Ret":"ActBankerCard","Data":{"bust":false,"cards":[27,25,41,3],"point":19,"is21Point":false,"isFiveDragon":false,"isBlackJack":false}}
2023/09/19 16:10:03 [ERROR] read tcp [::1]:59972->[::1]:10001: wsarecv: An existing connection was forcibly closed by the remote host.
2023/09/19 16:20:09 [INFO] 連線中斷
2023/09/19 16:20:09 [INFO] Connect Success
2023/09/19 16:20:11 [INFO] Receive Message:{"Code":0,"Ret":"Login","Message":"success","Data":{"Gold":3999965.4,"IconID":0,"Name":"Test_simon","UserId":88342761,"MatchGameCode":"","MatchGameTableId":0,"Version":"1.0.0","Marquee":null,"is_relogin":false}}
2023/09/19 16:20:16 [INFO] Receive Message:{"Ret":"DebugMatchType","Data":{"matchtype":0}}
2023/09/19 16:20:16 [INFO] Receive Message:{"Code":0,"Ret":"JoinGame","Message":"success","Data":{"Gid":"","BankerCards":[],"BankerCardPoint":0,"BetLimit":[[3,300]],"Chips":[3,15,30,75,150,300],"RemainSec":1,"BetInfo":{},"TableCards":{},"PlayerInfo":[{"seatId":1,"iconId":0,"name":"Test_simon","gold":3999965.4,"IsBetFinish":false,"IsDouble":[false,false],"isSitDown":true,"point":[0,0],"is21Point":[false,false],"isFiveDragon":[false,false],"isBlackJack":[false,false],"bust":[false,false],"isSetInsurance":false,"isInsurance":false,"insuranceGold":0,"parentSeat":1}],"Fsm":"Init","TokenPlayerSeatInfo":{"seatId":-1,"splittime":0},"result":[]}}
2023/09/19 16:20:17 [INFO] Receive Message:{"Ret":"ActGamePeriod","Data":{"Fsm":"Match","Gid":"2001-1704047748161998848","RemainSec":3,"TimeStamp":1695111617}}
2023/09/19 16:20:20 [INFO] Receive Message:{"Ret":"ActTableStatus","Data":{"tablePlayerInfo":[{"seatId":0,"iconId":1,"name":"****ine","gold":131370.5,"isSitDown":true},{"seatId":1,"iconId":0,"name":"****mon","gold":3999965.4,"isSitDown":true},{"seatId":2,"iconId":2,"name":"****ena","gold":105606,"isSitDown":true}]}}
2023/09/19 16:20:20 [INFO] Receive Message:{"Ret":"ActGamePeriod","Data":{"Fsm":"Bet","Gid":"2001-1704047748161998848","RemainSec":20,"TimeStamp":1695111620}}
2023/09/19 16:20:21 [INFO] Receive Message:{"Ret":"ActSeatOwner","Data":{"seatOwner":[{"seatId":0,"name":"****ine","parentSeat":0},{"seatId":1,"name":"****mon","parentSeat":1},{"seatId":2,"name":"****ena","parentSeat":2}]}}
2023/09/19 16:20:21 [INFO] Receive Message:{"Ret":"ActTableBetData","Data":{"tableBetData":[{"seatId":0,"bet":[15,0],"Gold":131355.5},{"seatId":1,"bet":[0,0],"Gold":3999965.4},{"seatId":2,"bet":[0,0],"Gold":105606}]}}
2023/09/19 16:20:21 [INFO] Receive Message:{"Ret":"ActBetFinish","Data":{"seatId":0}}
2023/09/19 16:20:24 [INFO] Receive Message:{"Ret":"ActSeatOwner","Data":{"seatOwner":[{"seatId":0,"name":"****ine","parentSeat":0},{"seatId":1,"name":"****mon","parentSeat":1},{"seatId":2,"name":"****ena","parentSeat":2}]}}
2023/09/19 16:20:24 [INFO] Receive Message:{"Ret":"ActTableBetData","Data":{"tableBetData":[{"seatId":0,"bet":[15,0],"Gold":131355.5},{"seatId":1,"bet":[0,0],"Gold":3999965.4},{"seatId":2,"bet":[300,0],"Gold":105306}]}}
2023/09/19 16:20:24 [INFO] Receive Message:{"Ret":"ActBetFinish","Data":{"seatId":2}}
2023/09/19 16:20:40 [INFO] Receive Message:{"Ret":"ActGamePeriod","Data":{"Fsm":"Deal","Gid":"2001-1704047748161998848","RemainSec":3,"TimeStamp":1695111640}}
2023/09/19 16:20:40 [INFO] Receive Message:{"Ret":"ActGold","Data":{"Gold":3999962.4}}
2023/09/19 16:20:40 [INFO] Receive Message:{"Ret":"ActSeatOwner","Data":{"seatOwner":[{"seatId":0,"name":"****ine","parentSeat":0},{"seatId":1,"name":"****mon","parentSeat":1},{"seatId":2,"name":"****ena","parentSeat":2}]}}
2023/09/19 16:20:40 [INFO] Receive Message:{"Ret":"ActTableBetData","Data":{"tableBetData":[{"seatId":0,"bet":[15,0],"Gold":131355.5},{"seatId":1,"bet":[3,0],"Gold":3999962.4},{"seatId":2,"bet":[300,0],"Gold":105306}]}}
2023/09/19 16:20:40 [INFO] Receive Message:{"Ret":"ActDealCard","Data":{"bankerCards":[3,-1],"playerCards":[[47,8],[26,24],[41,9],[],[]],"point":[18,21,13,0,0]}}
2023/09/19 16:20:43 [INFO] Receive Message:{"Ret":"ActGamePeriod","Data":{"Fsm":"Play","Gid":"2001-1704047748161998848","RemainSec":20,"TimeStamp":1695111643}}
2023/09/19 16:20:43 [INFO] Receive Message:{"Ret":"ActTokenPlayerSeat","Data":{"SeatId":0}}
2023/09/19 16:20:44 [INFO] Receive Message:{"Ret":"ActHitCard","Data":{"seatId":0,"card":8,"bust":true,"point":27,"is21Point":false,"isFiveDragon":false,"isBlackJack":false}}
2023/09/19 16:20:46 [INFO] Receive Message:{"Ret":"ActGamePeriod","Data":{"Fsm":"Play","Gid":"2001-1704047748161998848","RemainSec":20,"TimeStamp":1695111646}}
2023/09/19 16:20:46 [INFO] Receive Message:{"Ret":"ActGamePeriod","Data":{"Fsm":"Play","Gid":"2001-1704047748161998848","RemainSec":20,"TimeStamp":1695111646}}
2023/09/19 16:20:46 [INFO] Receive Message:{"Ret":"ActTokenPlayerSeat","Data":{"SeatId":2}}
2023/09/19 16:20:47 [INFO] Receive Message:{"Ret":"ActHitCard","Data":{"seatId":2,"card":32,"bust":false,"point":20,"is21Point":false,"isFiveDragon":false,"isBlackJack":false}}
2023/09/19 16:20:48 [INFO] Receive Message:{"Ret":"ActStop","Data":{"SeatId":2}}
2023/09/19 16:20:48 [INFO] Receive Message:{"Ret":"ActGamePeriod","Data":{"Fsm":"Play","Gid":"2001-1704047748161998848","RemainSec":20,"TimeStamp":1695111648}}
2023/09/19 16:20:51 [INFO] Receive Message:{"Ret":"ActGamePeriod","Data":{"Fsm":"Open","Gid":"2001-1704047748161998848","RemainSec":4,"TimeStamp":1695111651}}
2023/09/19 16:20:51 [INFO] Receive Message:{"Ret":"ActBankerCard","Data":{"bust":false,"cards":[3,42,46,0],"point":17,"is21Point":false,"isFiveDragon":false,"isBlackJack":false}}
2023/09/19 16:20:55 [INFO] Receive Message:{"Ret":"ActGamePeriod","Data":{"Fsm":"Result","Gid":"2001-1704047748161998848","RemainSec":1,"TimeStamp":1695111655}}
2023/09/19 16:20:55 [INFO] Receive Message:{"Ret":"ActGold","Data":{"Gold":3999969.675}}
2023/09/19 16:20:55 [INFO] Receive Message:{"Ret":"ActMatchGameResult","Data":{"gid":"2001-1704047748161998848","result":[{"seatId":0,"bet":[15,0],"win":[0,0],"Gold":131355.5},{"seatId":1,"bet":[3,0],"win":[7.275,0],"Gold":3999969.675},{"seatId":2,"bet":[300,0],"win":[585,0],"Gold":105891}]}}
2023/09/19 16:21:14 [ERROR] read tcp [::1]:60216->[::1]:10001: wsarecv: An existing connection was forcibly closed by the remote host.
2023/09/19 16:22:09 [INFO] 連線中斷
2023/09/19 16:22:09 [INFO] Connect Success
2023/09/19 16:22:12 [INFO] Receive Message:{"Code":0,"Ret":"Login","Message":"success","Data":{"Gold":3999969.675,"IconID":0,"Name":"Test_simon","UserId":88342761,"MatchGameCode":"","MatchGameTableId":0,"Version":"1.0.0","Marquee":null,"is_relogin":false}}
2023/09/19 16:22:16 [INFO] Receive Message:{"Ret":"DebugMatchType","Data":{"matchtype":1}}
2023/09/19 16:22:16 [INFO] Receive Message:{"Code":0,"Ret":"JoinGame","Message":"success","Data":{"Gid":"","BankerCards":[],"BankerCardPoint":0,"BetLimit":[[3,300]],"Chips":[3,15,30,75,150,300],"RemainSec":1,"BetInfo":{},"TableCards":{},"PlayerInfo":[{"seatId":1,"iconId":0,"name":"Test_simon","gold":3999969.675,"IsBetFinish":false,"IsDouble":[false,false],"isSitDown":true,"point":[0,0],"is21Point":[false,false],"isFiveDragon":[false,false],"isBlackJack":[false,false],"bust":[false,false],"isSetInsurance":false,"isInsurance":false,"insuranceGold":0,"parentSeat":1}],"Fsm":"Init","TokenPlayerSeatInfo":{"seatId":-1,"splittime":0},"result":[]}}
2023/09/19 16:22:17 [INFO] Receive Message:{"Ret":"ActGamePeriod","Data":{"Fsm":"Match","Gid":"2001-1704048251579142144","RemainSec":3,"TimeStamp":1695111737}}
2023/09/19 16:22:20 [INFO] Receive Message:{"Ret":"ActTableStatus","Data":{"tablePlayerInfo":[{"seatId":1,"iconId":0,"name":"****mon","gold":3999969.675,"isSitDown":true},{"seatId":2,"iconId":2,"name":"****e71","gold":120020,"isSitDown":true},{"seatId":3,"iconId":6,"name":"****ron","gold":178471,"isSitDown":true}]}}
2023/09/19 16:22:20 [INFO] Receive Message:{"Ret":"ActGamePeriod","Data":{"Fsm":"Bet","Gid":"2001-1704048251579142144","RemainSec":20,"TimeStamp":1695111740}}
2023/09/19 16:22:21 [INFO] Receive Message:{"Ret":"ActSeatOwner","Data":{"seatOwner":[{"seatId":1,"name":"****mon","parentSeat":1},{"seatId":2,"name":"****e71","parentSeat":2},{"seatId":3,"name":"****ron","parentSeat":3}]}}
2023/09/19 16:22:21 [INFO] Receive Message:{"Ret":"ActTableBetData","Data":{"tableBetData":[{"seatId":1,"bet":[0,0],"Gold":3999969.675},{"seatId":2,"bet":[150,0],"Gold":119870},{"seatId":3,"bet":[0,0],"Gold":178471}]}}
2023/09/19 16:22:21 [INFO] Receive Message:{"Ret":"ActBetFinish","Data":{"seatId":2}}
2023/09/19 16:22:24 [INFO] Receive Message:{"Ret":"ActSeatOwner","Data":{"seatOwner":[{"seatId":1,"name":"****mon","parentSeat":1},{"seatId":2,"name":"****e71","parentSeat":2},{"seatId":3,"name":"****ron","parentSeat":3}]}}
2023/09/19 16:22:24 [INFO] Receive Message:{"Ret":"ActTableBetData","Data":{"tableBetData":[{"seatId":1,"bet":[0,0],"Gold":3999969.675},{"seatId":2,"bet":[150,0],"Gold":119870},{"seatId":3,"bet":[300,0],"Gold":178171}]}}
2023/09/19 16:22:24 [INFO] Receive Message:{"Ret":"ActBetFinish","Data":{"seatId":3}}
2023/09/19 16:22:40 [INFO] Receive Message:{"Ret":"ActGamePeriod","Data":{"Fsm":"Deal","Gid":"2001-1704048251579142144","RemainSec":3,"TimeStamp":1695111760}}
2023/09/19 16:22:40 [INFO] Receive Message:{"Ret":"ActGold","Data":{"Gold":3999966.675}}
2023/09/19 16:22:40 [INFO] Receive Message:{"Ret":"ActSeatOwner","Data":{"seatOwner":[{"seatId":1,"name":"****mon","parentSeat":1},{"seatId":2,"name":"****e71","parentSeat":2},{"seatId":3,"name":"****ron","parentSeat":3}]}}
2023/09/19 16:22:40 [INFO] Receive Message:{"Ret":"ActTableBetData","Data":{"tableBetData":[{"seatId":1,"bet":[3,0],"Gold":3999966.675},{"seatId":2,"bet":[150,0],"Gold":119870},{"seatId":3,"bet":[300,0],"Gold":178171}]}}
2023/09/19 16:22:40 [INFO] Receive Message:{"Ret":"ActDealCard","Data":{"bankerCards":[35,-1],"playerCards":[[],[12,27],[8,50],[16,16],[]],"point":[0,12,19,8,0]}}
2023/09/19 16:22:43 [INFO] Receive Message:{"Ret":"ActGamePeriod","Data":{"Fsm":"Play","Gid":"2001-1704048251579142144","RemainSec":20,"TimeStamp":1695111763}}
2023/09/19 16:22:43 [INFO] Receive Message:{"Ret":"ActTokenPlayerSeat","Data":{"SeatId":1}}
2023/09/19 16:23:03 [INFO] Receive Message:{"Ret":"ActGamePeriod","Data":{"Fsm":"Play","Gid":"2001-1704048251579142144","RemainSec":20,"TimeStamp":1695111783}}
2023/09/19 16:23:03 [INFO] Receive Message:{"Ret":"ActTokenPlayerSeat","Data":{"SeatId":2}}
2023/09/19 16:23:04 [INFO] Receive Message:{"Ret":"ActStop","Data":{"SeatId":2}}
2023/09/19 16:23:04 [INFO] Receive Message:{"Ret":"ActGamePeriod","Data":{"Fsm":"Play","Gid":"2001-1704048251579142144","RemainSec":20,"TimeStamp":1695111784}}
2023/09/19 16:23:04 [INFO] Receive Message:{"Ret":"ActTokenPlayerSeat","Data":{"SeatId":3}}
2023/09/19 16:23:07 [INFO] Receive Message:{"Ret":"ActHitCard","Data":{"seatId":3,"card":0,"bust":false,"point":19,"is21Point":false,"isFiveDragon":false,"isBlackJack":false}}
2023/09/19 16:23:10 [INFO] Receive Message:{"Ret":"ActStop","Data":{"SeatId":3}}
2023/09/19 16:23:10 [INFO] Receive Message:{"Ret":"ActGamePeriod","Data":{"Fsm":"Play","Gid":"2001-1704048251579142144","RemainSec":20,"TimeStamp":1695111790}}
2023/09/19 16:23:13 [INFO] Receive Message:{"Ret":"ActGamePeriod","Data":{"Fsm":"Open","Gid":"2001-1704048251579142144","RemainSec":4,"TimeStamp":1695111793}}
2023/09/19 16:23:13 [INFO] Receive Message:{"Ret":"ActBankerCard","Data":{"bust":false,"cards":[35,9],"point":20,"is21Point":false,"isFiveDragon":false,"isBlackJack":false}}
2023/09/19 16:24:07 [INFO] Receive Message:{"Ret":"ActGamePeriod","Data":{"Fsm":"Result","Gid":"2001-1704048251579142144","RemainSec":1,"TimeStamp":1695111797}}
2023/09/19 16:24:07 [INFO] Receive Message:{"Ret":"ActMatchGameResult","Data":{"gid":"2001-1704048251579142144","result":[{"seatId":1,"bet":[3,0],"win":[0,0],"Gold":3999966.675},{"seatId":2,"bet":[150,0],"win":[0,0],"Gold":119870},{"seatId":3,"bet":[300,0],"win":[0,0],"Gold":178171}]}}
2023/09/19 16:24:45 [INFO] Receive Message:{"Ret":"DebugMatchType","Data":{"matchtype":0}}
2023/09/19 16:24:45 [INFO] Receive Message:{"Code":0,"Ret":"JoinGame","Message":"success","Data":{"Gid":"2001-1704048251579142144","BankerCards":[],"BankerCardPoint":0,"BetLimit":[[3,300]],"Chips":[3,15,30,75,150,300],"RemainSec":1,"BetInfo":{},"TableCards":{},"PlayerInfo":[{"seatId":1,"iconId":0,"name":"Test_simon","gold":3999966.675,"IsBetFinish":false,"IsDouble":[false,false],"isSitDown":true,"point":[0,0],"is21Point":[false,false],"isFiveDragon":[false,false],"isBlackJack":[false,false],"bust":[false,false],"isSetInsurance":false,"isInsurance":false,"insuranceGold":0,"parentSeat":1}],"Fsm":"Init","TokenPlayerSeatInfo":{"seatId":-1,"splittime":0},"result":[]}}
2023/09/19 16:24:46 [INFO] Receive Message:{"Ret":"ActGamePeriod","Data":{"Fsm":"Match","Gid":"2001-1704048875557359616","RemainSec":3,"TimeStamp":1695111886}}
2023/09/19 16:24:49 [INFO] Receive Message:{"Ret":"ActTableStatus","Data":{"tablePlayerInfo":[{"seatId":0,"iconId":105,"name":"****n38","gold":130586.8,"isSitDown":true},{"seatId":1,"iconId":0,"name":"****mon","gold":3999966.675,"isSitDown":true},{"seatId":3,"iconId":4,"name":"****e09","gold":120810,"isSitDown":true}]}}
2023/09/19 16:24:49 [INFO] Receive Message:{"Ret":"ActGamePeriod","Data":{"Fsm":"Bet","Gid":"2001-1704048875557359616","RemainSec":20,"TimeStamp":1695111889}}
2023/09/19 16:24:50 [INFO] Receive Message:{"Ret":"ActSeatOwner","Data":{"seatOwner":[{"seatId":0,"name":"****n38","parentSeat":0},{"seatId":1,"name":"****mon","parentSeat":1},{"seatId":3,"name":"****e09","parentSeat":3}]}}
2023/09/19 16:24:50 [INFO] Receive Message:{"Ret":"ActTableBetData","Data":{"tableBetData":[{"seatId":0,"bet":[63,0],"Gold":130523.8},{"seatId":1,"bet":[0,0],"Gold":3999966.675},{"seatId":3,"bet":[0,0],"Gold":120810}]}}
2023/09/19 16:24:50 [INFO] Receive Message:{"Ret":"ActBetFinish","Data":{"seatId":0}}
2023/09/19 16:24:53 [INFO] Receive Message:{"Ret":"ActSeatOwner","Data":{"seatOwner":[{"seatId":0,"name":"****n38","parentSeat":0},{"seatId":1,"name":"****mon","parentSeat":1},{"seatId":3,"name":"****e09","parentSeat":3}]}}
2023/09/19 16:24:53 [INFO] Receive Message:{"Ret":"ActTableBetData","Data":{"tableBetData":[{"seatId":0,"bet":[63,0],"Gold":130523.8},{"seatId":1,"bet":[0,0],"Gold":3999966.675},{"seatId":3,"bet":[300,0],"Gold":120510}]}}
2023/09/19 16:24:53 [INFO] Receive Message:{"Ret":"ActBetFinish","Data":{"seatId":3}}
2023/09/19 16:25:09 [INFO] Receive Message:{"Ret":"ActGamePeriod","Data":{"Fsm":"Deal","Gid":"2001-1704048875557359616","RemainSec":3,"TimeStamp":1695111909}}
2023/09/19 16:25:09 [INFO] Receive Message:{"Ret":"ActGold","Data":{"Gold":3999963.675}}
2023/09/19 16:25:09 [INFO] Receive Message:{"Ret":"ActSeatOwner","Data":{"seatOwner":[{"seatId":0,"name":"****n38","parentSeat":0},{"seatId":1,"name":"****mon","parentSeat":1},{"seatId":3,"name":"****e09","parentSeat":3}]}}
2023/09/19 16:25:09 [INFO] Receive Message:{"Ret":"ActTableBetData","Data":{"tableBetData":[{"seatId":0,"bet":[63,0],"Gold":130523.8},{"seatId":1,"bet":[3,0],"Gold":3999963.675},{"seatId":3,"bet":[300,0],"Gold":120510}]}}
2023/09/19 16:25:09 [INFO] Receive Message:{"Ret":"ActDealCard","Data":{"bankerCards":[9,-1],"playerCards":[[42,20],[26,41],[],[1,21],[]],"point":[12,14,0,11,0]}}
2023/09/19 16:25:12 [INFO] Receive Message:{"Ret":"ActGamePeriod","Data":{"Fsm":"Play","Gid":"2001-1704048875557359616","RemainSec":20,"TimeStamp":1695111912}}
2023/09/19 16:25:12 [INFO] Receive Message:{"Ret":"ActTokenPlayerSeat","Data":{"SeatId":0}}
2023/09/19 16:25:14 [INFO] Receive Message:{"Ret":"ActHitCard","Data":{"seatId":0,"card":31,"bust":false,"point":18,"is21Point":false,"isFiveDragon":false,"isBlackJack":false}}
2023/09/19 16:25:17 [INFO] Receive Message:{"Ret":"ActStop","Data":{"SeatId":0}}
2023/09/19 16:25:17 [INFO] Receive Message:{"Ret":"ActGamePeriod","Data":{"Fsm":"Play","Gid":"2001-1704048875557359616","RemainSec":20,"TimeStamp":1695111917}}
2023/09/19 16:25:17 [INFO] Receive Message:{"Ret":"ActTokenPlayerSeat","Data":{"SeatId":1}}
2023/09/19 16:25:37 [INFO] Receive Message:{"Ret":"ActGamePeriod","Data":{"Fsm":"Play","Gid":"2001-1704048875557359616","RemainSec":20,"TimeStamp":1695111937}}
2023/09/19 16:25:37 [INFO] Receive Message:{"Ret":"ActTokenPlayerSeat","Data":{"SeatId":3}}
2023/09/19 16:25:38 [INFO] Receive Message:{"Ret":"ActHitCard","Data":{"seatId":3,"card":51,"bust":false,"point":21,"is21Point":true,"isFiveDragon":false,"isBlackJack":false}}
2023/09/19 16:25:40 [INFO] Receive Message:{"Ret":"ActGamePeriod","Data":{"Fsm":"Play","Gid":"2001-1704048875557359616","RemainSec":20,"TimeStamp":1695111940}}
2023/09/19 16:25:43 [INFO] Receive Message:{"Ret":"ActGamePeriod","Data":{"Fsm":"Open","Gid":"2001-1704048875557359616","RemainSec":4,"TimeStamp":1695111943}}
2023/09/19 16:25:43 [INFO] Receive Message:{"Ret":"ActBankerCard","Data":{"bust":false,"cards":[9,30,42],"point":19,"is21Point":false,"isFiveDragon":false,"isBlackJack":false}}
2023/09/19 16:26:28 [INFO] Receive Message:{"Ret":"ActGamePeriod","Data":{"Fsm":"Result","Gid":"2001-1704048875557359616","RemainSec":1,"TimeStamp":1695111947}}
2023/09/19 16:26:28 [INFO] Receive Message:{"Ret":"ActMatchGameResult","Data":{"gid":"2001-1704048875557359616","result":[{"seatId":3,"bet":[300,0],"win":[585,0],"Gold":121095},{"seatId":0,"bet":[63,0],"win":[0,0],"Gold":130523.8},{"seatId":1,"bet":[3,0],"win":[0,0],"Gold":3999963.675}]}}
2023/09/19 16:32:48 [ERROR] read tcp [::1]:60278->[::1]:10001: wsarecv: An existing connection was forcibly closed by the remote host.
