2023/05/15 13:33:30 [INFO] 連線中斷
2023/05/15 13:34:48 [ERROR] dial tcp [::1]:10001: connectex: No connection could be made because the target machine actively refused it.
2023/05/15 13:34:48 [ERROR] Connect failed:dial tcp [::1]:10001: connectex: No connection could be made because the target machine actively refused it.
2023/05/15 13:45:24 [INFO] Connect Success
2023/05/15 13:45:27 [INFO] Receive Message:{"Code":0,"Ret":"Login","Message":"success","Data":{"Gold":9999974.7,"IconID":0,"Name":"Test_simon","UserId":82941254,"MatchGameCode":"","MatchGameTableId":0,"Version":"1.0.0","Marquee":null,"is_relogin":false}}
2023/05/15 13:45:32 [INFO] simon SendMessage={"SetUserInfo":{"IconID":100,"Name":"Test_simon"}}
2023/05/15 13:45:32 [INFO] Receive Message:{"Code":0,"Ret":"SetUserInfo","Message":"success","Data":""}
2023/05/15 13:45:42 [ERROR] read tcp [::1]:50737->[::1]:10001: use of closed network connection
2023/05/15 13:45:42 [INFO] 連線中斷
2023/05/15 13:45:54 [INFO] Connect Success
2023/05/15 13:57:36 [ERROR] read tcp [::1]:50758->[::1]:10001: wsarecv: An existing connection was forcibly closed by the remote host.
2023/05/15 13:58:06 [INFO] 連線中斷
2023/05/15 13:58:08 [INFO] Connect Success
2023/05/15 13:58:12 [INFO] Receive Message:{"Code":0,"Ret":"Login","Message":"success","Data":{"Gold":9999974.7,"IconID":100,"Name":"Test_simon","UserId":82941254,"MatchGameCode":"","MatchGameTableId":0,"Version":"1.0.0","Marquee":null,"is_relogin":false}}
2023/05/15 13:59:11 [ERROR] read tcp [::1]:51290->[::1]:10001: wsarecv: An existing connection was forcibly closed by the remote host.
2023/05/15 14:17:36 [INFO] 連線中斷
2023/05/15 14:17:39 [ERROR] 未選擇環境
2023/05/15 14:17:44 [ERROR] 尚未連線
2023/05/15 14:17:46 [ERROR] 未選擇環境
2023/05/15 14:17:51 [INFO] Connect Success
2023/05/15 14:17:54 [INFO] Receive Message:{"Code":0,"Ret":"Login","Message":"success","Data":{"Gold":9999974.7,"IconID":100,"Name":"Test_simon","UserId":82941254,"MatchGameCode":"","MatchGameTableId":0,"Version":"1.0.0","Marquee":null,"is_relogin":false}}
2023/05/15 14:17:57 [INFO] Receive Message:{"Code":0,"Ret":"JoinGame","Message":"success","Data":{"Gid":"","raiseArray":[4,6,8,10,12,14],"RemainSec":1,"BetInfo":{},"TableCards":[-1,-1,-1],"PlayerInfo":[{"seatId":2,"iconId":100,"name":"Test_simon","gold":9999974.7,"IsActive":false,"isFold":false,"isCompareLose":false}],"Fsm":"Init","result":null,"own":2,"tokenSeat":0}}
2023/05/15 14:17:58 [INFO] Receive Message:{"Ret":"ActGamePeriod","Data":{"Fsm":"Match","Gid":"2006-1657993708252958720","RemainSec":3}}
2023/05/15 14:17:59 [ERROR] read tcp [::1]:51822->[::1]:10001: use of closed network connection
2023/05/15 14:17:59 [INFO] 連線中斷
2023/05/15 14:18:02 [INFO] Connect Success
2023/05/15 14:18:05 [INFO] Receive Message:{"Code":0,"Ret":"Login","Message":"success","Data":{"Gold":9999973.7,"IconID":100,"Name":"Test_simon","UserId":82941254,"MatchGameCode":"goldenflower","MatchGameTableId":20060,"Version":"1.0.0","Marquee":null,"is_relogin":false}}
2023/05/15 14:18:45 [INFO] Receive Message:{"Ret":"ActSettleData","Data":{"cards":{"0":[36,20,14],"2":[37,18,42],"3":[6,16,13],"4":[49,32,43]},"cardtype":{"0":6,"2":6,"3":6,"4":6},"settleinfo":[{"seatId":0,"bet":1,"win":0,"Gold":172763,"refund":0,"isFold":true,"isCompareLose":false},{"seatId":2,"bet":1,"win":0,"Gold":9999973.7,"refund":0,"isFold":false,"isCompareLose":false},{"seatId":3,"bet":15,"win":8.55,"Gold":119927.55,"refund":0,"isFold":false,"isCompareLose":false},{"seatId":4,"bet":7,"win":0,"Gold":101770,"refund":0,"isFold":true,"isCompareLose":false}]}}
2023/05/15 14:18:45 [INFO] Receive Message:{"Code":0,"Ret":"JoinGame","Message":"success","Data":{"Gid":"2006-1657993708252958720","raiseArray":[4,6,8,10,12,14],"RemainSec":7,"BetInfo":{"0":1,"2":1,"3":15,"4":7},"TableCards":{"0":[36,20,14],"2":[37,18,42],"3":[6,16,13],"4":[49,32,43]},"PlayerInfo":[{"seatId":0,"iconId":5,"name":"Kelsey94","gold":172763,"IsActive":false,"isFold":true,"isCompareLose":false},{"seatId":2,"iconId":100,"name":"Test_simon","gold":9999973.7,"IsActive":false,"isFold":false,"isCompareLose":false},{"seatId":3,"iconId":101,"name":"Edison34","gold":119927.55,"IsActive":true,"isFold":false,"isCompareLose":false},{"seatId":4,"iconId":2,"name":"Barbara91","gold":101770,"IsActive":false,"isFold":true,"isCompareLose":false}],"Fsm":"Result","result":[{"seatId":0,"bet":1,"win":0,"Gold":172763,"refund":0,"isFold":true,"isCompareLose":false},{"seatId":2,"bet":1,"win":0,"Gold":9999973.7,"refund":0,"isFold":false,"isCompareLose":false},{"seatId":3,"bet":15,"win":8.55,"Gold":119927.55,"refund":0,"isFold":false,"isCompareLose":false},{"seatId":4,"bet":7,"win":0,"Gold":101770,"refund":0,"isFold":true,"isCompareLose":false}],"own":2,"tokenSeat":3}}
2023/05/15 14:18:56 [ERROR] read tcp [::1]:51823->[::1]:10001: wsarecv: An existing connection was forcibly closed by the remote host.
