2023/03/17 16:49:04 [INFO] Connect Success
2023/03/17 16:49:09 [INFO] Receive Message:{"Code":0,"Ret":"Login","Message":"success","Data":{"Gold":3000003.6,"IconID":0,"Name":"Test_simon","UserId":82941254,"MatchGameCode":"","MatchGameTableId":0,"Version":"1.0.0","Marquee":[{"id":"c85ac23d-6156-4860-9e73-470d87ea754a","lang":"vi-vn","type":1,"order":999,"freq":30,"content":"Chào mừng bạn đến với DG , các loại game bài kinh điển đa dạng, tỷ lệ đền cực cao.","start_time":"2023-01-15T16:00:00Z","end_time":"2023-03-31T15:59:00Z"},{"id":"63d5b734-64da-44a9-aa29-541dcc5e0832","lang":"th-th","type":1,"order":999,"freq":30,"content":"ยินดีต้อนรับสู่ DG เกมหมากรุกและไพ่คลาสสิกที่หลากหลายโบนัทสูงรางวัลมากมาย","start_time":"2023-01-15T16:59:00Z","end_time":"2023-03-31T15:59:00Z"},{"id":"a2307481-6de8-4954-bbe6-65fc8e657712","lang":"zh-cn","type":1,"order":1,"freq":60,"content":"====我是公告第一條====","start_time":"2023-03-03T03:10:00Z","end_time":"2023-03-31T03:40:00Z"},{"id":"2d7df3e5-3052-4ed6-b882-3d259d3c0e04","lang":"en-us","type":1,"order":999,"freq":30,"content":"Welcome to DG. Various playing methods plus super high odds.","start_time":"2023-01-15T16:00:00Z","end_time":"2023-03-31T15:59:00Z"}]}}
2023/03/17 16:49:14 [INFO] Receive Message:{"Code":0,"Ret":"IntoGame","Message":"success","Data":{"Gid":"","BetLimit":[[0.1,1]],"Chips":[0.1,0.2,0.3,0.4,0.5,0.6,0.7,0.8,0.9,1],"RemainSec":1,"PlayerInfo":[{"seatId":1,"iconId":0,"name":"Test_simon","gold":3000003.6}],"Fsm":"Init"}}
2023/03/17 16:49:15 [INFO] Receive Message:{"Ret":"ActGamePeriod","Data":{"Fsm":"Loading","Gid":"","RemainSec":3}}
2023/03/17 16:49:15 [INFO] Receive Message:{"Ret":"ActTableStatus","Data":{"tablePlayerInfo":[{"seatId":1,"iconId":0,"name":"****mon","gold":3000003.6},{"seatId":2,"iconId":7,"name":"****t10","gold":158189}]}}
2023/03/17 16:49:15 [INFO] Receive Message:{"Ret":"ActSceneNotify","Data":{"scene":1,"stage":1}}
2023/03/17 16:49:18 [INFO] Receive Message:{"Ret":"ActGamePeriod","Data":{"Fsm":"Shu","Gid":"3002-1636650906923569152","RemainSec":60}}
2023/03/17 16:49:19 [INFO] Receive Message:{"Ret":"ActCreateFish","Data":{"fishinfo":[{"index":31,"fishtype":1,"cts":1679042961,"route":"R7_L7_1","speed":68},{"index":62,"fishtype":1,"cts":1679042961,"route":"L1_R1_1","speed":68}],"formation":null}}
2023/03/17 16:49:20 [INFO] Receive Message:{"Ret":"ActCreateFish","Data":{"fishinfo":[{"index":3,"fishtype":2,"cts":1679042962,"route":"R6_L4","speed":68},{"index":11,"fishtype":2,"cts":1679042962,"route":"L6_R2","speed":68},{"index":17,"fishtype":3,"cts":1679042962,"route":"R4_L6","speed":68},{"index":32,"fishtype":1,"cts":1679042962,"route":"R7_L7_1","speed":68},{"index":63,"fishtype":1,"cts":1679042962,"route":"L1_R1_1","speed":68},{"index":84,"fishtype":3,"cts":1679042962,"route":"L4_R5","speed":68}],"formation":null}}
2023/03/17 16:49:21 [INFO] Receive Message:{"Ret":"ActCreateFish","Data":{"fishinfo":[{"index":33,"fishtype":1,"cts":1679042963,"route":"R7_L7_1","speed":68},{"index":64,"fishtype":1,"cts":1679042963,"route":"L1_R1_1","speed":68}],"formation":null}}
2023/03/17 16:49:22 [INFO] Receive Message:{"Ret":"ActCreateFish","Data":{"fishinfo":[{"index":4,"fishtype":2,"cts":1679042964,"route":"R6_L4","speed":68},{"index":12,"fishtype":2,"cts":1679042964,"route":"L6_R2","speed":68},{"index":18,"fishtype":3,"cts":1679042964,"route":"R4_L6","speed":68},{"index":34,"fishtype":1,"cts":1679042964,"route":"R7_L7_1","speed":68},{"index":48,"fishtype":4,"cts":1679042964,"route":"L2_R2_1","speed":68},{"index":65,"fishtype":1,"cts":1679042964,"route":"L1_R1_1","speed":68},{"index":85,"fishtype":3,"cts":1679042964,"route":"L4_R5","speed":68},{"index":101,"fishtype":4,"cts":1679042964,"route":"R6_L6_1","speed":68}],"formation":null}}
2023/03/17 16:49:23 [INFO] Receive Message:{"Ret":"ActCreateFish","Data":{"fishinfo":[{"index":35,"fishtype":1,"cts":1679042965,"route":"R7_L7_1","speed":68},{"index":66,"fishtype":1,"cts":1679042965,"route":"L1_R1_1","speed":68}],"formation":null}}
2023/03/17 16:49:24 [INFO] Receive Message:{"Ret":"ActCreateFish","Data":{"fishinfo":[{"index":5,"fishtype":2,"cts":1679042966,"route":"R6_L4","speed":68},{"index":13,"fishtype":2,"cts":1679042966,"route":"L6_R2","speed":68},{"index":49,"fishtype":4,"cts":1679042966,"route":"L2_R2_1","speed":68},{"index":52,"fishtype":6,"cts":1679042966,"route":"L4_R6","speed":60},{"index":77,"fishtype":21,"cts":1679042966,"route":"R4_L7","speed":75},{"index":102,"fishtype":4,"cts":1679042966,"route":"R6_L6_1","speed":68}],"formation":null}}
2023/03/17 16:49:25 [INFO] Receive Message:{"Ret":"ActSyncShoot","Data":{"seatId":2,"bulletId":1,"bulletKind":0,"angle":0,"lockfish":62,"agentcall":true}}
2023/03/17 16:49:25 [INFO] Receive Message:{"Ret":"ActCreateFish","Data":{"fishinfo":[{"index":78,"fishtype":5,"cts":1679042967,"route":"L5_R6","speed":54}],"formation":null}}
2023/03/17 16:49:25 [INFO] Receive Message:{"Ret":"ActSyncShoot","Data":{"seatId":2,"bulletId":2,"bulletKind":0,"angle":0,"lockfish":62,"agentcall":true}}
2023/03/17 16:49:25 [INFO] Receive Message:{"Ret":"ActSyncShoot","Data":{"seatId":2,"bulletId":3,"bulletKind":0,"angle":0,"lockfish":62,"agentcall":true}}
2023/03/17 16:49:25 [INFO] Receive Message:{"Ret":"ActSyncShoot","Data":{"seatId":2,"bulletId":4,"bulletKind":0,"angle":0,"lockfish":62,"agentcall":true}}
2023/03/17 16:49:26 [INFO] Receive Message:{"Ret":"ActSyncShoot","Data":{"seatId":2,"bulletId":5,"bulletKind":0,"angle":0,"lockfish":62,"agentcall":true}}
2023/03/17 16:49:26 [INFO] Receive Message:{"Ret":"ActSyncShoot","Data":{"seatId":2,"bulletId":6,"bulletKind":0,"angle":0,"lockfish":62,"agentcall":true}}
2023/03/17 16:49:26 [INFO] Receive Message:{"Ret":"ActCreateFish","Data":{"fishinfo":[{"index":53,"fishtype":6,"cts":1679042968,"route":"L4_R6","speed":60}],"formation":null}}
2023/03/17 16:49:26 [INFO] Receive Message:{"Ret":"ActSyncShoot","Data":{"seatId":2,"bulletId":7,"bulletKind":0,"angle":0,"lockfish":62,"agentcall":true}}
2023/03/17 16:49:26 [INFO] Receive Message:{"Ret":"ActSyncShoot","Data":{"seatId":2,"bulletId":8,"bulletKind":0,"angle":0,"lockfish":62,"agentcall":true}}
2023/03/17 16:49:26 [INFO] Receive Message:{"Ret":"ActSyncShoot","Data":{"seatId":2,"bulletId":9,"bulletKind":0,"angle":0,"lockfish":62,"agentcall":true}}
2023/03/17 16:49:27 [INFO] Receive Message:{"Ret":"ActSyncShoot","Data":{"seatId":2,"bulletId":10,"bulletKind":0,"angle":0,"lockfish":62,"agentcall":true}}
2023/03/17 16:49:27 [INFO] Receive Message:{"Ret":"ActSyncShoot","Data":{"seatId":2,"bulletId":11,"bulletKind":0,"angle":0,"lockfish":62,"agentcall":true}}
2023/03/17 16:49:27 [INFO] Receive Message:{"Ret":"ActSyncShoot","Data":{"seatId":2,"bulletId":12,"bulletKind":0,"angle":0,"lockfish":62,"agentcall":true}}
2023/03/17 16:49:27 [INFO] Receive Message:{"Ret":"ActSyncShoot","Data":{"seatId":2,"bulletId":13,"bulletKind":0,"angle":0,"lockfish":62,"agentcall":true}}
2023/03/17 16:49:27 [INFO] Receive Message:{"Ret":"ActSyncShoot","Data":{"seatId":2,"bulletId":14,"bulletKind":0,"angle":0,"lockfish":62,"agentcall":true}}
2023/03/17 16:49:28 [INFO] Receive Message:{"Ret":"ActSyncShoot","Data":{"seatId":2,"bulletId":15,"bulletKind":0,"angle":0,"lockfish":62,"agentcall":true}}
2023/03/17 16:49:28 [INFO] Receive Message:{"Ret":"ActSyncShoot","Data":{"seatId":2,"bulletId":16,"bulletKind":0,"angle":0,"lockfish":62,"agentcall":true}}
2023/03/17 16:49:28 [INFO] Receive Message:{"Ret":"ActSyncShoot","Data":{"seatId":2,"bulletId":17,"bulletKind":0,"angle":0,"lockfish":62,"agentcall":true}}
2023/03/17 16:49:28 [INFO] Receive Message:{"Ret":"ActSyncShoot","Data":{"seatId":2,"bulletId":18,"bulletKind":0,"angle":0,"lockfish":62,"agentcall":true}}
2023/03/17 16:49:28 [INFO] Receive Message:{"Ret":"ActSyncShoot","Data":{"seatId":2,"bulletId":19,"bulletKind":0,"angle":0,"lockfish":62,"agentcall":true}}
2023/03/17 16:49:29 [INFO] Receive Message:{"Ret":"ActSyncShoot","Data":{"seatId":2,"bulletId":20,"bulletKind":0,"angle":0,"lockfish":62,"agentcall":true}}
2023/03/17 16:49:29 [ERROR] read tcp [::1]:58743->[::1]:10001: wsarecv: An existing connection was forcibly closed by the remote host.
2023/03/17 17:31:51 [INFO] 連線中斷
2023/03/17 17:31:53 [ERROR] 未選擇環境
2023/03/17 17:32:02 [ERROR] 尚未連線
2023/03/17 17:32:05 [INFO] Connect Success
2023/03/17 17:32:08 [INFO] Receive Message:{"Code":0,"Ret":"Login","Message":"success","Data":{"Gold":3000003.6,"IconID":0,"Name":"Test_simon","UserId":82941254,"MatchGameCode":"","MatchGameTableId":0,"Version":"1.0.0","Marquee":[{"id":"c85ac23d-6156-4860-9e73-470d87ea754a","lang":"vi-vn","type":1,"order":999,"freq":30,"content":"Chào mừng bạn đến với DG , các loại game bài kinh điển đa dạng, tỷ lệ đền cực cao.","start_time":"2023-01-15T16:00:00Z","end_time":"2023-03-31T15:59:00Z"},{"id":"63d5b734-64da-44a9-aa29-541dcc5e0832","lang":"th-th","type":1,"order":999,"freq":30,"content":"ยินดีต้อนรับสู่ DG เกมหมากรุกและไพ่คลาสสิกที่หลากหลายโบนัทสูงรางวัลมากมาย","start_time":"2023-01-15T16:59:00Z","end_time":"2023-03-31T15:59:00Z"},{"id":"a2307481-6de8-4954-bbe6-65fc8e657712","lang":"zh-cn","type":1,"order":1,"freq":60,"content":"====我是公告第一條====","start_time":"2023-03-03T03:10:00Z","end_time":"2023-03-31T03:40:00Z"},{"id":"2d7df3e5-3052-4ed6-b882-3d259d3c0e04","lang":"en-us","type":1,"order":999,"freq":30,"content":"Welcome to DG. Various playing methods plus super high odds.","start_time":"2023-01-15T16:00:00Z","end_time":"2023-03-31T15:59:00Z"}]}}
2023/03/17 17:32:49 [ERROR] read tcp [::1]:59592->[::1]:10001: wsarecv: An existing connection was forcibly closed by the remote host.
2023/03/17 17:33:04 [INFO] 連線中斷
2023/03/17 17:33:05 [INFO] Connect Success
2023/03/17 17:33:07 [INFO] Receive Message:{"Code":0,"Ret":"Login","Message":"success","Data":{"Gold":3000003.6,"IconID":0,"Name":"Test_simon","UserId":82941254,"MatchGameCode":"","MatchGameTableId":0,"Version":"1.0.0","Marquee":[{"id":"c85ac23d-6156-4860-9e73-470d87ea754a","lang":"vi-vn","type":1,"order":999,"freq":30,"content":"Chào mừng bạn đến với DG , các loại game bài kinh điển đa dạng, tỷ lệ đền cực cao.","start_time":"2023-01-15T16:00:00Z","end_time":"2023-03-31T15:59:00Z"},{"id":"63d5b734-64da-44a9-aa29-541dcc5e0832","lang":"th-th","type":1,"order":999,"freq":30,"content":"ยินดีต้อนรับสู่ DG เกมหมากรุกและไพ่คลาสสิกที่หลากหลายโบนัทสูงรางวัลมากมาย","start_time":"2023-01-15T16:59:00Z","end_time":"2023-03-31T15:59:00Z"},{"id":"a2307481-6de8-4954-bbe6-65fc8e657712","lang":"zh-cn","type":1,"order":1,"freq":60,"content":"====我是公告第一條====","start_time":"2023-03-03T03:10:00Z","end_time":"2023-03-31T03:40:00Z"},{"id":"2d7df3e5-3052-4ed6-b882-3d259d3c0e04","lang":"en-us","type":1,"order":999,"freq":30,"content":"Welcome to DG. Various playing methods plus super high odds.","start_time":"2023-01-15T16:00:00Z","end_time":"2023-03-31T15:59:00Z"}]}}
2023/03/17 17:34:31 [ERROR] read tcp [::1]:59651->[::1]:10001: wsarecv: An existing connection was forcibly closed by the remote host.
2023/03/17 17:34:50 [INFO] 連線中斷
2023/03/17 17:34:51 [INFO] Connect Success
2023/03/17 17:34:53 [INFO] Receive Message:{"Code":0,"Ret":"Login","Message":"success","Data":{"Gold":3000003.6,"IconID":0,"Name":"Test_simon","UserId":82941254,"MatchGameCode":"","MatchGameTableId":0,"Version":"1.0.0","Marquee":[{"id":"c85ac23d-6156-4860-9e73-470d87ea754a","lang":"vi-vn","type":1,"order":999,"freq":30,"content":"Chào mừng bạn đến với DG , các loại game bài kinh điển đa dạng, tỷ lệ đền cực cao.","start_time":"2023-01-15T16:00:00Z","end_time":"2023-03-31T15:59:00Z"},{"id":"63d5b734-64da-44a9-aa29-541dcc5e0832","lang":"th-th","type":1,"order":999,"freq":30,"content":"ยินดีต้อนรับสู่ DG เกมหมากรุกและไพ่คลาสสิกที่หลากหลายโบนัทสูงรางวัลมากมาย","start_time":"2023-01-15T16:59:00Z","end_time":"2023-03-31T15:59:00Z"},{"id":"a2307481-6de8-4954-bbe6-65fc8e657712","lang":"zh-cn","type":1,"order":1,"freq":60,"content":"====我是公告第一條====","start_time":"2023-03-03T03:10:00Z","end_time":"2023-03-31T03:40:00Z"},{"id":"2d7df3e5-3052-4ed6-b882-3d259d3c0e04","lang":"en-us","type":1,"order":999,"freq":30,"content":"Welcome to DG. Various playing methods plus super high odds.","start_time":"2023-01-15T16:00:00Z","end_time":"2023-03-31T15:59:00Z"}]}}
2023/03/17 17:35:32 [ERROR] read tcp [::1]:59745->[::1]:10001: wsarecv: An existing connection was forcibly closed by the remote host.
2023/03/17 17:35:43 [INFO] 連線中斷
2023/03/17 17:35:44 [INFO] Connect Success
2023/03/17 17:35:46 [INFO] Receive Message:{"Code":0,"Ret":"Login","Message":"success","Data":{"Gold":3000003.6,"IconID":0,"Name":"Test_simon","UserId":82941254,"MatchGameCode":"","MatchGameTableId":0,"Version":"1.0.0","Marquee":[{"id":"c85ac23d-6156-4860-9e73-470d87ea754a","lang":"vi-vn","type":1,"order":999,"freq":30,"content":"Chào mừng bạn đến với DG , các loại game bài kinh điển đa dạng, tỷ lệ đền cực cao.","start_time":"2023-01-15T16:00:00Z","end_time":"2023-03-31T15:59:00Z"},{"id":"63d5b734-64da-44a9-aa29-541dcc5e0832","lang":"th-th","type":1,"order":999,"freq":30,"content":"ยินดีต้อนรับสู่ DG เกมหมากรุกและไพ่คลาสสิกที่หลากหลายโบนัทสูงรางวัลมากมาย","start_time":"2023-01-15T16:59:00Z","end_time":"2023-03-31T15:59:00Z"},{"id":"a2307481-6de8-4954-bbe6-65fc8e657712","lang":"zh-cn","type":1,"order":1,"freq":60,"content":"====我是公告第一條====","start_time":"2023-03-03T03:10:00Z","end_time":"2023-03-31T03:40:00Z"},{"id":"2d7df3e5-3052-4ed6-b882-3d259d3c0e04","lang":"en-us","type":1,"order":999,"freq":30,"content":"Welcome to DG. Various playing methods plus super high odds.","start_time":"2023-01-15T16:00:00Z","end_time":"2023-03-31T15:59:00Z"}]}}
2023/03/17 17:37:41 [ERROR] read tcp [::1]:59801->[::1]:10001: wsarecv: An existing connection was forcibly closed by the remote host.
2023/03/17 17:38:25 [INFO] 連線中斷
2023/03/17 17:38:26 [INFO] Connect Success
2023/03/17 17:38:28 [INFO] Receive Message:{"Code":0,"Ret":"Login","Message":"success","Data":{"Gold":3000003.6,"IconID":0,"Name":"Test_simon","UserId":82941254,"MatchGameCode":"","MatchGameTableId":0,"Version":"1.0.0","Marquee":[{"id":"c85ac23d-6156-4860-9e73-470d87ea754a","lang":"vi-vn","type":1,"order":999,"freq":30,"content":"Chào mừng bạn đến với DG , các loại game bài kinh điển đa dạng, tỷ lệ đền cực cao.","start_time":"2023-01-15T16:00:00Z","end_time":"2023-03-31T15:59:00Z"},{"id":"63d5b734-64da-44a9-aa29-541dcc5e0832","lang":"th-th","type":1,"order":999,"freq":30,"content":"ยินดีต้อนรับสู่ DG เกมหมากรุกและไพ่คลาสสิกที่หลากหลายโบนัทสูงรางวัลมากมาย","start_time":"2023-01-15T16:59:00Z","end_time":"2023-03-31T15:59:00Z"},{"id":"a2307481-6de8-4954-bbe6-65fc8e657712","lang":"zh-cn","type":1,"order":1,"freq":60,"content":"====我是公告第一條====","start_time":"2023-03-03T03:10:00Z","end_time":"2023-03-31T03:40:00Z"},{"id":"2d7df3e5-3052-4ed6-b882-3d259d3c0e04","lang":"en-us","type":1,"order":999,"freq":30,"content":"Welcome to DG. Various playing methods plus super high odds.","start_time":"2023-01-15T16:00:00Z","end_time":"2023-03-31T15:59:00Z"}]}}
2023/03/17 17:40:07 [ERROR] read tcp [::1]:59909->[::1]:10001: wsarecv: An existing connection was forcibly closed by the remote host.
2023/03/17 17:40:28 [INFO] 連線中斷
2023/03/17 17:40:28 [INFO] Connect Success
2023/03/17 17:40:31 [INFO] Receive Message:{"Code":0,"Ret":"Login","Message":"success","Data":{"Gold":3000003.6,"IconID":0,"Name":"Test_simon","UserId":82941254,"MatchGameCode":"","MatchGameTableId":0,"Version":"1.0.0","Marquee":[{"id":"c85ac23d-6156-4860-9e73-470d87ea754a","lang":"vi-vn","type":1,"order":999,"freq":30,"content":"Chào mừng bạn đến với DG , các loại game bài kinh điển đa dạng, tỷ lệ đền cực cao.","start_time":"2023-01-15T16:00:00Z","end_time":"2023-03-31T15:59:00Z"},{"id":"63d5b734-64da-44a9-aa29-541dcc5e0832","lang":"th-th","type":1,"order":999,"freq":30,"content":"ยินดีต้อนรับสู่ DG เกมหมากรุกและไพ่คลาสสิกที่หลากหลายโบนัทสูงรางวัลมากมาย","start_time":"2023-01-15T16:59:00Z","end_time":"2023-03-31T15:59:00Z"},{"id":"a2307481-6de8-4954-bbe6-65fc8e657712","lang":"zh-cn","type":1,"order":1,"freq":60,"content":"====我是公告第一條====","start_time":"2023-03-03T03:10:00Z","end_time":"2023-03-31T03:40:00Z"},{"id":"2d7df3e5-3052-4ed6-b882-3d259d3c0e04","lang":"en-us","type":1,"order":999,"freq":30,"content":"Welcome to DG. Various playing methods plus super high odds.","start_time":"2023-01-15T16:00:00Z","end_time":"2023-03-31T15:59:00Z"}]}}
2023/03/17 17:41:07 [ERROR] read tcp [::1]:60025->[::1]:10001: wsarecv: An existing connection was forcibly closed by the remote host.
2023/03/17 17:41:15 [INFO] 連線中斷
2023/03/17 17:41:15 [INFO] Connect Success
2023/03/17 17:41:18 [INFO] Receive Message:{"Code":0,"Ret":"Login","Message":"success","Data":{"Gold":3000003.6,"IconID":0,"Name":"Test_simon","UserId":82941254,"MatchGameCode":"","MatchGameTableId":0,"Version":"1.0.0","Marquee":[{"id":"c85ac23d-6156-4860-9e73-470d87ea754a","lang":"vi-vn","type":1,"order":999,"freq":30,"content":"Chào mừng bạn đến với DG , các loại game bài kinh điển đa dạng, tỷ lệ đền cực cao.","start_time":"2023-01-15T16:00:00Z","end_time":"2023-03-31T15:59:00Z"},{"id":"63d5b734-64da-44a9-aa29-541dcc5e0832","lang":"th-th","type":1,"order":999,"freq":30,"content":"ยินดีต้อนรับสู่ DG เกมหมากรุกและไพ่คลาสสิกที่หลากหลายโบนัทสูงรางวัลมากมาย","start_time":"2023-01-15T16:59:00Z","end_time":"2023-03-31T15:59:00Z"},{"id":"a2307481-6de8-4954-bbe6-65fc8e657712","lang":"zh-cn","type":1,"order":1,"freq":60,"content":"====我是公告第一條====","start_time":"2023-03-03T03:10:00Z","end_time":"2023-03-31T03:40:00Z"},{"id":"2d7df3e5-3052-4ed6-b882-3d259d3c0e04","lang":"en-us","type":1,"order":999,"freq":30,"content":"Welcome to DG. Various playing methods plus super high odds.","start_time":"2023-01-15T16:00:00Z","end_time":"2023-03-31T15:59:00Z"}]}}
2023/03/17 17:42:09 [ERROR] read tcp [::1]:60080->[::1]:10001: wsarecv: An existing connection was forcibly closed by the remote host.
2023/03/17 17:42:16 [INFO] 連線中斷
2023/03/17 17:42:17 [INFO] Connect Success
2023/03/17 17:42:19 [INFO] Receive Message:{"Code":0,"Ret":"Login","Message":"success","Data":{"Gold":3000003.6,"IconID":0,"Name":"Test_simon","UserId":82941254,"MatchGameCode":"","MatchGameTableId":0,"Version":"1.0.0","Marquee":[{"id":"c85ac23d-6156-4860-9e73-470d87ea754a","lang":"vi-vn","type":1,"order":999,"freq":30,"content":"Chào mừng bạn đến với DG , các loại game bài kinh điển đa dạng, tỷ lệ đền cực cao.","start_time":"2023-01-15T16:00:00Z","end_time":"2023-03-31T15:59:00Z"},{"id":"63d5b734-64da-44a9-aa29-541dcc5e0832","lang":"th-th","type":1,"order":999,"freq":30,"content":"ยินดีต้อนรับสู่ DG เกมหมากรุกและไพ่คลาสสิกที่หลากหลายโบนัทสูงรางวัลมากมาย","start_time":"2023-01-15T16:59:00Z","end_time":"2023-03-31T15:59:00Z"},{"id":"a2307481-6de8-4954-bbe6-65fc8e657712","lang":"zh-cn","type":1,"order":1,"freq":60,"content":"====我是公告第一條====","start_time":"2023-03-03T03:10:00Z","end_time":"2023-03-31T03:40:00Z"},{"id":"2d7df3e5-3052-4ed6-b882-3d259d3c0e04","lang":"en-us","type":1,"order":999,"freq":30,"content":"Welcome to DG. Various playing methods plus super high odds.","start_time":"2023-01-15T16:00:00Z","end_time":"2023-03-31T15:59:00Z"}]}}
2023/03/17 17:42:47 [ERROR] read tcp [::1]:60147->[::1]:10001: wsarecv: An existing connection was forcibly closed by the remote host.
2023/03/17 17:42:52 [INFO] 連線中斷
2023/03/17 17:42:53 [INFO] Connect Success
2023/03/17 17:42:59 [INFO] Receive Message:{"Code":200001,"Ret":"IntoGame","Message":"data error"}
2023/03/17 17:43:09 [INFO] Receive Message:{"Code":200001,"Ret":"IntoGame","Message":"data error"}
2023/03/17 17:43:12 [ERROR] read tcp [::1]:60181->[::1]:10001: wsarecv: An existing connection was forcibly closed by the remote host.
2023/03/17 17:43:22 [INFO] 連線中斷
2023/03/17 17:43:23 [INFO] Connect Success
2023/03/17 17:43:25 [INFO] Receive Message:{"Code":0,"Ret":"Login","Message":"success","Data":{"Gold":3000003.6,"IconID":0,"Name":"Test_simon","UserId":82941254,"MatchGameCode":"","MatchGameTableId":0,"Version":"1.0.0","Marquee":[{"id":"c85ac23d-6156-4860-9e73-470d87ea754a","lang":"vi-vn","type":1,"order":999,"freq":30,"content":"Chào mừng bạn đến với DG , các loại game bài kinh điển đa dạng, tỷ lệ đền cực cao.","start_time":"2023-01-15T16:00:00Z","end_time":"2023-03-31T15:59:00Z"},{"id":"63d5b734-64da-44a9-aa29-541dcc5e0832","lang":"th-th","type":1,"order":999,"freq":30,"content":"ยินดีต้อนรับสู่ DG เกมหมากรุกและไพ่คลาสสิกที่หลากหลายโบนัทสูงรางวัลมากมาย","start_time":"2023-01-15T16:59:00Z","end_time":"2023-03-31T15:59:00Z"},{"id":"a2307481-6de8-4954-bbe6-65fc8e657712","lang":"zh-cn","type":1,"order":1,"freq":60,"content":"====我是公告第一條====","start_time":"2023-03-03T03:10:00Z","end_time":"2023-03-31T03:40:00Z"},{"id":"2d7df3e5-3052-4ed6-b882-3d259d3c0e04","lang":"en-us","type":1,"order":999,"freq":30,"content":"Welcome to DG. Various playing methods plus super high odds.","start_time":"2023-01-15T16:00:00Z","end_time":"2023-03-31T15:59:00Z"}]}}
2023/03/17 17:44:44 [ERROR] read tcp [::1]:60225->[::1]:10001: wsarecv: An existing connection was forcibly closed by the remote host.
