2023/05/10 15:23:32 [INFO] Connect Success
2023/05/10 15:23:45 [INFO] 連線中斷
2023/05/10 15:23:45 [ERROR] read tcp [::1]:59390->[::1]:10001: use of closed network connection
2023/05/10 15:23:49 [INFO] Connect Success
2023/05/10 15:23:55 [INFO] Receive Message:{"Code":0,"Ret":"Login","Message":"success","Data":{"Gold":9999980.25,"IconID":0,"Name":"Test_simon","UserId":82941254,"MatchGameCode":"","MatchGameTableId":0,"Version":"1.0.0","Marquee":null,"is_relogin":false}}
2023/05/10 15:23:59 [INFO] Receive Message:{"Ret":"ActSoftBlock","Data":{}}
2023/05/10 15:23:59 [INFO] Receive Message:{"Code":200013,"Ret":"JoinGame","Message":"block user"}
2023/05/10 15:24:51 [ERROR] read tcp [::1]:59392->[::1]:10001: use of closed network connection
2023/05/10 15:24:51 [INFO] 連線中斷
2023/05/10 15:24:51 [INFO] Connect Success
2023/05/10 15:24:53 [INFO] Receive Message:{"Code":0,"Ret":"Login","Message":"success","Data":{"Gold":9999980.25,"IconID":0,"Name":"Test_simon","UserId":82941254,"MatchGameCode":"","MatchGameTableId":0,"Version":"1.0.0","Marquee":null,"is_relogin":false}}
2023/05/10 15:24:57 [INFO] Receive Message:{"Code":0,"Ret":"JoinGame","Message":"success","Data":{"Gid":"","raiseArray":[4,6,8,10,12,14],"RemainSec":1,"BetInfo":{},"TableCards":{},"PlayerInfo":[{"seatId":1,"iconId":0,"name":"Test_simon","gold":9999980.25,"IsActive":false}],"Fsm":"Init","result":null,"own":1}}
2023/05/10 15:24:58 [INFO] Receive Message:{"Ret":"ActGamePeriod","Data":{"Fsm":"Match","Gid":"2006-1656198629846683648","RemainSec":3}}
2023/05/10 15:25:01 [INFO] Receive Message:{"Ret":"ActTableStatus","Data":{"tablePlayerInfo":[{"seatId":0,"iconId":104,"name":"****e13","gold":125783,"isSitDown":true},{"seatId":1,"iconId":0,"name":"****mon","gold":9999980.25,"isSitDown":true},{"seatId":2,"iconId":2,"name":"****n67","gold":149707,"isSitDown":true},{"seatId":4,"iconId":100,"name":"****y61","gold":195068,"isSitDown":true}]}}
2023/05/10 15:25:01 [INFO] Receive Message:{"Ret":"ActRaiseArray","Data":{"raiseArray":[4,6,8,10,12,14]}}
2023/05/10 15:25:01 [INFO] Receive Message:{"Ret":"ActGold","Data":{"Gold":9999979.25}}
2023/05/10 15:25:01 [INFO] Receive Message:{"Ret":"ActAnteBet","Data":{"antebet":[{"seatId":0,"bet":1},{"seatId":1,"bet":1},{"seatId":2,"bet":1},{"seatId":4,"bet":1}]}}
2023/05/10 15:25:01 [INFO] Receive Message:{"Ret":"ActGamePeriod","Data":{"Fsm":"Bet","Gid":"2006-1656198629846683648","RemainSec":1}}
2023/05/10 15:25:02 [INFO] Receive Message:{"Ret":"ActGamePeriod","Data":{"Fsm":"Deal","Gid":"2006-1656198629846683648","RemainSec":1}}
2023/05/10 15:25:02 [INFO] Receive Message:{"Ret":"ActDealCard","Data":{"seatid":1,"cards":[-1,-1,-1]}}
2023/05/10 15:25:03 [INFO] Receive Message:{"Ret":"ActGamePeriod","Data":{"Fsm":"Play","Gid":"2006-1656198629846683648","RemainSec":15}}
2023/05/10 15:25:03 [INFO] Receive Message:{"Ret":"ActTokenPlayerSeat","Data":{"SeatId":0}}
2023/05/10 15:25:06 [INFO] Receive Message:{"Ret":"ActAction","Data":{"seatId":0,"actiontype":"fold","data":null}}
2023/05/10 15:25:06 [INFO] Receive Message:{"Ret":"ActGamePeriod","Data":{"Fsm":"Play","Gid":"2006-1656198629846683648","RemainSec":15}}
2023/05/10 15:25:06 [INFO] Receive Message:{"Ret":"ActTokenPlayerSeat","Data":{"SeatId":1}}
2023/05/10 15:25:21 [INFO] Receive Message:{"Ret":"ActGold","Data":{"Gold":9999977.25}}
2023/05/10 15:25:21 [INFO] Receive Message:{"Ret":"ActAction","Data":{"seatId":1,"actiontype":"call","data":{"IsLookAt":false,"gold":2}}}
2023/05/10 15:25:21 [INFO] Receive Message:{"Ret":"ActGamePeriod","Data":{"Fsm":"Play","Gid":"2006-1656198629846683648","RemainSec":15}}
2023/05/10 15:25:21 [INFO] Receive Message:{"Ret":"ActTokenPlayerSeat","Data":{"SeatId":2}}
2023/05/10 15:25:24 [INFO] Receive Message:{"Ret":"ActAction","Data":{"seatId":2,"actiontype":"fold","data":null}}
2023/05/10 15:25:24 [INFO] Receive Message:{"Ret":"ActGamePeriod","Data":{"Fsm":"Play","Gid":"2006-1656198629846683648","RemainSec":15}}
2023/05/10 15:25:24 [INFO] Receive Message:{"Ret":"ActTokenPlayerSeat","Data":{"SeatId":4}}
2023/05/10 15:25:26 [INFO] Receive Message:{"Ret":"ActAction","Data":{"seatId":4,"actiontype":"fold","data":null}}
2023/05/10 15:25:26 [INFO] Receive Message:{"Ret":"ActGamePeriod","Data":{"Fsm":"Play","Gid":"2006-1656198629846683648","RemainSec":15}}
2023/05/10 15:25:26 [INFO] Receive Message:{"Ret":"ActTokenPlayerSeat","Data":{"SeatId":1}}
2023/05/10 15:25:26 [INFO] Receive Message:{"Ret":"ActGamePeriod","Data":{"Fsm":"Result","Gid":"2006-1656198629846683648","RemainSec":4}}
2023/05/10 15:25:26 [INFO] Receive Message:{"Ret":"ActGold","Data":{"Gold":9999980.1}}
2023/05/10 15:25:33 [INFO] Receive Message:{"Ret":"SettleInfo","Data":[{"seatId":0,"bet":1,"win":0,"Gold":125782,"refund":0},{"seatId":1,"bet":3,"win":2.85,"Gold":9999980.1,"refund":0},{"seatId":2,"bet":1,"win":0,"Gold":149706,"refund":0},{"seatId":4,"bet":1,"win":0,"Gold":195067,"refund":0}]}
2023/05/10 15:25:34 [INFO] Receive Message:{"Ret":"SettleInfo","Data":[{"seatId":0,"bet":1,"win":0,"Gold":125782,"refund":0},{"seatId":1,"bet":3,"win":2.85,"Gold":9999980.1,"refund":0},{"seatId":2,"bet":1,"win":0,"Gold":149706,"refund":0},{"seatId":4,"bet":1,"win":0,"Gold":195067,"refund":0}]}
2023/05/10 15:25:35 [INFO] Receive Message:{"Ret":"SettleInfo","Data":[{"seatId":0,"bet":1,"win":0,"Gold":125782,"refund":0},{"seatId":1,"bet":3,"win":2.85,"Gold":9999980.1,"refund":0},{"seatId":2,"bet":1,"win":0,"Gold":149706,"refund":0},{"seatId":4,"bet":1,"win":0,"Gold":195067,"refund":0}]}
2023/05/10 15:25:37 [INFO] Receive Message:{"Ret":"SettleInfo","Data":[{"seatId":0,"bet":1,"win":0,"Gold":125782,"refund":0},{"seatId":1,"bet":3,"win":2.85,"Gold":9999980.1,"refund":0},{"seatId":2,"bet":1,"win":0,"Gold":149706,"refund":0},{"seatId":4,"bet":1,"win":0,"Gold":195067,"refund":0}]}
2023/05/10 15:25:37 [INFO] Receive Message:{"Ret":"SettleInfo","Data":[{"seatId":0,"bet":1,"win":0,"Gold":125782,"refund":0},{"seatId":1,"bet":3,"win":2.85,"Gold":9999980.1,"refund":0},{"seatId":2,"bet":1,"win":0,"Gold":149706,"refund":0},{"seatId":4,"bet":1,"win":0,"Gold":195067,"refund":0}]}
2023/05/10 15:25:37 [INFO] Receive Message:{"Ret":"SettleInfo","Data":[{"seatId":0,"bet":1,"win":0,"Gold":125782,"refund":0},{"seatId":1,"bet":3,"win":2.85,"Gold":9999980.1,"refund":0},{"seatId":2,"bet":1,"win":0,"Gold":149706,"refund":0},{"seatId":4,"bet":1,"win":0,"Gold":195067,"refund":0}]}
2023/05/10 15:25:38 [INFO] Receive Message:{"Ret":"SettleInfo","Data":[{"seatId":0,"bet":1,"win":0,"Gold":125782,"refund":0},{"seatId":1,"bet":3,"win":2.85,"Gold":9999980.1,"refund":0},{"seatId":2,"bet":1,"win":0,"Gold":149706,"refund":0},{"seatId":4,"bet":1,"win":0,"Gold":195067,"refund":0}]}
2023/05/10 15:25:39 [INFO] Receive Message:{"Ret":"SettleInfo","Data":[{"seatId":0,"bet":1,"win":0,"Gold":125782,"refund":0},{"seatId":1,"bet":3,"win":2.85,"Gold":9999980.1,"refund":0},{"seatId":2,"bet":1,"win":0,"Gold":149706,"refund":0},{"seatId":4,"bet":1,"win":0,"Gold":195067,"refund":0}]}
2023/05/10 15:25:39 [INFO] Receive Message:{"Ret":"SettleInfo","Data":[{"seatId":0,"bet":1,"win":0,"Gold":125782,"refund":0},{"seatId":1,"bet":3,"win":2.85,"Gold":9999980.1,"refund":0},{"seatId":2,"bet":1,"win":0,"Gold":149706,"refund":0},{"seatId":4,"bet":1,"win":0,"Gold":195067,"refund":0}]}
2023/05/10 15:25:39 [INFO] Receive Message:{"Ret":"SettleInfo","Data":[{"seatId":0,"bet":1,"win":0,"Gold":125782,"refund":0},{"seatId":1,"bet":3,"win":2.85,"Gold":9999980.1,"refund":0},{"seatId":2,"bet":1,"win":0,"Gold":149706,"refund":0},{"seatId":4,"bet":1,"win":0,"Gold":195067,"refund":0}]}
2023/05/10 15:25:43 [INFO] Receive Message:{"Ret":"SettleInfo","Data":[]}
2023/05/10 15:25:43 [INFO] Receive Message:{"Ret":"SettleInfo","Data":[]}
2023/05/10 15:25:43 [INFO] Receive Message:{"Ret":"SettleInfo","Data":[]}
2023/05/10 15:25:56 [ERROR] read tcp [::1]:59400->[::1]:10001: use of closed network connection
2023/05/10 15:25:56 [INFO] 連線中斷
2023/05/10 15:25:57 [INFO] Connect Success
2023/05/10 15:25:59 [INFO] Receive Message:{"Code":0,"Ret":"Login","Message":"success","Data":{"Gold":9999980.1,"IconID":0,"Name":"Test_simon","UserId":82941254,"MatchGameCode":"","MatchGameTableId":0,"Version":"1.0.0","Marquee":null,"is_relogin":false}}
2023/05/10 15:26:03 [INFO] Receive Message:{"Code":0,"Ret":"JoinGame","Message":"success","Data":{"Gid":"2006-1656198629846683648","raiseArray":[4,6,8,10,12,14],"RemainSec":1,"BetInfo":{},"TableCards":{"0":[35,28,41],"1":[19,45,39],"2":[36,29,42],"4":[12,48,18]},"PlayerInfo":[{"seatId":1,"iconId":0,"name":"Test_simon","gold":9999980.1,"IsActive":false}],"Fsm":"Init","result":[],"own":1}}
2023/05/10 15:26:04 [INFO] Receive Message:{"Ret":"ActGamePeriod","Data":{"Fsm":"Match","Gid":"2006-1656198904204496896","RemainSec":3}}
2023/05/10 15:26:07 [INFO] Receive Message:{"Ret":"ActTableStatus","Data":{"tablePlayerInfo":[{"seatId":1,"iconId":0,"name":"****mon","gold":9999980.1,"isSitDown":true},{"seatId":2,"iconId":0,"name":"****n57","gold":125805,"isSitDown":true},{"seatId":3,"iconId":105,"name":"****n02","gold":177448,"isSitDown":true},{"seatId":4,"iconId":102,"name":"****e71","gold":172081,"isSitDown":true}]}}
2023/05/10 15:26:07 [INFO] Receive Message:{"Ret":"ActRaiseArray","Data":{"raiseArray":[4,6,8,10,12,14]}}
2023/05/10 15:26:07 [INFO] Receive Message:{"Ret":"ActGold","Data":{"Gold":9999979.1}}
2023/05/10 15:26:07 [INFO] Receive Message:{"Ret":"ActAnteBet","Data":{"antebet":[{"seatId":1,"bet":1},{"seatId":2,"bet":1},{"seatId":3,"bet":1},{"seatId":4,"bet":1}]}}
2023/05/10 15:26:07 [INFO] Receive Message:{"Ret":"ActGamePeriod","Data":{"Fsm":"Bet","Gid":"2006-1656198904204496896","RemainSec":1}}
2023/05/10 15:26:08 [INFO] Receive Message:{"Ret":"ActGamePeriod","Data":{"Fsm":"Deal","Gid":"2006-1656198904204496896","RemainSec":1}}
2023/05/10 15:26:08 [INFO] Receive Message:{"Ret":"ActDealCard","Data":{"seatid":1,"cards":[-1,-1,-1]}}
2023/05/10 15:26:09 [INFO] Receive Message:{"Ret":"ActGamePeriod","Data":{"Fsm":"Play","Gid":"2006-1656198904204496896","RemainSec":15}}
2023/05/10 15:26:09 [INFO] Receive Message:{"Ret":"ActTokenPlayerSeat","Data":{"SeatId":2}}
2023/05/10 15:26:12 [INFO] Receive Message:{"Ret":"ActAction","Data":{"seatId":2,"actiontype":"call","data":{"IsLookAt":true,"gold":4}}}
2023/05/10 15:26:12 [INFO] Receive Message:{"Ret":"ActGamePeriod","Data":{"Fsm":"Play","Gid":"2006-1656198904204496896","RemainSec":15}}
2023/05/10 15:26:12 [INFO] Receive Message:{"Ret":"ActTokenPlayerSeat","Data":{"SeatId":3}}
2023/05/10 15:26:14 [INFO] Receive Message:{"Ret":"ActAction","Data":{"seatId":3,"actiontype":"call","data":{"IsLookAt":false,"gold":2}}}
2023/05/10 15:26:14 [INFO] Receive Message:{"Ret":"ActGamePeriod","Data":{"Fsm":"Play","Gid":"2006-1656198904204496896","RemainSec":15}}
2023/05/10 15:26:14 [INFO] Receive Message:{"Ret":"ActTokenPlayerSeat","Data":{"SeatId":4}}
2023/05/10 15:26:17 [INFO] Receive Message:{"Ret":"ActAction","Data":{"seatId":4,"actiontype":"call","data":{"IsLookAt":true,"gold":4}}}
2023/05/10 15:26:17 [INFO] Receive Message:{"Ret":"ActGamePeriod","Data":{"Fsm":"Play","Gid":"2006-1656198904204496896","RemainSec":15}}
2023/05/10 15:26:17 [INFO] Receive Message:{"Ret":"ActTokenPlayerSeat","Data":{"SeatId":1}}
2023/05/10 15:26:23 [INFO] Receive Message:{"Code":0,"Ret":"PlayOperate","Message":"success"}
2023/05/10 15:26:23 [INFO] Receive Message:{"Ret":"ActAction","Data":{"seatId":1,"actiontype":"fold","data":null}}
2023/05/10 15:26:23 [INFO] Receive Message:{"Ret":"ActGamePeriod","Data":{"Fsm":"Play","Gid":"2006-1656198904204496896","RemainSec":15}}
2023/05/10 15:26:23 [INFO] Receive Message:{"Ret":"ActTokenPlayerSeat","Data":{"SeatId":2}}
2023/05/10 15:26:26 [INFO] Receive Message:{"Ret":"ActAction","Data":{"seatId":2,"actiontype":"call","data":{"IsLookAt":true,"gold":4}}}
2023/05/10 15:26:26 [INFO] Receive Message:{"Ret":"ActGamePeriod","Data":{"Fsm":"Play","Gid":"2006-1656198904204496896","RemainSec":15}}
2023/05/10 15:26:26 [INFO] Receive Message:{"Ret":"ActTokenPlayerSeat","Data":{"SeatId":3}}
2023/05/10 15:26:28 [INFO] Receive Message:{"Ret":"ActAction","Data":{"seatId":3,"actiontype":"fold","data":null}}
2023/05/10 15:26:28 [INFO] Receive Message:{"Ret":"ActGamePeriod","Data":{"Fsm":"Play","Gid":"2006-1656198904204496896","RemainSec":15}}
2023/05/10 15:26:28 [INFO] Receive Message:{"Ret":"ActTokenPlayerSeat","Data":{"SeatId":4}}
2023/05/10 15:26:30 [INFO] Receive Message:{"Ret":"ActAction","Data":{"seatId":4,"actiontype":"call","data":{"IsLookAt":true,"gold":4}}}
2023/05/10 15:26:30 [INFO] Receive Message:{"Ret":"ActGamePeriod","Data":{"Fsm":"Play","Gid":"2006-1656198904204496896","RemainSec":15}}
2023/05/10 15:26:30 [INFO] Receive Message:{"Ret":"ActTokenPlayerSeat","Data":{"SeatId":2}}
2023/05/10 15:26:33 [INFO] Receive Message:{"Ret":"ActAction","Data":{"seatId":2,"actiontype":"call","data":{"IsLookAt":true,"gold":4}}}
2023/05/10 15:26:33 [INFO] Receive Message:{"Ret":"ActGamePeriod","Data":{"Fsm":"Play","Gid":"2006-1656198904204496896","RemainSec":15}}
2023/05/10 15:26:33 [INFO] Receive Message:{"Ret":"ActTokenPlayerSeat","Data":{"SeatId":4}}
2023/05/10 15:26:36 [INFO] Receive Message:{"Ret":"ActAction","Data":{"seatId":4,"actiontype":"fold","data":null}}
2023/05/10 15:26:36 [INFO] Receive Message:{"Ret":"ActGamePeriod","Data":{"Fsm":"Play","Gid":"2006-1656198904204496896","RemainSec":15}}
2023/05/10 15:26:36 [INFO] Receive Message:{"Ret":"ActTokenPlayerSeat","Data":{"SeatId":2}}
2023/05/10 15:26:36 [INFO] Receive Message:{"Ret":"ActGamePeriod","Data":{"Fsm":"Result","Gid":"2006-1656198904204496896","RemainSec":4}}
2023/05/10 15:26:40 [INFO] Receive Message:{"Ret":"SettleInfo","Data":[{"seatId":1,"bet":1,"win":0,"Gold":9999979.1,"refund":0},{"seatId":2,"bet":13,"win":12.35,"Gold":125804.35,"refund":0},{"seatId":3,"bet":3,"win":0,"Gold":177445,"refund":0},{"seatId":4,"bet":9,"win":0,"Gold":172072,"refund":0}]}
2023/05/10 15:26:40 [INFO] Receive Message:{"Ret":"SettleInfo","Data":[{"seatId":1,"bet":1,"win":0,"Gold":9999979.1,"refund":0},{"seatId":2,"bet":13,"win":12.35,"Gold":125804.35,"refund":0},{"seatId":3,"bet":3,"win":0,"Gold":177445,"refund":0},{"seatId":4,"bet":9,"win":0,"Gold":172072,"refund":0}]}
2023/05/10 15:26:41 [INFO] Receive Message:{"Ret":"SettleInfo","Data":[{"seatId":1,"bet":1,"win":0,"Gold":9999979.1,"refund":0},{"seatId":2,"bet":13,"win":12.35,"Gold":125804.35,"refund":0},{"seatId":3,"bet":3,"win":0,"Gold":177445,"refund":0},{"seatId":4,"bet":9,"win":0,"Gold":172072,"refund":0}]}
2023/05/10 15:26:41 [INFO] Receive Message:{"Ret":"SettleInfo","Data":[{"seatId":1,"bet":1,"win":0,"Gold":9999979.1,"refund":0},{"seatId":2,"bet":13,"win":12.35,"Gold":125804.35,"refund":0},{"seatId":3,"bet":3,"win":0,"Gold":177445,"refund":0},{"seatId":4,"bet":9,"win":0,"Gold":172072,"refund":0}]}
2023/05/10 15:26:41 [INFO] Receive Message:{"Ret":"SettleInfo","Data":[{"seatId":1,"bet":1,"win":0,"Gold":9999979.1,"refund":0},{"seatId":2,"bet":13,"win":12.35,"Gold":125804.35,"refund":0},{"seatId":3,"bet":3,"win":0,"Gold":177445,"refund":0},{"seatId":4,"bet":9,"win":0,"Gold":172072,"refund":0}]}
2023/05/10 15:26:41 [INFO] Receive Message:{"Ret":"SettleInfo","Data":[{"seatId":1,"bet":1,"win":0,"Gold":9999979.1,"refund":0},{"seatId":2,"bet":13,"win":12.35,"Gold":125804.35,"refund":0},{"seatId":3,"bet":3,"win":0,"Gold":177445,"refund":0},{"seatId":4,"bet":9,"win":0,"Gold":172072,"refund":0}]}
2023/05/10 15:26:41 [INFO] Receive Message:{"Ret":"SettleInfo","Data":[{"seatId":1,"bet":1,"win":0,"Gold":9999979.1,"refund":0},{"seatId":2,"bet":13,"win":12.35,"Gold":125804.35,"refund":0},{"seatId":3,"bet":3,"win":0,"Gold":177445,"refund":0},{"seatId":4,"bet":9,"win":0,"Gold":172072,"refund":0}]}
2023/05/10 15:26:41 [INFO] Receive Message:{"Ret":"SettleInfo","Data":[{"seatId":1,"bet":1,"win":0,"Gold":9999979.1,"refund":0},{"seatId":2,"bet":13,"win":12.35,"Gold":125804.35,"refund":0},{"seatId":3,"bet":3,"win":0,"Gold":177445,"refund":0},{"seatId":4,"bet":9,"win":0,"Gold":172072,"refund":0}]}
2023/05/10 15:26:41 [INFO] Receive Message:{"Ret":"SettleInfo","Data":[{"seatId":1,"bet":1,"win":0,"Gold":9999979.1,"refund":0},{"seatId":2,"bet":13,"win":12.35,"Gold":125804.35,"refund":0},{"seatId":3,"bet":3,"win":0,"Gold":177445,"refund":0},{"seatId":4,"bet":9,"win":0,"Gold":172072,"refund":0}]}
2023/05/10 15:26:41 [INFO] Receive Message:{"Ret":"SettleInfo","Data":[{"seatId":1,"bet":1,"win":0,"Gold":9999979.1,"refund":0},{"seatId":2,"bet":13,"win":12.35,"Gold":125804.35,"refund":0},{"seatId":3,"bet":3,"win":0,"Gold":177445,"refund":0},{"seatId":4,"bet":9,"win":0,"Gold":172072,"refund":0}]}
2023/05/10 15:26:41 [INFO] Receive Message:{"Ret":"SettleInfo","Data":[{"seatId":1,"bet":1,"win":0,"Gold":9999979.1,"refund":0},{"seatId":2,"bet":13,"win":12.35,"Gold":125804.35,"refund":0},{"seatId":3,"bet":3,"win":0,"Gold":177445,"refund":0},{"seatId":4,"bet":9,"win":0,"Gold":172072,"refund":0}]}
2023/05/10 15:26:41 [INFO] Receive Message:{"Ret":"SettleInfo","Data":[{"seatId":1,"bet":1,"win":0,"Gold":9999979.1,"refund":0},{"seatId":2,"bet":13,"win":12.35,"Gold":125804.35,"refund":0},{"seatId":3,"bet":3,"win":0,"Gold":177445,"refund":0},{"seatId":4,"bet":9,"win":0,"Gold":172072,"refund":0}]}
2023/05/10 15:26:42 [INFO] Receive Message:{"Ret":"SettleInfo","Data":[{"seatId":1,"bet":1,"win":0,"Gold":9999979.1,"refund":0},{"seatId":2,"bet":13,"win":12.35,"Gold":125804.35,"refund":0},{"seatId":3,"bet":3,"win":0,"Gold":177445,"refund":0},{"seatId":4,"bet":9,"win":0,"Gold":172072,"refund":0}]}
2023/05/10 15:26:42 [INFO] Receive Message:{"Ret":"SettleInfo","Data":[{"seatId":1,"bet":1,"win":0,"Gold":9999979.1,"refund":0},{"seatId":2,"bet":13,"win":12.35,"Gold":125804.35,"refund":0},{"seatId":3,"bet":3,"win":0,"Gold":177445,"refund":0},{"seatId":4,"bet":9,"win":0,"Gold":172072,"refund":0}]}
2023/05/10 15:26:42 [INFO] Receive Message:{"Ret":"SettleInfo","Data":[{"seatId":1,"bet":1,"win":0,"Gold":9999979.1,"refund":0},{"seatId":2,"bet":13,"win":12.35,"Gold":125804.35,"refund":0},{"seatId":3,"bet":3,"win":0,"Gold":177445,"refund":0},{"seatId":4,"bet":9,"win":0,"Gold":172072,"refund":0}]}
2023/05/10 15:26:42 [INFO] Receive Message:{"Ret":"SettleInfo","Data":[{"seatId":1,"bet":1,"win":0,"Gold":9999979.1,"refund":0},{"seatId":2,"bet":13,"win":12.35,"Gold":125804.35,"refund":0},{"seatId":3,"bet":3,"win":0,"Gold":177445,"refund":0},{"seatId":4,"bet":9,"win":0,"Gold":172072,"refund":0}]}
2023/05/10 15:26:42 [INFO] Receive Message:{"Ret":"SettleInfo","Data":[{"seatId":1,"bet":1,"win":0,"Gold":9999979.1,"refund":0},{"seatId":2,"bet":13,"win":12.35,"Gold":125804.35,"refund":0},{"seatId":3,"bet":3,"win":0,"Gold":177445,"refund":0},{"seatId":4,"bet":9,"win":0,"Gold":172072,"refund":0}]}
2023/05/10 15:26:42 [INFO] Receive Message:{"Ret":"SettleInfo","Data":[{"seatId":1,"bet":1,"win":0,"Gold":9999979.1,"refund":0},{"seatId":2,"bet":13,"win":12.35,"Gold":125804.35,"refund":0},{"seatId":3,"bet":3,"win":0,"Gold":177445,"refund":0},{"seatId":4,"bet":9,"win":0,"Gold":172072,"refund":0}]}
2023/05/10 15:26:42 [INFO] Receive Message:{"Ret":"SettleInfo","Data":[{"seatId":1,"bet":1,"win":0,"Gold":9999979.1,"refund":0},{"seatId":2,"bet":13,"win":12.35,"Gold":125804.35,"refund":0},{"seatId":3,"bet":3,"win":0,"Gold":177445,"refund":0},{"seatId":4,"bet":9,"win":0,"Gold":172072,"refund":0}]}
2023/05/10 15:26:42 [INFO] Receive Message:{"Ret":"SettleInfo","Data":[{"seatId":1,"bet":1,"win":0,"Gold":9999979.1,"refund":0},{"seatId":2,"bet":13,"win":12.35,"Gold":125804.35,"refund":0},{"seatId":3,"bet":3,"win":0,"Gold":177445,"refund":0},{"seatId":4,"bet":9,"win":0,"Gold":172072,"refund":0}]}
2023/05/10 15:26:42 [INFO] Receive Message:{"Ret":"SettleInfo","Data":[{"seatId":1,"bet":1,"win":0,"Gold":9999979.1,"refund":0},{"seatId":2,"bet":13,"win":12.35,"Gold":125804.35,"refund":0},{"seatId":3,"bet":3,"win":0,"Gold":177445,"refund":0},{"seatId":4,"bet":9,"win":0,"Gold":172072,"refund":0}]}
2023/05/10 15:26:42 [INFO] Receive Message:{"Ret":"SettleInfo","Data":[{"seatId":1,"bet":1,"win":0,"Gold":9999979.1,"refund":0},{"seatId":2,"bet":13,"win":12.35,"Gold":125804.35,"refund":0},{"seatId":3,"bet":3,"win":0,"Gold":177445,"refund":0},{"seatId":4,"bet":9,"win":0,"Gold":172072,"refund":0}]}
2023/05/10 15:26:43 [INFO] Receive Message:{"Ret":"SettleInfo","Data":[{"seatId":1,"bet":1,"win":0,"Gold":9999979.1,"refund":0},{"seatId":2,"bet":13,"win":12.35,"Gold":125804.35,"refund":0},{"seatId":3,"bet":3,"win":0,"Gold":177445,"refund":0},{"seatId":4,"bet":9,"win":0,"Gold":172072,"refund":0}]}
2023/05/10 15:26:43 [INFO] Receive Message:{"Ret":"SettleInfo","Data":[{"seatId":1,"bet":1,"win":0,"Gold":9999979.1,"refund":0},{"seatId":2,"bet":13,"win":12.35,"Gold":125804.35,"refund":0},{"seatId":3,"bet":3,"win":0,"Gold":177445,"refund":0},{"seatId":4,"bet":9,"win":0,"Gold":172072,"refund":0}]}
2023/05/10 15:26:43 [INFO] Receive Message:{"Ret":"SettleInfo","Data":[{"seatId":1,"bet":1,"win":0,"Gold":9999979.1,"refund":0},{"seatId":2,"bet":13,"win":12.35,"Gold":125804.35,"refund":0},{"seatId":3,"bet":3,"win":0,"Gold":177445,"refund":0},{"seatId":4,"bet":9,"win":0,"Gold":172072,"refund":0}]}
2023/05/10 15:26:43 [INFO] Receive Message:{"Ret":"SettleInfo","Data":[{"seatId":1,"bet":1,"win":0,"Gold":9999979.1,"refund":0},{"seatId":2,"bet":13,"win":12.35,"Gold":125804.35,"refund":0},{"seatId":3,"bet":3,"win":0,"Gold":177445,"refund":0},{"seatId":4,"bet":9,"win":0,"Gold":172072,"refund":0}]}
2023/05/10 15:26:43 [INFO] Receive Message:{"Ret":"SettleInfo","Data":[{"seatId":1,"bet":1,"win":0,"Gold":9999979.1,"refund":0},{"seatId":2,"bet":13,"win":12.35,"Gold":125804.35,"refund":0},{"seatId":3,"bet":3,"win":0,"Gold":177445,"refund":0},{"seatId":4,"bet":9,"win":0,"Gold":172072,"refund":0}]}
2023/05/10 15:26:43 [INFO] Receive Message:{"Ret":"SettleInfo","Data":[{"seatId":1,"bet":1,"win":0,"Gold":9999979.1,"refund":0},{"seatId":2,"bet":13,"win":12.35,"Gold":125804.35,"refund":0},{"seatId":3,"bet":3,"win":0,"Gold":177445,"refund":0},{"seatId":4,"bet":9,"win":0,"Gold":172072,"refund":0}]}
2023/05/10 15:26:43 [INFO] Receive Message:{"Ret":"SettleInfo","Data":[{"seatId":1,"bet":1,"win":0,"Gold":9999979.1,"refund":0},{"seatId":2,"bet":13,"win":12.35,"Gold":125804.35,"refund":0},{"seatId":3,"bet":3,"win":0,"Gold":177445,"refund":0},{"seatId":4,"bet":9,"win":0,"Gold":172072,"refund":0}]}
2023/05/10 15:26:43 [INFO] Receive Message:{"Ret":"SettleInfo","Data":[{"seatId":1,"bet":1,"win":0,"Gold":9999979.1,"refund":0},{"seatId":2,"bet":13,"win":12.35,"Gold":125804.35,"refund":0},{"seatId":3,"bet":3,"win":0,"Gold":177445,"refund":0},{"seatId":4,"bet":9,"win":0,"Gold":172072,"refund":0}]}
2023/05/10 15:26:43 [INFO] Receive Message:{"Ret":"SettleInfo","Data":[{"seatId":1,"bet":1,"win":0,"Gold":9999979.1,"refund":0},{"seatId":2,"bet":13,"win":12.35,"Gold":125804.35,"refund":0},{"seatId":3,"bet":3,"win":0,"Gold":177445,"refund":0},{"seatId":4,"bet":9,"win":0,"Gold":172072,"refund":0}]}
2023/05/10 15:26:43 [INFO] Receive Message:{"Ret":"SettleInfo","Data":[{"seatId":1,"bet":1,"win":0,"Gold":9999979.1,"refund":0},{"seatId":2,"bet":13,"win":12.35,"Gold":125804.35,"refund":0},{"seatId":3,"bet":3,"win":0,"Gold":177445,"refund":0},{"seatId":4,"bet":9,"win":0,"Gold":172072,"refund":0}]}
2023/05/10 15:30:55 [ERROR] read tcp [::1]:59424->[::1]:10001: wsarecv: An existing connection was forcibly closed by the remote host.
2023/05/10 15:31:06 [INFO] 連線中斷
2023/05/10 15:31:07 [INFO] Connect Success
2023/05/10 15:31:11 [INFO] Receive Message:{"Code":0,"Ret":"Login","Message":"success","Data":{"Gold":9999979.1,"IconID":0,"Name":"Test_simon","UserId":82941254,"MatchGameCode":"","MatchGameTableId":0,"Version":"1.0.0","Marquee":null,"is_relogin":false}}
2023/05/10 15:31:15 [INFO] Receive Message:{"Code":0,"Ret":"JoinGame","Message":"success","Data":{"Gid":"","raiseArray":[4,6,8,10,12,14],"RemainSec":1,"BetInfo":{},"TableCards":{},"PlayerInfo":[{"seatId":2,"iconId":0,"name":"Test_simon","gold":9999979.1,"IsActive":false}],"Fsm":"Init","result":null,"own":2}}
2023/05/10 15:31:16 [INFO] Receive Message:{"Ret":"ActGamePeriod","Data":{"Fsm":"Match","Gid":"2006-1656200213255163904","RemainSec":3}}
2023/05/10 15:31:19 [INFO] Receive Message:{"Ret":"ActTableStatus","Data":{"tablePlayerInfo":[{"seatId":1,"iconId":7,"name":"****e04","gold":193302,"isSitDown":true},{"seatId":2,"iconId":0,"name":"****mon","gold":9999979.1,"isSitDown":true},{"seatId":3,"iconId":106,"name":"****r39","gold":170639,"isSitDown":true},{"seatId":4,"iconId":0,"name":"****d93","gold":178081,"isSitDown":true}]}}
2023/05/10 15:31:19 [INFO] Receive Message:{"Ret":"ActRaiseArray","Data":{"raiseArray":[4,6,8,10,12,14]}}
2023/05/10 15:31:19 [INFO] Receive Message:{"Ret":"ActGold","Data":{"Gold":9999978.1}}
2023/05/10 15:31:19 [INFO] Receive Message:{"Ret":"ActAnteBet","Data":{"antebet":[{"seatId":1,"bet":1},{"seatId":2,"bet":1},{"seatId":3,"bet":1},{"seatId":4,"bet":1}]}}
2023/05/10 15:31:19 [INFO] Receive Message:{"Ret":"ActGamePeriod","Data":{"Fsm":"Bet","Gid":"2006-1656200213255163904","RemainSec":1}}
2023/05/10 15:31:20 [INFO] Receive Message:{"Ret":"ActGamePeriod","Data":{"Fsm":"Deal","Gid":"2006-1656200213255163904","RemainSec":1}}
2023/05/10 15:31:20 [INFO] Receive Message:{"Ret":"ActDealCard","Data":{"seatid":2,"cards":[-1,-1,-1]}}
2023/05/10 15:31:21 [INFO] Receive Message:{"Ret":"ActGamePeriod","Data":{"Fsm":"Play","Gid":"2006-1656200213255163904","RemainSec":15}}
2023/05/10 15:31:21 [INFO] Receive Message:{"Ret":"ActTokenPlayerSeat","Data":{"SeatId":3}}
2023/05/10 15:31:23 [INFO] Receive Message:{"Ret":"ActAction","Data":{"seatId":3,"actiontype":"call","data":{"IsLookAt":false,"gold":2}}}
2023/05/10 15:31:23 [INFO] Receive Message:{"Ret":"ActGamePeriod","Data":{"Fsm":"Play","Gid":"2006-1656200213255163904","RemainSec":15}}
2023/05/10 15:31:23 [INFO] Receive Message:{"Ret":"ActTokenPlayerSeat","Data":{"SeatId":4}}
2023/05/10 15:31:25 [INFO] Receive Message:{"Ret":"ActAction","Data":{"seatId":4,"actiontype":"call","data":{"IsLookAt":true,"gold":4}}}
2023/05/10 15:31:25 [INFO] Receive Message:{"Ret":"ActGamePeriod","Data":{"Fsm":"Play","Gid":"2006-1656200213255163904","RemainSec":15}}
2023/05/10 15:31:25 [INFO] Receive Message:{"Ret":"ActTokenPlayerSeat","Data":{"SeatId":1}}
2023/05/10 15:31:28 [INFO] Receive Message:{"Ret":"ActAction","Data":{"seatId":1,"actiontype":"fold","data":null}}
2023/05/10 15:31:28 [INFO] Receive Message:{"Ret":"ActGamePeriod","Data":{"Fsm":"Play","Gid":"2006-1656200213255163904","RemainSec":15}}
2023/05/10 15:31:28 [INFO] Receive Message:{"Ret":"ActTokenPlayerSeat","Data":{"SeatId":2}}
2023/05/10 15:31:37 [INFO] Receive Message:{"Code":0,"Ret":"PlayOperate","Message":"success"}
2023/05/10 15:31:37 [INFO] Receive Message:{"Ret":"ActAction","Data":{"seatId":2,"actiontype":"fold","data":null}}
2023/05/10 15:31:37 [INFO] Receive Message:{"Ret":"ActGamePeriod","Data":{"Fsm":"Play","Gid":"2006-1656200213255163904","RemainSec":15}}
2023/05/10 15:31:37 [INFO] Receive Message:{"Ret":"ActTokenPlayerSeat","Data":{"SeatId":3}}
2023/05/10 15:31:38 [INFO] Receive Message:{"Ret":"ActAction","Data":{"seatId":3,"actiontype":"fold","data":null}}
2023/05/10 15:31:38 [INFO] Receive Message:{"Ret":"ActGamePeriod","Data":{"Fsm":"Play","Gid":"2006-1656200213255163904","RemainSec":15}}
2023/05/10 15:31:38 [INFO] Receive Message:{"Ret":"ActTokenPlayerSeat","Data":{"SeatId":4}}
2023/05/10 15:31:38 [INFO] Receive Message:{"Ret":"ActGamePeriod","Data":{"Fsm":"Result","Gid":"2006-1656200213255163904","RemainSec":8}}
2023/05/10 15:31:43 [INFO] Receive Message:{"Ret":"SettleInfo","Data":[{"seatId":1,"bet":1,"win":0,"Gold":193301,"refund":0},{"seatId":2,"bet":1,"win":0,"Gold":9999978.1,"refund":0},{"seatId":3,"bet":3,"win":0,"Gold":170636,"refund":0},{"seatId":4,"bet":5,"win":4.75,"Gold":178080.75,"refund":0}]}
2023/05/10 15:31:51 [ERROR] read tcp [::1]:59514->[::1]:10001: wsarecv: An existing connection was forcibly closed by the remote host.
2023/05/10 15:59:26 [INFO] 連線中斷
2023/05/10 15:59:29 [INFO] Connect Success
2023/05/10 15:59:33 [INFO] Receive Message:{"Code":0,"Ret":"Login","Message":"success","Data":{"Gold":9999978.1,"IconID":0,"Name":"Test_simon","UserId":82941254,"MatchGameCode":"","MatchGameTableId":0,"Version":"1.0.0","Marquee":null,"is_relogin":false}}
2023/05/10 15:59:34 [ERROR] read tcp [::1]:60171->[::1]:10001: use of closed network connection
2023/05/10 15:59:34 [INFO] 連線中斷
2023/05/10 16:00:33 [INFO] Connect Success
2023/05/10 16:00:35 [INFO] Receive Message:{"Code":0,"Ret":"Login","Message":"success","Data":{"Gold":9999978.1,"IconID":0,"Name":"Test_simon","UserId":82941254,"MatchGameCode":"","MatchGameTableId":0,"Version":"1.0.0","Marquee":null,"is_relogin":false}}
2023/05/10 16:00:37 [INFO] 連線中斷
2023/05/10 16:00:37 [ERROR] read tcp [::1]:60201->[::1]:10001: use of closed network connection
