2023/02/17 16:07:27 [INFO] Connect Success
2023/02/17 16:07:27 [ERROR] read tcp [::1]:57402->[::1]:10001: use of closed network connection
2023/02/17 16:07:27 [INFO] 連線中斷
2023/02/17 16:07:28 [INFO] Connect Success
2023/02/17 16:07:34 [INFO] Receive Message:{"Code":0,"Ret":"Login","Message":"success","Data":{"Gold":2000075.15,"IconID":0,"Name":"Test_simon","UserId":83513177,"MatchGameCode":"","MatchGameTableId":0,"Version":"1.0.0","Marquee":[{"id":"2d7df3e5-3052-4ed6-b882-3d259d3c0e04","lang":"en-us","type":1,"order":999,"freq":30,"content":"Welcome to DG. Various playing methods plus super high odds.","start_time":"2023-01-15T16:00:00Z","end_time":"2023-03-31T15:59:00Z"},{"id":"c85ac23d-6156-4860-9e73-470d87ea754a","lang":"vi-vn","type":1,"order":999,"freq":30,"content":"Chào mừng bạn đến với DG , các loại game bài kinh điển đa dạng, tỷ lệ đền cực cao.","start_time":"2023-01-15T16:00:00Z","end_time":"2023-03-31T15:59:00Z"},{"id":"63d5b734-64da-44a9-aa29-541dcc5e0832","lang":"th-th","type":1,"order":999,"freq":30,"content":"ยินดีต้อนรับสู่ DG เกมหมากรุกและไพ่คลาสสิกที่หลากหลายโบนัทสูงรางวัลมากมาย","start_time":"2023-01-15T16:59:00Z","end_time":"2023-03-31T15:59:00Z"},{"id":"0b7a6f50-624e-4a39-96dd-c74525b31726","lang":"zh-cn","type":1,"order":999,"freq":60,"content":"欢迎来到DG，多样经典棋牌玩法，超高倍率嗨翻天","start_time":"2023-01-15T16:00:00Z","end_time":"2023-03-31T15:59:00Z"}]}}
2023/02/17 16:07:38 [INFO] Receive Message:{"Code":0,"Ret":"IntoGame","Message":"success","Data":{"Gid":"","BetLimit":[[0.1,1]],"Chips":[0.1,0.2,0.3,0.4,0.5,0.6,0.7,0.8,0.9,1],"RemainSec":0,"PlayerInfo":[{"seatId":3,"iconId":0,"name":"Test_simon","gold":2000075.15}],"Fsm":"Init"}}
2023/02/17 16:07:39 [INFO] Receive Message:{"Ret":"ActGamePeriod","Data":{"Fsm":"Loading","Gid":"","RemainSec":3}}
2023/02/17 16:07:39 [INFO] Receive Message:{"Ret":"ActSceneNotify","Data":{"scene":1,"stage":1}}
2023/02/17 16:07:39 [INFO] Receive Message:{"Ret":"ActTableStatus","Data":{"tablePlayerInfo":[{"seatId":0,"iconId":2,"name":"****ot9","gold":136287},{"seatId":3,"iconId":0,"name":"****mon","gold":2000075.15}]}}
2023/02/17 16:07:42 [INFO] Receive Message:{"Ret":"ActGamePeriod","Data":{"Fsm":"Shu","Gid":"3002-1626493577267777536","RemainSec":60}}
2023/02/17 16:07:44 [INFO] Receive Message:{"Ret":"ActCreateFish","Data":{"fishinfo":[{"index":22,"fishtype":4,"cts":1676621266,"route":"R7_L1","speed":64},{"index":38,"fishtype":6,"cts":1676621266,"route":"R2_L6","speed":58},{"index":112,"fishtype":1,"cts":1676621266,"route":"L1_R7","speed":64}],"formation":null}}
2023/02/17 16:07:45 [INFO] Receive Message:{"Ret":"ActCreateFish","Data":{"fishinfo":[{"index":7,"fishtype":5,"cts":1676621267,"route":"L4_R4_1","speed":50},{"index":96,"fishtype":2,"cts":1676621267,"route":"L2_R6","speed":64}],"formation":null}}
2023/02/17 16:07:46 [INFO] Receive Message:{"Ret":"ActCreateFish","Data":{"fishinfo":[{"index":23,"fishtype":4,"cts":1676621268,"route":"R7_L1","speed":64},{"index":39,"fishtype":6,"cts":1676621268,"route":"R2_L6","speed":58},{"index":66,"fishtype":7,"cts":1676621268,"route":"R4_L4_1","speed":58},{"index":113,"fishtype":1,"cts":1676621268,"route":"L1_R7","speed":64},{"index":156,"fishtype":3,"cts":1676621268,"route":"L3_R5","speed":64},{"index":177,"fishtype":8,"cts":1676621268,"route":"R3_L5","speed":71}],"formation":null}}
2023/02/17 16:07:47 [INFO] Receive Message:{"Ret":"ActCreateFish","Data":{"fishinfo":[{"index":8,"fishtype":5,"cts":1676621269,"route":"L4_R4_1","speed":50},{"index":97,"fishtype":2,"cts":1676621269,"route":"L2_R6","speed":64}],"formation":null}}
2023/02/17 16:07:48 [INFO] Receive Message:{"Ret":"ActCreateFish","Data":{"fishinfo":[{"index":24,"fishtype":4,"cts":1676621270,"route":"R7_L1","speed":64},{"index":40,"fishtype":6,"cts":1676621270,"route":"R2_L6","speed":58},{"index":67,"fishtype":7,"cts":1676621270,"route":"R4_L4_1","speed":58},{"index":114,"fishtype":1,"cts":1676621270,"route":"L1_R7","speed":64},{"index":135,"fishtype":9,"cts":1676621270,"route":"L1_R1_1","speed":71},{"index":157,"fishtype":3,"cts":1676621270,"route":"L3_R5","speed":64},{"index":178,"fishtype":8,"cts":1676621270,"route":"R3_L5","speed":71}],"formation":null}}
2023/02/17 16:07:49 [INFO] Receive Message:{"Ret":"ActCreateFish","Data":{"fishinfo":[{"index":9,"fishtype":5,"cts":1676621271,"route":"L4_R4_1","speed":50},{"index":78,"fishtype":10,"cts":1676621271,"route":"R7_L7_1","speed":64},{"index":90,"fishtype":13,"cts":1676621271,"route":"L3_R3_1","speed":75},{"index":98,"fishtype":2,"cts":1676621271,"route":"L2_R6","speed":64},{"index":150,"fishtype":11,"cts":1676621271,"route":"L2_R2_1","speed":71}],"formation":null}}
2023/02/17 16:07:50 [INFO] Receive Message:{"Ret":"ActCreateFish","Data":{"fishinfo":[{"index":25,"fishtype":4,"cts":1676621272,"route":"R7_L1","speed":64},{"index":41,"fishtype":6,"cts":1676621272,"route":"R2_L6","speed":58},{"index":54,"fishtype":15,"cts":1676621272,"route":"L4_R4_1","speed":75},{"index":60,"fishtype":12,"cts":1676621272,"route":"R6_L6_1","speed":71},{"index":68,"fishtype":7,"cts":1676621272,"route":"R4_L4_1","speed":58},{"index":84,"fishtype":16,"cts":1676621272,"route":"R4_L4_1","speed":71},{"index":115,"fishtype":1,"cts":1676621272,"route":"L1_R7","speed":64},{"index":136,"fishtype":9,"cts":1676621272,"route":"L1_R1_1","speed":71},{"index":158,"fishtype":3,"cts":1676621272,"route":"L3_R5","speed":64},{"index":179,"fishtype":8,"cts":1676621272,"route":"R3_L5","speed":71}],"formation":null}}
2023/02/17 16:07:50 [INFO] Receive Message:{"Ret":"ActSyncShoot","Data":{"seatId":0,"bulletId":16,"bulletKind":1,"angle":0,"lockfish":38,"agentcall":true}}
2023/02/17 16:07:50 [INFO] Receive Message:{"Ret":"ActSyncShoot","Data":{"seatId":0,"bulletId":17,"bulletKind":1,"angle":0,"lockfish":38,"agentcall":true}}
2023/02/17 16:07:51 [INFO] Receive Message:{"Ret":"ActCreateFish","Data":{"fishinfo":[{"index":1,"fishtype":14,"cts":1676621273,"route":"R5_L5_1","speed":64},{"index":79,"fishtype":10,"cts":1676621273,"route":"R7_L7_1","speed":64},{"index":99,"fishtype":2,"cts":1676621273,"route":"L2_R6","speed":64},{"index":151,"fishtype":11,"cts":1676621273,"route":"L2_R2_1","speed":71}],"formation":null}}
2023/02/17 16:07:51 [INFO] Receive Message:{"Ret":"ActSyncShoot","Data":{"seatId":0,"bulletId":18,"bulletKind":1,"angle":0,"lockfish":38,"agentcall":true}}
2023/02/17 16:07:51 [INFO] Receive Message:{"Ret":"ActSyncShoot","Data":{"seatId":0,"bulletId":19,"bulletKind":1,"angle":0,"lockfish":38,"agentcall":true}}
2023/02/17 16:07:52 [INFO] Receive Message:{"Ret":"ActCreateFish","Data":{"fishinfo":[{"index":15,"fishtype":17,"cts":1676621274,"route":"L5_R5_1","speed":71},{"index":26,"fishtype":4,"cts":1676621274,"route":"R7_L1","speed":64},{"index":42,"fishtype":6,"cts":1676621274,"route":"R2_L6","speed":58},{"index":61,"fishtype":12,"cts":1676621274,"route":"R6_L6_1","speed":71},{"index":72,"fishtype":19,"cts":1676621274,"route":"L6_R6_1","speed":75},{"index":91,"fishtype":13,"cts":1676621274,"route":"L3_R3_1","speed":75},{"index":116,"fishtype":1,"cts":1676621274,"route":"L1_R7","speed":64},{"index":137,"fishtype":9,"cts":1676621274,"route":"L1_R1_1","speed":71},{"index":159,"fishtype":3,"cts":1676621274,"route":"L3_R5","speed":64},{"index":171,"fishtype":18,"cts":1676621274,"route":"R3_L3_1","speed":75},{"index":180,"fishtype":8,"cts":1676621274,"route":"R3_L5","speed":71}],"formation":null}}
2023/02/17 16:07:52 [INFO] Receive Message:{"Ret":"ActSyncShoot","Data":{"seatId":0,"bulletId":20,"bulletKind":1,"angle":0,"lockfish":38,"agentcall":true}}
2023/02/17 16:07:52 [INFO] Receive Message:{"Ret":"ActSyncShoot","Data":{"seatId":0,"bulletId":21,"bulletKind":1,"angle":0,"lockfish":38,"agentcall":true}}
2023/02/17 16:07:53 [INFO] Receive Message:{"Ret":"ActCreateFish","Data":{"fishinfo":[{"index":55,"fishtype":15,"cts":1676621275,"route":"L4_R4_1","speed":75},{"index":85,"fishtype":16,"cts":1676621275,"route":"R4_L4_1","speed":71},{"index":100,"fishtype":2,"cts":1676621275,"route":"L2_R6","speed":64},{"index":129,"fishtype":20,"cts":1676621275,"route":"R2_L2_1","speed":50}],"formation":null}}
2023/02/17 16:07:53 [INFO] Receive Message:{"Ret":"ActSyncShoot","Data":{"seatId":0,"bulletId":22,"bulletKind":1,"angle":0,"lockfish":38,"agentcall":true}}
2023/02/17 16:07:53 [INFO] Receive Message:{"Ret":"ActSyncShoot","Data":{"seatId":0,"bulletId":23,"bulletKind":1,"angle":0,"lockfish":38,"agentcall":true}}
2023/02/17 16:07:54 [INFO] Receive Message:{"Ret":"ActCreateFish","Data":{"fishinfo":[{"index":2,"fishtype":14,"cts":1676621276,"route":"R5_L5_1","speed":64},{"index":13,"fishtype":21,"cts":1676621276,"route":"L7_R7_1","speed":80},{"index":160,"fishtype":3,"cts":1676621276,"route":"L3_R5","speed":64},{"index":181,"fishtype":8,"cts":1676621276,"route":"R3_L5","speed":71}],"formation":null}}
2023/02/17 16:07:54 [INFO] Receive Message:{"Ret":"ActSyncShoot","Data":{"seatId":0,"bulletId":24,"bulletKind":1,"angle":0,"lockfish":38,"agentcall":true}}
2023/02/17 16:07:54 [INFO] Receive Message:{"Ret":"ActSyncShoot","Data":{"seatId":0,"bulletId":25,"bulletKind":1,"angle":0,"lockfish":38,"agentcall":true}}
2023/02/17 16:07:55 [INFO] Receive Message:{"Ret":"ActCreateFish","Data":{"fishinfo":[{"index":16,"fishtype":17,"cts":1676621277,"route":"L5_R5_1","speed":71},{"index":73,"fishtype":19,"cts":1676621277,"route":"L6_R6_1","speed":75},{"index":172,"fishtype":18,"cts":1676621277,"route":"R3_L3_1","speed":75}],"formation":null}}
2023/02/17 16:07:55 [INFO] Receive Message:{"Ret":"ActSyncShoot","Data":{"seatId":0,"bulletId":26,"bulletKind":1,"angle":0,"lockfish":38,"agentcall":true}}
2023/02/17 16:07:55 [INFO] Receive Message:{"Ret":"ActSyncShoot","Data":{"seatId":0,"bulletId":27,"bulletKind":1,"angle":0,"lockfish":38,"agentcall":true}}
2023/02/17 16:07:56 [INFO] Receive Message:{"Ret":"ActCreateFish","Data":{"fishinfo":[{"index":130,"fishtype":20,"cts":1676621278,"route":"R2_L2_1","speed":50}],"formation":null}}
2023/02/17 16:07:56 [INFO] Receive Message:{"Ret":"ActSyncShoot","Data":{"seatId":0,"bulletId":28,"bulletKind":1,"angle":0,"lockfish":38,"agentcall":true}}
2023/02/17 16:07:56 [INFO] Receive Message:{"Ret":"ActSyncShoot","Data":{"seatId":0,"bulletId":29,"bulletKind":1,"angle":0,"lockfish":38,"agentcall":true}}
2023/02/17 16:07:57 [INFO] Receive Message:{"Ret":"ActSyncShoot","Data":{"seatId":0,"bulletId":30,"bulletKind":1,"angle":0,"lockfish":38,"agentcall":true}}
2023/02/17 16:07:57 [INFO] Receive Message:{"Ret":"ActSyncShoot","Data":{"seatId":0,"bulletId":31,"bulletKind":1,"angle":0,"lockfish":38,"agentcall":true}}
2023/02/17 16:07:58 [INFO] Receive Message:{"Ret":"ActCreateFish","Data":{"fishinfo":[{"index":147,"fishtype":22,"cts":1676621280,"route":"R1_L1_1","speed":80},{"index":149,"fishtype":25,"cts":1676621280,"route":"L2_R2_3","speed":71}],"formation":null}}
2023/02/17 16:07:58 [INFO] Receive Message:{"Ret":"ActSyncShoot","Data":{"seatId":0,"bulletId":32,"bulletKind":1,"angle":0,"lockfish":38,"agentcall":true}}
2023/02/17 16:07:58 [INFO] Receive Message:{"Ret":"ActSyncShoot","Data":{"seatId":0,"bulletId":33,"bulletKind":1,"angle":0,"lockfish":38,"agentcall":true}}
2023/02/17 16:07:59 [INFO] Receive Message:{"Ret":"ActCreateFish","Data":{"fishinfo":[{"index":131,"fishtype":20,"cts":1676621281,"route":"R2_L2_1","speed":50}],"formation":null}}
2023/02/17 16:07:59 [INFO] Receive Message:{"Ret":"ActSyncShoot","Data":{"seatId":0,"bulletId":34,"bulletKind":1,"angle":0,"lockfish":38,"agentcall":true}}
2023/02/17 16:07:59 [INFO] Receive Message:{"Ret":"ActSyncShoot","Data":{"seatId":0,"bulletId":35,"bulletKind":1,"angle":0,"lockfish":38,"agentcall":true}}
2023/02/17 16:08:00 [INFO] Receive Message:{"Ret":"ActSyncShoot","Data":{"seatId":0,"bulletId":36,"bulletKind":1,"angle":0,"lockfish":38,"agentcall":true}}
2023/02/17 16:08:00 [INFO] Receive Message:{"Ret":"ActSyncShoot","Data":{"seatId":0,"bulletId":37,"bulletKind":1,"angle":0,"lockfish":38,"agentcall":true}}
2023/02/17 16:08:01 [INFO] Receive Message:{"Ret":"ActCreateFish","Data":{"fishinfo":[{"index":127,"fishtype":23,"cts":1676621283,"route":"L6_R2","speed":80}],"formation":null}}
2023/02/17 16:08:01 [INFO] Receive Message:{"Ret":"ActSyncShoot","Data":{"seatId":0,"bulletId":38,"bulletKind":1,"angle":0,"lockfish":38,"agentcall":true}}
2023/02/17 16:08:01 [INFO] Receive Message:{"Ret":"ActSyncShoot","Data":{"seatId":0,"bulletId":39,"bulletKind":1,"angle":0,"lockfish":38,"agentcall":true}}
2023/02/17 16:08:02 [INFO] Receive Message:{"Ret":"ActSyncShoot","Data":{"seatId":0,"bulletId":40,"bulletKind":1,"angle":0,"lockfish":38,"agentcall":true}}
2023/02/17 16:08:02 [INFO] Receive Message:{"Ret":"ActSyncShoot","Data":{"seatId":0,"bulletId":41,"bulletKind":1,"angle":0,"lockfish":38,"agentcall":true}}
2023/02/17 16:08:03 [INFO] Receive Message:{"Ret":"ActCreateFish","Data":{"fishinfo":[{"index":21,"fishtype":27,"cts":1676621285,"route":"L1_R7","speed":71}],"formation":null}}
2023/02/17 16:08:03 [INFO] Receive Message:{"Ret":"ActSyncShoot","Data":{"seatId":0,"bulletId":42,"bulletKind":1,"angle":0,"lockfish":38,"agentcall":true}}
2023/02/17 16:08:03 [INFO] Receive Message:{"Ret":"ActSyncShoot","Data":{"seatId":0,"bulletId":43,"bulletKind":1,"angle":0,"lockfish":38,"agentcall":true}}
2023/02/17 16:08:04 [INFO] Receive Message:{"Ret":"ActCreateFish","Data":{"fishinfo":[{"index":27,"fishtype":4,"cts":1676621286,"route":"R7_L1","speed":64},{"index":43,"fishtype":6,"cts":1676621286,"route":"R2_L6","speed":58},{"index":117,"fishtype":1,"cts":1676621286,"route":"L1_R7","speed":64}],"formation":null}}
2023/02/17 16:08:04 [INFO] Receive Message:{"Ret":"ActSyncShoot","Data":{"seatId":0,"bulletId":44,"bulletKind":1,"angle":0,"lockfish":38,"agentcall":true}}
2023/02/17 16:08:04 [INFO] Receive Message:{"Ret":"ActSyncShoot","Data":{"seatId":0,"bulletId":45,"bulletKind":1,"angle":0,"lockfish":38,"agentcall":true}}
2023/02/17 16:08:05 [INFO] Receive Message:{"Ret":"ActCreateFish","Data":{"fishinfo":[{"index":101,"fishtype":2,"cts":1676621287,"route":"L2_R6","speed":64}],"formation":null}}
2023/02/17 16:08:05 [INFO] Receive Message:{"Ret":"ActSyncShoot","Data":{"seatId":0,"bulletId":46,"bulletKind":1,"angle":0,"lockfish":38,"agentcall":true}}
2023/02/17 16:08:05 [INFO] Receive Message:{"Ret":"ActSyncShoot","Data":{"seatId":0,"bulletId":47,"bulletKind":1,"angle":0,"lockfish":38,"agentcall":true}}
2023/02/17 16:08:06 [INFO] Receive Message:{"Ret":"ActCreateFish","Data":{"fishinfo":[{"index":28,"fishtype":4,"cts":1676621288,"route":"R7_L1","speed":64},{"index":44,"fishtype":6,"cts":1676621288,"route":"R2_L6","speed":58},{"index":118,"fishtype":1,"cts":1676621288,"route":"L1_R7","speed":64},{"index":138,"fishtype":9,"cts":1676621288,"route":"L1_R1_1","speed":71},{"index":161,"fishtype":3,"cts":1676621288,"route":"L3_R5","speed":64},{"index":182,"fishtype":8,"cts":1676621288,"route":"R3_L5","speed":71}],"formation":null}}
2023/02/17 16:08:06 [INFO] Receive Message:{"Ret":"ActSyncShoot","Data":{"seatId":0,"bulletId":48,"bulletKind":1,"angle":0,"lockfish":38,"agentcall":true}}
2023/02/17 16:08:06 [INFO] Receive Message:{"Ret":"ActSyncShoot","Data":{"seatId":0,"bulletId":49,"bulletKind":1,"angle":0,"lockfish":38,"agentcall":true}}
2023/02/17 16:08:07 [INFO] Receive Message:{"Ret":"ActCreateFish","Data":{"fishinfo":[{"index":92,"fishtype":13,"cts":1676621289,"route":"L3_R3_1","speed":75},{"index":102,"fishtype":2,"cts":1676621289,"route":"L2_R6","speed":64},{"index":152,"fishtype":11,"cts":1676621289,"route":"L2_R2_1","speed":71}],"formation":null}}
2023/02/17 16:08:07 [INFO] Receive Message:{"Ret":"ActSyncShoot","Data":{"seatId":0,"bulletId":50,"bulletKind":1,"angle":0,"lockfish":38,"agentcall":true}}
2023/02/17 16:08:07 [INFO] Receive Message:{"Ret":"ActSyncShoot","Data":{"seatId":0,"bulletId":51,"bulletKind":1,"angle":0,"lockfish":38,"agentcall":true}}
2023/02/17 16:08:08 [INFO] Receive Message:{"Ret":"ActCreateFish","Data":{"fishinfo":[{"index":29,"fishtype":4,"cts":1676621290,"route":"R7_L1","speed":64},{"index":45,"fishtype":6,"cts":1676621290,"route":"R2_L6","speed":58},{"index":56,"fishtype":15,"cts":1676621290,"route":"L4_R4_1","speed":75},{"index":62,"fishtype":12,"cts":1676621290,"route":"R6_L6_1","speed":71},{"index":86,"fishtype":16,"cts":1676621290,"route":"R4_L4_1","speed":71},{"index":119,"fishtype":1,"cts":1676621290,"route":"L1_R7","speed":64},{"index":139,"fishtype":9,"cts":1676621290,"route":"L1_R1_1","speed":71},{"index":162,"fishtype":3,"cts":1676621290,"route":"L3_R5","speed":64},{"index":183,"fishtype":8,"cts":1676621290,"route":"R3_L5","speed":71}],"formation":null}}
2023/02/17 16:08:08 [INFO] Receive Message:{"Ret":"ActSyncShoot","Data":{"seatId":0,"bulletId":52,"bulletKind":1,"angle":0,"lockfish":38,"agentcall":true}}
2023/02/17 16:08:08 [INFO] Receive Message:{"Ret":"ActSyncShoot","Data":{"seatId":0,"bulletId":53,"bulletKind":1,"angle":0,"lockfish":38,"agentcall":true}}
2023/02/17 16:08:09 [INFO] Receive Message:{"Ret":"ActCreateFish","Data":{"fishinfo":[{"index":10,"fishtype":5,"cts":1676621291,"route":"L4_R4_1","speed":50},{"index":80,"fishtype":10,"cts":1676621291,"route":"R7_L7_1","speed":64},{"index":103,"fishtype":2,"cts":1676621291,"route":"L2_R6","speed":64},{"index":153,"fishtype":11,"cts":1676621291,"route":"L2_R2_1","speed":71}],"formation":null}}
2023/02/17 16:08:09 [INFO] Receive Message:{"Ret":"ActDispFish","Data":{"fishinfo":[{"index":22,"fishtype":4,"cts":1676621266,"route":"R7_L1","speed":64},{"index":90,"fishtype":13,"cts":1676621271,"route":"L3_R3_1","speed":75},{"index":96,"fishtype":2,"cts":1676621267,"route":"L2_R6","speed":64},{"index":112,"fishtype":1,"cts":1676621266,"route":"L1_R7","speed":64},{"index":135,"fishtype":9,"cts":1676621270,"route":"L1_R1_1","speed":71},{"index":177,"fishtype":8,"cts":1676621268,"route":"R3_L5","speed":71}]}}
2023/02/17 16:08:09 [INFO] Receive Message:{"Ret":"ActSyncShoot","Data":{"seatId":0,"bulletId":54,"bulletKind":1,"angle":0,"lockfish":38,"agentcall":true}}
2023/02/17 16:08:09 [INFO] Receive Message:{"Ret":"ActSyncShoot","Data":{"seatId":0,"bulletId":55,"bulletKind":1,"angle":0,"lockfish":38,"agentcall":true}}
2023/02/17 16:08:10 [INFO] Receive Message:{"Ret":"ActCreateFish","Data":{"fishinfo":[{"index":17,"fishtype":17,"cts":1676621292,"route":"L5_R5_1","speed":71},{"index":30,"fishtype":4,"cts":1676621292,"route":"R7_L1","speed":64},{"index":46,"fishtype":6,"cts":1676621292,"route":"R2_L6","speed":58},{"index":63,"fishtype":12,"cts":1676621292,"route":"R6_L6_1","speed":71},{"index":69,"fishtype":7,"cts":1676621292,"route":"R4_L4_1","speed":58},{"index":74,"fishtype":19,"cts":1676621292,"route":"L6_R6_1","speed":75},{"index":93,"fishtype":13,"cts":1676621292,"route":"L3_R3_1","speed":75},{"index":120,"fishtype":1,"cts":1676621292,"route":"L1_R7","speed":64},{"index":140,"fishtype":9,"cts":1676621292,"route":"L1_R1_1","speed":71},{"index":163,"fishtype":3,"cts":1676621292,"route":"L3_R5","speed":64},{"index":173,"fishtype":18,"cts":1676621292,"route":"R3_L3_1","speed":75},{"index":184,"fishtype":8,"cts":1676621292,"route":"R3_L5","speed":71}],"formation":null}}
2023/02/17 16:08:10 [INFO] Receive Message:{"Ret":"ActDispFish","Data":{"fishinfo":[{"index":54,"fishtype":15,"cts":1676621272,"route":"L4_R4_1","speed":75},{"index":150,"fishtype":11,"cts":1676621271,"route":"L2_R2_1","speed":71},{"index":156,"fishtype":3,"cts":1676621268,"route":"L3_R5","speed":64}]}}
2023/02/17 16:08:10 [INFO] Receive Message:{"Ret":"ActSyncShoot","Data":{"seatId":0,"bulletId":56,"bulletKind":1,"angle":0,"lockfish":38,"agentcall":true}}
2023/02/17 16:08:10 [INFO] Receive Message:{"Ret":"ActSyncShoot","Data":{"seatId":0,"bulletId":57,"bulletKind":1,"angle":0,"lockfish":38,"agentcall":true}}
2023/02/17 16:08:11 [INFO] Receive Message:{"Ret":"ActCreateFish","Data":{"fishinfo":[{"index":3,"fishtype":14,"cts":1676621293,"route":"R5_L5_1","speed":64},{"index":11,"fishtype":5,"cts":1676621293,"route":"L4_R4_1","speed":50},{"index":57,"fishtype":15,"cts":1676621293,"route":"L4_R4_1","speed":75},{"index":81,"fishtype":10,"cts":1676621293,"route":"R7_L7_1","speed":64},{"index":87,"fishtype":16,"cts":1676621293,"route":"R4_L4_1","speed":71},{"index":104,"fishtype":2,"cts":1676621293,"route":"L2_R6","speed":64}],"formation":null}}
2023/02/17 16:08:11 [INFO] Receive Message:{"Ret":"ActDispFish","Data":{"fishinfo":[{"index":23,"fishtype":4,"cts":1676621268,"route":"R7_L1","speed":64},{"index":60,"fishtype":12,"cts":1676621272,"route":"R6_L6_1","speed":71},{"index":84,"fishtype":16,"cts":1676621272,"route":"R4_L4_1","speed":71},{"index":97,"fishtype":2,"cts":1676621269,"route":"L2_R6","speed":64},{"index":113,"fishtype":1,"cts":1676621268,"route":"L1_R7","speed":64},{"index":136,"fishtype":9,"cts":1676621272,"route":"L1_R1_1","speed":71},{"index":178,"fishtype":8,"cts":1676621270,"route":"R3_L5","speed":71}]}}
2023/02/17 16:08:11 [INFO] Receive Message:{"Ret":"ActSyncShoot","Data":{"seatId":0,"bulletId":58,"bulletKind":1,"angle":0,"lockfish":38,"agentcall":true}}
2023/02/17 16:08:11 [INFO] Receive Message:{"Ret":"ActSyncShoot","Data":{"seatId":0,"bulletId":59,"bulletKind":1,"angle":0,"lockfish":38,"agentcall":true}}
2023/02/17 16:08:12 [INFO] Receive Message:{"Ret":"ActCreateFish","Data":{"fishinfo":[{"index":31,"fishtype":4,"cts":1676621294,"route":"R7_L1","speed":64},{"index":47,"fishtype":6,"cts":1676621294,"route":"R2_L6","speed":58},{"index":70,"fishtype":7,"cts":1676621294,"route":"R4_L4_1","speed":58},{"index":121,"fishtype":1,"cts":1676621294,"route":"L1_R7","speed":64},{"index":164,"fishtype":3,"cts":1676621294,"route":"L3_R5","speed":64},{"index":185,"fishtype":8,"cts":1676621294,"route":"R3_L5","speed":71}],"formation":null}}
2023/02/17 16:08:12 [INFO] Receive Message:{"Ret":"ActDispFish","Data":{"fishinfo":[{"index":38,"fishtype":6,"cts":1676621266,"route":"R2_L6","speed":58},{"index":66,"fishtype":7,"cts":1676621268,"route":"R4_L4_1","speed":58},{"index":72,"fishtype":19,"cts":1676621274,"route":"L6_R6_1","speed":75},{"index":78,"fishtype":10,"cts":1676621271,"route":"R7_L7_1","speed":64},{"index":91,"fishtype":13,"cts":1676621274,"route":"L3_R3_1","speed":75},{"index":151,"fishtype":11,"cts":1676621273,"route":"L2_R2_1","speed":71},{"index":157,"fishtype":3,"cts":1676621270,"route":"L3_R5","speed":64},{"index":171,"fishtype":18,"cts":1676621274,"route":"R3_L3_1","speed":75}]}}
2023/02/17 16:08:12 [INFO] Receive Message:{"Ret":"ActSyncShoot","Data":{"seatId":0,"bulletId":60,"bulletKind":1,"angle":0,"lockfish":131,"agentcall":true}}
2023/02/17 16:08:12 [INFO] Receive Message:{"Ret":"ActSyncShoot","Data":{"seatId":0,"bulletId":61,"bulletKind":1,"angle":0,"lockfish":131,"agentcall":true}}
2023/02/17 16:08:13 [INFO] Receive Message:{"Ret":"ActCreateFish","Data":{"fishinfo":[{"index":12,"fishtype":5,"cts":1676621295,"route":"L4_R4_1","speed":50},{"index":18,"fishtype":17,"cts":1676621295,"route":"L5_R5_1","speed":71},{"index":75,"fishtype":19,"cts":1676621295,"route":"L6_R6_1","speed":75},{"index":105,"fishtype":2,"cts":1676621295,"route":"L2_R6","speed":64},{"index":145,"fishtype":26,"cts":1676621295,"route":"R2_L2_3","speed":71},{"index":174,"fishtype":18,"cts":1676621295,"route":"R3_L3_1","speed":75}],"formation":null}}
2023/02/17 16:08:13 [INFO] Receive Message:{"Ret":"ActDispFish","Data":{"fishinfo":[{"index":13,"fishtype":21,"cts":1676621276,"route":"L7_R7_1","speed":80},{"index":15,"fishtype":17,"cts":1676621274,"route":"L5_R5_1","speed":71},{"index":24,"fishtype":4,"cts":1676621270,"route":"R7_L1","speed":64},{"index":55,"fishtype":15,"cts":1676621275,"route":"L4_R4_1","speed":75},{"index":61,"fishtype":12,"cts":1676621274,"route":"R6_L6_1","speed":71},{"index":98,"fishtype":2,"cts":1676621271,"route":"L2_R6","speed":64},{"index":114,"fishtype":1,"cts":1676621270,"route":"L1_R7","speed":64},{"index":137,"fishtype":9,"cts":1676621274,"route":"L1_R1_1","speed":71},{"index":179,"fishtype":8,"cts":1676621272,"route":"R3_L5","speed":71}]}}
2023/02/17 16:08:13 [INFO] Receive Message:{"Ret":"ActSyncShoot","Data":{"seatId":0,"bulletId":62,"bulletKind":1,"angle":0,"lockfish":131,"agentcall":true}}
2023/02/17 16:08:13 [INFO] Receive Message:{"Ret":"ActSyncShoot","Data":{"seatId":0,"bulletId":63,"bulletKind":1,"angle":0,"lockfish":131,"agentcall":true}}
2023/02/17 16:08:14 [INFO] Receive Message:{"Ret":"ActCreateFish","Data":{"fishinfo":[{"index":4,"fishtype":14,"cts":1676621296,"route":"R5_L5_1","speed":64},{"index":71,"fishtype":7,"cts":1676621296,"route":"R4_L4_1","speed":58},{"index":144,"fishtype":21,"cts":1676621296,"route":"L7_R7_2","speed":80},{"index":165,"fishtype":3,"cts":1676621296,"route":"L3_R5","speed":64},{"index":186,"fishtype":8,"cts":1676621296,"route":"R3_L5","speed":71}],"formation":null}}
2023/02/17 16:08:14 [INFO] Receive Message:{"Ret":"ActDispFish","Data":{"fishinfo":[{"index":1,"fishtype":14,"cts":1676621273,"route":"R5_L5_1","speed":64},{"index":39,"fishtype":6,"cts":1676621268,"route":"R2_L6","speed":58},{"index":67,"fishtype":7,"cts":1676621270,"route":"R4_L4_1","speed":58},{"index":79,"fishtype":10,"cts":1676621273,"route":"R7_L7_1","speed":64},{"index":85,"fishtype":16,"cts":1676621275,"route":"R4_L4_1","speed":71},{"index":158,"fishtype":3,"cts":1676621272,"route":"L3_R5","speed":64}]}}
2023/02/17 16:08:14 [INFO] Receive Message:{"Ret":"ActSyncShoot","Data":{"seatId":0,"bulletId":64,"bulletKind":1,"angle":0,"lockfish":131,"agentcall":true}}
2023/02/17 16:08:14 [INFO] Receive Message:{"Ret":"ActSyncShoot","Data":{"seatId":0,"bulletId":65,"bulletKind":1,"angle":0,"lockfish":131,"agentcall":true}}
2023/02/17 16:08:15 [INFO] Receive Message:{"Ret":"ActCreateFish","Data":{"fishinfo":[{"index":14,"fishtype":28,"cts":1676621297,"route":"L4_R4_1","speed":71},{"index":148,"fishtype":22,"cts":1676621297,"route":"R1_L1_2","speed":80}],"formation":null}}
2023/02/17 16:08:15 [INFO] Receive Message:{"Ret":"ActDispFish","Data":{"fishinfo":[{"index":7,"fishtype":5,"cts":1676621267,"route":"L4_R4_1","speed":50},{"index":25,"fishtype":4,"cts":1676621272,"route":"R7_L1","speed":64},{"index":73,"fishtype":19,"cts":1676621277,"route":"L6_R6_1","speed":75},{"index":99,"fishtype":2,"cts":1676621273,"route":"L2_R6","speed":64},{"index":115,"fishtype":1,"cts":1676621272,"route":"L1_R7","speed":64},{"index":172,"fishtype":18,"cts":1676621277,"route":"R3_L3_1","speed":75},{"index":180,"fishtype":8,"cts":1676621274,"route":"R3_L5","speed":71}]}}
2023/02/17 16:08:15 [INFO] Receive Message:{"Ret":"ActSyncShoot","Data":{"seatId":0,"bulletId":66,"bulletKind":1,"angle":0,"lockfish":131,"agentcall":true}}
2023/02/17 16:08:15 [INFO] Receive Message:{"Ret":"ActSyncShoot","Data":{"seatId":0,"bulletId":67,"bulletKind":1,"angle":0,"lockfish":131,"agentcall":true}}
2023/02/17 16:08:16 [INFO] Receive Message:{"Ret":"ActDispFish","Data":{"fishinfo":[{"index":16,"fishtype":17,"cts":1676621277,"route":"L5_R5_1","speed":71},{"index":40,"fishtype":6,"cts":1676621270,"route":"R2_L6","speed":58},{"index":68,"fishtype":7,"cts":1676621272,"route":"R4_L4_1","speed":58},{"index":159,"fishtype":3,"cts":1676621274,"route":"L3_R5","speed":64}]}}
2023/02/17 16:08:16 [INFO] Receive Message:{"Ret":"ActSyncShoot","Data":{"seatId":0,"bulletId":68,"bulletKind":1,"angle":0,"lockfish":131,"agentcall":true}}
2023/02/17 16:08:16 [INFO] Receive Message:{"Ret":"ActSyncShoot","Data":{"seatId":0,"bulletId":69,"bulletKind":1,"angle":0,"lockfish":131,"agentcall":true}}
2023/02/17 16:08:17 [INFO] Receive Message:{"Ret":"ActCreateFish","Data":{"fishinfo":[{"index":53,"fishtype":23,"cts":1676621299,"route":"L6_R5","speed":80}],"formation":null}}
2023/02/17 16:08:17 [INFO] Receive Message:{"Ret":"ActDispFish","Data":{"fishinfo":[{"index":2,"fishtype":14,"cts":1676621276,"route":"R5_L5_1","speed":64},{"index":8,"fishtype":5,"cts":1676621269,"route":"L4_R4_1","speed":50},{"index":26,"fishtype":4,"cts":1676621274,"route":"R7_L1","speed":64},{"index":100,"fishtype":2,"cts":1676621275,"route":"L2_R6","speed":64},{"index":116,"fishtype":1,"cts":1676621274,"route":"L1_R7","speed":64},{"index":147,"fishtype":22,"cts":1676621280,"route":"R1_L1_1","speed":80},{"index":181,"fishtype":8,"cts":1676621276,"route":"R3_L5","speed":71}]}}
2023/02/17 16:08:17 [INFO] Receive Message:{"Ret":"ActSyncShoot","Data":{"seatId":0,"bulletId":70,"bulletKind":1,"angle":0,"lockfish":131,"agentcall":true}}
2023/02/17 16:08:17 [INFO] Receive Message:{"Ret":"ActSyncShoot","Data":{"seatId":0,"bulletId":71,"bulletKind":1,"angle":0,"lockfish":131,"agentcall":true}}
2023/02/17 16:08:18 [INFO] Receive Message:{"Ret":"ActCreateFish","Data":{"fishinfo":[{"index":128,"fishtype":25,"cts":1676621300,"route":"L5_R5_3","speed":71}],"formation":null}}
2023/02/17 16:08:18 [INFO] Receive Message:{"Ret":"ActDispFish","Data":{"fishinfo":[{"index":41,"fishtype":6,"cts":1676621272,"route":"R2_L6","speed":58},{"index":160,"fishtype":3,"cts":1676621276,"route":"L3_R5","speed":64}]}}
2023/02/17 16:08:18 [INFO] Receive Message:{"Ret":"ActSyncShoot","Data":{"seatId":0,"bulletId":72,"bulletKind":1,"angle":0,"lockfish":131,"agentcall":true}}
2023/02/17 16:08:18 [INFO] Receive Message:{"Ret":"ActSyncShoot","Data":{"seatId":0,"bulletId":73,"bulletKind":1,"angle":0,"lockfish":131,"agentcall":true}}
2023/02/17 16:08:19 [INFO] Receive Message:{"Ret":"ActCreateFish","Data":{"fishinfo":[{"index":132,"fishtype":20,"cts":1676621301,"route":"R2_L2_1","speed":50}],"formation":null}}
2023/02/17 16:08:19 [INFO] Receive Message:{"Ret":"ActDispFish","Data":{"fishinfo":[{"index":9,"fishtype":5,"cts":1676621271,"route":"L4_R4_1","speed":50}]}}
2023/02/17 16:08:19 [INFO] Receive Message:{"Ret":"ActSyncShoot","Data":{"seatId":0,"bulletId":74,"bulletKind":1,"angle":0,"lockfish":131,"agentcall":true}}
2023/02/17 16:08:19 [INFO] Receive Message:{"Ret":"ActSyncShoot","Data":{"seatId":0,"bulletId":75,"bulletKind":1,"angle":0,"lockfish":131,"agentcall":true}}
2023/02/17 16:08:20 [INFO] Receive Message:{"Ret":"ActDispFish","Data":{"fishinfo":[{"index":42,"fishtype":6,"cts":1676621274,"route":"R2_L6","speed":58},{"index":149,"fishtype":25,"cts":1676621280,"route":"L2_R2_3","speed":71}]}}
2023/02/17 16:08:20 [INFO] Receive Message:{"Ret":"ActSyncShoot","Data":{"seatId":0,"bulletId":76,"bulletKind":1,"angle":0,"lockfish":131,"agentcall":true}}
2023/02/17 16:08:20 [INFO] Receive Message:{"Ret":"ActSyncShoot","Data":{"seatId":0,"bulletId":77,"bulletKind":1,"angle":0,"lockfish":131,"agentcall":true}}
2023/02/17 16:08:21 [INFO] Receive Message:{"Ret":"ActDispFish","Data":{"fishinfo":[{"index":127,"fishtype":23,"cts":1676621283,"route":"L6_R2","speed":80}]}}
2023/02/17 16:08:21 [INFO] Receive Message:{"Ret":"ActSyncShoot","Data":{"seatId":0,"bulletId":78,"bulletKind":1,"angle":0,"lockfish":131,"agentcall":true}}
2023/02/17 16:08:21 [INFO] Receive Message:{"Ret":"ActSyncShoot","Data":{"seatId":0,"bulletId":79,"bulletKind":1,"angle":0,"lockfish":131,"agentcall":true}}
2023/02/17 16:08:22 [INFO] Receive Message:{"Ret":"ActCreateFish","Data":{"fishinfo":[{"index":133,"fishtype":20,"cts":1676621304,"route":"R2_L2_1","speed":50}],"formation":null}}
2023/02/17 16:08:22 [INFO] Receive Message:{"Ret":"ActSyncShoot","Data":{"seatId":0,"bulletId":80,"bulletKind":1,"angle":0,"lockfish":131,"agentcall":true}}
2023/02/17 16:08:22 [INFO] Receive Message:{"Ret":"ActSyncShoot","Data":{"seatId":0,"bulletId":81,"bulletKind":1,"angle":0,"lockfish":131,"agentcall":true}}
2023/02/17 16:08:23 [INFO] Receive Message:{"Ret":"ActCreateFish","Data":{"fishinfo":[{"index":37,"fishtype":24,"cts":1676621305,"route":"L1_R7","speed":64},{"index":111,"fishtype":27,"cts":1676621305,"route":"R1_L7","speed":71},{"index":146,"fishtype":26,"cts":1676621305,"route":"R2_L2_3","speed":71}],"formation":null}}
2023/02/17 16:08:23 [INFO] Receive Message:{"Ret":"ActDispFish","Data":{"fishinfo":[{"index":129,"fishtype":20,"cts":1676621275,"route":"R2_L2_1","speed":50}]}}
2023/02/17 16:08:23 [INFO] Receive Message:{"Ret":"ActSyncShoot","Data":{"seatId":0,"bulletId":82,"bulletKind":1,"angle":0,"lockfish":131,"agentcall":true}}
2023/02/17 16:08:23 [INFO] Receive Message:{"Ret":"ActSyncShoot","Data":{"seatId":0,"bulletId":83,"bulletKind":1,"angle":0,"lockfish":131,"agentcall":true}}
2023/02/17 16:08:24 [INFO] Receive Message:{"Ret":"ActCreateFish","Data":{"fishinfo":[{"index":32,"fishtype":4,"cts":1676621306,"route":"R7_L1","speed":64},{"index":48,"fishtype":6,"cts":1676621306,"route":"R2_L6","speed":58},{"index":122,"fishtype":1,"cts":1676621306,"route":"L1_R7","speed":64},{"index":141,"fishtype":9,"cts":1676621306,"route":"L1_R1_1","speed":71}],"formation":null}}
2023/02/17 16:08:24 [INFO] Receive Message:{"Ret":"ActSyncShoot","Data":{"seatId":0,"bulletId":84,"bulletKind":1,"angle":0,"lockfish":131,"agentcall":true}}
2023/02/17 16:08:24 [INFO] Receive Message:{"Ret":"ActSyncShoot","Data":{"seatId":0,"bulletId":85,"bulletKind":1,"angle":0,"lockfish":131,"agentcall":true}}
2023/02/17 16:08:25 [INFO] Receive Message:{"Ret":"ActCreateFish","Data":{"fishinfo":[{"index":94,"fishtype":13,"cts":1676621307,"route":"L3_R3_1","speed":75},{"index":106,"fishtype":2,"cts":1676621307,"route":"L2_R6","speed":64},{"index":134,"fishtype":20,"cts":1676621307,"route":"R2_L2_1","speed":50},{"index":154,"fishtype":11,"cts":1676621307,"route":"L2_R2_1","speed":71}],"formation":null}}
2023/02/17 16:08:25 [INFO] Receive Message:{"Ret":"ActDispFish","Data":{"fishinfo":[{"index":21,"fishtype":27,"cts":1676621285,"route":"L1_R7","speed":71}]}}
2023/02/17 16:08:25 [INFO] Receive Message:{"Ret":"ActSyncShoot","Data":{"seatId":0,"bulletId":86,"bulletKind":1,"angle":0,"lockfish":131,"agentcall":true}}
2023/02/17 16:08:25 [INFO] Receive Message:{"Ret":"ActSyncShoot","Data":{"seatId":0,"bulletId":87,"bulletKind":1,"angle":0,"lockfish":131,"agentcall":true}}
2023/02/17 16:08:26 [INFO] Receive Message:{"Ret":"ActCreateFish","Data":{"fishinfo":[{"index":33,"fishtype":4,"cts":1676621308,"route":"R7_L1","speed":64},{"index":49,"fishtype":6,"cts":1676621308,"route":"R2_L6","speed":58},{"index":58,"fishtype":15,"cts":1676621308,"route":"L4_R4_1","speed":75},{"index":64,"fishtype":12,"cts":1676621308,"route":"R6_L6_1","speed":71},{"index":88,"fishtype":16,"cts":1676621308,"route":"R4_L4_1","speed":71},{"index":123,"fishtype":1,"cts":1676621308,"route":"L1_R7","speed":64},{"index":142,"fishtype":9,"cts":1676621308,"route":"L1_R1_1","speed":71},{"index":166,"fishtype":3,"cts":1676621308,"route":"L3_R5","speed":64},{"index":187,"fishtype":8,"cts":1676621308,"route":"R3_L5","speed":71}],"formation":null}}
2023/02/17 16:08:26 [INFO] Receive Message:{"Ret":"ActDispFish","Data":{"fishinfo":[{"index":130,"fishtype":20,"cts":1676621278,"route":"R2_L2_1","speed":50}]}}
2023/02/17 16:08:26 [INFO] Receive Message:{"Ret":"ActSyncShoot","Data":{"seatId":0,"bulletId":88,"bulletKind":1,"angle":0,"lockfish":131,"agentcall":true}}
2023/02/17 16:08:26 [INFO] Receive Message:{"Ret":"ActSyncShoot","Data":{"seatId":0,"bulletId":89,"bulletKind":1,"angle":0,"lockfish":131,"agentcall":true}}
2023/02/17 16:08:27 [INFO] Receive Message:{"Ret":"ActCreateFish","Data":{"fishinfo":[{"index":107,"fishtype":2,"cts":1676621309,"route":"L2_R6","speed":64},{"index":155,"fishtype":11,"cts":1676621309,"route":"L2_R2_1","speed":71}],"formation":null}}
2023/02/17 16:08:27 [INFO] Receive Message:{"Ret":"ActDispFish","Data":{"fishinfo":[{"index":92,"fishtype":13,"cts":1676621289,"route":"L3_R3_1","speed":75},{"index":138,"fishtype":9,"cts":1676621288,"route":"L1_R1_1","speed":71}]}}
2023/02/17 16:08:27 [INFO] Receive Message:{"Ret":"ActSyncShoot","Data":{"seatId":0,"bulletId":90,"bulletKind":1,"angle":0,"lockfish":131,"agentcall":true}}
2023/02/17 16:08:27 [INFO] Receive Message:{"Ret":"ActSyncShoot","Data":{"seatId":0,"bulletId":91,"bulletKind":1,"angle":0,"lockfish":131,"agentcall":true}}
2023/02/17 16:08:28 [INFO] Receive Message:{"Ret":"ActCreateFish","Data":{"fishinfo":[{"index":19,"fishtype":17,"cts":1676621310,"route":"L5_R5_1","speed":71},{"index":34,"fishtype":4,"cts":1676621310,"route":"R7_L1","speed":64},{"index":50,"fishtype":6,"cts":1676621310,"route":"R2_L6","speed":58},{"index":65,"fishtype":12,"cts":1676621310,"route":"R6_L6_1","speed":71},{"index":76,"fishtype":19,"cts":1676621310,"route":"L6_R6_1","speed":75},{"index":95,"fishtype":13,"cts":1676621310,"route":"L3_R3_1","speed":75},{"index":124,"fishtype":1,"cts":1676621310,"route":"L1_R7","speed":64},{"index":143,"fishtype":9,"cts":1676621310,"route":"L1_R1_1","speed":71},{"index":167,"fishtype":3,"cts":1676621310,"route":"L3_R5","speed":64},{"index":175,"fishtype":18,"cts":1676621310,"route":"R3_L3_1","speed":75},{"index":188,"fishtype":8,"cts":1676621310,"route":"R3_L5","speed":71}],"formation":null}}
2023/02/17 16:08:28 [INFO] Receive Message:{"Ret":"ActDispFish","Data":{"fishinfo":[{"index":56,"fishtype":15,"cts":1676621290,"route":"L4_R4_1","speed":75},{"index":152,"fishtype":11,"cts":1676621289,"route":"L2_R2_1","speed":71}]}}
2023/02/17 16:08:28 [INFO] Receive Message:{"Ret":"ActSyncShoot","Data":{"seatId":0,"bulletId":92,"bulletKind":1,"angle":0,"lockfish":131,"agentcall":true}}
2023/02/17 16:08:28 [INFO] Receive Message:{"Ret":"ActSyncShoot","Data":{"seatId":0,"bulletId":93,"bulletKind":1,"angle":0,"lockfish":131,"agentcall":true}}
2023/02/17 16:08:29 [INFO] Receive Message:{"Ret":"ActCreateFish","Data":{"fishinfo":[{"index":59,"fishtype":15,"cts":1676621311,"route":"L4_R4_1","speed":75},{"index":82,"fishtype":10,"cts":1676621311,"route":"R7_L7_1","speed":64},{"index":89,"fishtype":16,"cts":1676621311,"route":"R4_L4_1","speed":71},{"index":108,"fishtype":2,"cts":1676621311,"route":"L2_R6","speed":64}],"formation":null}}
2023/02/17 16:08:29 [INFO] Receive Message:{"Ret":"ActDispFish","Data":{"fishinfo":[{"index":27,"fishtype":4,"cts":1676621286,"route":"R7_L1","speed":64},{"index":62,"fishtype":12,"cts":1676621290,"route":"R6_L6_1","speed":71},{"index":86,"fishtype":16,"cts":1676621290,"route":"R4_L4_1","speed":71},{"index":101,"fishtype":2,"cts":1676621287,"route":"L2_R6","speed":64},{"index":117,"fishtype":1,"cts":1676621286,"route":"L1_R7","speed":64},{"index":131,"fishtype":20,"cts":1676621281,"route":"R2_L2_1","speed":50},{"index":139,"fishtype":9,"cts":1676621290,"route":"L1_R1_1","speed":71},{"index":182,"fishtype":8,"cts":1676621288,"route":"R3_L5","speed":71}]}}
2023/02/17 16:08:29 [INFO] Receive Message:{"Ret":"ActSyncShoot","Data":{"seatId":0,"bulletId":94,"bulletKind":1,"angle":0,"lockfish":146,"agentcall":true}}
2023/02/17 16:08:29 [INFO] Receive Message:{"Ret":"ActSyncShoot","Data":{"seatId":0,"bulletId":95,"bulletKind":1,"angle":0,"lockfish":146,"agentcall":true}}
2023/02/17 16:08:30 [INFO] Receive Message:{"Ret":"ActCreateFish","Data":{"fishinfo":[{"index":35,"fishtype":4,"cts":1676621312,"route":"R7_L1","speed":64},{"index":51,"fishtype":6,"cts":1676621312,"route":"R2_L6","speed":58},{"index":125,"fishtype":1,"cts":1676621312,"route":"L1_R7","speed":64},{"index":168,"fishtype":3,"cts":1676621312,"route":"L3_R5","speed":64},{"index":189,"fishtype":8,"cts":1676621312,"route":"R3_L5","speed":71}],"formation":null}}
2023/02/17 16:08:30 [INFO] Receive Message:{"Ret":"ActDispFish","Data":{"fishinfo":[{"index":74,"fishtype":19,"cts":1676621292,"route":"L6_R6_1","speed":75},{"index":93,"fishtype":13,"cts":1676621292,"route":"L3_R3_1","speed":75},{"index":153,"fishtype":11,"cts":1676621291,"route":"L2_R2_1","speed":71},{"index":161,"fishtype":3,"cts":1676621288,"route":"L3_R5","speed":64},{"index":173,"fishtype":18,"cts":1676621292,"route":"R3_L3_1","speed":75}]}}
2023/02/17 16:08:30 [INFO] Receive Message:{"Ret":"ActSyncShoot","Data":{"seatId":0,"bulletId":96,"bulletKind":1,"angle":0,"lockfish":146,"agentcall":true}}
2023/02/17 16:08:30 [INFO] Receive Message:{"Ret":"ActSyncShoot","Data":{"seatId":0,"bulletId":97,"bulletKind":1,"angle":0,"lockfish":146,"agentcall":true}}
2023/02/17 16:08:31 [INFO] Receive Message:{"Ret":"ActCreateFish","Data":{"fishinfo":[{"index":5,"fishtype":14,"cts":1676621313,"route":"R5_L5_1","speed":64},{"index":20,"fishtype":17,"cts":1676621313,"route":"L5_R5_1","speed":71},{"index":77,"fishtype":19,"cts":1676621313,"route":"L6_R6_1","speed":75},{"index":83,"fishtype":10,"cts":1676621313,"route":"R7_L7_1","speed":64},{"index":109,"fishtype":2,"cts":1676621313,"route":"L2_R6","speed":64},{"index":176,"fishtype":18,"cts":1676621313,"route":"R3_L3_1","speed":75}],"formation":null}}
2023/02/17 16:08:31 [INFO] Receive Message:{"Ret":"ActDispFish","Data":{"fishinfo":[{"index":17,"fishtype":17,"cts":1676621292,"route":"L5_R5_1","speed":71},{"index":28,"fishtype":4,"cts":1676621288,"route":"R7_L1","speed":64},{"index":57,"fishtype":15,"cts":1676621293,"route":"L4_R4_1","speed":75},{"index":63,"fishtype":12,"cts":1676621292,"route":"R6_L6_1","speed":71},{"index":102,"fishtype":2,"cts":1676621289,"route":"L2_R6","speed":64},{"index":118,"fishtype":1,"cts":1676621288,"route":"L1_R7","speed":64},{"index":140,"fishtype":9,"cts":1676621292,"route":"L1_R1_1","speed":71},{"index":183,"fishtype":8,"cts":1676621290,"route":"R3_L5","speed":71}]}}
2023/02/17 16:08:31 [INFO] Receive Message:{"Ret":"ActSyncShoot","Data":{"seatId":0,"bulletId":98,"bulletKind":1,"angle":0,"lockfish":146,"agentcall":true}}
2023/02/17 16:08:31 [INFO] Receive Message:{"Ret":"ActSyncShoot","Data":{"seatId":0,"bulletId":99,"bulletKind":1,"angle":0,"lockfish":146,"agentcall":true}}
2023/02/17 16:08:32 [INFO] Receive Message:{"Ret":"ActCreateFish","Data":{"fishinfo":[{"index":36,"fishtype":4,"cts":1676621314,"route":"R7_L1","speed":64},{"index":52,"fishtype":6,"cts":1676621314,"route":"R2_L6","speed":58},{"index":126,"fishtype":1,"cts":1676621314,"route":"L1_R7","speed":64},{"index":169,"fishtype":3,"cts":1676621314,"route":"L3_R5","speed":64},{"index":190,"fishtype":8,"cts":1676621314,"route":"R3_L5","speed":71}],"formation":null}}
2023/02/17 16:08:32 [INFO] Receive Message:{"Ret":"ActDispFish","Data":{"fishinfo":[{"index":43,"fishtype":6,"cts":1676621286,"route":"R2_L6","speed":58},{"index":80,"fishtype":10,"cts":1676621291,"route":"R7_L7_1","speed":64},{"index":87,"fishtype":16,"cts":1676621293,"route":"R4_L4_1","speed":71},{"index":162,"fishtype":3,"cts":1676621290,"route":"L3_R5","speed":64}]}}
2023/02/17 16:08:32 [INFO] Receive Message:{"Ret":"ActSyncShoot","Data":{"seatId":0,"bulletId":100,"bulletKind":1,"angle":0,"lockfish":146,"agentcall":true}}
2023/02/17 16:08:32 [INFO] Receive Message:{"Ret":"ActSyncShoot","Data":{"seatId":0,"bulletId":101,"bulletKind":1,"angle":0,"lockfish":146,"agentcall":true}}
2023/02/17 16:08:33 [INFO] Receive Message:{"Ret":"ActCreateFish","Data":{"fishinfo":[{"index":110,"fishtype":2,"cts":1676621315,"route":"L2_R6","speed":64}],"formation":null}}
2023/02/17 16:08:33 [INFO] Receive Message:{"Ret":"ActDispFish","Data":{"fishinfo":[{"index":29,"fishtype":4,"cts":1676621290,"route":"R7_L1","speed":64},{"index":75,"fishtype":19,"cts":1676621295,"route":"L6_R6_1","speed":75},{"index":103,"fishtype":2,"cts":1676621291,"route":"L2_R6","speed":64},{"index":119,"fishtype":1,"cts":1676621290,"route":"L1_R7","speed":64},{"index":174,"fishtype":18,"cts":1676621295,"route":"R3_L3_1","speed":75},{"index":184,"fishtype":8,"cts":1676621292,"route":"R3_L5","speed":71}]}}
2023/02/17 16:08:33 [INFO] Receive Message:{"Ret":"ActSyncShoot","Data":{"seatId":0,"bulletId":102,"bulletKind":1,"angle":0,"lockfish":146,"agentcall":true}}
2023/02/17 16:08:33 [INFO] Receive Message:{"Ret":"ActSyncShoot","Data":{"seatId":0,"bulletId":103,"bulletKind":1,"angle":0,"lockfish":146,"agentcall":true}}
2023/02/17 16:08:34 [INFO] Receive Message:{"Ret":"ActCreateFish","Data":{"fishinfo":[{"index":6,"fishtype":14,"cts":1676621316,"route":"R5_L5_1","speed":64},{"index":170,"fishtype":3,"cts":1676621316,"route":"L3_R5","speed":64},{"index":191,"fishtype":8,"cts":1676621316,"route":"R3_L5","speed":71}],"formation":null}}
2023/02/17 16:08:34 [INFO] Receive Message:{"Ret":"ActDispFish","Data":{"fishinfo":[{"index":3,"fishtype":14,"cts":1676621293,"route":"R5_L5_1","speed":64},{"index":18,"fishtype":17,"cts":1676621295,"route":"L5_R5_1","speed":71},{"index":44,"fishtype":6,"cts":1676621288,"route":"R2_L6","speed":58},{"index":81,"fishtype":10,"cts":1676621293,"route":"R7_L7_1","speed":64},{"index":148,"fishtype":22,"cts":1676621297,"route":"R1_L1_2","speed":80},{"index":163,"fishtype":3,"cts":1676621292,"route":"L3_R5","speed":64}]}}
2023/02/17 16:08:34 [INFO] Receive Message:{"Ret":"ActSyncShoot","Data":{"seatId":0,"bulletId":104,"bulletKind":1,"angle":0,"lockfish":146,"agentcall":true}}
2023/02/17 16:08:34 [INFO] Receive Message:{"Ret":"ActSyncShoot","Data":{"seatId":0,"bulletId":105,"bulletKind":1,"angle":0,"lockfish":146,"agentcall":true}}
2023/02/17 16:08:35 [INFO] Receive Message:{"Ret":"ActDispFish","Data":{"fishinfo":[{"index":30,"fishtype":4,"cts":1676621292,"route":"R7_L1","speed":64},{"index":104,"fishtype":2,"cts":1676621293,"route":"L2_R6","speed":64},{"index":120,"fishtype":1,"cts":1676621292,"route":"L1_R7","speed":64},{"index":144,"fishtype":21,"cts":1676621296,"route":"L7_R7_2","speed":80},{"index":145,"fishtype":26,"cts":1676621295,"route":"R2_L2_3","speed":71},{"index":185,"fishtype":8,"cts":1676621294,"route":"R3_L5","speed":71}]}}
2023/02/17 16:08:35 [INFO] Receive Message:{"Ret":"ActSyncShoot","Data":{"seatId":0,"bulletId":106,"bulletKind":1,"angle":0,"lockfish":146,"agentcall":true}}
2023/02/17 16:08:35 [INFO] Receive Message:{"Ret":"ActSyncShoot","Data":{"seatId":0,"bulletId":107,"bulletKind":1,"angle":0,"lockfish":146,"agentcall":true}}
2023/02/17 16:08:36 [INFO] Receive Message:{"Ret":"ActDispFish","Data":{"fishinfo":[{"index":14,"fishtype":28,"cts":1676621297,"route":"L4_R4_1","speed":71},{"index":45,"fishtype":6,"cts":1676621290,"route":"R2_L6","speed":58},{"index":69,"fishtype":7,"cts":1676621292,"route":"R4_L4_1","speed":58},{"index":164,"fishtype":3,"cts":1676621294,"route":"L3_R5","speed":64}]}}
2023/02/17 16:08:36 [INFO] Receive Message:{"Ret":"ActSyncShoot","Data":{"seatId":0,"bulletId":108,"bulletKind":1,"angle":0,"lockfish":146,"agentcall":true}}
2023/02/17 16:08:36 [INFO] Receive Message:{"Ret":"ActSyncShoot","Data":{"seatId":0,"bulletId":109,"bulletKind":1,"angle":0,"lockfish":146,"agentcall":true}}
2023/02/17 16:08:37 [INFO] Receive Message:{"Ret":"ActDispFish","Data":{"fishinfo":[{"index":4,"fishtype":14,"cts":1676621296,"route":"R5_L5_1","speed":64},{"index":31,"fishtype":4,"cts":1676621294,"route":"R7_L1","speed":64},{"index":105,"fishtype":2,"cts":1676621295,"route":"L2_R6","speed":64},{"index":121,"fishtype":1,"cts":1676621294,"route":"L1_R7","speed":64},{"index":186,"fishtype":8,"cts":1676621296,"route":"R3_L5","speed":71}]}}
2023/02/17 16:08:37 [INFO] Receive Message:{"Ret":"ActSyncShoot","Data":{"seatId":0,"bulletId":110,"bulletKind":1,"angle":0,"lockfish":146,"agentcall":true}}
2023/02/17 16:08:37 [INFO] Receive Message:{"Ret":"ActSyncShoot","Data":{"seatId":0,"bulletId":111,"bulletKind":1,"angle":0,"lockfish":146,"agentcall":true}}
2023/02/17 16:08:38 [INFO] Receive Message:{"Ret":"ActDispFish","Data":{"fishinfo":[{"index":46,"fishtype":6,"cts":1676621292,"route":"R2_L6","speed":58},{"index":53,"fishtype":23,"cts":1676621299,"route":"L6_R5","speed":80},{"index":70,"fishtype":7,"cts":1676621294,"route":"R4_L4_1","speed":58},{"index":165,"fishtype":3,"cts":1676621296,"route":"L3_R5","speed":64}]}}
2023/02/17 16:08:38 [INFO] Receive Message:{"Ret":"ActSyncShoot","Data":{"seatId":0,"bulletId":112,"bulletKind":1,"angle":0,"lockfish":146,"agentcall":true}}
2023/02/17 16:08:38 [INFO] Receive Message:{"Ret":"ActSyncShoot","Data":{"seatId":0,"bulletId":113,"bulletKind":1,"angle":0,"lockfish":146,"agentcall":true}}
2023/02/17 16:08:39 [INFO] Receive Message:{"Ret":"ActDispFish","Data":{"fishinfo":[{"index":10,"fishtype":5,"cts":1676621291,"route":"L4_R4_1","speed":50}]}}
2023/02/17 16:08:39 [INFO] Receive Message:{"Ret":"ActSyncShoot","Data":{"seatId":0,"bulletId":114,"bulletKind":1,"angle":0,"lockfish":146,"agentcall":true}}
2023/02/17 16:08:39 [INFO] Receive Message:{"Ret":"ActSyncShoot","Data":{"seatId":0,"bulletId":115,"bulletKind":1,"angle":0,"lockfish":146,"agentcall":true}}
2023/02/17 16:08:40 [INFO] Receive Message:{"Ret":"ActDispFish","Data":{"fishinfo":[{"index":47,"fishtype":6,"cts":1676621294,"route":"R2_L6","speed":58},{"index":71,"fishtype":7,"cts":1676621296,"route":"R4_L4_1","speed":58}]}}
2023/02/17 16:08:40 [INFO] Receive Message:{"Ret":"ActSyncShoot","Data":{"seatId":0,"bulletId":116,"bulletKind":1,"angle":0,"lockfish":146,"agentcall":true}}
2023/02/17 16:08:40 [INFO] Receive Message:{"Ret":"ActSyncShoot","Data":{"seatId":0,"bulletId":117,"bulletKind":1,"angle":0,"lockfish":146,"agentcall":true}}
2023/02/17 16:08:41 [INFO] Receive Message:{"Ret":"ActDispFish","Data":{"fishinfo":[{"index":11,"fishtype":5,"cts":1676621293,"route":"L4_R4_1","speed":50}]}}
2023/02/17 16:08:41 [INFO] Receive Message:{"Ret":"ActSyncShoot","Data":{"seatId":0,"bulletId":118,"bulletKind":1,"angle":0,"lockfish":146,"agentcall":true}}
2023/02/17 16:08:41 [INFO] Receive Message:{"Ret":"ActSyncShoot","Data":{"seatId":0,"bulletId":119,"bulletKind":1,"angle":0,"lockfish":146,"agentcall":true}}
2023/02/17 16:08:48 [ERROR] read tcp [::1]:57403->[::1]:10001: wsarecv: An existing connection was forcibly closed by the remote host.
