2023/04/28 14:18:37 [INFO] Connect Success
2023/04/28 14:18:44 [INFO] Receive Message:{"Code":0,"Ret":"Login","Message":"success","Data":{"Gold":2999781.5,"IconID":0,"Name":"Test_simon","UserId":83178054,"MatchGameCode":"","MatchGameTableId":0,"Version":"1.0.0","Marquee":[{"id":"dc656538-d500-41e8-941e-f2db9b210065","lang":"zh-tw","type":1,"order":999,"freq":60,"content":"123","start_time":"2023-03-08T08:25:00Z","end_time":"2023-04-30T08:55:00Z"}],"is_relogin":false}}
2023/04/28 14:23:12 [ERROR] read tcp 192.168.180.114:53304->172.30.0.154:20001: use of closed network connection
2023/04/28 14:23:12 [INFO] 連線中斷
2023/04/28 14:23:13 [INFO] Connect Success
2023/04/28 14:23:19 [INFO] Receive Message:{"Code":0,"Ret":"Login","Message":"success","Data":{"Gold":3999781.5,"IconID":0,"Name":"Test_simon","UserId":83178054,"MatchGameCode":"","MatchGameTableId":0,"Version":"1.0.0","Marquee":[{"id":"dc656538-d500-41e8-941e-f2db9b210065","lang":"zh-tw","type":1,"order":999,"freq":60,"content":"123","start_time":"2023-03-08T08:25:00Z","end_time":"2023-04-30T08:55:00Z"}],"is_relogin":false}}
2023/04/28 14:23:29 [INFO] 連線中斷
2023/04/28 14:23:29 [ERROR] read tcp 192.168.180.114:53385->172.30.0.154:20001: use of closed network connection
2023/04/28 14:23:32 [INFO] Connect Success
2023/04/28 14:23:35 [INFO] Receive Message:{"Code":0,"Ret":"Login","Message":"success","Data":{"Gold":4999781.5,"IconID":0,"Name":"Test_simon","UserId":83178054,"MatchGameCode":"","MatchGameTableId":0,"Version":"1.0.0","Marquee":[{"id":"dc656538-d500-41e8-941e-f2db9b210065","lang":"zh-tw","type":1,"order":999,"freq":60,"content":"123","start_time":"2023-03-08T08:25:00Z","end_time":"2023-04-30T08:55:00Z"}],"is_relogin":false}}
2023/04/28 14:23:44 [ERROR] websocket: close 1006 (abnormal closure): unexpected EOF
2023/04/28 14:27:21 [INFO] 連線中斷
2023/04/28 14:27:54 [ERROR] dial tcp 35.221.162.196:16001: connectex: A connection attempt failed because the connected party did not properly respond after a period of time, or established connection failed because connected host has failed to respond.
2023/04/28 14:27:54 [ERROR] Connect failed:dial tcp 35.221.162.196:16001: connectex: A connection attempt failed because the connected party did not properly respond after a period of time, or established connection failed because connected host has failed to respond.
2023/04/28 14:28:15 [ERROR] dial tcp 35.221.162.196:16001: connectex: A connection attempt failed because the connected party did not properly respond after a period of time, or established connection failed because connected host has failed to respond.
2023/04/28 14:28:15 [ERROR] Connect failed:dial tcp 35.221.162.196:16001: connectex: A connection attempt failed because the connected party did not properly respond after a period of time, or established connection failed because connected host has failed to respond.
2023/04/28 14:29:17 [INFO] Connect Success
2023/04/28 14:29:30 [INFO] Receive Message:{"Code":0,"Ret":"Login","Message":"success","Data":{"Gold":7999969.65,"IconID":0,"Name":"Test_simon","UserId":82941254,"MatchGameCode":"","MatchGameTableId":0,"Version":"1.0.0","Marquee":null,"is_relogin":false}}
2023/04/28 14:29:41 [INFO] 連線中斷
2023/04/28 14:29:41 [ERROR] read tcp [::1]:53544->[::1]:10001: use of closed network connection
2023/04/28 14:29:41 [INFO] Connect Success
2023/04/28 14:29:45 [INFO] Receive Message:{"Code":0,"Ret":"Login","Message":"success","Data":{"Gold":8999969.65,"IconID":0,"Name":"Test_simon","UserId":82941254,"MatchGameCode":"","MatchGameTableId":0,"Version":"1.0.0","Marquee":null,"is_relogin":false}}
2023/04/28 14:29:48 [ERROR] read tcp [::1]:53555->[::1]:10001: use of closed network connection
2023/04/28 14:29:48 [INFO] 連線中斷
2023/04/28 14:29:49 [INFO] Connect Success
2023/04/28 14:35:27 [ERROR] read tcp [::1]:53559->[::1]:10001: wsarecv: An existing connection was forcibly closed by the remote host.
2023/04/28 14:35:49 [INFO] 連線中斷
2023/04/28 14:35:50 [INFO] Connect Success
2023/04/28 14:38:23 [INFO] Receive Message:{"Code":0,"Ret":"Login","Message":"success","Data":{"Gold":9999969.65,"IconID":0,"Name":"Test_simon","UserId":82941254,"MatchGameCode":"","MatchGameTableId":0,"Version":"1.0.0","Marquee":null,"is_relogin":false}}
2023/04/28 14:38:49 [ERROR] read tcp [::1]:53704->[::1]:10001: use of closed network connection
2023/04/28 14:38:49 [INFO] 連線中斷
2023/04/28 14:38:50 [INFO] Connect Success
2023/04/28 14:40:44 [ERROR] read tcp [::1]:53770->[::1]:10001: wsarecv: An existing connection was forcibly closed by the remote host.
2023/04/28 14:40:54 [INFO] 連線中斷
2023/04/28 14:40:55 [INFO] Connect Success
2023/04/28 14:41:42 [ERROR] read tcp [::1]:53853->[::1]:10001: wsarecv: An existing connection was forcibly closed by the remote host.
2023/04/28 14:42:11 [INFO] 連線中斷
2023/04/28 14:42:11 [INFO] Connect Success
2023/04/28 14:42:37 [ERROR] read tcp [::1]:53906->[::1]:10001: wsarecv: An existing connection was forcibly closed by the remote host.
2023/04/28 14:42:55 [INFO] 連線中斷
2023/04/28 14:42:55 [INFO] Connect Success
2023/04/28 14:45:16 [INFO] Receive Message:{"Code":0,"Ret":"Login","Message":"success","Data":{"Gold":9999969.65,"IconID":0,"Name":"Test_simon","UserId":82941254,"MatchGameCode":"","MatchGameTableId":0,"Version":"1.0.0","Marquee":null,"is_relogin":false}}
2023/04/28 14:45:23 [ERROR] read tcp [::1]:53933->[::1]:10001: use of closed network connection
2023/04/28 14:45:23 [INFO] 連線中斷
2023/04/28 14:45:24 [INFO] Connect Success
2023/04/28 14:45:31 [INFO] Receive Message:{"Code":0,"Ret":"Login","Message":"success","Data":{"Gold":9999969.65,"IconID":0,"Name":"Test_simon","UserId":82941254,"MatchGameCode":"","MatchGameTableId":0,"Version":"1.0.0","Marquee":null,"is_relogin":false}}
