2023/12/19 15:08:04 [INFO] Connect Success
2023/12/19 15:08:10 [INFO] 連線中斷
2023/12/19 15:08:10 [ERROR] read tcp 192.168.180.114:64963->172.30.0.154:10001: use of closed network connection
2023/12/19 15:08:14 [INFO] Connect Success
2023/12/19 15:08:20 [INFO] Receive Message:{"Code":0,"Ret":"Login","Message":"Success.","Data":{"Gold":1099950.75,"IconID":0,"Name":"Test_simon","UserId":88149641,"MatchGameCode":"","MatchGameTableId":0,"Version":"1.0.0","Marquee":null,"is_relogin":false,"JackpotInfo":{"coin":false,"coinId":"","coinexpiretime":0,"pool":10000},"JackpotEnable":false,"Language":{"1":{"CN":1,"EN":1,"VI":1,"PT":0,"TR":0},"1001":{"CN":1,"EN":1,"VI":1,"PT":0,"TR":0},"1002":{"CN":1,"EN":1,"VI":1,"PT":0,"TR":0},"1003":{"CN":1,"EN":1,"VI":1,"PT":0,"TR":0},"1004":{"CN":1,"EN":1,"VI":1,"PT":0,"TR":0},"1005":{"CN":1,"EN":1,"VI":1,"PT":0,"TR":0},"1006":{"CN":1,"EN":1,"VI":1,"PT":0,"TR":0},"1007":{"CN":1,"EN":1,"VI":1,"PT":0,"TR":0},"1008":{"CN":1,"EN":1,"VI":1,"PT":0,"TR":0},"1009":{"CN":1,"EN":1,"VI":1,"PT":0,"TR":0},"2001":{"CN":1,"EN":1,"VI":1,"PT":0,"TR":0},"2002":{"CN":1,"EN":1,"VI":1,"PT":0,"TR":0},"2003":{"CN":1,"EN":1,"VI":1,"PT":0,"TR":0},"2004":{"CN":1,"EN":1,"VI":1,"PT":0,"TR":0},"2005":{"CN":1,"EN":1,"VI":1,"PT":0,"TR":0},"2006":{"CN":1,"EN":1,"VI":1,"PT":0,"TR":0},"2007":{"CN":1,"EN":1,"VI":1,"PT":0,"TR":0},"2008":{"CN":1,"EN":1,"VI":1,"PT":0,"TR":0},"2009":{"CN":1,"EN":1,"VI":1,"PT":0,"TR":0},"2010":{"CN":1,"EN":1,"VI":1,"PT":0,"TR":1},"2011":{"CN":1,"EN":1,"VI":1,"PT":0,"TR":0},"3001":{"CN":1,"EN":1,"VI":1,"PT":0,"TR":0},"3002":{"CN":1,"EN":1,"VI":1,"PT":0,"TR":0},"3003":{"CN":1,"EN":1,"VI":1,"PT":0,"TR":0},"4001":{"CN":1,"EN":1,"VI":1,"PT":0,"TR":0},"9001":{"CN":1,"EN":1,"VI":1,"PT":0,"TR":0}},"wallet_type":0,"single_wallet_gold":0}}
2023/12/19 15:08:26 [INFO] Receive Message:{"Code":0,"Ret":"IntoGame","Message":"Success.","Data":{"Gid":"","BetLimit":[[0.1,1]],"Chips":[0.1,0.2,0.3,0.4,0.5,0.6,0.7,0.8,0.9,1],"RemainSec":1,"PlayerInfo":[{"seatId":3,"iconId":0,"name":"Test_simon","gold":1099950.75}],"Fsm":"Init"}}
2023/12/19 15:08:27 [INFO] Receive Message:{"Ret":"ActGamePeriod","Data":{"Fsm":"Loading","Gid":"","RemainSec":3,"TimeStamp":1702969707687}}
2023/12/19 15:08:27 [INFO] Receive Message:{"Ret":"ActTableStatus","Data":{"tablePlayerInfo":[{"seatId":0,"iconId":5,"name":"****ick","gold":21930},{"seatId":2,"iconId":102,"name":"****n35","gold":14806},{"seatId":3,"iconId":0,"name":"****mon","gold":0}]}}
2023/12/19 15:08:27 [INFO] Receive Message:{"Ret":"ActSceneNotify","Data":{"scene":1,"stage":1}}
2023/12/19 15:08:30 [INFO] Receive Message:{"Ret":"ActGamePeriod","Data":{"Fsm":"Shu","Gid":"3002-1737006979869577216","RemainSec":60,"TimeStamp":1702969710687}}
2023/12/19 15:08:31 [INFO] Receive Message:{"Ret":"ActCreateFish","Data":{"fishinfo":[{"index":30,"fishtype":1,"cts":1702969711680,"route":"R7_L7_1","speed":68},{"index":70,"fishtype":1,"cts":1702969711680,"route":"L1_R1_1","speed":68}],"formation":null}}
2023/12/19 15:08:32 [INFO] Receive Message:{"Ret":"ActCreateFish","Data":{"fishinfo":[{"index":19,"fishtype":3,"cts":1702969712687,"route":"L4_R5","speed":68},{"index":24,"fishtype":2,"cts":1702969712687,"route":"R6_L4","speed":68},{"index":31,"fishtype":1,"cts":1702969712687,"route":"R7_L7_1","speed":68},{"index":41,"fishtype":3,"cts":1702969712687,"route":"R4_L6","speed":68},{"index":53,"fishtype":2,"cts":1702969712687,"route":"L6_R2","speed":68},{"index":71,"fishtype":1,"cts":1702969712687,"route":"L1_R1_1","speed":68}],"formation":null}}
2023/12/19 15:08:33 [INFO] Receive Message:{"Ret":"ActCreateFish","Data":{"fishinfo":[{"index":32,"fishtype":1,"cts":1702969713685,"route":"R7_L7_1","speed":68},{"index":72,"fishtype":1,"cts":1702969713685,"route":"L1_R1_1","speed":68}],"formation":null}}
2023/12/19 15:08:34 [INFO] Receive Message:{"Ret":"ActCreateFish","Data":{"fishinfo":[{"index":11,"fishtype":4,"cts":1702969714692,"route":"L2_R2_1","speed":68},{"index":20,"fishtype":3,"cts":1702969714692,"route":"L4_R5","speed":68},{"index":25,"fishtype":2,"cts":1702969714692,"route":"R6_L4","speed":68},{"index":33,"fishtype":1,"cts":1702969714692,"route":"R7_L7_1","speed":68},{"index":42,"fishtype":3,"cts":1702969714692,"route":"R4_L6","speed":68},{"index":54,"fishtype":2,"cts":1702969714692,"route":"L6_R2","speed":68},{"index":73,"fishtype":1,"cts":1702969714692,"route":"L1_R1_1","speed":68},{"index":88,"fishtype":4,"cts":1702969714692,"route":"R6_L6_1","speed":68}],"formation":null}}
2023/12/19 15:08:34 [INFO] Receive Message:{"Ret":"ActSyncShoot","Data":{"seatId":2,"bulletId":1,"bulletKind":0,"angle":0,"lockfish":30,"agentcall":true}}
2023/12/19 15:08:34 [INFO] Receive Message:{"Ret":"ActSyncShoot","Data":{"seatId":0,"bulletId":2,"bulletKind":0,"angle":0,"lockfish":70,"agentcall":true}}
2023/12/19 15:08:35 [INFO] Receive Message:{"Ret":"ActSyncShoot","Data":{"seatId":2,"bulletId":3,"bulletKind":0,"angle":0,"lockfish":30,"agentcall":true}}
2023/12/19 15:08:35 [INFO] Receive Message:{"Ret":"ActSyncShoot","Data":{"seatId":0,"bulletId":4,"bulletKind":0,"angle":0,"lockfish":70,"agentcall":true}}
2023/12/19 15:08:35 [INFO] Receive Message:{"Ret":"ActSyncShoot","Data":{"seatId":2,"bulletId":5,"bulletKind":0,"angle":0,"lockfish":30,"agentcall":true}}
2023/12/19 15:08:35 [INFO] Receive Message:{"Ret":"ActSyncShoot","Data":{"seatId":0,"bulletId":6,"bulletKind":0,"angle":0,"lockfish":70,"agentcall":true}}
2023/12/19 15:08:35 [INFO] Receive Message:{"Ret":"ActSyncShoot","Data":{"seatId":0,"bulletId":7,"bulletKind":0,"angle":0,"lockfish":70,"agentcall":true}}
2023/12/19 15:08:35 [INFO] Receive Message:{"Ret":"ActSyncShoot","Data":{"seatId":2,"bulletId":8,"bulletKind":0,"angle":0,"lockfish":30,"agentcall":true}}
2023/12/19 15:08:35 [INFO] Receive Message:{"Ret":"ActCreateFish","Data":{"fishinfo":[{"index":34,"fishtype":1,"cts":1702969715694,"route":"R7_L7_1","speed":68},{"index":74,"fishtype":1,"cts":1702969715694,"route":"L1_R1_1","speed":68}],"formation":null}}
2023/12/19 15:08:35 [INFO] Receive Message:{"Ret":"ActSyncShoot","Data":{"seatId":2,"bulletId":9,"bulletKind":0,"angle":0,"lockfish":30,"agentcall":true}}
2023/12/19 15:08:35 [INFO] Receive Message:{"Ret":"ActSyncShoot","Data":{"seatId":0,"bulletId":10,"bulletKind":0,"angle":0,"lockfish":70,"agentcall":true}}
2023/12/19 15:08:35 [INFO] Receive Message:{"Ret":"ActSyncShoot","Data":{"seatId":2,"bulletId":11,"bulletKind":0,"angle":0,"lockfish":30,"agentcall":true}}
2023/12/19 15:08:35 [INFO] Receive Message:{"Ret":"ActSyncShoot","Data":{"seatId":0,"bulletId":12,"bulletKind":0,"angle":0,"lockfish":70,"agentcall":true}}
2023/12/19 15:08:36 [INFO] Receive Message:{"Ret":"ActSyncShoot","Data":{"seatId":2,"bulletId":13,"bulletKind":0,"angle":0,"lockfish":30,"agentcall":true}}
2023/12/19 15:08:36 [INFO] Receive Message:{"Ret":"ActSyncShoot","Data":{"seatId":0,"bulletId":14,"bulletKind":0,"angle":0,"lockfish":70,"agentcall":true}}
2023/12/19 15:08:36 [INFO] Receive Message:{"Ret":"ActSyncShoot","Data":{"seatId":2,"bulletId":15,"bulletKind":0,"angle":0,"lockfish":30,"agentcall":true}}
2023/12/19 15:08:36 [INFO] Receive Message:{"Ret":"ActSyncShoot","Data":{"seatId":0,"bulletId":16,"bulletKind":0,"angle":0,"lockfish":70,"agentcall":true}}
2023/12/19 15:08:36 [INFO] Receive Message:{"Ret":"ActSyncShoot","Data":{"seatId":2,"bulletId":17,"bulletKind":0,"angle":0,"lockfish":30,"agentcall":true}}
2023/12/19 15:08:36 [INFO] Receive Message:{"Ret":"ActSyncShoot","Data":{"seatId":0,"bulletId":18,"bulletKind":0,"angle":0,"lockfish":70,"agentcall":true}}
2023/12/19 15:08:36 [INFO] Receive Message:{"Ret":"ActCreateFish","Data":{"fishinfo":[{"index":12,"fishtype":4,"cts":1702969716691,"route":"L2_R2_1","speed":68},{"index":26,"fishtype":2,"cts":1702969716691,"route":"R6_L4","speed":68},{"index":40,"fishtype":21,"cts":1702969716691,"route":"R4_L7","speed":75},{"index":55,"fishtype":2,"cts":1702969716691,"route":"L6_R2","speed":68},{"index":66,"fishtype":6,"cts":1702969716691,"route":"L4_R6","speed":60},{"index":89,"fishtype":4,"cts":1702969716691,"route":"R6_L6_1","speed":68}],"formation":null}}
2023/12/19 15:08:36 [INFO] Receive Message:{"Ret":"ActSyncShoot","Data":{"seatId":2,"bulletId":19,"bulletKind":0,"angle":0,"lockfish":30,"agentcall":true}}
2023/12/19 15:08:36 [INFO] Receive Message:{"Ret":"ActSyncShoot","Data":{"seatId":0,"bulletId":20,"bulletKind":0,"angle":0,"lockfish":70,"agentcall":true}}
2023/12/19 15:08:36 [INFO] Receive Message:{"Ret":"ActSyncShoot","Data":{"seatId":2,"bulletId":21,"bulletKind":0,"angle":0,"lockfish":30,"agentcall":true}}
2023/12/19 15:08:36 [INFO] Receive Message:{"Ret":"ActSyncShoot","Data":{"seatId":0,"bulletId":22,"bulletKind":0,"angle":0,"lockfish":70,"agentcall":true}}
2023/12/19 15:08:37 [INFO] Receive Message:{"Ret":"ActSyncShoot","Data":{"seatId":2,"bulletId":23,"bulletKind":0,"angle":0,"lockfish":30,"agentcall":true}}
2023/12/19 15:08:37 [INFO] Receive Message:{"Ret":"ActSyncShoot","Data":{"seatId":0,"bulletId":24,"bulletKind":0,"angle":0,"lockfish":70,"agentcall":true}}
2023/12/19 15:08:37 [INFO] Receive Message:{"Ret":"ActSyncShoot","Data":{"seatId":2,"bulletId":25,"bulletKind":0,"angle":0,"lockfish":30,"agentcall":true}}
2023/12/19 15:08:37 [INFO] Receive Message:{"Ret":"ActSyncShoot","Data":{"seatId":0,"bulletId":26,"bulletKind":0,"angle":0,"lockfish":70,"agentcall":true}}
2023/12/19 15:08:37 [INFO] Receive Message:{"Ret":"ActSyncShoot","Data":{"seatId":2,"bulletId":27,"bulletKind":0,"angle":0,"lockfish":30,"agentcall":true}}
2023/12/19 15:08:37 [INFO] Receive Message:{"Ret":"ActSyncShoot","Data":{"seatId":0,"bulletId":28,"bulletKind":0,"angle":0,"lockfish":70,"agentcall":true}}
2023/12/19 15:08:37 [INFO] Receive Message:{"Ret":"ActCreateFish","Data":{"fishinfo":[{"index":106,"fishtype":5,"cts":1702969717695,"route":"L5_R6","speed":54}],"formation":null}}
2023/12/19 15:08:37 [INFO] Receive Message:{"Ret":"ActSyncShoot","Data":{"seatId":2,"bulletId":29,"bulletKind":0,"angle":0,"lockfish":30,"agentcall":true}}
2023/12/19 15:08:37 [INFO] Receive Message:{"Ret":"ActSyncShoot","Data":{"seatId":0,"bulletId":30,"bulletKind":0,"angle":0,"lockfish":70,"agentcall":true}}
2023/12/19 15:08:37 [ERROR] read tcp [::1]:64976->[::1]:10001: use of closed network connection
2023/12/19 15:08:37 [INFO] 連線中斷
2023/12/19 15:08:59 [ERROR] dial tcp [::1]:10001: connectex: No connection could be made because the target machine actively refused it.
2023/12/19 15:08:59 [ERROR] Connect failed:dial tcp [::1]:10001: connectex: No connection could be made because the target machine actively refused it.
2023/12/19 15:09:10 [INFO] Connect Success
2023/12/19 15:09:12 [INFO] Receive Message:{"Code":0,"Ret":"Login","Message":"Success.","Data":{"Gold":99950.75,"IconID":0,"Name":"Test_simon","UserId":88149641,"MatchGameCode":"","MatchGameTableId":0,"Version":"1.0.0","Marquee":null,"is_relogin":false,"JackpotInfo":{"coin":true,"coinId":"1716376487562579968","coinexpiretime":0,"pool":10000},"JackpotEnable":true,"Language":{"1":{"CN":1,"EN":1,"VI":1,"PT":0,"TR":0},"1001":{"CN":1,"EN":1,"VI":1,"PT":0,"TR":0},"1002":{"CN":1,"EN":1,"VI":1,"PT":0,"TR":0},"1003":{"CN":1,"EN":1,"VI":1,"PT":0,"TR":0},"1004":{"CN":1,"EN":1,"VI":1,"PT":0,"TR":0},"1005":{"CN":1,"EN":1,"VI":1,"PT":0,"TR":0},"1006":{"CN":1,"EN":1,"VI":1,"PT":0,"TR":0},"1007":{"CN":1,"EN":1,"VI":1,"PT":0,"TR":0},"1008":{"CN":1,"EN":1,"VI":1,"PT":0,"TR":0},"1009":{"CN":1,"EN":1,"VI":1,"PT":0,"TR":0},"2001":{"CN":1,"EN":1,"VI":1,"PT":0,"TR":0},"2002":{"CN":1,"EN":1,"VI":1,"PT":0,"TR":0},"2003":{"CN":1,"EN":1,"VI":1,"PT":0,"TR":0},"2004":{"CN":1,"EN":1,"VI":1,"PT":0,"TR":0},"2005":{"CN":1,"EN":1,"VI":1,"PT":0,"TR":0},"2006":{"CN":1,"EN":1,"VI":1,"PT":0,"TR":0},"2007":{"CN":1,"EN":1,"VI":1,"PT":0,"TR":0},"2008":{"CN":1,"EN":1,"VI":1,"PT":0,"TR":0},"2009":{"CN":1,"EN":1,"VI":1,"PT":0,"TR":0},"2010":{"CN":1,"EN":1,"VI":1,"PT":0,"TR":1},"2011":{"CN":1,"EN":1,"VI":1,"PT":0,"TR":0},"3001":{"CN":1,"EN":1,"VI":1,"PT":0,"TR":0},"3002":{"CN":1,"EN":1,"VI":1,"PT":0,"TR":0},"3003":{"CN":1,"EN":1,"VI":1,"PT":0,"TR":0},"4001":{"CN":1,"EN":1,"VI":1,"PT":0,"TR":0},"9001":{"CN":1,"EN":1,"VI":1,"PT":0,"TR":0}},"wallet_type":0,"single_wallet_gold":0}}
2023/12/19 15:09:38 [INFO] Receive Message:{"Code":0,"Ret":"IntoGame","Message":"Success.","Data":{"Gid":"","BetLimit":[[0.1,1]],"Chips":[0.1,0.2,0.3,0.4,0.5,0.6,0.7,0.8,0.9,1],"RemainSec":1,"PlayerInfo":[{"seatId":3,"iconId":0,"name":"Test_simon","gold":99950.75}],"Fsm":"Init"}}
2023/12/19 15:09:38 [INFO] Receive Message:{"Ret":"ActGamePeriod","Data":{"Fsm":"Loading","Gid":"","RemainSec":3,"TimeStamp":1702969778946}}
2023/12/19 15:09:38 [INFO] Receive Message:{"Ret":"ActTableStatus","Data":{"tablePlayerInfo":[{"seatId":0,"iconId":107,"name":"****ron","gold":14729},{"seatId":1,"iconId":7,"name":"****ind","gold":11649},{"seatId":3,"iconId":0,"name":"****mon","gold":0}]}}
2023/12/19 15:09:38 [INFO] Receive Message:{"Ret":"ActSceneNotify","Data":{"scene":1,"stage":1}}
2023/12/19 15:09:41 [INFO] Receive Message:{"Ret":"ActGamePeriod","Data":{"Fsm":"Shu","Gid":"3002-1737007278747291648","RemainSec":60,"TimeStamp":1702969781945}}
2023/12/19 15:09:42 [INFO] Receive Message:{"Ret":"ActCreateFish","Data":{"fishinfo":[{"index":11,"fishtype":1,"cts":1702969782955,"route":"R7_L7_1","speed":68},{"index":36,"fishtype":1,"cts":1702969782955,"route":"L1_R1_1","speed":68}],"formation":null}}
2023/12/19 15:09:43 [INFO] Receive Message:{"Ret":"ActCreateFish","Data":{"fishinfo":[{"index":1,"fishtype":3,"cts":1702969783946,"route":"R4_L6","speed":68},{"index":12,"fishtype":1,"cts":1702969783946,"route":"R7_L7_1","speed":68},{"index":22,"fishtype":2,"cts":1702969783946,"route":"R6_L4","speed":68},{"index":30,"fishtype":2,"cts":1702969783946,"route":"L6_R2","speed":68},{"index":37,"fishtype":1,"cts":1702969783946,"route":"L1_R1_1","speed":68},{"index":56,"fishtype":3,"cts":1702969783946,"route":"L4_R5","speed":68}],"formation":null}}
2023/12/19 15:09:44 [INFO] Receive Message:{"Ret":"ActCreateFish","Data":{"fishinfo":[{"index":13,"fishtype":1,"cts":1702969784959,"route":"R7_L7_1","speed":68},{"index":38,"fishtype":1,"cts":1702969784959,"route":"L1_R1_1","speed":68}],"formation":null}}
2023/12/19 15:09:45 [ERROR] read tcp [::1]:65044->[::1]:10001: use of closed network connection
2023/12/19 15:09:45 [INFO] 連線中斷
2023/12/19 15:12:14 [INFO] Connect Success
2023/12/19 15:12:21 [INFO] Receive Message:{"Code":0,"Ret":"Login","Message":"Success.","Data":{"Gold":99950.75,"IconID":0,"Name":"Test_simon","UserId":88149641,"MatchGameCode":"","MatchGameTableId":0,"Version":"1.0.0","Marquee":null,"is_relogin":false,"JackpotInfo":{"coin":true,"coinId":"1716376487562579968","coinexpiretime":0,"pool":10000},"JackpotEnable":true,"Language":{"1":{"CN":1,"EN":1,"VI":1,"PT":0,"TR":0},"1001":{"CN":1,"EN":1,"VI":1,"PT":0,"TR":0},"1002":{"CN":1,"EN":1,"VI":1,"PT":0,"TR":0},"1003":{"CN":1,"EN":1,"VI":1,"PT":0,"TR":0},"1004":{"CN":1,"EN":1,"VI":1,"PT":0,"TR":0},"1005":{"CN":1,"EN":1,"VI":1,"PT":0,"TR":0},"1006":{"CN":1,"EN":1,"VI":1,"PT":0,"TR":0},"1007":{"CN":1,"EN":1,"VI":1,"PT":0,"TR":0},"1008":{"CN":1,"EN":1,"VI":1,"PT":0,"TR":0},"1009":{"CN":1,"EN":1,"VI":1,"PT":0,"TR":0},"2001":{"CN":1,"EN":1,"VI":1,"PT":0,"TR":0},"2002":{"CN":1,"EN":1,"VI":1,"PT":0,"TR":0},"2003":{"CN":1,"EN":1,"VI":1,"PT":0,"TR":0},"2004":{"CN":1,"EN":1,"VI":1,"PT":0,"TR":0},"2005":{"CN":1,"EN":1,"VI":1,"PT":0,"TR":0},"2006":{"CN":1,"EN":1,"VI":1,"PT":0,"TR":0},"2007":{"CN":1,"EN":1,"VI":1,"PT":0,"TR":0},"2008":{"CN":1,"EN":1,"VI":1,"PT":0,"TR":0},"2009":{"CN":1,"EN":1,"VI":1,"PT":0,"TR":0},"2010":{"CN":1,"EN":1,"VI":1,"PT":0,"TR":1},"2011":{"CN":1,"EN":1,"VI":1,"PT":0,"TR":0},"3001":{"CN":1,"EN":1,"VI":1,"PT":0,"TR":0},"3002":{"CN":1,"EN":1,"VI":1,"PT":0,"TR":0},"3003":{"CN":1,"EN":1,"VI":1,"PT":0,"TR":0},"4001":{"CN":1,"EN":1,"VI":1,"PT":0,"TR":0},"9001":{"CN":1,"EN":1,"VI":1,"PT":0,"TR":0}},"wallet_type":0,"single_wallet_gold":0}}
2023/12/19 15:12:24 [INFO] Receive Message:{"Code":0,"Ret":"IntoGame","Message":"Success.","Data":{"Gid":"","BetLimit":[[0.1,1]],"Chips":[0.1,0.2,0.3,0.4,0.5,0.6,0.7,0.8,0.9,1],"RemainSec":1,"PlayerInfo":[{"seatId":1,"iconId":0,"name":"Test_simon","gold":99950.75}],"Fsm":"Init"}}
2023/12/19 15:12:54 [ERROR] read tcp [::1]:65171->[::1]:10001: wsarecv: An existing connection was forcibly closed by the remote host.
2023/12/19 15:13:03 [INFO] 連線中斷
2023/12/19 15:13:03 [INFO] Connect Success
2023/12/19 15:13:06 [INFO] Receive Message:{"Code":0,"Ret":"Login","Message":"Success.","Data":{"Gold":99950.75,"IconID":0,"Name":"Test_simon","UserId":88149641,"MatchGameCode":"","MatchGameTableId":0,"Version":"1.0.0","Marquee":null,"is_relogin":false,"JackpotInfo":{"coin":true,"coinId":"1716376487562579968","coinexpiretime":0,"pool":10000},"JackpotEnable":true,"Language":{"1":{"CN":1,"EN":1,"VI":1,"PT":0,"TR":0},"1001":{"CN":1,"EN":1,"VI":1,"PT":0,"TR":0},"1002":{"CN":1,"EN":1,"VI":1,"PT":0,"TR":0},"1003":{"CN":1,"EN":1,"VI":1,"PT":0,"TR":0},"1004":{"CN":1,"EN":1,"VI":1,"PT":0,"TR":0},"1005":{"CN":1,"EN":1,"VI":1,"PT":0,"TR":0},"1006":{"CN":1,"EN":1,"VI":1,"PT":0,"TR":0},"1007":{"CN":1,"EN":1,"VI":1,"PT":0,"TR":0},"1008":{"CN":1,"EN":1,"VI":1,"PT":0,"TR":0},"1009":{"CN":1,"EN":1,"VI":1,"PT":0,"TR":0},"2001":{"CN":1,"EN":1,"VI":1,"PT":0,"TR":0},"2002":{"CN":1,"EN":1,"VI":1,"PT":0,"TR":0},"2003":{"CN":1,"EN":1,"VI":1,"PT":0,"TR":0},"2004":{"CN":1,"EN":1,"VI":1,"PT":0,"TR":0},"2005":{"CN":1,"EN":1,"VI":1,"PT":0,"TR":0},"2006":{"CN":1,"EN":1,"VI":1,"PT":0,"TR":0},"2007":{"CN":1,"EN":1,"VI":1,"PT":0,"TR":0},"2008":{"CN":1,"EN":1,"VI":1,"PT":0,"TR":0},"2009":{"CN":1,"EN":1,"VI":1,"PT":0,"TR":0},"2010":{"CN":1,"EN":1,"VI":1,"PT":0,"TR":1},"2011":{"CN":1,"EN":1,"VI":1,"PT":0,"TR":0},"3001":{"CN":1,"EN":1,"VI":1,"PT":0,"TR":0},"3002":{"CN":1,"EN":1,"VI":1,"PT":0,"TR":0},"3003":{"CN":1,"EN":1,"VI":1,"PT":0,"TR":0},"4001":{"CN":1,"EN":1,"VI":1,"PT":0,"TR":0},"9001":{"CN":1,"EN":1,"VI":1,"PT":0,"TR":0}},"wallet_type":0,"single_wallet_gold":0}}
2023/12/19 15:13:08 [INFO] Receive Message:{"Code":0,"Ret":"IntoGame","Message":"Success.","Data":{"Gid":"","BetLimit":[[0.1,1]],"Chips":[0.1,0.2,0.3,0.4,0.5,0.6,0.7,0.8,0.9,1],"RemainSec":1,"PlayerInfo":[{"seatId":3,"iconId":0,"name":"Test_simon","gold":99950.75}],"Fsm":"Init"}}
2023/12/19 15:13:34 [ERROR] read tcp [::1]:65236->[::1]:10001: wsarecv: An existing connection was forcibly closed by the remote host.
