2023/06/13 14:52:37 [INFO] Connect Success
2023/06/13 14:52:53 [INFO] Receive Message:{"Code":200001,"Ret":"JoinGame","Message":"data error"}
2023/06/13 14:52:53 [INFO] Receive Message:{"Code":0,"Ret":"Login","Message":"success","Data":{"Gold":3000002.85,"IconID":0,"Name":"Test_simon","UserId":80399928,"MatchGameCode":"","MatchGameTableId":0,"Version":"1.0.0","Marquee":null,"is_relogin":false}}
2023/06/13 14:53:09 [INFO] Receive Message:{"Code":0,"Ret":"JoinGame","Message":"success","Data":{"Gid":"","raiseArray":[2,4,6,8,10,12,14],"RemainSec":1,"BetInfo":{},"TableCards":[-1,-1,-1],"PlayerInfo":[{"seatId":2,"iconId":0,"name":"Test_simon","gold":3000002.85,"IsActive":false,"isFold":false,"isCompareLose":false}],"Fsm":"Init","result":null,"own":2,"tokenSeat":0,"settleInfo":null,"round":0}}
2023/06/13 14:53:10 [INFO] Receive Message:{"Ret":"ActGamePeriod","Data":{"Fsm":"Match","Gid":"2006-1668511814247256064","RemainSec":3}}
2023/06/13 14:53:13 [INFO] Receive Message:{"Ret":"ActTableStatus","Data":{"tablePlayerInfo":[{"seatId":1,"iconId":5,"name":"****e50","gold":163813,"isSitDown":true},{"seatId":2,"iconId":0,"name":"****mon","gold":3000002.85,"isSitDown":true},{"seatId":4,"iconId":107,"name":"****y84","gold":143238,"isSitDown":true}]}}
2023/06/13 14:53:13 [INFO] Receive Message:{"Ret":"ActRaiseArray","Data":{"raiseArray":[2,4,6,8,10,12,14]}}
2023/06/13 14:53:13 [INFO] Receive Message:{"Ret":"ActGold","Data":{"Gold":3000001.85}}
2023/06/13 14:53:13 [INFO] Receive Message:{"Ret":"ActAnteBet","Data":{"antebet":[{"seatId":1,"bet":1,"balance":163812},{"seatId":2,"bet":1,"balance":3000001.85},{"seatId":4,"bet":1,"balance":143237}]}}
2023/06/13 14:53:13 [INFO] Receive Message:{"Ret":"ActGamePeriod","Data":{"Fsm":"Bet","Gid":"2006-1668511814247256064","RemainSec":1}}
2023/06/13 14:53:14 [INFO] Receive Message:{"Ret":"ActGamePeriod","Data":{"Fsm":"Deal","Gid":"2006-1668511814247256064","RemainSec":1}}
2023/06/13 14:53:14 [INFO] Receive Message:{"Ret":"ActDealCard","Data":{"seatid":2,"cards":[-1,-1,-1],"cardtype":0}}
2023/06/13 14:53:15 [INFO] Receive Message:{"Ret":"ActGamePeriod","Data":{"Fsm":"Play","Gid":"2006-1668511814247256064","RemainSec":15,"Round":1}}
2023/06/13 14:53:15 [INFO] Receive Message:{"Ret":"ActTokenPlayerSeat","Data":{"SeatId":2}}
2023/06/13 14:53:29 [INFO] Receive Message:{"Code":200001,"Ret":"PlayOperate","Message":"data error","Data":"invaild index"}
2023/06/13 14:53:30 [INFO] Receive Message:{"Ret":"ActAction","Data":{"seatId":2,"actiontype":"fold","data":null}}
2023/06/13 14:53:30 [INFO] Receive Message:{"Ret":"ActGamePeriod","Data":{"Fsm":"Play","Gid":"2006-1668511814247256064","RemainSec":15,"Round":1}}
2023/06/13 14:53:30 [INFO] Receive Message:{"Ret":"ActTokenPlayerSeat","Data":{"SeatId":4}}
2023/06/13 14:53:31 [INFO] Receive Message:{"Ret":"ActAction","Data":{"seatId":4,"actiontype":"call","data":{"IsLookAt":false,"balance":143236,"gold":1}}}
2023/06/13 14:53:31 [INFO] Receive Message:{"Ret":"ActGamePeriod","Data":{"Fsm":"Play","Gid":"2006-1668511814247256064","RemainSec":15,"Round":1}}
2023/06/13 14:53:31 [INFO] Receive Message:{"Ret":"ActTokenPlayerSeat","Data":{"SeatId":1}}
2023/06/13 14:53:39 [INFO] Receive Message:{"Ret":"ActAction","Data":{"seatId":1,"actiontype":"call","data":{"IsLookAt":true,"balance":163810,"gold":2}}}
2023/06/13 14:53:39 [INFO] Receive Message:{"Ret":"ActGamePeriod","Data":{"Fsm":"Play","Gid":"2006-1668511814247256064","RemainSec":15,"Round":2}}
2023/06/13 14:53:39 [INFO] Receive Message:{"Ret":"ActTokenPlayerSeat","Data":{"SeatId":4}}
2023/06/13 14:53:42 [INFO] Receive Message:{"Ret":"ActAction","Data":{"seatId":4,"actiontype":"fold","data":null}}
2023/06/13 14:53:42 [INFO] Receive Message:{"Ret":"ActGamePeriod","Data":{"Fsm":"Play","Gid":"2006-1668511814247256064","RemainSec":15,"Round":2}}
2023/06/13 14:53:42 [INFO] Receive Message:{"Ret":"ActTokenPlayerSeat","Data":{"SeatId":1}}
2023/06/13 14:53:42 [INFO] Receive Message:{"Ret":"ActGamePeriod","Data":{"Fsm":"Result","Gid":"2006-1668511814247256064","RemainSec":8,"Round":2}}
2023/06/13 14:53:42 [INFO] Receive Message:{"Ret":"ActSettleData","Data":{"cards":{"1":[48,47,31],"2":[9,32,3],"4":[25,35,40]},"cardtype":{"1":6,"2":6,"4":6},"settleinfo":[{"seatId":1,"bet":3,"win":2.85,"Gold":163815.85,"refund":0,"isFold":false,"isCompareLose":false,"bonus":0},{"seatId":2,"bet":1,"win":0,"Gold":3000001.85,"refund":0,"isFold":true,"isCompareLose":false,"bonus":0},{"seatId":4,"bet":2,"win":0,"Gold":143236,"refund":0,"isFold":true,"isCompareLose":false,"bonus":0}]}}
2023/06/13 14:56:40 [ERROR] read tcp [::1]:63224->[::1]:10001: wsarecv: An existing connection was forcibly closed by the remote host.
2023/06/13 14:57:19 [INFO] 連線中斷
2023/06/13 14:57:22 [INFO] Connect Success
2023/06/13 14:57:25 [INFO] Receive Message:{"Code":0,"Ret":"Login","Message":"success","Data":{"Gold":3000001.85,"IconID":0,"Name":"Test_simon","UserId":80399928,"MatchGameCode":"","MatchGameTableId":0,"Version":"1.0.0","Marquee":null,"is_relogin":false}}
2023/06/13 14:57:29 [INFO] Receive Message:{"Code":0,"Ret":"JoinGame","Message":"success","Data":{"Gid":"","raiseArray":[2,4,6,8,10,12,14],"RemainSec":1,"BetInfo":{},"TableCards":[-1,-1,-1],"PlayerInfo":[{"seatId":0,"iconId":0,"name":"Test_simon","gold":3000001.85,"IsActive":false,"isFold":false,"isCompareLose":false}],"Fsm":"Init","result":null,"own":0,"tokenSeat":0,"settleInfo":null,"round":0}}
2023/06/13 14:57:30 [INFO] Receive Message:{"Ret":"ActGamePeriod","Data":{"Fsm":"Match","Gid":"2006-1668512902744641536","RemainSec":3}}
2023/06/13 14:57:33 [INFO] Receive Message:{"Ret":"ActTableStatus","Data":{"tablePlayerInfo":[{"seatId":0,"iconId":0,"name":"****mon","gold":3000001.85,"isSitDown":true},{"seatId":2,"iconId":1,"name":"****n02","gold":111390,"isSitDown":true},{"seatId":3,"iconId":2,"name":"****b11","gold":144320,"isSitDown":true}]}}
2023/06/13 14:57:33 [INFO] Receive Message:{"Ret":"ActRaiseArray","Data":{"raiseArray":[2,4,6,8,10,12,14]}}
2023/06/13 14:57:33 [INFO] Receive Message:{"Ret":"ActGold","Data":{"Gold":3000000.85}}
2023/06/13 14:57:33 [INFO] Receive Message:{"Ret":"ActAnteBet","Data":{"antebet":[{"seatId":0,"bet":1,"balance":3000000.85},{"seatId":2,"bet":1,"balance":111389},{"seatId":3,"bet":1,"balance":144319}]}}
2023/06/13 14:57:33 [INFO] Receive Message:{"Ret":"ActGamePeriod","Data":{"Fsm":"Bet","Gid":"2006-1668512902744641536","RemainSec":1}}
2023/06/13 14:57:34 [INFO] Receive Message:{"Ret":"ActGamePeriod","Data":{"Fsm":"Deal","Gid":"2006-1668512902744641536","RemainSec":1}}
2023/06/13 14:57:34 [INFO] Receive Message:{"Ret":"ActDealCard","Data":{"seatid":0,"cards":[-1,-1,-1],"cardtype":0}}
2023/06/13 14:57:35 [INFO] Receive Message:{"Ret":"ActGamePeriod","Data":{"Fsm":"Play","Gid":"2006-1668512902744641536","RemainSec":15,"Round":1}}
2023/06/13 14:57:35 [INFO] Receive Message:{"Ret":"ActTokenPlayerSeat","Data":{"SeatId":2}}
2023/06/13 14:57:44 [INFO] Receive Message:{"Ret":"ActAction","Data":{"seatId":2,"actiontype":"call","data":{"IsLookAt":true,"balance":111387,"gold":2}}}
2023/06/13 14:57:44 [INFO] Receive Message:{"Ret":"ActGamePeriod","Data":{"Fsm":"Play","Gid":"2006-1668512902744641536","RemainSec":15,"Round":1}}
2023/06/13 14:57:44 [INFO] Receive Message:{"Ret":"ActTokenPlayerSeat","Data":{"SeatId":3}}
2023/06/13 14:57:45 [INFO] Receive Message:{"Code":200001,"Ret":"PlayOperate","Message":"data error","Data":"not your turn"}
2023/06/13 14:57:48 [INFO] Receive Message:{"Ret":"ActAction","Data":{"seatId":3,"actiontype":"call","data":{"IsLookAt":true,"balance":144317,"gold":2}}}
2023/06/13 14:57:48 [INFO] Receive Message:{"Ret":"ActGamePeriod","Data":{"Fsm":"Play","Gid":"2006-1668512902744641536","RemainSec":15,"Round":1}}
2023/06/13 14:57:48 [INFO] Receive Message:{"Ret":"ActTokenPlayerSeat","Data":{"SeatId":0}}
2023/06/13 14:58:01 [INFO] Receive Message:{"Code":200001,"Ret":"PlayOperate","Message":"data error","Data":"invaild index"}
2023/06/13 14:58:03 [INFO] Receive Message:{"Ret":"ActAction","Data":{"seatId":0,"actiontype":"fold","data":null}}
2023/06/13 14:58:03 [INFO] Receive Message:{"Ret":"ActGamePeriod","Data":{"Fsm":"Play","Gid":"2006-1668512902744641536","RemainSec":15,"Round":2}}
2023/06/13 14:58:03 [INFO] Receive Message:{"Ret":"ActTokenPlayerSeat","Data":{"SeatId":2}}
2023/06/13 14:58:11 [INFO] Receive Message:{"Ret":"ActAction","Data":{"seatId":2,"actiontype":"call","data":{"IsLookAt":true,"balance":111385,"gold":2}}}
2023/06/13 14:58:11 [INFO] Receive Message:{"Ret":"ActGamePeriod","Data":{"Fsm":"Play","Gid":"2006-1668512902744641536","RemainSec":15,"Round":2}}
2023/06/13 14:58:11 [INFO] Receive Message:{"Ret":"ActTokenPlayerSeat","Data":{"SeatId":3}}
2023/06/13 14:58:15 [INFO] Receive Message:{"Ret":"ActAction","Data":{"seatId":3,"actiontype":"call","data":{"IsLookAt":true,"balance":144315,"gold":2}}}
2023/06/13 14:58:15 [INFO] Receive Message:{"Ret":"ActGamePeriod","Data":{"Fsm":"Play","Gid":"2006-1668512902744641536","RemainSec":15,"Round":3}}
2023/06/13 14:58:15 [INFO] Receive Message:{"Ret":"ActTokenPlayerSeat","Data":{"SeatId":2}}
2023/06/13 14:58:22 [INFO] Receive Message:{"Ret":"ActAction","Data":{"seatId":2,"actiontype":"fold","data":null}}
2023/06/13 14:58:22 [INFO] Receive Message:{"Ret":"ActGamePeriod","Data":{"Fsm":"Play","Gid":"2006-1668512902744641536","RemainSec":15,"Round":3}}
2023/06/13 14:58:22 [INFO] Receive Message:{"Ret":"ActTokenPlayerSeat","Data":{"SeatId":3}}
2023/06/13 14:58:22 [INFO] Receive Message:{"Ret":"ActGamePeriod","Data":{"Fsm":"Result","Gid":"2006-1668512902744641536","RemainSec":8,"Round":3}}
2023/06/13 14:58:22 [INFO] Receive Message:{"Ret":"ActSettleData","Data":{"cards":{"0":[51,37,20],"2":[36,49,46],"3":[38,10,47]},"cardtype":{"0":6,"2":5,"3":6},"settleinfo":[{"seatId":0,"bet":1,"win":0,"Gold":3000000.85,"refund":0,"isFold":true,"isCompareLose":false,"bonus":0},{"seatId":2,"bet":5,"win":0,"Gold":111385,"refund":0,"isFold":true,"isCompareLose":false,"bonus":0},{"seatId":3,"bet":5,"win":5.7,"Gold":144325.7,"refund":0,"isFold":false,"isCompareLose":false,"bonus":0}]}}
2023/06/13 16:19:09 [ERROR] read tcp [::1]:63333->[::1]:10001: wsarecv: An existing connection was forcibly closed by the remote host.
