2023/09/25 10:09:25 [INFO] 連線中斷
2023/09/25 10:09:29 [INFO] Connect Success
2023/09/25 10:09:49 [INFO] Receive Message:{"Code":0,"Ret":"Login","Message":"success","Data":{"Gold":2999993.85,"IconID":0,"Name":"Test_simon","UserId":80399928,"MatchGameCode":"","MatchGameTableId":0,"Version":"1.0.0","Marquee":null,"is_relogin":false}}
2023/09/25 10:10:53 [ERROR] read tcp [::1]:65328->[::1]:10001: wsarecv: An existing connection was forcibly closed by the remote host.
2023/09/25 10:12:23 [INFO] 連線中斷
2023/09/25 10:12:23 [INFO] Connect Success
2023/09/25 10:12:29 [INFO] Receive Message:{"Code":0,"Ret":"Login","Message":"success","Data":{"Gold":2999993.85,"IconID":0,"Name":"Test_simon","UserId":80399928,"MatchGameCode":"","MatchGameTableId":900101,"Version":"1.0.0","Marquee":null,"is_relogin":false}}
2023/09/25 10:13:17 [ERROR] read tcp [::1]:65397->[::1]:10001: wsarecv: An existing connection was forcibly closed by the remote host.
2023/09/25 10:14:35 [INFO] 連線中斷
2023/09/25 10:14:44 [ERROR] 尚未連線
2023/09/25 10:14:46 [INFO] Connect Success
2023/09/25 10:14:49 [INFO] Receive Message:{"Code":0,"Ret":"Login","Message":"success","Data":{"Gold":2999993.85,"IconID":0,"Name":"Test_simon","UserId":80399928,"MatchGameCode":"","MatchGameTableId":900101,"Version":"1.0.0","Marquee":null,"is_relogin":false}}
2023/09/25 10:14:54 [INFO] Receive Message:{"Ret":"DebugMatchType","Data":{"matchtype":0}}
2023/09/25 10:14:54 [INFO] Receive Message:{"Code":0,"Ret":"JoinGame","Message":"success","Data":{"Gid":"","BankerCards":[],"BankerCardPoint":0,"BetLimit":[[3,300]],"Chips":[3,15,30,75,150,300],"RemainSec":1,"BetInfo":{},"TableCards":{},"PlayerInfo":[{"seatId":1,"iconId":0,"name":"Test_simon","gold":2999993.85,"IsBetFinish":false,"IsDouble":[false,false],"isSitDown":true,"point":[0,0],"is21Point":[false,false],"isFiveDragon":[false,false],"isBlackJack":[false,false],"bust":[false,false],"isSetInsurance":false,"isInsurance":false,"insuranceGold":0,"parentSeat":1}],"Fsm":"Init","TokenPlayerSeatInfo":{"seatId":-1,"splittime":0},"result":[]}}
2023/09/25 10:14:55 [INFO] Receive Message:{"Ret":"ActGamePeriod","Data":{"Fsm":"Match","Gid":"2001-1706130129186459648","RemainSec":3,"TimeStamp":1695608095817}}
2023/09/25 10:14:58 [INFO] Receive Message:{"Ret":"ActTableStatus","Data":{"tablePlayerInfo":[{"seatId":0,"iconId":7,"name":"****ust","gold":100423,"isSitDown":true},{"seatId":1,"iconId":0,"name":"****mon","gold":2999993.85,"isSitDown":true},{"seatId":2,"iconId":1,"name":"****ott","gold":177688,"isSitDown":true}]}}
2023/09/25 10:14:58 [INFO] Receive Message:{"Ret":"ActGamePeriod","Data":{"Fsm":"Bet","Gid":"2001-1706130129186459648","RemainSec":20,"TimeStamp":1695608098811}}
2023/09/25 10:15:01 [INFO] Receive Message:{"Ret":"ActSeatOwner","Data":{"seatOwner":[{"seatId":0,"name":"****ust","parentSeat":0},{"seatId":1,"name":"****mon","parentSeat":1},{"seatId":2,"name":"****ott","parentSeat":2}]}}
2023/09/25 10:15:01 [INFO] Receive Message:{"Ret":"ActTableBetData","Data":{"tableBetData":[{"seatId":0,"bet":[300,0],"Gold":100123},{"seatId":1,"bet":[0,0],"Gold":2999993.85},{"seatId":2,"bet":[0,0],"Gold":177688}]}}
2023/09/25 10:15:01 [INFO] Receive Message:{"Ret":"ActSeatOwner","Data":{"seatOwner":[{"seatId":0,"name":"****ust","parentSeat":0},{"seatId":1,"name":"****mon","parentSeat":1},{"seatId":2,"name":"****ott","parentSeat":2}]}}
2023/09/25 10:15:01 [INFO] Receive Message:{"Ret":"ActTableBetData","Data":{"tableBetData":[{"seatId":0,"bet":[300,0],"Gold":100123},{"seatId":1,"bet":[0,0],"Gold":2999993.85},{"seatId":2,"bet":[300,0],"Gold":177388}]}}
2023/09/25 10:15:01 [INFO] Receive Message:{"Ret":"ActBetFinish","Data":{"seatId":2}}
2023/09/25 10:15:01 [INFO] Receive Message:{"Ret":"ActBetFinish","Data":{"seatId":0}}
2023/09/25 10:15:18 [INFO] Receive Message:{"Ret":"ActGamePeriod","Data":{"Fsm":"Deal","Gid":"2001-1706130129186459648","RemainSec":3,"TimeStamp":1695608118803}}
2023/09/25 10:15:18 [INFO] Receive Message:{"Ret":"ActGold","Data":{"Gold":2999990.85}}
2023/09/25 10:15:18 [INFO] Receive Message:{"Ret":"ActSeatOwner","Data":{"seatOwner":[{"seatId":0,"name":"****ust","parentSeat":0},{"seatId":1,"name":"****mon","parentSeat":1},{"seatId":2,"name":"****ott","parentSeat":2}]}}
2023/09/25 10:15:18 [INFO] Receive Message:{"Ret":"ActTableBetData","Data":{"tableBetData":[{"seatId":0,"bet":[300,0],"Gold":100123},{"seatId":1,"bet":[3,0],"Gold":2999990.85},{"seatId":2,"bet":[300,0],"Gold":177388}]}}
2023/09/25 10:15:18 [INFO] Receive Message:{"Ret":"ActDealCard","Data":{"bankerCards":[44,-1],"playerCards":[[51,43],[20,45],[4,24],[],[]],"point":[15,15,15,0,0]}}
2023/09/25 10:15:21 [INFO] Receive Message:{"Ret":"ActGamePeriod","Data":{"Fsm":"Play","Gid":"2001-1706130129186459648","RemainSec":20,"TimeStamp":1695608121802}}
2023/09/25 10:15:21 [INFO] Receive Message:{"Ret":"ActTokenPlayerSeat","Data":{"SeatId":0}}
2023/09/25 10:15:24 [INFO] Receive Message:{"Ret":"ActHitCard","Data":{"seatId":0,"card":39,"bust":false,"point":16,"is21Point":false,"isFiveDragon":false,"isBlackJack":false}}
2023/09/25 10:15:27 [INFO] Receive Message:{"Ret":"ActHitCard","Data":{"seatId":0,"card":5,"bust":true,"point":22,"is21Point":false,"isFiveDragon":false,"isBlackJack":false}}
2023/09/25 10:15:29 [INFO] Receive Message:{"Ret":"ActGamePeriod","Data":{"Fsm":"Play","Gid":"2001-1706130129186459648","RemainSec":20,"TimeStamp":1695608129013}}
2023/09/25 10:15:29 [INFO] Receive Message:{"Ret":"ActTokenPlayerSeat","Data":{"SeatId":1}}
2023/09/25 10:15:36 [INFO] Receive Message:{"Code":0,"Ret":"PlayOperate","Message":"success"}
2023/09/25 10:15:36 [INFO] Receive Message:{"Ret":"ActStop","Data":{"SeatId":1}}
2023/09/25 10:15:36 [INFO] Receive Message:{"Ret":"ActGamePeriod","Data":{"Fsm":"Play","Gid":"2001-1706130129186459648","RemainSec":20,"TimeStamp":1695608136709}}
2023/09/25 10:15:36 [INFO] Receive Message:{"Ret":"ActTokenPlayerSeat","Data":{"SeatId":2}}
2023/09/25 10:15:38 [INFO] Receive Message:{"Ret":"ActHitCard","Data":{"seatId":2,"card":6,"bust":true,"point":22,"is21Point":false,"isFiveDragon":false,"isBlackJack":false}}
2023/09/25 10:15:40 [INFO] Receive Message:{"Ret":"ActGamePeriod","Data":{"Fsm":"Play","Gid":"2001-1706130129186459648","RemainSec":20,"TimeStamp":1695608140113}}
2023/09/25 10:15:43 [INFO] Receive Message:{"Ret":"ActGamePeriod","Data":{"Fsm":"Open","Gid":"2001-1706130129186459648","RemainSec":4,"TimeStamp":1695608143105}}
2023/09/25 10:15:43 [INFO] Receive Message:{"Ret":"ActBankerCard","Data":{"bust":false,"cards":[44,50,29],"point":20,"is21Point":false,"isFiveDragon":false,"isBlackJack":false}}
2023/09/25 10:15:47 [INFO] Receive Message:{"Ret":"ActGamePeriod","Data":{"Fsm":"Result","Gid":"2001-1706130129186459648","RemainSec":1,"TimeStamp":1695608147110}}
2023/09/25 10:15:47 [INFO] Receive Message:{"Ret":"ActMatchGameResult","Data":{"gid":"2001-1706130129186459648","result":[{"seatId":2,"bet":[300,0],"win":[0,0],"Gold":177388},{"seatId":0,"bet":[300,0],"win":[0,0],"Gold":100123},{"seatId":1,"bet":[3,0],"win":[0,0],"Gold":2999990.85}]}}
2023/09/25 10:15:47 [INFO] Receive Message:{"Ret":"ActDropCoin","Data":{}}
2023/09/25 10:17:55 [ERROR] read tcp [::1]:65456->[::1]:10001: wsarecv: An existing connection was forcibly closed by the remote host.
2023/09/25 10:18:16 [INFO] 連線中斷
2023/09/25 10:18:17 [INFO] Connect Success
2023/09/25 10:18:20 [INFO] Receive Message:{"Code":0,"Ret":"Login","Message":"success","Data":{"Gold":1000000,"IconID":0,"Name":"Test_simon","UserId":88149641,"MatchGameCode":"","MatchGameTableId":0,"Version":"1.0.0","Marquee":null,"is_relogin":false}}
2023/09/25 10:18:22 [INFO] Receive Message:{"Code":200016,"Ret":"JoinGame","Message":"game is close"}
2023/09/25 10:20:35 [ERROR] read tcp [::1]:49207->[::1]:10001: wsarecv: An existing connection was forcibly closed by the remote host.
2023/09/25 10:20:47 [INFO] 連線中斷
2023/09/25 10:20:47 [INFO] Connect Success
2023/09/25 10:20:50 [INFO] Receive Message:{"Code":0,"Ret":"Login","Message":"success","Data":{"Gold":1000000,"IconID":0,"Name":"Test_simon","UserId":88149641,"MatchGameCode":"","MatchGameTableId":20010,"Version":"1.0.0","Marquee":null,"is_relogin":false}}
2023/09/25 10:20:53 [INFO] Receive Message:{"Ret":"DebugMatchType","Data":{"matchtype":0}}
2023/09/25 10:20:53 [INFO] Receive Message:{"Code":0,"Ret":"JoinGame","Message":"success","Data":{"Gid":"","BankerCards":[],"BankerCardPoint":0,"BetLimit":[[3,300]],"Chips":[3,15,30,75,150,300],"RemainSec":1,"BetInfo":{},"TableCards":{},"PlayerInfo":[{"seatId":2,"iconId":0,"name":"Test_simon","gold":1000000,"IsBetFinish":false,"IsDouble":[false,false],"isSitDown":true,"point":[0,0],"is21Point":[false,false],"isFiveDragon":[false,false],"isBlackJack":[false,false],"bust":[false,false],"isSetInsurance":false,"isInsurance":false,"insuranceGold":0,"parentSeat":2}],"Fsm":"Init","TokenPlayerSeatInfo":{"seatId":-1,"splittime":0},"result":[]}}
2023/09/25 10:20:54 [INFO] Receive Message:{"Ret":"ActGamePeriod","Data":{"Fsm":"Match","Gid":"2001-1706131635092590592","RemainSec":3,"TimeStamp":1695608454856}}
2023/09/25 10:20:57 [INFO] Receive Message:{"Ret":"ActTableStatus","Data":{"tablePlayerInfo":[{"seatId":0,"iconId":107,"name":"****rcy","gold":179910.2,"isSitDown":true},{"seatId":1,"iconId":2,"name":"****ert","gold":123734,"isSitDown":true},{"seatId":2,"iconId":0,"name":"****mon","gold":1000000,"isSitDown":true}]}}
2023/09/25 10:20:57 [INFO] Receive Message:{"Ret":"ActGamePeriod","Data":{"Fsm":"Bet","Gid":"2001-1706131635092590592","RemainSec":20,"TimeStamp":1695608457856}}
2023/09/25 10:21:00 [INFO] Receive Message:{"Ret":"ActSeatOwner","Data":{"seatOwner":[{"seatId":0,"name":"****rcy","parentSeat":0},{"seatId":1,"name":"****ert","parentSeat":1},{"seatId":2,"name":"****mon","parentSeat":2}]}}
2023/09/25 10:21:00 [INFO] Receive Message:{"Ret":"ActTableBetData","Data":{"tableBetData":[{"seatId":0,"bet":[0,0],"Gold":179910.2},{"seatId":1,"bet":[258,0],"Gold":123476},{"seatId":2,"bet":[0,0],"Gold":1000000}]}}
2023/09/25 10:21:00 [INFO] Receive Message:{"Ret":"ActSeatOwner","Data":{"seatOwner":[{"seatId":0,"name":"****rcy","parentSeat":0},{"seatId":1,"name":"****ert","parentSeat":1},{"seatId":2,"name":"****mon","parentSeat":2}]}}
2023/09/25 10:21:00 [INFO] Receive Message:{"Ret":"ActTableBetData","Data":{"tableBetData":[{"seatId":0,"bet":[300,0],"Gold":179610.2},{"seatId":1,"bet":[258,0],"Gold":123476},{"seatId":2,"bet":[0,0],"Gold":1000000}]}}
2023/09/25 10:21:00 [INFO] Receive Message:{"Ret":"ActBetFinish","Data":{"seatId":1}}
2023/09/25 10:21:00 [INFO] Receive Message:{"Ret":"ActBetFinish","Data":{"seatId":0}}
2023/09/25 10:21:17 [INFO] Receive Message:{"Ret":"ActGamePeriod","Data":{"Fsm":"Deal","Gid":"2001-1706131635092590592","RemainSec":3,"TimeStamp":1695608477852}}
2023/09/25 10:21:17 [INFO] Receive Message:{"Ret":"ActGold","Data":{"Gold":999997}}
2023/09/25 10:21:17 [INFO] Receive Message:{"Ret":"ActSeatOwner","Data":{"seatOwner":[{"seatId":0,"name":"****rcy","parentSeat":0},{"seatId":1,"name":"****ert","parentSeat":1},{"seatId":2,"name":"****mon","parentSeat":2}]}}
2023/09/25 10:21:17 [INFO] Receive Message:{"Ret":"ActTableBetData","Data":{"tableBetData":[{"seatId":0,"bet":[300,0],"Gold":179610.2},{"seatId":1,"bet":[258,0],"Gold":123476},{"seatId":2,"bet":[3,0],"Gold":999997}]}}
2023/09/25 10:21:17 [INFO] Receive Message:{"Ret":"ActDealCard","Data":{"bankerCards":[8,-1],"playerCards":[[31,22],[33,33],[25,47],[],[]],"point":[16,16,19,0,0]}}
2023/09/25 10:21:20 [INFO] Receive Message:{"Ret":"ActGamePeriod","Data":{"Fsm":"Play","Gid":"2001-1706131635092590592","RemainSec":20,"TimeStamp":1695608480857}}
2023/09/25 10:21:20 [INFO] Receive Message:{"Ret":"ActTokenPlayerSeat","Data":{"SeatId":0}}
2023/09/25 10:21:23 [INFO] Receive Message:{"Ret":"ActHitCard","Data":{"seatId":0,"card":48,"bust":true,"point":26,"is21Point":false,"isFiveDragon":false,"isBlackJack":false}}
2023/09/25 10:21:25 [INFO] Receive Message:{"Ret":"ActGamePeriod","Data":{"Fsm":"Play","Gid":"2001-1706131635092590592","RemainSec":20,"TimeStamp":1695608485059}}
2023/09/25 10:21:25 [INFO] Receive Message:{"Ret":"ActTokenPlayerSeat","Data":{"SeatId":1}}
2023/09/25 10:21:27 [INFO] Receive Message:{"Ret":"ActHitCard","Data":{"seatId":1,"card":4,"bust":false,"point":21,"is21Point":true,"isFiveDragon":false,"isBlackJack":false}}
2023/09/25 10:21:29 [INFO] Receive Message:{"Ret":"ActGamePeriod","Data":{"Fsm":"Play","Gid":"2001-1706131635092590592","RemainSec":20,"TimeStamp":1695608489047}}
2023/09/25 10:21:29 [INFO] Receive Message:{"Ret":"ActTokenPlayerSeat","Data":{"SeatId":2}}
2023/09/25 10:21:49 [INFO] Receive Message:{"Ret":"ActGamePeriod","Data":{"Fsm":"Play","Gid":"2001-1706131635092590592","RemainSec":20,"TimeStamp":1695608509050}}
2023/09/25 10:21:52 [INFO] Receive Message:{"Ret":"ActGamePeriod","Data":{"Fsm":"Open","Gid":"2001-1706131635092590592","RemainSec":4,"TimeStamp":1695608512055}}
2023/09/25 10:21:52 [INFO] Receive Message:{"Ret":"ActBankerCard","Data":{"bust":false,"cards":[8,51],"point":19,"is21Point":false,"isFiveDragon":false,"isBlackJack":false}}
2023/09/25 10:21:56 [INFO] Receive Message:{"Ret":"ActGamePeriod","Data":{"Fsm":"Result","Gid":"2001-1706131635092590592","RemainSec":1,"TimeStamp":1695608516055}}
2023/09/25 10:21:56 [INFO] Receive Message:{"Ret":"ActGold","Data":{"Gold":1000000}}
2023/09/25 10:21:56 [INFO] Receive Message:{"Ret":"ActMatchGameResult","Data":{"gid":"2001-1706131635092590592","result":[{"seatId":0,"bet":[300,0],"win":[0,0],"Gold":179610.2},{"seatId":1,"bet":[258,0],"win":[503.1,0],"Gold":123979.1},{"seatId":2,"bet":[3,0],"win":[3,0],"Gold":1000000}]}}
2023/09/25 10:24:13 [ERROR] read tcp [::1]:49281->[::1]:10001: use of closed network connection
2023/09/25 10:24:13 [INFO] 連線中斷
2023/09/25 10:24:22 [INFO] Connect Success
2023/09/25 10:24:25 [INFO] Receive Message:{"Code":0,"Ret":"Login","Message":"success","Data":{"Gold":1000000,"IconID":0,"Name":"Test_simon","UserId":88149641,"MatchGameCode":"","MatchGameTableId":0,"Version":"1.0.0","Marquee":null,"is_relogin":false}}
2023/09/25 10:25:11 [ERROR] read tcp [::1]:49353->[::1]:10001: wsarecv: An existing connection was forcibly closed by the remote host.
2023/09/25 10:25:19 [INFO] 連線中斷
2023/09/25 10:25:20 [INFO] Connect Success
2023/09/25 10:25:22 [INFO] Receive Message:{"Code":0,"Ret":"Login","Message":"success","Data":{"Gold":1000000,"IconID":0,"Name":"Test_simon","UserId":88149641,"MatchGameCode":"","MatchGameTableId":900101,"Version":"1.0.0","Marquee":null,"is_relogin":false}}
2023/09/25 10:26:34 [ERROR] read tcp [::1]:49381->[::1]:10001: wsarecv: An existing connection was forcibly closed by the remote host.
2023/09/25 10:26:51 [INFO] 連線中斷
2023/09/25 10:26:52 [INFO] Connect Success
2023/09/25 10:26:54 [INFO] Receive Message:{"Code":0,"Ret":"Login","Message":"success","Data":{"Gold":1000000,"IconID":0,"Name":"Test_simon","UserId":88149641,"MatchGameCode":"","MatchGameTableId":900101,"Version":"1.0.0","Marquee":null,"is_relogin":false}}
2023/09/25 10:27:35 [ERROR] read tcp [::1]:49432->[::1]:10001: wsarecv: An existing connection was forcibly closed by the remote host.
2023/09/25 10:30:16 [INFO] 連線中斷
2023/09/25 10:30:17 [INFO] Connect Success
2023/09/25 10:30:19 [INFO] Receive Message:{"Code":0,"Ret":"Login","Message":"success","Data":{"Gold":1000000,"IconID":0,"Name":"Test_simon","UserId":88149641,"MatchGameCode":"","MatchGameTableId":900101,"Version":"1.0.0","Marquee":null,"is_relogin":false}}
2023/09/25 10:31:02 [INFO] Receive Message:{"Code":0,"Ret":"InJackpot","Message":"success","Data":{"coin":false,"jpprogess":[0.1,0.03],"pool":10000}}
2023/09/25 10:31:03 [ERROR] read tcp [::1]:49658->[::1]:10001: wsarecv: An existing connection was forcibly closed by the remote host.
2023/09/25 10:45:23 [INFO] 連線中斷
2023/09/25 10:45:26 [INFO] Connect Success
2023/09/25 10:45:28 [INFO] Receive Message:{"Code":0,"Ret":"Login","Message":"success","Data":{"Gold":1000000,"IconID":0,"Name":"Test_simon","UserId":88149641,"MatchGameCode":"","MatchGameTableId":0,"Version":"1.0.0","Marquee":null,"is_relogin":false}}
2023/09/25 10:46:01 [ERROR] read tcp [::1]:49944->[::1]:10001: wsarecv: An existing connection was forcibly closed by the remote host.
2023/09/25 10:48:29 [INFO] 連線中斷
2023/09/25 10:48:29 [INFO] Connect Success
2023/09/25 11:14:49 [ERROR] read tcp [::1]:50599->[::1]:10001: wsarecv: An existing connection was forcibly closed by the remote host.
2023/09/25 11:15:02 [INFO] 連線中斷
2023/09/25 11:15:05 [INFO] Connect Success
2023/09/25 11:15:07 [INFO] Receive Message:{"Code":0,"Ret":"Login","Message":"success","Data":{"Gold":1000000,"IconID":0,"Name":"Test_simon","UserId":88149641,"MatchGameCode":"","MatchGameTableId":0,"Version":"1.0.0","Marquee":null,"is_relogin":false,"JackpotInfo":{"coin":false,"coindroptime":0,"pool":10000}}}
2023/09/25 11:15:11 [ERROR] read tcp [::1]:51349->[::1]:10001: use of closed network connection
2023/09/25 11:15:11 [INFO] 連線中斷
2023/09/25 11:15:13 [INFO] Connect Success
2023/09/25 11:15:21 [INFO] Receive Message:{"Code":0,"Ret":"Login","Message":"success","Data":{"Gold":1000000,"IconID":0,"Name":"Test_simon","UserId":88149641,"MatchGameCode":"","MatchGameTableId":0,"Version":"1.0.0","Marquee":null,"is_relogin":false,"JackpotInfo":{"coin":false,"coindroptime":0,"pool":10000}}}
2023/09/25 11:15:25 [INFO] Receive Message:{"Ret":"DebugMatchType","Data":{"matchtype":0}}
2023/09/25 11:15:25 [INFO] Receive Message:{"Code":0,"Ret":"JoinGame","Message":"success","Data":{"Gid":"","raiseArray":[2,4,6,8,10,12,14],"RemainSec":1,"BetInfo":{},"TableCards":[-1,-1,-1],"PlayerInfo":[{"seatId":3,"iconId":0,"name":"****mon","gold":1000000,"IsActive":false,"isFold":false,"isCompareLose":false,"isLookAtCards":false}],"Fsm":"Init","result":null,"own":3,"tokenSeat":0,"settleInfo":null,"round":0,"TableCardType":[],"betindex":0}}
2023/09/25 11:15:26 [INFO] Receive Message:{"Ret":"ActGamePeriod","Data":{"Fsm":"Match","Gid":"2006-1706145355902488576","RemainSec":3,"TimeStamp":1695611726150}}
2023/09/25 11:15:29 [INFO] Receive Message:{"Ret":"ActTableStatus","Data":{"tablePlayerInfo":[{"seatId":1,"iconId":104,"name":"****vis","gold":159976,"isSitDown":true},{"seatId":2,"iconId":7,"name":"****had","gold":147971,"isSitDown":true},{"seatId":3,"iconId":0,"name":"****mon","gold":1000000,"isSitDown":true},{"seatId":4,"iconId":107,"name":"****n40","gold":151552,"isSitDown":true}]}}
2023/09/25 11:15:29 [INFO] Receive Message:{"Ret":"ActRaiseArray","Data":{"raiseArray":[2,4,6,8,10,12,14]}}
2023/09/25 11:15:29 [INFO] Receive Message:{"Ret":"ActGold","Data":{"Gold":999999}}
2023/09/25 11:15:29 [INFO] Receive Message:{"Ret":"ActAnteBet","Data":{"antebet":[{"seatId":1,"bet":1,"balance":159975},{"seatId":2,"bet":1,"balance":147970},{"seatId":3,"bet":1,"balance":999999},{"seatId":4,"bet":1,"balance":151551}]}}
2023/09/25 11:15:29 [INFO] Receive Message:{"Ret":"ActGamePeriod","Data":{"Fsm":"Bet","Gid":"2006-1706145355902488576","RemainSec":1,"TimeStamp":1695611729156}}
2023/09/25 11:15:30 [INFO] Receive Message:{"Ret":"ActGamePeriod","Data":{"Fsm":"Deal","Gid":"2006-1706145355902488576","RemainSec":1,"TimeStamp":1695611730160}}
2023/09/25 11:15:30 [INFO] Receive Message:{"Ret":"ActDealCard","Data":{"seatid":3,"cards":[-1,-1,-1],"cardtype":0}}
2023/09/25 11:15:31 [INFO] Receive Message:{"Ret":"ActGamePeriod","Data":{"Fsm":"Play","Gid":"2006-1706145355902488576","RemainSec":15,"Round":1,"TimeStamp":1695611731159}}
2023/09/25 11:15:31 [INFO] Receive Message:{"Ret":"ActTokenPlayerSeat","Data":{"SeatId":2}}
2023/09/25 11:15:32 [INFO] Receive Message:{"Ret":"ActAction","Data":{"seatId":2,"actiontype":"fold","data":null}}
2023/09/25 11:15:32 [INFO] Receive Message:{"Ret":"ActGamePeriod","Data":{"Fsm":"Play","Gid":"2006-1706145355902488576","RemainSec":15,"Round":1,"TimeStamp":1695611732261}}
2023/09/25 11:15:32 [INFO] Receive Message:{"Ret":"ActTokenPlayerSeat","Data":{"SeatId":3}}
2023/09/25 11:15:35 [INFO] Receive Message:{"Code":0,"Ret":"PlayOperate","Message":"success"}
2023/09/25 11:15:35 [INFO] Receive Message:{"Ret":"ActAction","Data":{"seatId":3,"actiontype":"fold","data":null}}
2023/09/25 11:15:35 [INFO] Receive Message:{"Ret":"ActGamePeriod","Data":{"Fsm":"Play","Gid":"2006-1706145355902488576","RemainSec":15,"Round":1,"TimeStamp":1695611735865}}
2023/09/25 11:15:35 [INFO] Receive Message:{"Ret":"ActTokenPlayerSeat","Data":{"SeatId":4}}
2023/09/25 11:15:42 [INFO] Receive Message:{"Ret":"ActAction","Data":{"seatId":4,"actiontype":"fold","data":null}}
2023/09/25 11:15:42 [INFO] Receive Message:{"Ret":"ActTokenPlayerSeat","Data":{"SeatId":1}}
2023/09/25 11:15:42 [INFO] Receive Message:{"Ret":"ActGamePeriod","Data":{"Fsm":"Result","Gid":"2006-1706145355902488576","RemainSec":8,"Round":1,"TimeStamp":1695611736961}}
2023/09/25 11:15:43 [INFO] Receive Message:{"Ret":"ActSettleData","Data":{"cards":{"1":[26,11,37],"2":[24,33,29],"3":[51,20,32],"4":[38,2,1]},"cardtype":{"1":5,"2":6,"3":6,"4":6},"settleinfo":[{"seatId":1,"bet":1,"win":2.85,"Gold":159978.85,"refund":0,"isFold":false,"isCompareLose":false,"bonus":0},{"seatId":2,"bet":1,"win":0,"Gold":147970,"refund":0,"isFold":true,"isCompareLose":false,"bonus":0},{"seatId":3,"bet":1,"win":0,"Gold":999999,"refund":0,"isFold":true,"isCompareLose":false,"bonus":0},{"seatId":4,"bet":1,"win":0,"Gold":151551,"refund":0,"isFold":true,"isCompareLose":false,"bonus":0}]}}
2023/09/25 11:18:14 [ERROR] read tcp [::1]:51350->[::1]:10001: use of closed network connection
2023/09/25 11:18:14 [INFO] 連線中斷
2023/09/25 11:18:15 [INFO] Connect Success
2023/09/25 11:18:18 [INFO] Receive Message:{"Code":0,"Ret":"Login","Message":"success","Data":{"Gold":999999,"IconID":0,"Name":"Test_simon","UserId":88149641,"MatchGameCode":"","MatchGameTableId":0,"Version":"1.0.0","Marquee":null,"is_relogin":false,"JackpotInfo":{"coin":false,"coindroptime":0,"pool":10000}}}
2023/09/25 11:18:24 [INFO] Receive Message:{"Ret":"DebugMatchType","Data":{"matchtype":0}}
2023/09/25 11:18:24 [INFO] Receive Message:{"Code":0,"Ret":"JoinGame","Message":"success","Data":{"Gid":"2006-1706145355902488576","raiseArray":[2,4,6,8,10,12,14],"RemainSec":1,"BetInfo":{},"TableCards":[-1,-1,-1],"PlayerInfo":[{"seatId":2,"iconId":0,"name":"****mon","gold":999999,"IsActive":false,"isFold":false,"isCompareLose":false,"isLookAtCards":false}],"Fsm":"Init","result":[],"own":2,"tokenSeat":1,"settleInfo":null,"round":0,"TableCardType":[],"betindex":0}}
2023/09/25 11:18:25 [INFO] Receive Message:{"Ret":"ActGamePeriod","Data":{"Fsm":"Match","Gid":"2006-1706146106745819136","RemainSec":3,"TimeStamp":1695611905156}}
2023/09/25 11:18:28 [INFO] Receive Message:{"Ret":"ActTableStatus","Data":{"tablePlayerInfo":[{"seatId":0,"iconId":0,"name":"****ies","gold":147938,"isSitDown":true},{"seatId":2,"iconId":0,"name":"****mon","gold":999999,"isSitDown":true},{"seatId":3,"iconId":2,"name":"****bin","gold":178077,"isSitDown":true}]}}
2023/09/25 11:18:28 [INFO] Receive Message:{"Ret":"ActRaiseArray","Data":{"raiseArray":[2,4,6,8,10,12,14]}}
2023/09/25 11:18:28 [INFO] Receive Message:{"Ret":"ActGold","Data":{"Gold":999998}}
2023/09/25 11:18:28 [INFO] Receive Message:{"Ret":"ActAnteBet","Data":{"antebet":[{"seatId":0,"bet":1,"balance":147937},{"seatId":2,"bet":1,"balance":999998},{"seatId":3,"bet":1,"balance":178076}]}}
2023/09/25 11:18:28 [INFO] Receive Message:{"Ret":"ActGamePeriod","Data":{"Fsm":"Bet","Gid":"2006-1706146106745819136","RemainSec":1,"TimeStamp":1695611908163}}
2023/09/25 11:18:29 [INFO] Receive Message:{"Ret":"ActGamePeriod","Data":{"Fsm":"Deal","Gid":"2006-1706146106745819136","RemainSec":1,"TimeStamp":1695611909169}}
2023/09/25 11:18:29 [INFO] Receive Message:{"Ret":"ActDealCard","Data":{"seatid":2,"cards":[-1,-1,-1],"cardtype":0}}
2023/09/25 11:18:30 [INFO] Receive Message:{"Ret":"ActGamePeriod","Data":{"Fsm":"Play","Gid":"2006-1706146106745819136","RemainSec":15,"Round":1,"TimeStamp":1695611910166}}
2023/09/25 11:18:30 [INFO] Receive Message:{"Ret":"ActTokenPlayerSeat","Data":{"SeatId":0}}
2023/09/25 11:18:36 [INFO] Receive Message:{"Ret":"ActAction","Data":{"seatId":0,"actiontype":"call","data":{"IsLookAt":true,"balance":147935,"gold":2}}}
2023/09/25 11:18:36 [INFO] Receive Message:{"Ret":"ActGamePeriod","Data":{"Fsm":"Play","Gid":"2006-1706146106745819136","RemainSec":15,"Round":1,"TimeStamp":1695611916257}}
2023/09/25 11:18:36 [INFO] Receive Message:{"Ret":"ActTokenPlayerSeat","Data":{"SeatId":2}}
2023/09/25 11:18:40 [INFO] Receive Message:{"Code":0,"Ret":"PlayOperate","Message":"success"}
2023/09/25 11:18:40 [INFO] Receive Message:{"Ret":"ActAction","Data":{"seatId":2,"actiontype":"fold","data":null}}
2023/09/25 11:18:40 [INFO] Receive Message:{"Ret":"ActGamePeriod","Data":{"Fsm":"Play","Gid":"2006-1706146106745819136","RemainSec":15,"Round":1,"TimeStamp":1695611920967}}
2023/09/25 11:18:40 [INFO] Receive Message:{"Ret":"ActTokenPlayerSeat","Data":{"SeatId":3}}
2023/09/25 11:18:45 [INFO] Receive Message:{"Ret":"ActAction","Data":{"seatId":3,"actiontype":"call","data":{"IsLookAt":true,"balance":178074,"gold":2}}}
2023/09/25 11:18:45 [INFO] Receive Message:{"Ret":"ActGamePeriod","Data":{"Fsm":"Play","Gid":"2006-1706146106745819136","RemainSec":15,"Round":2,"TimeStamp":1695611925969}}
2023/09/25 11:18:45 [INFO] Receive Message:{"Ret":"ActTokenPlayerSeat","Data":{"SeatId":0}}
2023/09/25 11:19:47 [ERROR] read tcp [::1]:51634->[::1]:10001: wsarecv: An existing connection was forcibly closed by the remote host.
2023/09/25 11:20:40 [INFO] 連線中斷
2023/09/25 11:20:40 [INFO] Connect Success
2023/09/25 11:20:42 [INFO] Receive Message:{"Code":0,"Ret":"Login","Message":"success","Data":{"Gold":999998,"IconID":0,"Name":"Test_simon","UserId":88149641,"MatchGameCode":"","MatchGameTableId":0,"Version":"1.0.0","Marquee":null,"is_relogin":false,"JackpotInfo":{"coin":false,"coindroptime":0,"pool":10000}}}
2023/09/25 11:20:49 [INFO] Receive Message:{"Ret":"DebugMatchType","Data":{"matchtype":1}}
2023/09/25 11:20:49 [INFO] Receive Message:{"Code":0,"Ret":"JoinGame","Message":"success","Data":{"Gid":"","raiseArray":[2,4,6,8,10,12,14],"RemainSec":1,"BetInfo":{},"TableCards":[-1,-1,-1],"PlayerInfo":[{"seatId":2,"iconId":0,"name":"****mon","gold":999998,"IsActive":false,"isFold":false,"isCompareLose":false,"isLookAtCards":false}],"Fsm":"Init","result":null,"own":2,"tokenSeat":0,"settleInfo":null,"round":0,"TableCardType":[],"betindex":0}}
2023/09/25 11:20:50 [INFO] Receive Message:{"Ret":"ActGamePeriod","Data":{"Fsm":"Match","Gid":"2006-1706146714278170624","RemainSec":3,"TimeStamp":1695612050012}}
2023/09/25 11:20:53 [INFO] Receive Message:{"Ret":"ActTableStatus","Data":{"tablePlayerInfo":[{"seatId":0,"iconId":6,"name":"****iel","gold":146682,"isSitDown":true},{"seatId":1,"iconId":107,"name":"****t36","gold":143648,"isSitDown":true},{"seatId":2,"iconId":0,"name":"****mon","gold":999998,"isSitDown":true},{"seatId":3,"iconId":6,"name":"****e43","gold":197502,"isSitDown":true}]}}
2023/09/25 11:20:53 [INFO] Receive Message:{"Ret":"ActRaiseArray","Data":{"raiseArray":[2,4,6,8,10,12,14]}}
2023/09/25 11:20:53 [INFO] Receive Message:{"Ret":"ActGold","Data":{"Gold":999997}}
2023/09/25 11:20:53 [INFO] Receive Message:{"Ret":"ActAnteBet","Data":{"antebet":[{"seatId":0,"bet":1,"balance":146681},{"seatId":1,"bet":1,"balance":143647},{"seatId":2,"bet":1,"balance":999997},{"seatId":3,"bet":1,"balance":197501}]}}
2023/09/25 11:20:53 [INFO] Receive Message:{"Ret":"ActGamePeriod","Data":{"Fsm":"Bet","Gid":"2006-1706146714278170624","RemainSec":1,"TimeStamp":1695612053018}}
2023/09/25 11:20:54 [INFO] Receive Message:{"Ret":"ActGamePeriod","Data":{"Fsm":"Deal","Gid":"2006-1706146714278170624","RemainSec":1,"TimeStamp":1695612054025}}
2023/09/25 11:20:54 [INFO] Receive Message:{"Ret":"ActDealCard","Data":{"seatid":2,"cards":[-1,-1,-1],"cardtype":0}}
2023/09/25 11:20:55 [INFO] Receive Message:{"Ret":"ActGamePeriod","Data":{"Fsm":"Play","Gid":"2006-1706146714278170624","RemainSec":15,"Round":1,"TimeStamp":1695612055020}}
2023/09/25 11:20:55 [INFO] Receive Message:{"Ret":"ActTokenPlayerSeat","Data":{"SeatId":1}}
2023/09/25 11:20:56 [INFO] Receive Message:{"Ret":"ActAction","Data":{"seatId":1,"actiontype":"call","data":{"IsLookAt":true,"balance":143645,"gold":2}}}
2023/09/25 11:20:56 [INFO] Receive Message:{"Ret":"ActGamePeriod","Data":{"Fsm":"Play","Gid":"2006-1706146714278170624","RemainSec":15,"Round":1,"TimeStamp":1695612056117}}
2023/09/25 11:20:56 [INFO] Receive Message:{"Ret":"ActTokenPlayerSeat","Data":{"SeatId":2}}
2023/09/25 11:21:11 [INFO] Receive Message:{"Ret":"ActAction","Data":{"seatId":2,"actiontype":"fold","data":null}}
2023/09/25 11:21:11 [INFO] Receive Message:{"Ret":"ActGamePeriod","Data":{"Fsm":"Play","Gid":"2006-1706146714278170624","RemainSec":15,"Round":1,"TimeStamp":1695612071017}}
2023/09/25 11:21:11 [INFO] Receive Message:{"Ret":"ActTokenPlayerSeat","Data":{"SeatId":3}}
2023/09/25 11:21:16 [INFO] Receive Message:{"Ret":"ActAction","Data":{"seatId":3,"actiontype":"call","data":{"IsLookAt":true,"balance":197499,"gold":2}}}
2023/09/25 11:21:16 [INFO] Receive Message:{"Ret":"ActGamePeriod","Data":{"Fsm":"Play","Gid":"2006-1706146714278170624","RemainSec":15,"Round":1,"TimeStamp":1695612076125}}
2023/09/25 11:21:16 [INFO] Receive Message:{"Ret":"ActTokenPlayerSeat","Data":{"SeatId":0}}
2023/09/25 11:21:19 [INFO] Receive Message:{"Ret":"ActAction","Data":{"seatId":0,"actiontype":"call","data":{"IsLookAt":false,"balance":146680,"gold":1}}}
2023/09/25 11:21:19 [INFO] Receive Message:{"Ret":"ActGamePeriod","Data":{"Fsm":"Play","Gid":"2006-1706146714278170624","RemainSec":15,"Round":2,"TimeStamp":1695612079216}}
2023/09/25 11:21:19 [INFO] Receive Message:{"Ret":"ActTokenPlayerSeat","Data":{"SeatId":1}}
2023/09/25 11:21:20 [INFO] Receive Message:{"Ret":"ActAction","Data":{"seatId":1,"actiontype":"compare","data":{"playseat":1,"compareseat":0,"comparebet":2,"iswin":true,"playcard":[34,47,46],"comparecard":[0,33,18],"playCardtype":5,"compareCardtype":6}}}
2023/09/25 11:21:25 [INFO] Receive Message:{"Ret":"ActGamePeriod","Data":{"Fsm":"Play","Gid":"2006-1706146714278170624","RemainSec":15,"Round":2,"TimeStamp":1695612085008}}
2023/09/25 11:21:25 [INFO] Receive Message:{"Ret":"ActTokenPlayerSeat","Data":{"SeatId":3}}
2023/09/25 11:21:30 [INFO] Receive Message:{"Ret":"ActAction","Data":{"seatId":3,"actiontype":"compare","data":{"playseat":3,"compareseat":1,"comparebet":2,"iswin":false,"playcard":[50,5,42],"comparecard":[34,47,46],"playCardtype":6,"compareCardtype":5}}}
2023/09/25 11:21:46 [INFO] Receive Message:{"Ret":"ActGamePeriod","Data":{"Fsm":"Result","Gid":"2006-1706146714278170624","RemainSec":8,"Round":2,"TimeStamp":1695612095016}}
2023/09/25 11:21:46 [INFO] Receive Message:{"Ret":"ActDropCoin","Data":{}}
2023/09/25 11:21:46 [INFO] Receive Message:{"Ret":"ActSettleData","Data":{"cards":{"0":[0,33,18],"1":[34,47,46],"2":[31,30,41],"3":[50,5,42]},"cardtype":{"0":6,"1":5,"2":6,"3":6},"settleinfo":[{"seatId":0,"bet":2,"win":0,"Gold":146680,"refund":0,"isFold":false,"isCompareLose":true,"bonus":0},{"seatId":1,"bet":5,"win":7.6,"Gold":143655.6,"refund":0,"isFold":false,"isCompareLose":false,"bonus":0},{"seatId":2,"bet":1,"win":0,"Gold":999997,"refund":0,"isFold":true,"isCompareLose":false,"bonus":0},{"seatId":3,"bet":5,"win":0,"Gold":197497,"refund":0,"isFold":false,"isCompareLose":true,"bonus":0}]}}
2023/09/25 11:22:03 [INFO] 連線中斷
2023/09/25 11:22:03 [ERROR] read tcp [::1]:51775->[::1]:10001: use of closed network connection
2023/09/25 11:22:08 [INFO] Connect Success
2023/09/25 11:22:11 [INFO] Receive Message:{"Code":0,"Ret":"Login","Message":"success","Data":{"Gold":999997,"IconID":0,"Name":"Test_simon","UserId":88149641,"MatchGameCode":"","MatchGameTableId":0,"Version":"1.0.0","Marquee":null,"is_relogin":false,"JackpotInfo":{"coin":true,"coindroptime":0,"pool":10000}}}
2023/09/25 11:22:42 [ERROR] read tcp [::1]:51810->[::1]:10001: wsarecv: An existing connection was forcibly closed by the remote host.
2023/09/25 11:22:51 [INFO] 連線中斷
2023/09/25 11:22:51 [INFO] Connect Success
2023/09/25 11:23:54 [ERROR] read tcp [::1]:51840->[::1]:10001: wsarecv: An existing connection was forcibly closed by the remote host.
2023/09/25 11:50:06 [INFO] 連線中斷
2023/09/25 11:50:09 [INFO] Connect Success
2023/09/25 11:50:19 [INFO] Receive Message:{"Code":0,"Ret":"Login","Message":"success","Data":{"Gold":999997,"IconID":0,"Name":"Test_simon","UserId":88149641,"MatchGameCode":"","MatchGameTableId":0,"Version":"1.0.0","Marquee":null,"is_relogin":false,"JackpotInfo":{"coin":false,"coindroptime":0,"pool":10000}}}
2023/09/25 11:50:23 [INFO] Receive Message:{"Ret":"DebugMatchType","Data":{"matchtype":0}}
2023/09/25 11:50:23 [INFO] Receive Message:{"Code":0,"Ret":"JoinGame","Message":"success","Data":{"Gid":"","raiseArray":[2,4,6,8,10,12,14],"RemainSec":1,"BetInfo":{},"TableCards":[-1,-1,-1],"PlayerInfo":[{"seatId":1,"iconId":0,"name":"****mon","gold":999997,"IsActive":false,"isFold":false,"isCompareLose":false,"isLookAtCards":false}],"Fsm":"Init","result":null,"own":1,"tokenSeat":0,"settleInfo":null,"round":0,"TableCardType":[],"betindex":0}}
2023/09/25 11:50:24 [INFO] Receive Message:{"Ret":"ActGamePeriod","Data":{"Fsm":"Match","Gid":"2006-1706154156902846464","RemainSec":3,"TimeStamp":1695613824473}}
2023/09/25 11:50:27 [INFO] Receive Message:{"Ret":"ActTableStatus","Data":{"tablePlayerInfo":[{"seatId":0,"iconId":7,"name":"****e16","gold":103887,"isSitDown":true},{"seatId":1,"iconId":0,"name":"****mon","gold":999997,"isSitDown":true},{"seatId":4,"iconId":105,"name":"****t26","gold":179622.9,"isSitDown":true}]}}
2023/09/25 11:50:27 [INFO] Receive Message:{"Ret":"ActRaiseArray","Data":{"raiseArray":[2,4,6,8,10,12,14]}}
2023/09/25 11:50:27 [INFO] Receive Message:{"Ret":"ActGold","Data":{"Gold":999996}}
2023/09/25 11:50:27 [INFO] Receive Message:{"Ret":"ActAnteBet","Data":{"antebet":[{"seatId":0,"bet":1,"balance":103886},{"seatId":1,"bet":1,"balance":999996},{"seatId":4,"bet":1,"balance":179621.9}]}}
2023/09/25 11:50:27 [INFO] Receive Message:{"Ret":"ActGamePeriod","Data":{"Fsm":"Bet","Gid":"2006-1706154156902846464","RemainSec":1,"TimeStamp":1695613827481}}
2023/09/25 11:50:28 [INFO] Receive Message:{"Ret":"ActGamePeriod","Data":{"Fsm":"Deal","Gid":"2006-1706154156902846464","RemainSec":1,"TimeStamp":1695613828475}}
2023/09/25 11:50:28 [INFO] Receive Message:{"Ret":"ActDealCard","Data":{"seatid":1,"cards":[-1,-1,-1],"cardtype":0}}
2023/09/25 11:50:29 [INFO] Receive Message:{"Ret":"ActGamePeriod","Data":{"Fsm":"Play","Gid":"2006-1706154156902846464","RemainSec":15,"Round":1,"TimeStamp":1695613829469}}
2023/09/25 11:50:29 [INFO] Receive Message:{"Ret":"ActTokenPlayerSeat","Data":{"SeatId":1}}
2023/09/25 11:50:44 [INFO] Receive Message:{"Ret":"ActAction","Data":{"seatId":1,"actiontype":"fold","data":null}}
2023/09/25 11:50:44 [INFO] Receive Message:{"Ret":"ActGamePeriod","Data":{"Fsm":"Play","Gid":"2006-1706154156902846464","RemainSec":15,"Round":1,"TimeStamp":1695613844467}}
2023/09/25 11:50:44 [INFO] Receive Message:{"Ret":"ActTokenPlayerSeat","Data":{"SeatId":4}}
2023/09/25 11:51:45 [ERROR] read tcp [::1]:52715->[::1]:10001: wsarecv: An existing connection was forcibly closed by the remote host.
2023/09/25 11:52:09 [INFO] 連線中斷
2023/09/25 11:54:01 [INFO] Connect Success
2023/09/25 11:54:04 [INFO] Receive Message:{"Code":0,"Ret":"Login","Message":"success","Data":{"Gold":999996,"IconID":0,"Name":"Test_simon","UserId":88149641,"MatchGameCode":"","MatchGameTableId":0,"Version":"1.0.0","Marquee":null,"is_relogin":false,"JackpotInfo":{"coin":true,"coindroptime":0,"pool":10000}}}
2023/09/25 11:54:28 [INFO] Receive Message:{"Ret":"DebugMatchType","Data":{"matchtype":0}}
2023/09/25 11:54:28 [INFO] Receive Message:{"Code":0,"Ret":"JoinGame","Message":"success","Data":{"Gid":"","raiseArray":[2,4,6,8,10,12,14],"RemainSec":1,"BetInfo":{},"TableCards":[-1,-1,-1],"PlayerInfo":[{"seatId":0,"iconId":0,"name":"****mon","gold":999996,"IsActive":false,"isFold":false,"isCompareLose":false,"isLookAtCards":false}],"Fsm":"Init","result":null,"own":0,"tokenSeat":0,"settleInfo":null,"round":0,"TableCardType":[],"betindex":0}}
2023/09/25 11:54:29 [INFO] Receive Message:{"Ret":"ActGamePeriod","Data":{"Fsm":"Match","Gid":"2006-1706155183970455552","RemainSec":3,"TimeStamp":1695614069339}}
2023/09/25 11:54:32 [INFO] Receive Message:{"Ret":"ActTableStatus","Data":{"tablePlayerInfo":[{"seatId":0,"iconId":0,"name":"****mon","gold":999996,"isSitDown":true},{"seatId":2,"iconId":7,"name":"****n88","gold":103761,"isSitDown":true},{"seatId":3,"iconId":105,"name":"****ith","gold":180552.9,"isSitDown":true},{"seatId":4,"iconId":103,"name":"****thy","gold":104126,"isSitDown":true}]}}
2023/09/25 11:54:32 [INFO] Receive Message:{"Ret":"ActRaiseArray","Data":{"raiseArray":[2,4,6,8,10,12,14]}}
2023/09/25 11:54:32 [INFO] Receive Message:{"Ret":"ActGold","Data":{"Gold":999995}}
2023/09/25 11:54:32 [INFO] Receive Message:{"Ret":"ActAnteBet","Data":{"antebet":[{"seatId":0,"bet":1,"balance":999995},{"seatId":2,"bet":1,"balance":103760},{"seatId":3,"bet":1,"balance":180551.9},{"seatId":4,"bet":1,"balance":104125}]}}
2023/09/25 11:54:32 [INFO] Receive Message:{"Ret":"ActGamePeriod","Data":{"Fsm":"Bet","Gid":"2006-1706155183970455552","RemainSec":1,"TimeStamp":1695614072347}}
2023/09/25 11:54:33 [INFO] Receive Message:{"Ret":"ActGamePeriod","Data":{"Fsm":"Deal","Gid":"2006-1706155183970455552","RemainSec":1,"TimeStamp":1695614073344}}
2023/09/25 11:54:33 [INFO] Receive Message:{"Ret":"ActDealCard","Data":{"seatid":0,"cards":[-1,-1,-1],"cardtype":0}}
2023/09/25 11:54:34 [INFO] Receive Message:{"Ret":"ActGamePeriod","Data":{"Fsm":"Play","Gid":"2006-1706155183970455552","RemainSec":15,"Round":1,"TimeStamp":1695614074350}}
2023/09/25 11:54:34 [INFO] Receive Message:{"Ret":"ActTokenPlayerSeat","Data":{"SeatId":2}}
2023/09/25 11:54:36 [INFO] Receive Message:{"Ret":"ActAction","Data":{"seatId":2,"actiontype":"fold","data":null}}
2023/09/25 11:54:36 [INFO] Receive Message:{"Ret":"ActGamePeriod","Data":{"Fsm":"Play","Gid":"2006-1706155183970455552","RemainSec":15,"Round":1,"TimeStamp":1695614076449}}
2023/09/25 11:54:36 [INFO] Receive Message:{"Ret":"ActTokenPlayerSeat","Data":{"SeatId":3}}
2023/09/25 11:54:44 [INFO] Receive Message:{"Ret":"ActAction","Data":{"seatId":3,"actiontype":"fold","data":null}}
2023/09/25 11:54:44 [INFO] Receive Message:{"Ret":"ActGamePeriod","Data":{"Fsm":"Play","Gid":"2006-1706155183970455552","RemainSec":15,"Round":1,"TimeStamp":1695614084547}}
2023/09/25 11:54:44 [INFO] Receive Message:{"Ret":"ActTokenPlayerSeat","Data":{"SeatId":4}}
2023/09/25 11:54:45 [INFO] Receive Message:{"Ret":"ActAction","Data":{"seatId":4,"actiontype":"call","data":{"IsLookAt":true,"balance":104123,"gold":2}}}
2023/09/25 11:54:45 [INFO] Receive Message:{"Ret":"ActGamePeriod","Data":{"Fsm":"Play","Gid":"2006-1706155183970455552","RemainSec":15,"Round":1,"TimeStamp":1695614085652}}
2023/09/25 11:54:45 [INFO] Receive Message:{"Ret":"ActTokenPlayerSeat","Data":{"SeatId":0}}
2023/09/25 11:55:00 [INFO] Receive Message:{"Ret":"ActAction","Data":{"seatId":0,"actiontype":"fold","data":null}}
2023/09/25 11:55:00 [INFO] Receive Message:{"Ret":"ActTokenPlayerSeat","Data":{"SeatId":4}}
2023/09/25 11:55:16 [INFO] Receive Message:{"Ret":"ActGamePeriod","Data":{"Fsm":"Result","Gid":"2006-1706155183970455552","RemainSec":8,"Round":2,"TimeStamp":1695614100640}}
2023/09/25 11:55:16 [INFO] Receive Message:{"Ret":"ActDropCoin","Data":{}}
2023/09/25 11:55:16 [INFO] Receive Message:{"Ret":"ActSettleData","Data":{"cards":{"0":[51,8,21],"2":[13,10,46],"3":[50,6,29],"4":[11,27,40]},"cardtype":{"0":5,"2":6,"3":6,"4":5},"settleinfo":[{"seatId":0,"bet":1,"win":0,"Gold":999995,"refund":0,"isFold":true,"isCompareLose":false,"bonus":0},{"seatId":2,"bet":1,"win":0,"Gold":103760,"refund":0,"isFold":true,"isCompareLose":false,"bonus":0},{"seatId":3,"bet":1,"win":0,"Gold":180551.9,"refund":0,"isFold":true,"isCompareLose":false,"bonus":0},{"seatId":4,"bet":3,"win":2.85,"Gold":104128.85,"refund":0,"isFold":false,"isCompareLose":false,"bonus":0}]}}
2023/09/25 12:32:57 [ERROR] read tcp [::1]:52809->[::1]:10001: wsarecv: An existing connection was forcibly closed by the remote host.
2023/09/25 13:35:06 [INFO] 連線中斷
2023/09/25 13:35:07 [INFO] Connect Success
2023/09/25 13:35:10 [INFO] Receive Message:{"Code":0,"Ret":"Login","Message":"success","Data":{"Gold":999995,"IconID":0,"Name":"Test_simon","UserId":88149641,"MatchGameCode":"","MatchGameTableId":0,"Version":"1.0.0","Marquee":null,"is_relogin":false,"JackpotInfo":{"coin":true,"coinexpiretime":0,"pool":10000}}}
2023/09/25 13:35:38 [INFO] 連線中斷
2023/09/25 13:35:38 [ERROR] read tcp [::1]:58043->[::1]:10001: use of closed network connection
2023/09/25 13:35:38 [INFO] Connect Success
2023/09/25 13:36:21 [ERROR] read tcp [::1]:58049->[::1]:10001: wsarecv: An existing connection was forcibly closed by the remote host.
2023/09/25 13:37:47 [INFO] 連線中斷
2023/09/25 13:37:47 [INFO] Connect Success
2023/09/25 13:38:30 [INFO] Receive Message:{"Code":0,"Ret":"Login","Message":"success","Data":{"Gold":999995,"IconID":0,"Name":"Test_simon","UserId":88149641,"MatchGameCode":"","MatchGameTableId":0,"Version":"1.0.0","Marquee":null,"is_relogin":false,"JackpotInfo":{"coin":true,"coinexpiretime":1695700506,"pool":10000}}}
2023/09/25 13:38:34 [ERROR] read tcp [::1]:58119->[::1]:10001: wsarecv: An existing connection was forcibly closed by the remote host.
2023/09/25 17:03:00 [INFO] 連線中斷
2023/09/25 17:03:02 [INFO] Connect Success
2023/09/25 17:03:05 [INFO] Receive Message:{"Code":0,"Ret":"Login","Message":"success","Data":{"Gold":999995,"IconID":0,"Name":"Test_simon","UserId":88149641,"MatchGameCode":"","MatchGameTableId":0,"Version":"1.0.0","Marquee":null,"is_relogin":false,"JackpotInfo":{"coin":true,"coinexpiretime":1695700506,"pool":10000}}}
2023/09/25 17:03:10 [INFO] Receive Message:{"Code":0,"Ret":"InJackpot","Message":"success","Data":{"coin":true,"coinexpiretime":1695700506,"pool":10000}}
2023/09/25 17:04:08 [ERROR] read tcp [::1]:59203->[::1]:10001: wsarecv: An existing connection was forcibly closed by the remote host.
2023/09/25 17:04:21 [INFO] 連線中斷
2023/09/25 17:04:21 [INFO] Connect Success
2023/09/25 17:04:23 [INFO] Receive Message:{"Code":0,"Ret":"Login","Message":"success","Data":{"Gold":999995,"IconID":0,"Name":"Test_simon","UserId":88149641,"MatchGameCode":"","MatchGameTableId":0,"Version":"1.0.0","Marquee":null,"is_relogin":false,"JackpotInfo":{"coin":true,"coinexpiretime":1695700506,"pool":10000}}}
2023/09/25 17:04:25 [INFO] Receive Message:{"Code":0,"Ret":"InJackpot","Message":"success","Data":{"coin":true,"coinexpiretime":1695700506,"pool":10000}}
2023/09/25 17:04:55 [INFO] simon SendMessage={"PlayJapot":{}}
2023/09/25 17:05:10 [INFO] Receive Message:{"Code":0,"Ret":"PlayJapot","Message":"success","Data":{"prize":2,"prizetype":4,"coinId":"1706155339017097216","coinBetvalue":1,"droptime":0}}
2023/09/25 17:05:10 [INFO] Receive Message:{"Ret":"ActGold","Data":{"Gold":999997}}
2023/09/25 17:05:43 [ERROR] read tcp [::1]:59232->[::1]:10001: wsarecv: An existing connection was forcibly closed by the remote host.
