2023/10/23 14:39:40 [INFO] Connect Success
2023/10/23 14:39:47 [INFO] Receive Message:{"Code":0,"Ret":"Login","Message":"Success.","Data":{"Gold":99968,"IconID":0,"Name":"Test_simon","UserId":88149641,"MatchGameCode":"","MatchGameTableId":0,"Version":"1.0.0","Marquee":null,"is_relogin":false,"JackpotInfo":{"coin":false,"coinId":"","coinexpiretime":0,"pool":10000},"JackpotEnable":true}}
2023/10/23 14:39:52 [ERROR] read tcp [::1]:61506->[::1]:10001: wsarecv: An existing connection was forcibly closed by the remote host.
2023/10/23 14:40:48 [INFO] 連線中斷
2023/10/23 14:40:48 [INFO] Connect Success
2023/10/23 14:40:51 [INFO] Receive Message:{"Code":0,"Ret":"Login","Message":"Success.","Data":{"Gold":99968,"IconID":0,"Name":"Test_simon","UserId":88149641,"MatchGameCode":"","MatchGameTableId":0,"Version":"1.0.0","Marquee":null,"is_relogin":false,"JackpotInfo":{"coin":false,"coinId":"","coinexpiretime":0,"pool":10000},"JackpotEnable":true}}
2023/10/23 14:40:54 [INFO] Receive Message:{"Code":200016,"Ret":"JoinGame","Message":"Game is close."}
2023/10/23 14:43:42 [ERROR] read tcp [::1]:61545->[::1]:10001: wsarecv: An existing connection was forcibly closed by the remote host.
2023/10/23 14:43:57 [INFO] 連線中斷
2023/10/23 14:43:57 [INFO] Connect Success
2023/10/23 14:44:01 [INFO] Receive Message:{"Code":0,"Ret":"Login","Message":"Success.","Data":{"Gold":99968,"IconID":0,"Name":"Test_simon","UserId":88149641,"MatchGameCode":"","MatchGameTableId":20080,"Version":"1.0.0","Marquee":null,"is_relogin":false,"JackpotInfo":{"coin":false,"coinId":"","coinexpiretime":0,"pool":10000},"JackpotEnable":true}}
2023/10/23 14:44:05 [INFO] Receive Message:{"Ret":"DebugMatchType","Data":{"matchtype":0}}
2023/10/23 14:44:05 [INFO] Receive Message:{"Code":0,"Ret":"JoinGame","Message":"Success.","Data":{"Gid":"","Fsm":"Init","RemainSec":2,"Round":0,"BaseBet":1,"OwnSeat":3,"CurrentPlayer":0,"EnterGold":12,"isTrust":false,"HandCards":null,"PlayerInfo":[{"seatId":3,"iconId":0,"name":"****mon","gold":99968,"cardRecord":null,"cards":null,"cardType":0}],"result":[],"roundWinCard":null,"maxCard":0}}
2023/10/23 14:44:07 [INFO] Receive Message:{"Ret":"ActGamePeriod","Data":{"Fsm":"Match","Gid":"2008-1716344732830928896","RemainSec":3,"TimeStamp":1698043447106}}
2023/10/23 14:44:10 [INFO] Receive Message:{"Ret":"DebugMatchType","Data":{"matchtype":0}}
2023/10/23 14:44:10 [INFO] Receive Message:{"Ret":"ActTableStatus","Data":{"tablePlayerInfo":[{"seatId":2,"iconId":105,"name":"****n02","gold":170112,"isSitDown":true},{"seatId":3,"iconId":0,"name":"****mon","gold":99968,"isSitDown":true},{"seatId":4,"iconId":6,"name":"****aya","gold":126303,"isSitDown":true},{"seatId":5,"iconId":0,"name":"****a41","gold":140746,"isSitDown":true}]}}
2023/10/23 14:44:10 [INFO] Receive Message:{"Ret":"ActGamePeriod","Data":{"Fsm":"Deal","Gid":"2008-1716344732830928896","RemainSec":6,"TimeStamp":1698043450107}}
2023/10/23 14:44:10 [INFO] Receive Message:{"Ret":"ActDealCard","Data":{"seatid":3,"cards":[12,1,18,5,39,19]}}
2023/10/23 14:44:16 [INFO] Receive Message:{"Ret":"ActGamePeriod","Data":{"Fsm":"Play","Gid":"2008-1716344732830928896","RemainSec":10,"Round":1,"TimeStamp":1698043456094}}
2023/10/23 14:44:16 [INFO] Receive Message:{"Ret":"ActTokenPlayerSeat","Data":{"SeatId":2}}
2023/10/23 14:44:21 [INFO] Receive Message:{"Ret":"ActAction","Data":{"seatId":2,"actiontype":"compare","card":36}}
2023/10/23 14:44:21 [INFO] Receive Message:{"Ret":"ActGamePeriod","Data":{"Fsm":"Play","Gid":"2008-1716344732830928896","RemainSec":10,"Round":1,"TimeStamp":1698043461607}}
2023/10/23 14:44:21 [INFO] Receive Message:{"Ret":"ActTokenPlayerSeat","Data":{"SeatId":3}}
2023/10/23 14:44:31 [INFO] Receive Message:{"Ret":"trustStatus","Data":{"isTrust":true}}
2023/10/23 14:44:31 [INFO] Receive Message:{"Ret":"ActAction","Data":{"seatId":3,"actiontype":"fold","card":1}}
2023/10/23 14:44:32 [INFO] Receive Message:{"Ret":"ActGamePeriod","Data":{"Fsm":"Play","Gid":"2008-1716344732830928896","RemainSec":10,"Round":1,"TimeStamp":1698043472101}}
2023/10/23 14:44:32 [INFO] Receive Message:{"Ret":"ActTokenPlayerSeat","Data":{"SeatId":4}}
2023/10/23 14:44:38 [INFO] Receive Message:{"Ret":"ActAction","Data":{"seatId":4,"actiontype":"fold","card":-1}}
2023/10/23 14:44:38 [INFO] Receive Message:{"Ret":"ActGamePeriod","Data":{"Fsm":"Play","Gid":"2008-1716344732830928896","RemainSec":10,"Round":1,"TimeStamp":1698043478607}}
2023/10/23 14:44:38 [INFO] Receive Message:{"Ret":"ActTokenPlayerSeat","Data":{"SeatId":5}}
2023/10/23 14:44:42 [INFO] Receive Message:{"Ret":"ActAction","Data":{"seatId":5,"actiontype":"fold","card":-1}}
2023/10/23 14:44:57 [INFO] Receive Message:{"Ret":"ActGamePeriod","Data":{"Fsm":"Play","Gid":"2008-1716344732830928896","RemainSec":10,"Round":2,"TimeStamp":1698043497676}}
2023/10/23 14:44:57 [INFO] Receive Message:{"Ret":"ActTokenPlayerSeat","Data":{"SeatId":2}}
2023/10/23 14:45:03 [INFO] Receive Message:{"Ret":"ActAction","Data":{"seatId":2,"actiontype":"compare","card":3}}
2023/10/23 14:45:04 [INFO] Receive Message:{"Ret":"ActGamePeriod","Data":{"Fsm":"Play","Gid":"2008-1716344732830928896","RemainSec":10,"Round":2,"TimeStamp":1698043504099}}
2023/10/23 14:45:04 [INFO] Receive Message:{"Ret":"ActTokenPlayerSeat","Data":{"SeatId":3}}
2023/10/23 14:45:04 [INFO] Receive Message:{"Ret":"ActAction","Data":{"seatId":3,"actiontype":"compare","card":12}}
2023/10/23 14:45:04 [INFO] Receive Message:{"Ret":"ActGamePeriod","Data":{"Fsm":"Play","Gid":"2008-1716344732830928896","RemainSec":10,"Round":2,"TimeStamp":1698043504694}}
2023/10/23 14:45:04 [INFO] Receive Message:{"Ret":"ActTokenPlayerSeat","Data":{"SeatId":4}}
2023/10/23 14:45:10 [INFO] Receive Message:{"Ret":"ActAction","Data":{"seatId":4,"actiontype":"fold","card":-1}}
2023/10/23 14:45:11 [INFO] Receive Message:{"Ret":"ActGamePeriod","Data":{"Fsm":"Play","Gid":"2008-1716344732830928896","RemainSec":10,"Round":2,"TimeStamp":1698043511202}}
2023/10/23 14:45:11 [INFO] Receive Message:{"Ret":"ActTokenPlayerSeat","Data":{"SeatId":5}}
2023/10/23 14:45:16 [INFO] Receive Message:{"Ret":"ActAction","Data":{"seatId":5,"actiontype":"fold","card":-1}}
2023/10/23 14:45:16 [INFO] Receive Message:{"Ret":"ActGamePeriod","Data":{"Fsm":"Play","Gid":"2008-1716344732830928896","RemainSec":10,"Round":3,"TimeStamp":1698043516691}}
2023/10/23 14:45:16 [INFO] Receive Message:{"Ret":"ActTokenPlayerSeat","Data":{"SeatId":3}}
2023/10/23 14:45:16 [INFO] Receive Message:{"Ret":"ActAction","Data":{"seatId":3,"actiontype":"compare","card":39}}
2023/10/23 14:45:17 [INFO] Receive Message:{"Ret":"ActGamePeriod","Data":{"Fsm":"Play","Gid":"2008-1716344732830928896","RemainSec":10,"Round":3,"TimeStamp":1698043517297}}
2023/10/23 14:45:17 [INFO] Receive Message:{"Ret":"ActTokenPlayerSeat","Data":{"SeatId":4}}
2023/10/23 14:45:21 [INFO] Receive Message:{"Ret":"ActAction","Data":{"seatId":4,"actiontype":"fold","card":-1}}
2023/10/23 14:45:21 [INFO] Receive Message:{"Ret":"ActGamePeriod","Data":{"Fsm":"Play","Gid":"2008-1716344732830928896","RemainSec":10,"Round":3,"TimeStamp":1698043521791}}
2023/10/23 14:45:21 [INFO] Receive Message:{"Ret":"ActTokenPlayerSeat","Data":{"SeatId":5}}
2023/10/23 14:45:24 [INFO] Receive Message:{"Ret":"ActAction","Data":{"seatId":5,"actiontype":"fold","card":-1}}
2023/10/23 14:45:25 [INFO] Receive Message:{"Ret":"ActGamePeriod","Data":{"Fsm":"Play","Gid":"2008-1716344732830928896","RemainSec":10,"Round":3,"TimeStamp":1698043525294}}
2023/10/23 14:45:25 [INFO] Receive Message:{"Ret":"ActTokenPlayerSeat","Data":{"SeatId":2}}
2023/10/23 14:45:31 [INFO] Receive Message:{"Ret":"ActAction","Data":{"seatId":2,"actiontype":"fold","card":-1}}
2023/10/23 14:45:31 [INFO] Receive Message:{"Ret":"ActGamePeriod","Data":{"Fsm":"Play","Gid":"2008-1716344732830928896","RemainSec":10,"Round":4,"TimeStamp":1698043531788}}
2023/10/23 14:45:31 [INFO] Receive Message:{"Ret":"ActTokenPlayerSeat","Data":{"SeatId":3}}
2023/10/23 14:45:31 [INFO] Receive Message:{"Ret":"ActAction","Data":{"seatId":3,"actiontype":"compare","card":19}}
2023/10/23 14:45:32 [INFO] Receive Message:{"Ret":"ActGamePeriod","Data":{"Fsm":"Play","Gid":"2008-1716344732830928896","RemainSec":10,"Round":4,"TimeStamp":1698043532389}}
2023/10/23 14:45:32 [INFO] Receive Message:{"Ret":"ActTokenPlayerSeat","Data":{"SeatId":4}}
2023/10/23 14:45:37 [INFO] Receive Message:{"Ret":"ActAction","Data":{"seatId":4,"actiontype":"compare","card":25}}
2023/10/23 14:45:37 [INFO] Receive Message:{"Ret":"ActGamePeriod","Data":{"Fsm":"Play","Gid":"2008-1716344732830928896","RemainSec":10,"Round":4,"TimeStamp":1698043537899}}
2023/10/23 14:45:37 [INFO] Receive Message:{"Ret":"ActTokenPlayerSeat","Data":{"SeatId":5}}
2023/10/23 14:45:41 [INFO] Receive Message:{"Ret":"ActAction","Data":{"seatId":5,"actiontype":"fold","card":-1}}
2023/10/23 14:45:42 [INFO] Receive Message:{"Ret":"ActGamePeriod","Data":{"Fsm":"Play","Gid":"2008-1716344732830928896","RemainSec":10,"Round":4,"TimeStamp":1698043542401}}
2023/10/23 14:45:42 [INFO] Receive Message:{"Ret":"ActTokenPlayerSeat","Data":{"SeatId":2}}
2023/10/23 14:45:44 [INFO] Receive Message:{"Ret":"ActAction","Data":{"seatId":2,"actiontype":"fold","card":-1}}
2023/10/23 14:45:44 [INFO] Receive Message:{"Ret":"ActGamePeriod","Data":{"Fsm":"Play","Gid":"2008-1716344732830928896","RemainSec":10,"Round":5,"TimeStamp":1698043544896}}
2023/10/23 14:45:44 [INFO] Receive Message:{"Ret":"ActTokenPlayerSeat","Data":{"SeatId":4}}
2023/10/23 14:45:50 [INFO] Receive Message:{"Ret":"ActAction","Data":{"seatId":4,"actiontype":"compare","card":24}}
2023/10/23 14:45:51 [INFO] Receive Message:{"Ret":"ActGamePeriod","Data":{"Fsm":"Play","Gid":"2008-1716344732830928896","RemainSec":10,"Round":5,"TimeStamp":1698043551388}}
2023/10/23 14:45:51 [INFO] Receive Message:{"Ret":"ActTokenPlayerSeat","Data":{"SeatId":2}}
2023/10/23 14:45:56 [INFO] Receive Message:{"Ret":"ActAction","Data":{"seatId":2,"actiontype":"compare","card":21}}
2023/10/23 14:45:56 [INFO] Receive Message:{"Ret":"ActGamePeriod","Data":{"Fsm":"Play","Gid":"2008-1716344732830928896","RemainSec":10,"Round":5,"TimeStamp":1698043556896}}
2023/10/23 14:45:56 [INFO] Receive Message:{"Ret":"ActTokenPlayerSeat","Data":{"SeatId":3}}
2023/10/23 14:45:56 [INFO] Receive Message:{"Ret":"ActAction","Data":{"seatId":3,"actiontype":"compare","card":5}}
2023/10/23 14:45:57 [INFO] Receive Message:{"Ret":"ActGamePeriod","Data":{"Fsm":"PlayRoundSix","Gid":"2008-1716344732830928896","RemainSec":1,"Round":6,"TimeStamp":1698043557592}}
2023/10/23 14:45:57 [INFO] Receive Message:{"Ret":"ActTokenPlayerSeat","Data":{"SeatId":4}}
2023/10/23 14:45:57 [INFO] Receive Message:{"Ret":"ActAction","Data":{"seatId":4,"actiontype":"compare","card":23}}
2023/10/23 14:45:58 [INFO] Receive Message:{"Ret":"ActGamePeriod","Data":{"Fsm":"PlayRoundSix","Gid":"2008-1716344732830928896","RemainSec":1,"Round":6,"TimeStamp":1698043558589}}
2023/10/23 14:45:58 [INFO] Receive Message:{"Ret":"ActTokenPlayerSeat","Data":{"SeatId":2}}
2023/10/23 14:45:58 [INFO] Receive Message:{"Ret":"ActAction","Data":{"seatId":2,"actiontype":"compare","card":48}}
2023/10/23 14:45:59 [INFO] Receive Message:{"Ret":"ActGamePeriod","Data":{"Fsm":"PlayRoundSix","Gid":"2008-1716344732830928896","RemainSec":1,"Round":6,"TimeStamp":1698043559587}}
2023/10/23 14:45:59 [INFO] Receive Message:{"Ret":"ActTokenPlayerSeat","Data":{"SeatId":3}}
2023/10/23 14:45:59 [INFO] Receive Message:{"Ret":"ActAction","Data":{"seatId":3,"actiontype":"compare","card":18}}
2023/10/23 14:46:00 [INFO] Receive Message:{"Ret":"ActGamePeriod","Data":{"Fsm":"Show","Gid":"2008-1716344732830928896","RemainSec":1,"Round":7,"TimeStamp":1698043560690}}
2023/10/23 14:46:00 [INFO] Receive Message:{"Ret":"ActshowData","Data":{"showCardData":[{"seatId":2,"lastCard":[]},{"seatId":3,"lastCard":[]},{"seatId":4,"lastCard":[]},{"seatId":5,"lastCard":[22,49]}]}}
2023/10/23 14:46:06 [INFO] Receive Message:{"Ret":"ActGamePeriod","Data":{"Fsm":"Result","Gid":"2008-1716344732830928896","RemainSec":6,"Round":7,"TimeStamp":1698043561700}}
2023/10/23 14:46:06 [INFO] Receive Message:{"Ret":"ActGold","Data":{"Gold":99964}}
2023/10/23 14:46:06 [INFO] Receive Message:{"Ret":"ActSettleData","Data":{"settleData":[{"seatId":2,"win":-5,"gold":170107},{"seatId":3,"win":-4,"gold":99964},{"seatId":4,"win":16.15,"gold":126319.15},{"seatId":5,"win":-8,"gold":140738}]}}
2023/10/23 14:46:06 [INFO] Receive Message:{"Ret":"ActDropCoin","Data":{}}
2023/10/23 14:46:37 [INFO] Receive Message:{"Ret":"DebugMatchType","Data":{"matchtype":0}}
2023/10/23 14:46:37 [INFO] Receive Message:{"Code":0,"Ret":"JoinGame","Message":"Success.","Data":{"Gid":"2008-1716344732830928896","Fsm":"Init","RemainSec":2,"Round":0,"BaseBet":1,"OwnSeat":3,"CurrentPlayer":4,"EnterGold":12,"isTrust":false,"HandCards":null,"PlayerInfo":[{"seatId":3,"iconId":0,"name":"****mon","gold":99964,"cardRecord":null,"cards":null,"cardType":0}],"result":[],"roundWinCard":[],"maxCard":-1}}
2023/10/23 14:46:39 [INFO] Receive Message:{"Ret":"ActGamePeriod","Data":{"Fsm":"Match","Gid":"2008-1716345370528714752","RemainSec":3,"TimeStamp":1698043599130}}
2023/10/23 14:46:42 [INFO] Receive Message:{"Ret":"DebugMatchType","Data":{"matchtype":0}}
2023/10/23 14:46:42 [INFO] Receive Message:{"Ret":"ActTableStatus","Data":{"tablePlayerInfo":[{"seatId":0,"iconId":6,"name":"****e95","gold":102383,"isSitDown":true},{"seatId":1,"iconId":106,"name":"****r19","gold":124991,"isSitDown":true},{"seatId":3,"iconId":0,"name":"****mon","gold":99964,"isSitDown":true},{"seatId":4,"iconId":1,"name":"****u62","gold":186099,"isSitDown":true},{"seatId":5,"iconId":3,"name":"****n12","gold":132578,"isSitDown":true}]}}
2023/10/23 14:46:42 [INFO] Receive Message:{"Ret":"ActGamePeriod","Data":{"Fsm":"Deal","Gid":"2008-1716345370528714752","RemainSec":6,"TimeStamp":1698043602132}}
2023/10/23 14:46:42 [INFO] Receive Message:{"Ret":"ActDealCard","Data":{"seatid":3,"cards":[22,6,50,27,42,41]}}
2023/10/23 14:46:59 [ERROR] read tcp [::1]:61646->[::1]:10001: wsarecv: An existing connection was forcibly closed by the remote host.
2023/10/23 16:24:47 [INFO] 連線中斷
2023/10/23 16:24:48 [INFO] Connect Success
2023/10/23 16:24:50 [INFO] Receive Message:{"Code":0,"Ret":"Login","Message":"Success.","Data":{"Gold":99964,"IconID":0,"Name":"Test_simon","UserId":88149641,"MatchGameCode":"","MatchGameTableId":0,"Version":"1.0.0","Marquee":null,"is_relogin":false,"JackpotInfo":{"coin":false,"coinId":"","coinexpiretime":0,"pool":10000},"JackpotEnable":true}}
2023/10/23 16:24:53 [INFO] 連線中斷
2023/10/23 16:24:53 [ERROR] read tcp [::1]:64769->[::1]:10001: use of closed network connection
2023/10/23 16:28:27 [INFO] Connect Success
2023/10/23 16:38:14 [INFO] Receive Message:{"Code":0,"Ret":"Login","Message":"Success.","Data":{"Gold":99964,"IconID":0,"Name":"Test_simon","UserId":88149641,"MatchGameCode":"","MatchGameTableId":0,"Version":"1.0.0","Marquee":null,"is_relogin":false,"JackpotInfo":{"coin":false,"coinId":"","coinexpiretime":0,"pool":10000},"JackpotEnable":true}}
2023/10/23 16:44:33 [INFO] Receive Message:{"Ret":"DebugMatchType","Data":{"matchtype":0}}
2023/10/23 16:44:33 [INFO] Receive Message:{"Code":0,"Ret":"JoinGame","Message":"Success.","Data":{"Gid":"","BankerCards":[],"BankerCardPoint":0,"BetLimit":[[3,300]],"Chips":[3,15,30,75,150,300],"RemainSec":1,"BetInfo":{},"TableCards":{},"PlayerInfo":[{"seatId":0,"iconId":0,"name":"Test_simon","gold":99964,"IsBetFinish":false,"IsDouble":[false,false],"isSitDown":true,"point":[0,0],"is21Point":[false,false],"isFiveDragon":[false,false],"isBlackJack":[false,false],"bust":[false,false],"isSetInsurance":false,"isInsurance":false,"insuranceGold":0,"parentSeat":0}],"Fsm":"Init","TokenPlayerSeatInfo":{"seatId":-1,"splittime":0},"result":[]}}
2023/10/23 16:44:34 [INFO] Receive Message:{"Ret":"ActGamePeriod","Data":{"Fsm":"Match","Gid":"2001-1716375045531504640","RemainSec":3,"TimeStamp":1698050674160}}
2023/10/23 16:44:37 [INFO] Receive Message:{"Ret":"ActTableStatus","Data":{"tablePlayerInfo":[{"seatId":0,"iconId":0,"name":"****mon","gold":99964,"isSitDown":true},{"seatId":2,"iconId":104,"name":"****ice","gold":110238,"isSitDown":true},{"seatId":3,"iconId":4,"name":"****s89","gold":102222,"isSitDown":true},{"seatId":4,"iconId":107,"name":"****dre","gold":139056.7,"isSitDown":true}]}}
2023/10/23 16:44:37 [INFO] Receive Message:{"Ret":"ActGamePeriod","Data":{"Fsm":"Bet","Gid":"2001-1716375045531504640","RemainSec":20,"TimeStamp":1698050677159}}
2023/10/23 16:44:39 [INFO] Receive Message:{"Ret":"ActSeatOwner","Data":{"seatOwner":[{"seatId":0,"name":"****mon","parentSeat":0},{"seatId":2,"name":"****ice","parentSeat":2},{"seatId":3,"name":"****s89","parentSeat":3},{"seatId":4,"name":"****dre","parentSeat":4}]}}
2023/10/23 16:44:39 [INFO] Receive Message:{"Ret":"ActTableBetData","Data":{"tableBetData":[{"seatId":0,"bet":[0,0],"Gold":99964},{"seatId":2,"bet":[0,0],"Gold":110238},{"seatId":3,"bet":[15,0],"Gold":102207},{"seatId":4,"bet":[0,0],"Gold":139056.7}]}}
2023/10/23 16:44:39 [INFO] Receive Message:{"Ret":"ActSeatOwner","Data":{"seatOwner":[{"seatId":0,"name":"****mon","parentSeat":0},{"seatId":2,"name":"****ice","parentSeat":2},{"seatId":3,"name":"****s89","parentSeat":3},{"seatId":4,"name":"****dre","parentSeat":4}]}}
2023/10/23 16:44:39 [INFO] Receive Message:{"Ret":"ActTableBetData","Data":{"tableBetData":[{"seatId":0,"bet":[0,0],"Gold":99964},{"seatId":2,"bet":[300,0],"Gold":109938},{"seatId":3,"bet":[15,0],"Gold":102207},{"seatId":4,"bet":[0,0],"Gold":139056.7}]}}
2023/10/23 16:44:39 [INFO] Receive Message:{"Ret":"ActBetFinish","Data":{"seatId":3}}
2023/10/23 16:44:39 [INFO] Receive Message:{"Ret":"ActBetFinish","Data":{"seatId":2}}
2023/10/23 16:44:41 [INFO] Receive Message:{"Ret":"ActSeatOwner","Data":{"seatOwner":[{"seatId":0,"name":"****mon","parentSeat":0},{"seatId":2,"name":"****ice","parentSeat":2},{"seatId":3,"name":"****s89","parentSeat":3},{"seatId":4,"name":"****dre","parentSeat":4}]}}
2023/10/23 16:44:41 [INFO] Receive Message:{"Ret":"ActTableBetData","Data":{"tableBetData":[{"seatId":0,"bet":[0,0],"Gold":99964},{"seatId":2,"bet":[300,0],"Gold":109938},{"seatId":3,"bet":[15,0],"Gold":102207},{"seatId":4,"bet":[300,0],"Gold":138756.7}]}}
2023/10/23 16:44:41 [INFO] Receive Message:{"Ret":"ActBetFinish","Data":{"seatId":4}}
2023/10/23 16:44:57 [INFO] Receive Message:{"Ret":"ActGamePeriod","Data":{"Fsm":"Deal","Gid":"2001-1716375045531504640","RemainSec":3,"TimeStamp":1698050697162}}
2023/10/23 16:44:57 [INFO] Receive Message:{"Ret":"ActGold","Data":{"Gold":99961}}
2023/10/23 16:44:57 [INFO] Receive Message:{"Ret":"ActSeatOwner","Data":{"seatOwner":[{"seatId":0,"name":"****mon","parentSeat":0},{"seatId":2,"name":"****ice","parentSeat":2},{"seatId":3,"name":"****s89","parentSeat":3},{"seatId":4,"name":"****dre","parentSeat":4}]}}
2023/10/23 16:44:57 [INFO] Receive Message:{"Ret":"ActTableBetData","Data":{"tableBetData":[{"seatId":0,"bet":[3,0],"Gold":99961},{"seatId":2,"bet":[300,0],"Gold":109938},{"seatId":3,"bet":[15,0],"Gold":102207},{"seatId":4,"bet":[300,0],"Gold":138756.7}]}}
2023/10/23 16:44:57 [INFO] Receive Message:{"Ret":"ActDealCard","Data":{"bankerCards":[32,-1],"playerCards":[[36,4],[],[39,48],[8,51],[10,2]],"point":[15,0,21,19,13]}}
2023/10/23 16:45:00 [INFO] Receive Message:{"Ret":"ActGamePeriod","Data":{"Fsm":"Play","Gid":"2001-1716375045531504640","RemainSec":20,"TimeStamp":1698050700165}}
2023/10/23 16:45:00 [INFO] Receive Message:{"Ret":"ActTokenPlayerSeat","Data":{"SeatId":0}}
2023/10/23 16:45:20 [INFO] Receive Message:{"Ret":"ActGamePeriod","Data":{"Fsm":"Play","Gid":"2001-1716375045531504640","RemainSec":20,"TimeStamp":1698050720162}}
2023/10/23 16:45:20 [INFO] Receive Message:{"Ret":"ActGamePeriod","Data":{"Fsm":"Play","Gid":"2001-1716375045531504640","RemainSec":20,"TimeStamp":1698050720256}}
2023/10/23 16:45:20 [INFO] Receive Message:{"Ret":"ActTokenPlayerSeat","Data":{"SeatId":3}}
2023/10/23 16:45:21 [INFO] Receive Message:{"Ret":"ActStop","Data":{"SeatId":3}}
2023/10/23 16:45:21 [INFO] Receive Message:{"Ret":"ActGamePeriod","Data":{"Fsm":"Play","Gid":"2001-1716375045531504640","RemainSec":20,"TimeStamp":1698050721357}}
2023/10/23 16:45:21 [INFO] Receive Message:{"Ret":"ActTokenPlayerSeat","Data":{"SeatId":4}}
2023/10/23 16:45:24 [INFO] Receive Message:{"Ret":"ActHitCard","Data":{"seatId":4,"card":7,"bust":false,"point":21,"is21Point":true,"isFiveDragon":false,"isBlackJack":false}}
2023/10/23 16:45:26 [INFO] Receive Message:{"Ret":"ActGamePeriod","Data":{"Fsm":"Play","Gid":"2001-1716375045531504640","RemainSec":20,"TimeStamp":1698050726067}}
2023/10/23 16:45:29 [INFO] Receive Message:{"Ret":"ActGamePeriod","Data":{"Fsm":"Open","Gid":"2001-1716375045531504640","RemainSec":4,"TimeStamp":1698050729056}}
2023/10/23 16:45:29 [INFO] Receive Message:{"Ret":"ActBankerCard","Data":{"bust":false,"cards":[32,11],"point":17,"is21Point":false,"isFiveDragon":false,"isBlackJack":false}}
2023/10/23 16:45:39 [INFO] Receive Message:{"Ret":"ActGamePeriod","Data":{"Fsm":"Result","Gid":"2001-1716375045531504640","RemainSec":1,"TimeStamp":1698050733057}}
2023/10/23 16:45:39 [INFO] Receive Message:{"Ret":"ActMatchGameResult","Data":{"gid":"2001-1716375045531504640","result":[{"seatId":3,"bet":[15,0],"win":[29.25,0],"Gold":102236.25},{"seatId":4,"bet":[300,0],"win":[585,0],"Gold":139341.7},{"seatId":0,"bet":[3,0],"win":[0,0],"Gold":99961},{"seatId":2,"bet":[300,0],"win":[727.5,0],"Gold":110665.5}]}}
2023/10/23 16:45:39 [INFO] Receive Message:{"Ret":"ActDropCoin","Data":{}}
2023/10/23 16:46:11 [INFO] Receive Message:{"Ret":"DebugMatchType","Data":{"matchtype":0}}
2023/10/23 16:46:11 [INFO] Receive Message:{"Code":0,"Ret":"JoinGame","Message":"Success.","Data":{"Gid":"2001-1716375045531504640","BankerCards":[],"BankerCardPoint":0,"BetLimit":[[3,300]],"Chips":[3,15,30,75,150,300],"RemainSec":1,"BetInfo":{},"TableCards":{},"PlayerInfo":[{"seatId":3,"iconId":0,"name":"Test_simon","gold":99961,"IsBetFinish":false,"IsDouble":[false,false],"isSitDown":true,"point":[0,0],"is21Point":[false,false],"isFiveDragon":[false,false],"isBlackJack":[false,false],"bust":[false,false],"isSetInsurance":false,"isInsurance":false,"insuranceGold":0,"parentSeat":3}],"Fsm":"Init","TokenPlayerSeatInfo":{"seatId":-1,"splittime":0},"result":[]}}
2023/10/23 16:46:12 [INFO] Receive Message:{"Ret":"ActGamePeriod","Data":{"Fsm":"Match","Gid":"2001-1716375459966488576","RemainSec":3,"TimeStamp":1698050772966}}
2023/10/23 16:46:15 [INFO] Receive Message:{"Ret":"ActTableStatus","Data":{"tablePlayerInfo":[{"seatId":0,"iconId":102,"name":"****y87","gold":174474,"isSitDown":true},{"seatId":1,"iconId":104,"name":"****s53","gold":103912,"isSitDown":true},{"seatId":3,"iconId":0,"name":"****mon","gold":99961,"isSitDown":true}]}}
2023/10/23 16:46:15 [INFO] Receive Message:{"Ret":"ActGamePeriod","Data":{"Fsm":"Bet","Gid":"2001-1716375459966488576","RemainSec":20,"TimeStamp":1698050775963}}
2023/10/23 16:46:18 [INFO] Receive Message:{"Ret":"ActSeatOwner","Data":{"seatOwner":[{"seatId":0,"name":"****y87","parentSeat":0},{"seatId":1,"name":"****s53","parentSeat":1},{"seatId":3,"name":"****mon","parentSeat":3}]}}
2023/10/23 16:46:18 [INFO] Receive Message:{"Ret":"ActTableBetData","Data":{"tableBetData":[{"seatId":0,"bet":[0,0],"Gold":174474},{"seatId":1,"bet":[150,0],"Gold":103762},{"seatId":3,"bet":[0,0],"Gold":99961}]}}
2023/10/23 16:46:18 [INFO] Receive Message:{"Ret":"ActSeatOwner","Data":{"seatOwner":[{"seatId":0,"name":"****y87","parentSeat":0},{"seatId":1,"name":"****s53","parentSeat":1},{"seatId":3,"name":"****mon","parentSeat":3}]}}
2023/10/23 16:46:18 [INFO] Receive Message:{"Ret":"ActTableBetData","Data":{"tableBetData":[{"seatId":0,"bet":[225,0],"Gold":174249},{"seatId":1,"bet":[150,0],"Gold":103762},{"seatId":3,"bet":[0,0],"Gold":99961}]}}
2023/10/23 16:46:18 [INFO] Receive Message:{"Ret":"ActBetFinish","Data":{"seatId":1}}
2023/10/23 16:46:18 [INFO] Receive Message:{"Ret":"ActBetFinish","Data":{"seatId":0}}
2023/10/23 16:46:35 [INFO] Receive Message:{"Ret":"ActGamePeriod","Data":{"Fsm":"Deal","Gid":"2001-1716375459966488576","RemainSec":3,"TimeStamp":1698050795973}}
2023/10/23 16:46:35 [INFO] Receive Message:{"Ret":"ActGold","Data":{"Gold":99958}}
2023/10/23 16:46:35 [INFO] Receive Message:{"Ret":"ActSeatOwner","Data":{"seatOwner":[{"seatId":0,"name":"****y87","parentSeat":0},{"seatId":1,"name":"****s53","parentSeat":1},{"seatId":3,"name":"****mon","parentSeat":3}]}}
2023/10/23 16:46:35 [INFO] Receive Message:{"Ret":"ActTableBetData","Data":{"tableBetData":[{"seatId":0,"bet":[225,0],"Gold":174249},{"seatId":1,"bet":[150,0],"Gold":103762},{"seatId":3,"bet":[3,0],"Gold":99958}]}}
2023/10/23 16:46:35 [INFO] Receive Message:{"Ret":"ActDealCard","Data":{"bankerCards":[28,-1],"playerCards":[[50,44],[40,38],[],[25,17],[]],"point":[16,12,0,15,0]}}
2023/10/23 16:46:38 [INFO] Receive Message:{"Ret":"ActGamePeriod","Data":{"Fsm":"Play","Gid":"2001-1716375459966488576","RemainSec":20,"TimeStamp":1698050798969}}
2023/10/23 16:46:38 [INFO] Receive Message:{"Ret":"ActTokenPlayerSeat","Data":{"SeatId":0}}
2023/10/23 16:46:41 [INFO] Receive Message:{"Ret":"ActHitCard","Data":{"seatId":0,"card":7,"bust":true,"point":24,"is21Point":false,"isFiveDragon":false,"isBlackJack":false}}
2023/10/23 16:46:43 [INFO] Receive Message:{"Ret":"ActGamePeriod","Data":{"Fsm":"Play","Gid":"2001-1716375459966488576","RemainSec":20,"TimeStamp":1698050803068}}
2023/10/23 16:46:43 [INFO] Receive Message:{"Ret":"ActTokenPlayerSeat","Data":{"SeatId":1}}
2023/10/23 16:46:46 [INFO] Receive Message:{"Ret":"ActHitCard","Data":{"seatId":1,"card":14,"bust":false,"point":14,"is21Point":false,"isFiveDragon":false,"isBlackJack":false}}
2023/10/23 16:46:47 [INFO] Receive Message:{"Ret":"ActHitCard","Data":{"seatId":1,"card":0,"bust":false,"point":15,"is21Point":false,"isFiveDragon":false,"isBlackJack":false}}
2023/10/23 16:46:49 [INFO] Receive Message:{"Ret":"ActHitCard","Data":{"seatId":1,"card":27,"bust":false,"point":17,"is21Point":false,"isFiveDragon":true,"isBlackJack":false}}
2023/10/23 16:46:51 [INFO] Receive Message:{"Ret":"ActGamePeriod","Data":{"Fsm":"Play","Gid":"2001-1716375459966488576","RemainSec":20,"TimeStamp":1698050811073}}
2023/10/23 16:46:51 [INFO] Receive Message:{"Ret":"ActTokenPlayerSeat","Data":{"SeatId":3}}
2023/10/23 16:47:11 [INFO] Receive Message:{"Ret":"ActGamePeriod","Data":{"Fsm":"Play","Gid":"2001-1716375459966488576","RemainSec":20,"TimeStamp":1698050831070}}
2023/10/23 16:47:14 [INFO] Receive Message:{"Ret":"ActGamePeriod","Data":{"Fsm":"Open","Gid":"2001-1716375459966488576","RemainSec":4,"TimeStamp":1698050834071}}
2023/10/23 16:47:14 [INFO] Receive Message:{"Ret":"ActBankerCard","Data":{"bust":false,"cards":[28,36,45],"point":20,"is21Point":false,"isFiveDragon":false,"isBlackJack":false}}
2023/10/23 16:47:58 [ERROR] read tcp [::1]:64864->[::1]:10001: wsarecv: An existing connection was forcibly closed by the remote host.
2023/10/23 16:48:52 [INFO] 連線中斷
2023/10/23 16:48:53 [INFO] Connect Success
2023/10/23 16:48:58 [INFO] Receive Message:{"Code":0,"Ret":"Login","Message":"Success.","Data":{"Gold":99958,"IconID":0,"Name":"Test_simon","UserId":88149641,"MatchGameCode":"","MatchGameTableId":0,"Version":"1.0.0","Marquee":null,"is_relogin":false,"JackpotInfo":{"coin":false,"coinId":"","coinexpiretime":0,"pool":10000},"JackpotEnable":true}}
2023/10/23 16:49:04 [INFO] Receive Message:{"Ret":"DebugMatchType","Data":{"matchtype":1}}
2023/10/23 16:49:04 [INFO] Receive Message:{"Code":0,"Ret":"JoinGame","Message":"Success.","Data":{"Gid":"","BankerCards":[],"BankerCardPoint":0,"BetLimit":[[3,300]],"Chips":[3,15,30,75,150,300],"RemainSec":1,"BetInfo":{},"TableCards":{},"PlayerInfo":[{"seatId":4,"iconId":0,"name":"Test_simon","gold":99958,"IsBetFinish":false,"IsDouble":[false,false],"isSitDown":true,"point":[0,0],"is21Point":[false,false],"isFiveDragon":[false,false],"isBlackJack":[false,false],"bust":[false,false],"isSetInsurance":false,"isInsurance":false,"insuranceGold":0,"parentSeat":4}],"Fsm":"Init","TokenPlayerSeatInfo":{"seatId":-1,"splittime":0},"result":[]}}
2023/10/23 16:49:05 [INFO] Receive Message:{"Ret":"ActGamePeriod","Data":{"Fsm":"Match","Gid":"2001-1716376181340639232","RemainSec":3,"TimeStamp":1698050945016}}
2023/10/23 16:49:08 [INFO] Receive Message:{"Ret":"ActTableStatus","Data":{"tablePlayerInfo":[{"seatId":0,"iconId":104,"name":"****a97","gold":187276,"isSitDown":true},{"seatId":1,"iconId":100,"name":"****uis","gold":136574.7,"isSitDown":true},{"seatId":2,"iconId":106,"name":"****ict","gold":193174,"isSitDown":true},{"seatId":4,"iconId":0,"name":"****mon","gold":99958,"isSitDown":true}]}}
2023/10/23 16:49:08 [INFO] Receive Message:{"Ret":"ActGamePeriod","Data":{"Fsm":"Bet","Gid":"2001-1716376181340639232","RemainSec":20,"TimeStamp":1698050948010}}
2023/10/23 16:49:09 [INFO] Receive Message:{"Ret":"ActSeatOwner","Data":{"seatOwner":[{"seatId":0,"name":"****a97","parentSeat":0},{"seatId":1,"name":"****uis","parentSeat":1},{"seatId":2,"name":"****ict","parentSeat":2},{"seatId":4,"name":"****mon","parentSeat":4}]}}
2023/10/23 16:49:09 [INFO] Receive Message:{"Ret":"ActTableBetData","Data":{"tableBetData":[{"seatId":0,"bet":[0,0],"Gold":187276},{"seatId":1,"bet":[0,0],"Gold":136574.7},{"seatId":2,"bet":[186,0],"Gold":192988},{"seatId":4,"bet":[0,0],"Gold":99958}]}}
2023/10/23 16:49:09 [INFO] Receive Message:{"Ret":"ActBetFinish","Data":{"seatId":2}}
2023/10/23 16:49:12 [INFO] Receive Message:{"Ret":"ActSeatOwner","Data":{"seatOwner":[{"seatId":0,"name":"****a97","parentSeat":0},{"seatId":1,"name":"****uis","parentSeat":1},{"seatId":2,"name":"****ict","parentSeat":2},{"seatId":4,"name":"****mon","parentSeat":4}]}}
2023/10/23 16:49:12 [INFO] Receive Message:{"Ret":"ActTableBetData","Data":{"tableBetData":[{"seatId":0,"bet":[0,0],"Gold":187276},{"seatId":1,"bet":[300,0],"Gold":136274.7},{"seatId":2,"bet":[186,0],"Gold":192988},{"seatId":4,"bet":[0,0],"Gold":99958}]}}
2023/10/23 16:49:12 [INFO] Receive Message:{"Ret":"ActBetFinish","Data":{"seatId":1}}
2023/10/23 16:49:12 [INFO] Receive Message:{"Ret":"ActSeatOwner","Data":{"seatOwner":[{"seatId":0,"name":"****a97","parentSeat":0},{"seatId":1,"name":"****uis","parentSeat":1},{"seatId":2,"name":"****ict","parentSeat":2},{"seatId":4,"name":"****mon","parentSeat":4}]}}
2023/10/23 16:49:12 [INFO] Receive Message:{"Ret":"ActTableBetData","Data":{"tableBetData":[{"seatId":0,"bet":[288,0],"Gold":186988},{"seatId":1,"bet":[300,0],"Gold":136274.7},{"seatId":2,"bet":[186,0],"Gold":192988},{"seatId":4,"bet":[0,0],"Gold":99958}]}}
2023/10/23 16:49:12 [INFO] Receive Message:{"Ret":"ActBetFinish","Data":{"seatId":0}}
2023/10/23 16:49:28 [INFO] Receive Message:{"Ret":"ActGamePeriod","Data":{"Fsm":"Deal","Gid":"2001-1716376181340639232","RemainSec":3,"TimeStamp":1698050968010}}
2023/10/23 16:49:28 [INFO] Receive Message:{"Ret":"ActGold","Data":{"Gold":99955}}
2023/10/23 16:49:28 [INFO] Receive Message:{"Ret":"ActSeatOwner","Data":{"seatOwner":[{"seatId":0,"name":"****a97","parentSeat":0},{"seatId":1,"name":"****uis","parentSeat":1},{"seatId":2,"name":"****ict","parentSeat":2},{"seatId":4,"name":"****mon","parentSeat":4}]}}
2023/10/23 16:49:28 [INFO] Receive Message:{"Ret":"ActTableBetData","Data":{"tableBetData":[{"seatId":0,"bet":[288,0],"Gold":186988},{"seatId":1,"bet":[300,0],"Gold":136274.7},{"seatId":2,"bet":[186,0],"Gold":192988},{"seatId":4,"bet":[3,0],"Gold":99955}]}}
2023/10/23 16:49:28 [INFO] Receive Message:{"Ret":"ActDealCard","Data":{"bankerCards":[13,-1],"playerCards":[[37,50],[0,47],[45,8],[],[43,27]],"point":[20,20,16,0,7]}}
2023/10/23 16:49:28 [INFO] Receive Message:{"Ret":"ActGamePeriod","Data":{"Fsm":"Insurance","Gid":"2001-1716376181340639232","RemainSec":10,"TimeStamp":1698050968117}}
2023/10/23 16:49:29 [INFO] Receive Message:{"Ret":"ActInsurance","Data":{"seatId":4,"isbuy":false,"gold":0}}
2023/10/23 16:49:29 [INFO] Receive Message:{"Ret":"ActInsurance","Data":{"seatId":4,"isbuy":false,"gold":0}}
2023/10/23 16:49:30 [INFO] Receive Message:{"Ret":"ActInsurance","Data":{"seatId":4,"isbuy":false,"gold":0}}
2023/10/23 16:49:38 [INFO] Receive Message:{"Ret":"ActGamePeriod","Data":{"Fsm":"Play","Gid":"2001-1716376181340639232","RemainSec":20,"TimeStamp":1698050978117}}
2023/10/23 16:49:38 [INFO] Receive Message:{"Ret":"ActTokenPlayerSeat","Data":{"SeatId":0}}
2023/10/23 16:49:40 [INFO] Receive Message:{"Ret":"ActStop","Data":{"SeatId":0}}
2023/10/23 16:49:40 [INFO] Receive Message:{"Ret":"ActGamePeriod","Data":{"Fsm":"Play","Gid":"2001-1716376181340639232","RemainSec":20,"TimeStamp":1698050980206}}
2023/10/23 16:49:40 [INFO] Receive Message:{"Ret":"ActTokenPlayerSeat","Data":{"SeatId":1}}
2023/10/23 16:49:43 [INFO] Receive Message:{"Ret":"ActStop","Data":{"SeatId":1}}
2023/10/23 16:49:43 [INFO] Receive Message:{"Ret":"ActGamePeriod","Data":{"Fsm":"Play","Gid":"2001-1716376181340639232","RemainSec":20,"TimeStamp":1698050983308}}
2023/10/23 16:49:43 [INFO] Receive Message:{"Ret":"ActTokenPlayerSeat","Data":{"SeatId":2}}
2023/10/23 16:49:44 [INFO] Receive Message:{"Ret":"ActHitCard","Data":{"seatId":2,"card":48,"bust":true,"point":26,"is21Point":false,"isFiveDragon":false,"isBlackJack":false}}
2023/10/23 16:49:46 [INFO] Receive Message:{"Ret":"ActGamePeriod","Data":{"Fsm":"Play","Gid":"2001-1716376181340639232","RemainSec":20,"TimeStamp":1698050986018}}
2023/10/23 16:49:46 [INFO] Receive Message:{"Ret":"ActTokenPlayerSeat","Data":{"SeatId":4}}
2023/10/23 16:50:06 [INFO] Receive Message:{"Ret":"ActGamePeriod","Data":{"Fsm":"Play","Gid":"2001-1716376181340639232","RemainSec":20,"TimeStamp":1698051006016}}
2023/10/23 16:50:09 [INFO] Receive Message:{"Ret":"ActGamePeriod","Data":{"Fsm":"Open","Gid":"2001-1716376181340639232","RemainSec":4,"TimeStamp":1698051009021}}
2023/10/23 16:50:09 [INFO] Receive Message:{"Ret":"ActBankerCard","Data":{"bust":false,"cards":[13,10],"point":21,"is21Point":true,"isFiveDragon":false,"isBlackJack":true}}
2023/10/23 16:50:31 [ERROR] read tcp [::1]:65324->[::1]:10001: wsarecv: An existing connection was forcibly closed by the remote host.
2023/10/23 16:54:18 [INFO] 連線中斷
2023/10/23 16:54:27 [INFO] Connect Success
2023/10/23 16:54:29 [INFO] Receive Message:{"Code":0,"Ret":"Login","Message":"Success.","Data":{"Gold":99955,"IconID":0,"Name":"Test_simon","UserId":88149641,"MatchGameCode":"","MatchGameTableId":0,"Version":"1.0.0","Marquee":null,"is_relogin":false,"JackpotInfo":{"coin":true,"coinId":"1716376487562579968","coinexpiretime":0,"pool":10000},"JackpotEnable":true}}
2023/10/23 16:54:38 [INFO] Receive Message:{"Ret":"DebugMatchType","Data":{"matchtype":0}}
2023/10/23 16:54:38 [INFO] Receive Message:{"Code":0,"Ret":"JoinGame","Message":"Success.","Data":{"Gid":"","BankerCards":[],"BankerCardPoint":0,"BetLimit":[[3,300]],"Chips":[3,15,30,75,150,300],"RemainSec":1,"BetInfo":{},"TableCards":{},"PlayerInfo":[{"seatId":0,"iconId":0,"name":"Test_simon","gold":99955,"IsBetFinish":false,"IsDouble":[false,false],"isSitDown":true,"point":[0,0],"is21Point":[false,false],"isFiveDragon":[false,false],"isBlackJack":[false,false],"bust":[false,false],"isSetInsurance":false,"isInsurance":false,"insuranceGold":0,"parentSeat":0}],"Fsm":"Init","TokenPlayerSeatInfo":{"seatId":-1,"splittime":0},"result":[]}}
2023/10/23 16:54:39 [INFO] Receive Message:{"Ret":"ActGamePeriod","Data":{"Fsm":"Match","Gid":"2001-1716377583806844928","RemainSec":3,"TimeStamp":1698051279389}}
2023/10/23 16:54:42 [INFO] Receive Message:{"Ret":"ActTableStatus","Data":{"tablePlayerInfo":[{"seatId":0,"iconId":0,"name":"****mon","gold":99955,"isSitDown":true},{"seatId":1,"iconId":106,"name":"****ena","gold":189915,"isSitDown":true},{"seatId":3,"iconId":1,"name":"****h10","gold":159208,"isSitDown":true}]}}
2023/10/23 16:54:42 [INFO] Receive Message:{"Ret":"ActGamePeriod","Data":{"Fsm":"Bet","Gid":"2001-1716377583806844928","RemainSec":20,"TimeStamp":1698051282390}}
2023/10/23 16:54:44 [INFO] Receive Message:{"Ret":"ActSeatOwner","Data":{"seatOwner":[{"seatId":0,"name":"****mon","parentSeat":0},{"seatId":1,"name":"****ena","parentSeat":1},{"seatId":3,"name":"****h10","parentSeat":3}]}}
2023/10/23 16:54:44 [INFO] Receive Message:{"Ret":"ActTableBetData","Data":{"tableBetData":[{"seatId":0,"bet":[0,0],"Gold":99955},{"seatId":1,"bet":[0,0],"Gold":189915},{"seatId":3,"bet":[36,0],"Gold":159172}]}}
2023/10/23 16:54:44 [INFO] Receive Message:{"Ret":"ActBetFinish","Data":{"seatId":3}}
2023/10/23 16:54:45 [INFO] Receive Message:{"Ret":"ActSeatOwner","Data":{"seatOwner":[{"seatId":0,"name":"****mon","parentSeat":0},{"seatId":1,"name":"****ena","parentSeat":1},{"seatId":3,"name":"****h10","parentSeat":3}]}}
2023/10/23 16:54:45 [INFO] Receive Message:{"Ret":"ActTableBetData","Data":{"tableBetData":[{"seatId":0,"bet":[0,0],"Gold":99955},{"seatId":1,"bet":[15,0],"Gold":189900},{"seatId":3,"bet":[36,0],"Gold":159172}]}}
2023/10/23 16:54:45 [INFO] Receive Message:{"Ret":"ActBetFinish","Data":{"seatId":1}}
2023/10/23 16:55:02 [INFO] Receive Message:{"Ret":"ActGamePeriod","Data":{"Fsm":"Deal","Gid":"2001-1716377583806844928","RemainSec":3,"TimeStamp":1698051302384}}
2023/10/23 16:55:02 [INFO] Receive Message:{"Ret":"ActGold","Data":{"Gold":99952}}
2023/10/23 16:55:02 [INFO] Receive Message:{"Ret":"ActSeatOwner","Data":{"seatOwner":[{"seatId":0,"name":"****mon","parentSeat":0},{"seatId":1,"name":"****ena","parentSeat":1},{"seatId":3,"name":"****h10","parentSeat":3}]}}
2023/10/23 16:55:02 [INFO] Receive Message:{"Ret":"ActTableBetData","Data":{"tableBetData":[{"seatId":0,"bet":[3,0],"Gold":99952},{"seatId":1,"bet":[15,0],"Gold":189900},{"seatId":3,"bet":[36,0],"Gold":159172}]}}
2023/10/23 16:55:02 [INFO] Receive Message:{"Ret":"ActDealCard","Data":{"bankerCards":[6,-1],"playerCards":[[9,24],[32,49],[],[16,13],[]],"point":[20,17,0,15,0]}}
2023/10/23 16:55:05 [INFO] Receive Message:{"Ret":"ActGamePeriod","Data":{"Fsm":"Play","Gid":"2001-1716377583806844928","RemainSec":20,"TimeStamp":1698051305391}}
2023/10/23 16:55:05 [INFO] Receive Message:{"Ret":"ActTokenPlayerSeat","Data":{"SeatId":0}}
2023/10/23 16:55:25 [INFO] Receive Message:{"Ret":"ActGamePeriod","Data":{"Fsm":"Play","Gid":"2001-1716377583806844928","RemainSec":20,"TimeStamp":1698051325396}}
2023/10/23 16:55:25 [INFO] Receive Message:{"Ret":"ActTokenPlayerSeat","Data":{"SeatId":1}}
2023/10/23 16:55:26 [INFO] Receive Message:{"Ret":"ActStop","Data":{"SeatId":1}}
2023/10/23 16:55:26 [INFO] Receive Message:{"Ret":"ActGamePeriod","Data":{"Fsm":"Play","Gid":"2001-1716377583806844928","RemainSec":20,"TimeStamp":1698051326483}}
2023/10/23 16:55:26 [INFO] Receive Message:{"Ret":"ActTokenPlayerSeat","Data":{"SeatId":3}}
2023/10/23 16:55:29 [INFO] Receive Message:{"Ret":"ActHitCard","Data":{"seatId":3,"card":41,"bust":false,"point":18,"is21Point":false,"isFiveDragon":false,"isBlackJack":false}}
2023/10/23 16:55:30 [INFO] Receive Message:{"Ret":"ActStop","Data":{"SeatId":3}}
2023/10/23 16:55:30 [INFO] Receive Message:{"Ret":"ActGamePeriod","Data":{"Fsm":"Play","Gid":"2001-1716377583806844928","RemainSec":20,"TimeStamp":1698051330689}}
2023/10/23 16:55:33 [INFO] Receive Message:{"Ret":"ActGamePeriod","Data":{"Fsm":"Open","Gid":"2001-1716377583806844928","RemainSec":4,"TimeStamp":1698051333683}}
2023/10/23 16:55:33 [INFO] Receive Message:{"Ret":"ActBankerCard","Data":{"bust":true,"cards":[6,7,25],"point":25,"is21Point":false,"isFiveDragon":false,"isBlackJack":false}}
2023/10/23 16:55:37 [INFO] Receive Message:{"Ret":"ActGamePeriod","Data":{"Fsm":"Result","Gid":"2001-1716377583806844928","RemainSec":1,"TimeStamp":1698051337685}}
2023/10/23 16:55:37 [INFO] Receive Message:{"Ret":"ActGold","Data":{"Gold":99957.85}}
2023/10/23 16:55:37 [INFO] Receive Message:{"Ret":"ActMatchGameResult","Data":{"gid":"2001-1716377583806844928","result":[{"seatId":0,"bet":[3,0],"win":[5.85,0],"Gold":99957.85},{"seatId":1,"bet":[15,0],"win":[29.25,0],"Gold":189929.25},{"seatId":3,"bet":[36,0],"win":[70.2,0],"Gold":159242.2}]}}
2023/10/23 16:56:14 [INFO] Receive Message:{"Ret":"DebugMatchType","Data":{"matchtype":0}}
2023/10/23 16:56:14 [INFO] Receive Message:{"Code":0,"Ret":"JoinGame","Message":"Success.","Data":{"Gid":"2001-1716377583806844928","BankerCards":[],"BankerCardPoint":0,"BetLimit":[[3,300]],"Chips":[3,15,30,75,150,300],"RemainSec":1,"BetInfo":{},"TableCards":{},"PlayerInfo":[{"seatId":0,"iconId":0,"name":"Test_simon","gold":99957.85,"IsBetFinish":false,"IsDouble":[false,false],"isSitDown":true,"point":[0,0],"is21Point":[false,false],"isFiveDragon":[false,false],"isBlackJack":[false,false],"bust":[false,false],"isSetInsurance":false,"isInsurance":false,"insuranceGold":0,"parentSeat":0}],"Fsm":"Init","TokenPlayerSeatInfo":{"seatId":-1,"splittime":0},"result":[]}}
2023/10/23 16:56:15 [INFO] Receive Message:{"Ret":"ActGamePeriod","Data":{"Fsm":"Match","Gid":"2001-1716377988079030272","RemainSec":3,"TimeStamp":1698051375773}}
2023/10/23 16:56:18 [INFO] Receive Message:{"Ret":"ActTableStatus","Data":{"tablePlayerInfo":[{"seatId":0,"iconId":0,"name":"****mon","gold":99957.85,"isSitDown":true},{"seatId":3,"iconId":3,"name":"****lia","gold":152672.4,"isSitDown":true},{"seatId":4,"iconId":101,"name":"****ace","gold":101956,"isSitDown":true}]}}
2023/10/23 16:56:18 [INFO] Receive Message:{"Ret":"ActGamePeriod","Data":{"Fsm":"Bet","Gid":"2001-1716377988079030272","RemainSec":20,"TimeStamp":1698051378783}}
2023/10/23 16:56:20 [INFO] Receive Message:{"Ret":"ActSeatOwner","Data":{"seatOwner":[{"seatId":0,"name":"****mon","parentSeat":0},{"seatId":3,"name":"****lia","parentSeat":3},{"seatId":4,"name":"****ace","parentSeat":4}]}}
2023/10/23 16:56:20 [INFO] Receive Message:{"Ret":"ActTableBetData","Data":{"tableBetData":[{"seatId":0,"bet":[0,0],"Gold":99957.85},{"seatId":3,"bet":[3,0],"Gold":152669.4},{"seatId":4,"bet":[0,0],"Gold":101956}]}}
2023/10/23 16:56:20 [INFO] Receive Message:{"Ret":"ActBetFinish","Data":{"seatId":3}}
2023/10/23 16:56:22 [INFO] Receive Message:{"Ret":"ActSeatOwner","Data":{"seatOwner":[{"seatId":0,"name":"****mon","parentSeat":0},{"seatId":3,"name":"****lia","parentSeat":3},{"seatId":4,"name":"****ace","parentSeat":4}]}}
2023/10/23 16:56:22 [INFO] Receive Message:{"Ret":"ActTableBetData","Data":{"tableBetData":[{"seatId":0,"bet":[0,0],"Gold":99957.85},{"seatId":3,"bet":[3,0],"Gold":152669.4},{"seatId":4,"bet":[300,0],"Gold":101656}]}}
2023/10/23 16:56:22 [INFO] Receive Message:{"Ret":"ActBetFinish","Data":{"seatId":4}}
2023/10/23 16:56:38 [INFO] Receive Message:{"Ret":"ActGamePeriod","Data":{"Fsm":"Deal","Gid":"2001-1716377988079030272","RemainSec":3,"TimeStamp":1698051398773}}
2023/10/23 16:56:38 [INFO] Receive Message:{"Ret":"ActGold","Data":{"Gold":99954.85}}
2023/10/23 16:56:38 [INFO] Receive Message:{"Ret":"ActSeatOwner","Data":{"seatOwner":[{"seatId":0,"name":"****mon","parentSeat":0},{"seatId":3,"name":"****lia","parentSeat":3},{"seatId":4,"name":"****ace","parentSeat":4}]}}
2023/10/23 16:56:38 [INFO] Receive Message:{"Ret":"ActTableBetData","Data":{"tableBetData":[{"seatId":0,"bet":[3,0],"Gold":99954.85},{"seatId":3,"bet":[3,0],"Gold":152669.4},{"seatId":4,"bet":[300,0],"Gold":101656}]}}
2023/10/23 16:56:38 [INFO] Receive Message:{"Ret":"ActDealCard","Data":{"bankerCards":[35,-1],"playerCards":[[20,37],[],[],[36,17],[0,4]],"point":[18,0,0,15,16]}}
2023/10/23 16:56:41 [INFO] Receive Message:{"Ret":"ActGamePeriod","Data":{"Fsm":"Play","Gid":"2001-1716377988079030272","RemainSec":20,"TimeStamp":1698051401782}}
2023/10/23 16:56:41 [INFO] Receive Message:{"Ret":"ActTokenPlayerSeat","Data":{"SeatId":0}}
2023/10/23 16:57:01 [INFO] Receive Message:{"Ret":"ActGamePeriod","Data":{"Fsm":"Play","Gid":"2001-1716377988079030272","RemainSec":20,"TimeStamp":1698051421773}}
2023/10/23 16:57:01 [INFO] Receive Message:{"Ret":"ActTokenPlayerSeat","Data":{"SeatId":3}}
2023/10/23 16:57:02 [INFO] Receive Message:{"Ret":"ActHitCard","Data":{"seatId":3,"card":47,"bust":true,"point":24,"is21Point":false,"isFiveDragon":false,"isBlackJack":false}}
2023/10/23 16:57:04 [INFO] Receive Message:{"Ret":"ActGamePeriod","Data":{"Fsm":"Play","Gid":"2001-1716377988079030272","RemainSec":20,"TimeStamp":1698051424075}}
2023/10/23 16:57:04 [INFO] Receive Message:{"Ret":"ActTokenPlayerSeat","Data":{"SeatId":4}}
2023/10/23 16:57:05 [INFO] Receive Message:{"Ret":"ActHitCard","Data":{"seatId":4,"card":51,"bust":false,"point":16,"is21Point":false,"isFiveDragon":false,"isBlackJack":false}}
2023/10/23 16:57:07 [INFO] Receive Message:{"Ret":"ActHitCard","Data":{"seatId":4,"card":28,"bust":false,"point":19,"is21Point":false,"isFiveDragon":false,"isBlackJack":false}}
2023/10/23 16:57:09 [INFO] Receive Message:{"Ret":"ActStop","Data":{"SeatId":4}}
2023/10/23 16:57:09 [INFO] Receive Message:{"Ret":"ActGamePeriod","Data":{"Fsm":"Play","Gid":"2001-1716377988079030272","RemainSec":20,"TimeStamp":1698051429381}}
2023/10/23 16:57:12 [INFO] Receive Message:{"Ret":"ActGamePeriod","Data":{"Fsm":"Open","Gid":"2001-1716377988079030272","RemainSec":4,"TimeStamp":1698051432372}}
2023/10/23 16:57:12 [INFO] Receive Message:{"Ret":"ActBankerCard","Data":{"bust":false,"cards":[35,37],"point":20,"is21Point":false,"isFiveDragon":false,"isBlackJack":false}}
2023/10/23 16:58:43 [INFO] Receive Message:{"Ret":"ActGamePeriod","Data":{"Fsm":"Result","Gid":"2001-1716377988079030272","RemainSec":1,"TimeStamp":1698051436371}}
2023/10/23 16:58:43 [INFO] Receive Message:{"Ret":"ActMatchGameResult","Data":{"gid":"2001-1716377988079030272","result":[{"seatId":0,"bet":[3,0],"win":[0,0],"Gold":99954.85},{"seatId":3,"bet":[3,0],"win":[0,0],"Gold":152669.4},{"seatId":4,"bet":[300,0],"win":[0,0],"Gold":101656}]}}
2023/10/23 16:59:01 [ERROR] read tcp [::1]:65432->[::1]:10001: wsarecv: An existing connection was forcibly closed by the remote host.
