2023/05/08 09:32:13 [INFO] 連線中斷
2023/05/08 09:32:14 [INFO] Connect Success
2023/05/08 09:32:58 [INFO] 連線中斷
2023/05/08 09:32:58 [ERROR] read tcp [::1]:58077->[::1]:10001: use of closed network connection
2023/05/08 09:33:08 [INFO] Connect Success
2023/05/08 09:33:18 [INFO] Receive Message:{"Code":0,"Ret":"Login","Message":"success","Data":{"Gold":9999980.25,"IconID":0,"Name":"Test_simon","UserId":82941254,"MatchGameCode":"","MatchGameTableId":0,"Version":"1.0.0","Marquee":null,"is_relogin":false}}
2023/05/08 09:33:23 [INFO] Receive Message:{"Code":200016,"Ret":"IntoGame","Message":"game is close"}
2023/05/08 09:33:48 [INFO] Receive Message:{"Code":0,"Ret":"IntoRoom","Message":"success","Data":[{"GameCode":"fruitslot","RoomType":0,"TableId":30010,"Num":0,"Status":0,"Ante":1,"EnterGold":1,"ExitGold":100000000},{"GameCode":"fruitslot","RoomType":1,"TableId":30011,"Num":0,"Status":0,"Ante":5,"EnterGold":5,"ExitGold":100000000},{"GameCode":"fruitslot","RoomType":2,"TableId":30012,"Num":0,"Status":0,"Ante":10,"EnterGold":10,"ExitGold":100000000},{"GameCode":"fruitslot","RoomType":3,"TableId":30013,"Num":0,"Status":0,"Ante":50,"EnterGold":50,"ExitGold":100000000}]}
2023/05/08 09:34:00 [INFO] Receive Message:{"Code":200016,"Ret":"IntoGame","Message":"game is close"}
2023/05/08 09:35:06 [ERROR] read tcp [::1]:58099->[::1]:10001: wsarecv: An existing connection was forcibly closed by the remote host.
2023/05/08 09:35:14 [INFO] 連線中斷
2023/05/08 09:35:14 [INFO] Connect Success
2023/05/08 09:35:17 [INFO] Receive Message:{"Code":0,"Ret":"Login","Message":"success","Data":{"Gold":9999980.25,"IconID":0,"Name":"Test_simon","UserId":82941254,"MatchGameCode":"","MatchGameTableId":0,"Version":"1.0.0","Marquee":null,"is_relogin":false}}
2023/05/08 09:35:42 [INFO] Receive Message:{"Ret":"ActSoftBlock","Data":{}}
2023/05/08 09:36:37 [ERROR] read tcp [::1]:58149->[::1]:10001: use of closed network connection
2023/05/08 09:36:37 [INFO] 連線中斷
2023/05/08 09:36:38 [INFO] Connect Success
2023/05/08 09:36:40 [INFO] Receive Message:{"Code":0,"Ret":"Login","Message":"success","Data":{"Gold":9999980.25,"IconID":0,"Name":"Test_simon","UserId":82941254,"MatchGameCode":"","MatchGameTableId":0,"Version":"1.0.0","Marquee":null,"is_relogin":false}}
2023/05/08 09:36:42 [INFO] 連線中斷
2023/05/08 09:36:42 [ERROR] read tcp [::1]:58185->[::1]:10001: use of closed network connection
2023/05/08 09:36:47 [INFO] Connect Success
2023/05/08 09:36:50 [INFO] Receive Message:{"Code":0,"Ret":"Login","Message":"success","Data":{"Gold":9999980.25,"IconID":0,"Name":"Test_simon","UserId":82941254,"MatchGameCode":"","MatchGameTableId":0,"Version":"1.0.0","Marquee":null,"is_relogin":false}}
2023/05/08 09:37:12 [INFO] Receive Message:{"Ret":"ActSoftBlock","Data":{}}
2023/05/08 09:37:12 [INFO] Receive Message:{"Code":200013,"Ret":"JoinGame","Message":"block user"}
2023/05/08 09:58:35 [ERROR] read tcp [::1]:58186->[::1]:10001: wsarecv: An existing connection was forcibly closed by the remote host.
