2023/01/13 14:39:46 [INFO] 連線中斷
2023/01/13 14:39:53 [INFO] Connect Success
2023/01/13 14:39:55 [INFO] Receive Message:{"Code":0,"Ret":"Login","Message":"success","Data":{"Gold":1999780.9,"IconID":0,"Name":"Test_simon","UserId":83178054,"MatchGameCode":"","MatchGameTableId":0,"Version":"1.0.0","Marquee":null}}
2023/01/13 14:39:58 [INFO] Receive Message:{"Code":0,"Ret":"IntoGame","Message":"success","Data":{"Gid":"","BetLimit":[[0.1,1]],"Chips":[0.1,0.2,0.3,0.4,0.5,0.6,0.7,0.8,0.9,1],"RemainSec":0,"PlayerInfo":[{"seatId":0,"iconId":0,"name":"Test_simon","gold":1999780.9}],"Fsm":"Init"}}
2023/01/13 14:39:59 [INFO] Receive Message:{"Ret":"ActTableStatus","Data":{"tablePlayerInfo":[{"seatId":0,"iconId":0,"name":"****mon","gold":1999780.9},{"seatId":3,"iconId":2,"name":"****t26","gold":177467}]}}
2023/01/13 14:40:02 [INFO] Receive Message:{"Ret":"ActGamePeriod","Data":{"Fsm":"Shu","Gid":"3002-1613787933314125824","RemainSec":60}}
2023/01/13 14:40:03 [INFO] Receive Message:{"Ret":"ActCreateFish","Data":{"fishinfo":[{"index":0,"fishtype":27,"cts":1673592001,"route":"p2","speed":71},{"index":1,"fishtype":2,"cts":1673592001,"route":"p1","speed":54},{"index":16,"fishtype":25,"cts":1673592001,"route":"p2","speed":71},{"index":26,"fishtype":26,"cts":1673592001,"route":"p1","speed":71},{"index":27,"fishtype":28,"cts":1673592001,"route":"p2","speed":85},{"index":37,"fishtype":1,"cts":1673592001,"route":"p0","speed":64},{"index":52,"fishtype":3,"cts":1673592001,"route":"p2","speed":54}],"formation":null}}
2023/01/13 14:40:04 [INFO] Receive Message:{"Ret":"ActCreateFish","Data":{"fishinfo":[{"index":28,"fishtype":28,"cts":1673592002,"route":"p2","speed":85},{"index":38,"fishtype":1,"cts":1673592002,"route":"p0","speed":64}],"formation":null}}
2023/01/13 14:40:05 [INFO] Receive Message:{"Ret":"ActCreateFish","Data":{"fishinfo":[{"index":2,"fishtype":2,"cts":1673592003,"route":"p1","speed":54},{"index":17,"fishtype":25,"cts":1673592003,"route":"p2","speed":71},{"index":29,"fishtype":28,"cts":1673592003,"route":"p2","speed":85},{"index":39,"fishtype":1,"cts":1673592003,"route":"p0","speed":64}],"formation":null}}
2023/01/13 14:40:06 [INFO] Receive Message:{"Ret":"ActCreateFish","Data":{"fishinfo":[{"index":30,"fishtype":28,"cts":1673592004,"route":"p2","speed":85},{"index":40,"fishtype":1,"cts":1673592004,"route":"p0","speed":64}],"formation":null}}
2023/01/13 14:40:06 [INFO] Receive Message:{"Code":200021,"Ret":"MatchGameBet","Message":"Wrong skill ID"}
2023/01/13 14:40:07 [INFO] 連線中斷
2023/01/13 14:40:07 [ERROR] read tcp 192.168.180.114:53588->172.30.0.154:20001: use of closed network connection
2023/01/13 14:54:50 [INFO] Connect Success
2023/01/13 14:54:53 [INFO] Receive Message:{"Code":0,"Ret":"Login","Message":"success","Data":{"Gold":1999780.9,"IconID":0,"Name":"Test_simon","UserId":83178054,"MatchGameCode":"","MatchGameTableId":0,"Version":"1.0.0","Marquee":null}}
2023/01/13 14:54:57 [INFO] Receive Message:{"Code":0,"Ret":"IntoGame","Message":"success","Data":{"Gid":"","BetLimit":[[0.1,1]],"Chips":[0.1,0.2,0.3,0.4,0.5,0.6,0.7,0.8,0.9,1],"RemainSec":0,"PlayerInfo":[{"seatId":3,"iconId":0,"name":"Test_simon","gold":1999780.9}],"Fsm":"Init"}}
2023/01/13 14:54:58 [INFO] Receive Message:{"Ret":"ActTableStatus","Data":{"tablePlayerInfo":[{"seatId":1,"iconId":2,"name":"****t20","gold":158154},{"seatId":3,"iconId":0,"name":"****mon","gold":1999780.9}]}}
2023/01/13 14:55:01 [INFO] Receive Message:{"Ret":"ActGamePeriod","Data":{"Fsm":"Shu","Gid":"3002-1613791702709964800","RemainSec":60}}
2023/01/13 14:55:02 [INFO] Receive Message:{"Ret":"ActCreateFish","Data":{"fishinfo":[{"index":0,"fishtype":26,"cts":1673592900,"route":"p1","speed":71},{"index":1,"fishtype":27,"cts":1673592900,"route":"p2","speed":71},{"index":2,"fishtype":25,"cts":1673592900,"route":"p2","speed":71},{"index":12,"fishtype":1,"cts":1673592900,"route":"p0","speed":64},{"index":27,"fishtype":28,"cts":1673592900,"route":"p2","speed":85},{"index":37,"fishtype":2,"cts":1673592900,"route":"p1","speed":54},{"index":52,"fishtype":3,"cts":1673592900,"route":"p2","speed":54}],"formation":null}}
2023/01/13 14:55:03 [INFO] Receive Message:{"Ret":"ActCreateFish","Data":{"fishinfo":[{"index":13,"fishtype":1,"cts":1673592901,"route":"p0","speed":64},{"index":28,"fishtype":28,"cts":1673592901,"route":"p2","speed":85}],"formation":null}}
2023/01/13 14:55:04 [INFO] Receive Message:{"Ret":"ActCreateFish","Data":{"fishinfo":[{"index":3,"fishtype":25,"cts":1673592902,"route":"p2","speed":71},{"index":14,"fishtype":1,"cts":1673592902,"route":"p0","speed":64},{"index":29,"fishtype":28,"cts":1673592902,"route":"p2","speed":85},{"index":38,"fishtype":2,"cts":1673592902,"route":"p1","speed":54}],"formation":null}}
2023/01/13 14:55:05 [INFO] Receive Message:{"Ret":"ActCreateFish","Data":{"fishinfo":[{"index":15,"fishtype":1,"cts":1673592903,"route":"p0","speed":64},{"index":30,"fishtype":28,"cts":1673592903,"route":"p2","speed":85}],"formation":null}}
2023/01/13 14:55:06 [INFO] Receive Message:{"Ret":"ActCreateFish","Data":{"fishinfo":[{"index":4,"fishtype":25,"cts":1673592904,"route":"p2","speed":71},{"index":16,"fishtype":1,"cts":1673592904,"route":"p0","speed":64},{"index":31,"fishtype":28,"cts":1673592904,"route":"p2","speed":85},{"index":39,"fishtype":2,"cts":1673592904,"route":"p1","speed":54},{"index":53,"fishtype":3,"cts":1673592904,"route":"p2","speed":54}],"formation":null}}
2023/01/13 14:55:08 [INFO] Receive Message:{"Ret":"ActCreateFish","Data":{"fishinfo":[{"index":5,"fishtype":25,"cts":1673592906,"route":"p2","speed":71},{"index":40,"fishtype":2,"cts":1673592906,"route":"p1","speed":54}],"formation":null}}
2023/01/13 14:55:10 [INFO] Receive Message:{"Ret":"ActCreateFish","Data":{"fishinfo":[{"index":6,"fishtype":25,"cts":1673592908,"route":"p2","speed":71},{"index":41,"fishtype":2,"cts":1673592908,"route":"p1","speed":54},{"index":54,"fishtype":3,"cts":1673592908,"route":"p2","speed":54}],"formation":null}}
2023/01/13 14:55:14 [INFO] Receive Message:{"Ret":"ActCreateFish","Data":{"fishinfo":[{"index":55,"fishtype":3,"cts":1673592912,"route":"p2","speed":54}],"formation":null}}
2023/01/13 14:55:18 [INFO] Receive Message:{"Ret":"ActCreateFish","Data":{"fishinfo":[{"index":56,"fishtype":3,"cts":1673592916,"route":"p2","speed":54}],"formation":null}}
2023/01/13 14:55:22 [INFO] Receive Message:{"Ret":"ActCreateFish","Data":{"fishinfo":[{"index":17,"fishtype":1,"cts":1673592920,"route":"p0","speed":64},{"index":42,"fishtype":2,"cts":1673592920,"route":"p1","speed":54},{"index":57,"fishtype":3,"cts":1673592920,"route":"p2","speed":54}],"formation":null}}
2023/01/13 14:55:22 [INFO] Receive Message:{"Ret":"ActDispFish","Data":{"fishinfo":[{"index":0,"fishtype":26,"cts":1673592900,"route":"p1","speed":71}]}}
2023/01/13 14:55:23 [INFO] Receive Message:{"Ret":"ActCreateFish","Data":{"fishinfo":[{"index":18,"fishtype":1,"cts":1673592921,"route":"p0","speed":64}],"formation":null}}
2023/01/13 14:55:24 [INFO] Receive Message:{"Ret":"ActCreateFish","Data":{"fishinfo":[{"index":19,"fishtype":1,"cts":1673592922,"route":"p0","speed":64},{"index":43,"fishtype":2,"cts":1673592922,"route":"p1","speed":54}],"formation":null}}
2023/01/13 14:55:24 [INFO] Receive Message:{"Ret":"ActDispFish","Data":{"fishinfo":[{"index":27,"fishtype":28,"cts":1673592900,"route":"p2","speed":85}]}}
2023/01/13 14:55:25 [INFO] Receive Message:{"Ret":"ActCreateFish","Data":{"fishinfo":[{"index":20,"fishtype":1,"cts":1673592923,"route":"p0","speed":64}],"formation":null}}
2023/01/13 14:55:25 [INFO] Receive Message:{"Ret":"ActDispFish","Data":{"fishinfo":[{"index":28,"fishtype":28,"cts":1673592901,"route":"p2","speed":85}]}}
2023/01/13 14:55:26 [INFO] Receive Message:{"Ret":"ActCreateFish","Data":{"fishinfo":[{"index":21,"fishtype":1,"cts":1673592924,"route":"p0","speed":64},{"index":44,"fishtype":2,"cts":1673592924,"route":"p1","speed":54},{"index":58,"fishtype":3,"cts":1673592924,"route":"p2","speed":54}],"formation":null}}
2023/01/13 14:55:26 [INFO] Receive Message:{"Ret":"ActDispFish","Data":{"fishinfo":[{"index":29,"fishtype":28,"cts":1673592902,"route":"p2","speed":85}]}}
2023/01/13 14:55:27 [INFO] Receive Message:{"Ret":"ActDispFish","Data":{"fishinfo":[{"index":30,"fishtype":28,"cts":1673592903,"route":"p2","speed":85}]}}
2023/01/13 14:55:28 [INFO] Receive Message:{"Ret":"ActCreateFish","Data":{"fishinfo":[{"index":45,"fishtype":2,"cts":1673592926,"route":"p1","speed":54}],"formation":null}}
2023/01/13 14:55:28 [INFO] Receive Message:{"Ret":"ActDispFish","Data":{"fishinfo":[{"index":1,"fishtype":27,"cts":1673592900,"route":"p2","speed":71},{"index":2,"fishtype":25,"cts":1673592900,"route":"p2","speed":71},{"index":31,"fishtype":28,"cts":1673592904,"route":"p2","speed":85}]}}
2023/01/13 14:55:29 [INFO] Receive Message:{"Ret":"ActDispFish","Data":{"fishinfo":[{"index":37,"fishtype":2,"cts":1673592900,"route":"p1","speed":54}]}}
2023/01/13 14:55:30 [INFO] Receive Message:{"Ret":"ActCreateFish","Data":{"fishinfo":[{"index":46,"fishtype":2,"cts":1673592928,"route":"p1","speed":54},{"index":59,"fishtype":3,"cts":1673592928,"route":"p2","speed":54}],"formation":null}}
2023/01/13 14:55:30 [INFO] Receive Message:{"Ret":"ActDispFish","Data":{"fishinfo":[{"index":3,"fishtype":25,"cts":1673592902,"route":"p2","speed":71},{"index":12,"fishtype":1,"cts":1673592900,"route":"p0","speed":64}]}}
2023/01/13 14:55:31 [INFO] Receive Message:{"Ret":"ActDispFish","Data":{"fishinfo":[{"index":13,"fishtype":1,"cts":1673592901,"route":"p0","speed":64},{"index":38,"fishtype":2,"cts":1673592902,"route":"p1","speed":54}]}}
2023/01/13 14:55:32 [INFO] Receive Message:{"Ret":"ActCreateFish","Data":{"fishinfo":[{"index":7,"fishtype":25,"cts":1673592930,"route":"p2","speed":71},{"index":32,"fishtype":28,"cts":1673592930,"route":"p2","speed":85}],"formation":null}}
2023/01/13 14:55:32 [INFO] Receive Message:{"Ret":"ActDispFish","Data":{"fishinfo":[{"index":4,"fishtype":25,"cts":1673592904,"route":"p2","speed":71},{"index":14,"fishtype":1,"cts":1673592902,"route":"p0","speed":64}]}}
2023/01/13 14:55:33 [INFO] Receive Message:{"Ret":"ActCreateFish","Data":{"fishinfo":[{"index":33,"fishtype":28,"cts":1673592931,"route":"p2","speed":85}],"formation":null}}
2023/01/13 14:55:33 [INFO] Receive Message:{"Ret":"ActDispFish","Data":{"fishinfo":[{"index":15,"fishtype":1,"cts":1673592903,"route":"p0","speed":64},{"index":39,"fishtype":2,"cts":1673592904,"route":"p1","speed":54}]}}
2023/01/13 14:55:34 [INFO] Receive Message:{"Ret":"ActCreateFish","Data":{"fishinfo":[{"index":8,"fishtype":25,"cts":1673592932,"route":"p2","speed":71},{"index":34,"fishtype":28,"cts":1673592932,"route":"p2","speed":85},{"index":60,"fishtype":3,"cts":1673592932,"route":"p2","speed":54}],"formation":null}}
2023/01/13 14:55:34 [INFO] Receive Message:{"Ret":"ActDispFish","Data":{"fishinfo":[{"index":5,"fishtype":25,"cts":1673592906,"route":"p2","speed":71},{"index":16,"fishtype":1,"cts":1673592904,"route":"p0","speed":64}]}}
2023/01/13 14:55:35 [INFO] Receive Message:{"Ret":"ActCreateFish","Data":{"fishinfo":[{"index":35,"fishtype":28,"cts":1673592933,"route":"p2","speed":85}],"formation":null}}
2023/01/13 14:55:35 [INFO] Receive Message:{"Ret":"ActDispFish","Data":{"fishinfo":[{"index":40,"fishtype":2,"cts":1673592906,"route":"p1","speed":54}]}}
2023/01/13 14:55:36 [INFO] Receive Message:{"Ret":"ActCreateFish","Data":{"fishinfo":[{"index":9,"fishtype":25,"cts":1673592934,"route":"p2","speed":71},{"index":36,"fishtype":28,"cts":1673592934,"route":"p2","speed":85}],"formation":null}}
2023/01/13 14:55:36 [INFO] Receive Message:{"Ret":"ActDispFish","Data":{"fishinfo":[{"index":6,"fishtype":25,"cts":1673592908,"route":"p2","speed":71}]}}
2023/01/13 14:55:37 [INFO] Receive Message:{"Ret":"ActDispFish","Data":{"fishinfo":[{"index":41,"fishtype":2,"cts":1673592908,"route":"p1","speed":54},{"index":52,"fishtype":3,"cts":1673592900,"route":"p2","speed":54}]}}
2023/01/13 14:55:38 [INFO] Receive Message:{"Ret":"ActCreateFish","Data":{"fishinfo":[{"index":10,"fishtype":25,"cts":1673592936,"route":"p2","speed":71},{"index":61,"fishtype":3,"cts":1673592936,"route":"p2","speed":54}],"formation":null}}
2023/01/13 14:55:40 [INFO] Receive Message:{"Ret":"ActCreateFish","Data":{"fishinfo":[{"index":11,"fishtype":25,"cts":1673592938,"route":"p2","speed":71}],"formation":null}}
2023/01/13 14:55:41 [INFO] Receive Message:{"Ret":"ActDispFish","Data":{"fishinfo":[{"index":53,"fishtype":3,"cts":1673592904,"route":"p2","speed":54}]}}
2023/01/13 14:55:42 [INFO] Receive Message:{"Ret":"ActCreateFish","Data":{"fishinfo":[{"index":22,"fishtype":1,"cts":1673592940,"route":"p0","speed":64},{"index":47,"fishtype":2,"cts":1673592940,"route":"p1","speed":54},{"index":62,"fishtype":3,"cts":1673592940,"route":"p2","speed":54}],"formation":null}}
2023/01/13 14:55:43 [INFO] Receive Message:{"Ret":"ActCreateFish","Data":{"fishinfo":[{"index":23,"fishtype":1,"cts":1673592941,"route":"p0","speed":64}],"formation":null}}
2023/01/13 14:55:44 [INFO] Receive Message:{"Ret":"ActCreateFish","Data":{"fishinfo":[{"index":24,"fishtype":1,"cts":1673592942,"route":"p0","speed":64},{"index":48,"fishtype":2,"cts":1673592942,"route":"p1","speed":54}],"formation":null}}
2023/01/13 14:55:45 [INFO] Receive Message:{"Ret":"ActCreateFish","Data":{"fishinfo":[{"index":25,"fishtype":1,"cts":1673592943,"route":"p0","speed":64}],"formation":null}}
2023/01/13 14:55:45 [INFO] Receive Message:{"Ret":"ActDispFish","Data":{"fishinfo":[{"index":54,"fishtype":3,"cts":1673592908,"route":"p2","speed":54}]}}
2023/01/13 14:55:46 [INFO] Receive Message:{"Ret":"ActCreateFish","Data":{"fishinfo":[{"index":26,"fishtype":1,"cts":1673592944,"route":"p0","speed":64},{"index":49,"fishtype":2,"cts":1673592944,"route":"p1","speed":54},{"index":63,"fishtype":3,"cts":1673592944,"route":"p2","speed":54}],"formation":null}}
2023/01/13 14:55:48 [INFO] Receive Message:{"Ret":"ActCreateFish","Data":{"fishinfo":[{"index":50,"fishtype":2,"cts":1673592946,"route":"p1","speed":54}],"formation":null}}
2023/01/13 14:55:49 [INFO] Receive Message:{"Ret":"ActDispFish","Data":{"fishinfo":[{"index":42,"fishtype":2,"cts":1673592920,"route":"p1","speed":54},{"index":55,"fishtype":3,"cts":1673592912,"route":"p2","speed":54}]}}
2023/01/13 14:55:50 [INFO] Receive Message:{"Ret":"ActCreateFish","Data":{"fishinfo":[{"index":51,"fishtype":2,"cts":1673592948,"route":"p1","speed":54},{"index":64,"fishtype":3,"cts":1673592948,"route":"p2","speed":54}],"formation":null}}
2023/01/13 14:55:50 [INFO] Receive Message:{"Ret":"ActDispFish","Data":{"fishinfo":[{"index":17,"fishtype":1,"cts":1673592920,"route":"p0","speed":64}]}}
2023/01/13 14:55:51 [INFO] Receive Message:{"Ret":"ActDispFish","Data":{"fishinfo":[{"index":18,"fishtype":1,"cts":1673592921,"route":"p0","speed":64},{"index":43,"fishtype":2,"cts":1673592922,"route":"p1","speed":54}]}}
2023/01/13 14:55:52 [INFO] Receive Message:{"Ret":"ActDispFish","Data":{"fishinfo":[{"index":19,"fishtype":1,"cts":1673592922,"route":"p0","speed":64}]}}
2023/01/13 14:55:53 [INFO] Receive Message:{"Ret":"ActDispFish","Data":{"fishinfo":[{"index":20,"fishtype":1,"cts":1673592923,"route":"p0","speed":64},{"index":44,"fishtype":2,"cts":1673592924,"route":"p1","speed":54},{"index":56,"fishtype":3,"cts":1673592916,"route":"p2","speed":54}]}}
2023/01/13 14:55:54 [INFO] Receive Message:{"Ret":"ActCreateFish","Data":{"fishinfo":[{"index":65,"fishtype":3,"cts":1673592952,"route":"p2","speed":54}],"formation":null}}
2023/01/13 14:55:54 [INFO] Receive Message:{"Ret":"ActDispFish","Data":{"fishinfo":[{"index":21,"fishtype":1,"cts":1673592924,"route":"p0","speed":64},{"index":32,"fishtype":28,"cts":1673592930,"route":"p2","speed":85}]}}
2023/01/13 14:55:55 [INFO] Receive Message:{"Ret":"ActDispFish","Data":{"fishinfo":[{"index":33,"fishtype":28,"cts":1673592931,"route":"p2","speed":85},{"index":45,"fishtype":2,"cts":1673592926,"route":"p1","speed":54}]}}
2023/01/13 14:55:56 [INFO] Receive Message:{"Ret":"ActDispFish","Data":{"fishinfo":[{"index":34,"fishtype":28,"cts":1673592932,"route":"p2","speed":85}]}}
2023/01/13 14:55:57 [INFO] Receive Message:{"Ret":"ActDispFish","Data":{"fishinfo":[{"index":35,"fishtype":28,"cts":1673592933,"route":"p2","speed":85},{"index":46,"fishtype":2,"cts":1673592928,"route":"p1","speed":54},{"index":57,"fishtype":3,"cts":1673592920,"route":"p2","speed":54}]}}
2023/01/13 14:55:58 [INFO] Receive Message:{"Ret":"ActCreateFish","Data":{"fishinfo":[{"index":66,"fishtype":3,"cts":1673592956,"route":"p2","speed":54}],"formation":null}}
2023/01/13 14:55:58 [INFO] Receive Message:{"Ret":"ActDispFish","Data":{"fishinfo":[{"index":7,"fishtype":25,"cts":1673592930,"route":"p2","speed":71},{"index":36,"fishtype":28,"cts":1673592934,"route":"p2","speed":85}]}}
2023/01/13 14:56:00 [INFO] Receive Message:{"Ret":"ActDispFish","Data":{"fishinfo":[{"index":8,"fishtype":25,"cts":1673592932,"route":"p2","speed":71}]}}
2023/01/13 14:56:01 [INFO] Receive Message:{"Ret":"ActGamePeriod","Data":{"Fsm":"Loading","Gid":"3002-1613791702709964800","RemainSec":3}}
2023/01/13 14:56:01 [INFO] Receive Message:{"Ret":"ActTableStatus","Data":{"tablePlayerInfo":[{"seatId":1,"iconId":2,"name":"****t20","gold":158154},{"seatId":3,"iconId":0,"name":"****mon","gold":1999780.9}]}}
2023/01/13 14:56:04 [INFO] Receive Message:{"Ret":"ActGamePeriod","Data":{"Fsm":"SpStage","Gid":"3002-1613791966951116800","RemainSec":60}}
2023/01/13 14:56:05 [INFO] Receive Message:{"Ret":"ActCreateFish","Data":{"fishinfo":null,"formation":[{"createpoint":[-790,240],"space":[150,60],"speed":75,"group":[[{"index":68,"fishtype":2,"cts":1673592963},null,{"index":69,"fishtype":2,"cts":1673592963},null,null,{"index":70,"fishtype":3,"cts":1673592963}],[null,{"index":71,"fishtype":2,"cts":1673592963},null,{"index":72,"fishtype":2,"cts":1673592963},null,{"index":73,"fishtype":3,"cts":1673592963}],[null,null,null,null,null,{"index":74,"fishtype":3,"cts":1673592963}],[null,null,null,null,null,{"index":75,"fishtype":3,"cts":1673592963}],[null,null,null,null,null,{"index":76,"fishtype":3,"cts":1673592963}],[null,{"index":77,"fishtype":1,"cts":1673592963},null,{"index":78,"fishtype":1,"cts":1673592963},null,{"index":79,"fishtype":3,"cts":1673592963}],[{"index":80,"fishtype":1,"cts":1673592963},null,{"index":81,"fishtype":1,"cts":1673592963},null,null,{"index":82,"fishtype":3,"cts":1673592963}]]}]}}
2023/01/13 14:56:24 [INFO] Receive Message:{"Code":200021,"Ret":"SkillCast","Message":"Wrong skill ID"}
2023/01/13 14:56:26 [INFO] Receive Message:{"Code":200021,"Ret":"SkillCast","Message":"Wrong skill ID"}
2023/01/13 14:56:26 [INFO] Receive Message:{"Ret":"ActDispFish","Data":{"fishinfo":[{"index":70,"fishtype":3,"cts":1673592963},{"index":73,"fishtype":3,"cts":1673592963},{"index":74,"fishtype":3,"cts":1673592963},{"index":75,"fishtype":3,"cts":1673592963},{"index":76,"fishtype":3,"cts":1673592963},{"index":79,"fishtype":3,"cts":1673592963},{"index":82,"fishtype":3,"cts":1673592963}]}}
2023/01/13 14:56:28 [INFO] Receive Message:{"Ret":"ActDispFish","Data":{"fishinfo":[{"index":72,"fishtype":2,"cts":1673592963},{"index":78,"fishtype":1,"cts":1673592963}]}}
2023/01/13 14:56:28 [INFO] 連線中斷
2023/01/13 14:56:28 [ERROR] read tcp 192.168.180.114:55507->172.30.0.154:20001: use of closed network connection
2023/01/13 15:02:44 [INFO] Connect Success
2023/01/13 15:02:49 [INFO] Receive Message:{"Code":0,"Ret":"Login","Message":"success","Data":{"Gold":1999780.9,"IconID":0,"Name":"Test_simon","UserId":83178054,"MatchGameCode":"","MatchGameTableId":0,"Version":"1.0.0","Marquee":null}}
2023/01/13 15:02:55 [INFO] Receive Message:{"Code":0,"Ret":"IntoGame","Message":"success","Data":{"Gid":"","BetLimit":[[0.1,1]],"Chips":[0.1,0.2,0.3,0.4,0.5,0.6,0.7,0.8,0.9,1],"RemainSec":0,"PlayerInfo":[{"seatId":2,"iconId":0,"name":"Test_simon","gold":1999780.9}],"Fsm":"Init"}}
2023/01/13 15:02:56 [INFO] Receive Message:{"Ret":"ActTableStatus","Data":{"tablePlayerInfo":[{"seatId":2,"iconId":0,"name":"****mon","gold":1999780.9},{"seatId":3,"iconId":1,"name":"****ot7","gold":144495}]}}
2023/01/13 15:02:59 [INFO] Receive Message:{"Ret":"ActGamePeriod","Data":{"Fsm":"Shu","Gid":"3002-1613793708581326848","RemainSec":60}}
2023/01/13 15:03:00 [INFO] Receive Message:{"Ret":"ActCreateFish","Data":{"fishinfo":[{"index":0,"fishtype":1,"cts":1673593378,"route":"p0","speed":64},{"index":15,"fishtype":28,"cts":1673593378,"route":"p2","speed":85},{"index":25,"fishtype":2,"cts":1673593378,"route":"p1","speed":54},{"index":40,"fishtype":3,"cts":1673593378,"route":"p2","speed":54},{"index":55,"fishtype":25,"cts":1673593378,"route":"p2","speed":71},{"index":65,"fishtype":26,"cts":1673593378,"route":"p1","speed":71},{"index":66,"fishtype":27,"cts":1673593378,"route":"p2","speed":71}],"formation":null}}
2023/01/13 15:03:01 [INFO] Receive Message:{"Ret":"ActCreateFish","Data":{"fishinfo":[{"index":1,"fishtype":1,"cts":1673593379,"route":"p0","speed":64},{"index":16,"fishtype":28,"cts":1673593379,"route":"p2","speed":85}],"formation":null}}
2023/01/13 15:03:02 [INFO] Receive Message:{"Ret":"ActCreateFish","Data":{"fishinfo":[{"index":2,"fishtype":1,"cts":1673593380,"route":"p0","speed":64},{"index":17,"fishtype":28,"cts":1673593380,"route":"p2","speed":85},{"index":26,"fishtype":2,"cts":1673593380,"route":"p1","speed":54},{"index":56,"fishtype":25,"cts":1673593380,"route":"p2","speed":71}],"formation":null}}
2023/01/13 15:03:03 [INFO] Receive Message:{"Ret":"ActCreateFish","Data":{"fishinfo":[{"index":3,"fishtype":1,"cts":1673593381,"route":"p0","speed":64},{"index":18,"fishtype":28,"cts":1673593381,"route":"p2","speed":85}],"formation":null}}
2023/01/13 15:03:04 [INFO] Receive Message:{"Code":200001,"Ret":"Hit","Message":"data error","Data":[]}
2023/01/13 15:03:04 [INFO] Receive Message:{"Ret":"ActGold","Data":{"Gold":1999780.8}}
2023/01/13 15:03:04 [INFO] Receive Message:{"Ret":"ActSyncHit","Data":{"seatId":2,"diefish":0,"bulletgold":0,"wingold":0,"skillReward":null,"gold":0}}
2023/01/13 15:03:04 [INFO] Receive Message:{"Ret":"ActCreateFish","Data":{"fishinfo":[{"index":4,"fishtype":1,"cts":1673593382,"route":"p0","speed":64},{"index":19,"fishtype":28,"cts":1673593382,"route":"p2","speed":85},{"index":27,"fishtype":2,"cts":1673593382,"route":"p1","speed":54},{"index":41,"fishtype":3,"cts":1673593382,"route":"p2","speed":54},{"index":57,"fishtype":25,"cts":1673593382,"route":"p2","speed":71}],"formation":null}}
2023/01/13 15:03:06 [INFO] Receive Message:{"Ret":"ActCreateFish","Data":{"fishinfo":[{"index":28,"fishtype":2,"cts":1673593384,"route":"p1","speed":54},{"index":58,"fishtype":25,"cts":1673593384,"route":"p2","speed":71}],"formation":null}}
2023/01/13 15:03:08 [INFO] Receive Message:{"Code":200021,"Ret":"SkillCast","Message":"Wrong skill ID"}
2023/01/13 15:03:08 [INFO] Receive Message:{"Ret":"ActCreateFish","Data":{"fishinfo":[{"index":29,"fishtype":2,"cts":1673593386,"route":"p1","speed":54},{"index":42,"fishtype":3,"cts":1673593386,"route":"p2","speed":54},{"index":59,"fishtype":25,"cts":1673593386,"route":"p2","speed":71}],"formation":null}}
2023/01/13 15:03:11 [INFO] 連線中斷
2023/01/13 15:03:11 [ERROR] read tcp 192.168.180.114:55609->172.30.0.154:20001: use of closed network connection
2023/01/13 15:06:14 [INFO] Connect Success
2023/01/13 15:06:18 [INFO] Receive Message:{"Code":0,"Ret":"Login","Message":"success","Data":{"Gold":1999985.55,"IconID":0,"Name":"Test_simon","UserId":83513177,"MatchGameCode":"","MatchGameTableId":0,"Version":"1.0.0","Marquee":null}}
2023/01/13 15:06:22 [INFO] simon SendMessage={"SkillCast":{"skillIndex":1,"skillId":"s3","targetfish":[55,66,40,16,0,17,56,1,18,65,2,19,57,41,25,3,4,58,26,59,42,27]}}
2023/01/13 15:07:40 [ERROR] simon 不是json的格式:{\"SkillCast\":{\"skillIndex\":1,\"skillId\":\"s3\",\"targetfish\":[55,66,40,16,0,17,56,1,18,65,2,19,57,41,25,3,4,58,26,59,42,27]}} Error message:invalid character '\\' looking for beginning of object key string
2023/01/13 15:07:47 [ERROR] read tcp [::1]:63181->[::1]:10001: wsarecv: An existing connection was forcibly closed by the remote host.
2023/01/13 15:08:27 [ERROR] simon 不是json的格式:{"SkillCast":{"skillIndex":1,"skillId":\"s3\","targetfish":[55,66,40,16,0,17,56,1,18,65,2,19,57,41,25,3,4,58,26,59,42,27]}} Error message:invalid character '\\' looking for beginning of value
2023/01/13 15:09:12 [INFO] 連線中斷
