2023/10/13 12:00:12 [INFO] Connect Success
2023/10/13 12:00:13 [ERROR] read tcp 127.0.0.1:51830->127.0.0.1:10001: use of closed network connection
2023/10/13 12:00:13 [INFO] 連線中斷
2023/10/13 13:30:54 [INFO] Connect Success
2023/10/13 13:31:05 [INFO] Receive Message:{"Code":0,"Ret":"Login","Message":"Success.","Data":{"Gold":1001000000,"IconID":0,"Name":"Test_simon","UserId":88149641,"MatchGameCode":"","MatchGameTableId":0,"Version":"1.0.0","Marquee":null,"is_relogin":false,"JackpotInfo":{"coin":false,"coinId":"","coinexpiretime":0,"pool":10000},"JackpotEnable":true}}
2023/10/13 13:31:53 [ERROR] read tcp [::1]:63260->[::1]:10001: wsarecv: An existing connection was forcibly closed by the remote host.
2023/10/13 13:32:15 [INFO] 連線中斷
2023/10/13 13:32:16 [INFO] Connect Success
2023/10/13 13:32:23 [INFO] Receive Message:{"Code":0,"Ret":"Login","Message":"Success.","Data":{"Gold":1001000000,"IconID":0,"Name":"Test_simon","UserId":88149641,"MatchGameCode":"","MatchGameTableId":0,"Version":"1.0.0","Marquee":null,"is_relogin":false,"JackpotInfo":{"coin":false,"coinId":"","coinexpiretime":0,"pool":10000},"JackpotEnable":true}}
2023/10/13 13:32:58 [INFO] Receive Message:{"Code":200018,"Ret":"IntoGame","Message":"Bring money over limit."}
2023/10/13 13:33:03 [ERROR] read tcp [::1]:63285->[::1]:10001: wsarecv: An existing connection was forcibly closed by the remote host.
2023/10/13 13:33:49 [INFO] 連線中斷
2023/10/13 13:33:49 [INFO] Connect Success
2023/10/13 13:33:51 [INFO] Receive Message:{"Code":0,"Ret":"Login","Message":"Success.","Data":{"Gold":100000,"IconID":0,"Name":"Test_simon","UserId":88149641,"MatchGameCode":"","MatchGameTableId":0,"Version":"1.0.0","Marquee":null,"is_relogin":false,"JackpotInfo":{"coin":false,"coinId":"","coinexpiretime":0,"pool":10000},"JackpotEnable":true}}
2023/10/13 13:33:57 [INFO] Receive Message:{"Code":0,"Ret":"IntoGame","Message":"Success.","Data":{"Fsm":"Bet","BaseBet":1,"EnterGold":1,"Gold":100000}}
2023/10/13 13:34:18 [INFO] Receive Message:{"Code":0,"Ret":"PlayerAction","Message":"Success.","Data":{"Action":1,"Fsm":"Guess","Gid":"3001-1712703254330085376","Win":30,"Gold":99920,"GuessArea":[60,30,15,7,3,1],"PriceType":14,"RemainSec":70}}
2023/10/13 13:34:18 [INFO] Receive Message:{"Ret":"ActGold","Data":{"Gold":99920}}
2023/10/13 13:34:48 [INFO] Receive Message:{"Ret":"ActGuessWarning","Data":{}}
2023/10/13 13:35:28 [INFO] Receive Message:{"Ret":"ActGuessDown","Data":{"Fsm":"Bet","Gid":"3001-1712703254330085376","Win":0,"Gold":99950}}
2023/10/13 13:35:28 [INFO] Receive Message:{"Ret":"ActGold","Data":{"Gold":99950}}
2023/10/13 13:37:02 [ERROR] read tcp [::1]:63349->[::1]:10001: wsarecv: An existing connection was forcibly closed by the remote host.
