2023/05/31 14:43:44 [INFO] Connect Success
2023/05/31 14:43:46 [INFO] Receive Message:{"Code":0,"Ret":"Login","Message":"success","Data":{"Gold":9999813.7,"IconID":100,"Name":"Test_simon","UserId":82941254,"MatchGameCode":"","MatchGameTableId":0,"Version":"1.0.0","Marquee":null,"is_relogin":false}}
2023/05/31 14:44:03 [INFO] Receive Message:{"Code":0,"Ret":"JoinGame","Message":"success","Data":{"Gid":"","raiseArray":[4,6,8,10,12,14],"RemainSec":1,"BetInfo":{},"TableCards":[-1,-1,-1],"PlayerInfo":[{"seatId":2,"iconId":100,"name":"Test_simon","gold":9999813.7,"IsActive":false,"isFold":false,"isCompareLose":false}],"Fsm":"Init","result":null,"own":2,"tokenSeat":0,"settleInfo":null,"round":0}}
2023/05/31 14:44:04 [INFO] Receive Message:{"Ret":"ActGamePeriod","Data":{"Fsm":"Match","Gid":"2006-1663798483112431616","RemainSec":3}}
2023/05/31 14:44:06 [INFO] simon SendMessage={"DebugDealCard":{"card":[[0,1,2],[3,4,5],[6,7,8],[9,10,11],[39,40,41]]}}
2023/05/31 14:44:06 [INFO] Receive Message:{"Code":0,"Ret":"DebugDealCard","Message":"success","Data":""}
2023/05/31 14:44:07 [INFO] Receive Message:{"Ret":"ActTableStatus","Data":{"tablePlayerInfo":[{"seatId":0,"iconId":103,"name":"****a16","gold":129637,"isSitDown":true},{"seatId":2,"iconId":100,"name":"****mon","gold":9999813.7,"isSitDown":true},{"seatId":4,"iconId":2,"name":"****e11","gold":195179,"isSitDown":true}]}}
2023/05/31 14:44:07 [INFO] Receive Message:{"Ret":"ActRaiseArray","Data":{"raiseArray":[4,6,8,10,12,14]}}
2023/05/31 14:44:07 [INFO] Receive Message:{"Ret":"ActGold","Data":{"Gold":9999812.7}}
2023/05/31 14:44:07 [INFO] Receive Message:{"Ret":"ActAnteBet","Data":{"antebet":[{"seatId":0,"bet":1,"balance":129636},{"seatId":2,"bet":1,"balance":9999812.7},{"seatId":4,"bet":1,"balance":195178}]}}
2023/05/31 14:44:07 [INFO] Receive Message:{"Ret":"ActGamePeriod","Data":{"Fsm":"Bet","Gid":"2006-1663798483112431616","RemainSec":1}}
2023/05/31 14:44:08 [INFO] Receive Message:{"Ret":"ActGamePeriod","Data":{"Fsm":"Deal","Gid":"2006-1663798483112431616","RemainSec":1}}
2023/05/31 14:44:08 [INFO] Receive Message:{"Ret":"ActDealCard","Data":{"seatid":2,"cards":[-1,-1,-1],"cardtype":0}}
2023/05/31 14:44:09 [INFO] Receive Message:{"Ret":"ActGamePeriod","Data":{"Fsm":"Play","Gid":"2006-1663798483112431616","RemainSec":15,"Round":1}}
2023/05/31 14:44:09 [INFO] Receive Message:{"Ret":"ActTokenPlayerSeat","Data":{"SeatId":0}}
2023/05/31 14:44:12 [INFO] Receive Message:{"Ret":"ActAction","Data":{"seatId":0,"actiontype":"fold","data":null}}
2023/05/31 14:44:12 [INFO] Receive Message:{"Ret":"ActGamePeriod","Data":{"Fsm":"Play","Gid":"2006-1663798483112431616","RemainSec":15,"Round":1}}
2023/05/31 14:44:12 [INFO] Receive Message:{"Ret":"ActTokenPlayerSeat","Data":{"SeatId":2}}
2023/05/31 14:44:27 [INFO] Receive Message:{"Ret":"ActAction","Data":{"seatId":2,"actiontype":"fold","data":null}}
2023/05/31 14:44:27 [INFO] Receive Message:{"Ret":"ActGamePeriod","Data":{"Fsm":"Play","Gid":"2006-1663798483112431616","RemainSec":15,"Round":1}}
2023/05/31 14:44:27 [INFO] Receive Message:{"Ret":"ActTokenPlayerSeat","Data":{"SeatId":4}}
2023/05/31 14:44:27 [INFO] Receive Message:{"Ret":"ActGamePeriod","Data":{"Fsm":"Result","Gid":"2006-1663798483112431616","RemainSec":8,"Round":1}}
2023/05/31 14:44:27 [INFO] Receive Message:{"Ret":"ActSettleData","Data":{"cards":{"0":[24,41,14],"2":[10,23,35],"4":[37,36,44]},"cardtype":{"0":6,"2":5,"4":6},"settleinfo":[{"seatId":0,"bet":1,"win":0,"Gold":129636,"refund":0,"isFold":true,"isCompareLose":false},{"seatId":2,"bet":1,"win":0,"Gold":9999812.7,"refund":0,"isFold":false,"isCompareLose":false},{"seatId":4,"bet":1,"win":1.9,"Gold":195179.9,"refund":0,"isFold":false,"isCompareLose":false}]}}
2023/05/31 14:44:45 [ERROR] read tcp [::1]:61120->[::1]:10001: use of closed network connection
2023/05/31 14:44:45 [INFO] 連線中斷
2023/05/31 14:44:46 [INFO] Connect Success
2023/05/31 14:44:48 [INFO] Receive Message:{"Code":0,"Ret":"Login","Message":"success","Data":{"Gold":9999812.7,"IconID":100,"Name":"Test_simon","UserId":82941254,"MatchGameCode":"","MatchGameTableId":0,"Version":"1.0.0","Marquee":null,"is_relogin":false}}
2023/05/31 14:45:16 [INFO] Receive Message:{"Code":0,"Ret":"JoinGame","Message":"success","Data":{"Gid":"2006-1663798483112431616","raiseArray":[4,6,8,10,12,14],"RemainSec":1,"BetInfo":{},"TableCards":[-1,-1,-1],"PlayerInfo":[{"seatId":3,"iconId":100,"name":"Test_simon","gold":9999812.7,"IsActive":false,"isFold":false,"isCompareLose":false}],"Fsm":"Init","result":[],"own":3,"tokenSeat":4,"settleInfo":null,"round":0}}
2023/05/31 14:45:17 [INFO] Receive Message:{"Ret":"ActGamePeriod","Data":{"Fsm":"Match","Gid":"2006-1663798786448691200","RemainSec":3}}
2023/05/31 14:45:18 [INFO] simon SendMessage={"DebugDealCard":{"card":[[0,1,2],[3,4,5],[6,7,8],[9,10,11],[39,40,41]]}}
2023/05/31 14:45:43 [ERROR] read tcp [::1]:61133->[::1]:10001: wsarecv: An existing connection was forcibly closed by the remote host.
2023/05/31 14:46:11 [INFO] 連線中斷
2023/05/31 14:46:12 [INFO] Connect Success
2023/05/31 14:46:15 [INFO] Receive Message:{"Code":0,"Ret":"Login","Message":"success","Data":{"Gold":9999812.7,"IconID":100,"Name":"Test_simon","UserId":82941254,"MatchGameCode":"goldenflower","MatchGameTableId":20060,"Version":"1.0.0","Marquee":null,"is_relogin":false}}
2023/05/31 14:46:21 [INFO] Receive Message:{"Code":0,"Ret":"JoinGame","Message":"success","Data":{"Gid":"","raiseArray":[4,6,8,10,12,14],"RemainSec":1,"BetInfo":{},"TableCards":[-1,-1,-1],"PlayerInfo":[{"seatId":4,"iconId":100,"name":"Test_simon","gold":9999812.7,"IsActive":false,"isFold":false,"isCompareLose":false}],"Fsm":"Init","result":null,"own":4,"tokenSeat":0,"settleInfo":null,"round":0}}
2023/05/31 14:46:22 [INFO] Receive Message:{"Ret":"ActGamePeriod","Data":{"Fsm":"Match","Gid":"2006-1663799058554163200","RemainSec":3}}
2023/05/31 14:46:22 [INFO] simon SendMessage={"DebugDealCard":{"card":[[0,1,2],[3,4,5],[6,7,8],[9,10,11],[39,40,41]]}}
2023/05/31 14:50:31 [ERROR] read tcp [::1]:61167->[::1]:10001: wsarecv: An existing connection was forcibly closed by the remote host.
2023/05/31 14:51:52 [INFO] 連線中斷
2023/05/31 14:51:55 [INFO] Connect Success
2023/05/31 14:51:58 [INFO] Receive Message:{"Code":0,"Ret":"Login","Message":"success","Data":{"Gold":9999812.7,"IconID":100,"Name":"Test_simon","UserId":82941254,"MatchGameCode":"","MatchGameTableId":0,"Version":"1.0.0","Marquee":null,"is_relogin":false}}
2023/05/31 14:52:03 [INFO] Receive Message:{"Code":0,"Ret":"JoinGame","Message":"success","Data":{"Gid":"","raiseArray":[4,6,8,10,12,14],"RemainSec":1,"BetInfo":{},"TableCards":[-1,-1,-1],"PlayerInfo":[{"seatId":1,"iconId":100,"name":"Test_simon","gold":9999812.7,"IsActive":false,"isFold":false,"isCompareLose":false}],"Fsm":"Init","result":null,"own":1,"tokenSeat":0,"settleInfo":null,"round":0}}
2023/05/31 14:52:04 [INFO] Receive Message:{"Ret":"ActGamePeriod","Data":{"Fsm":"Match","Gid":"2006-1663800495694680064","RemainSec":3}}
2023/05/31 14:52:05 [INFO] simon SendMessage={"DebugDealCard":{"card":[[0,1,2],[3,4,5],[6,7,8],[9,10,11],[39,40,41]]}}
2023/05/31 14:52:07 [INFO] Receive Message:{"Code":0,"Ret":"DebugDealCard","Message":"success","Data":""}
2023/05/31 14:52:10 [INFO] Receive Message:{"Ret":"ActTableStatus","Data":{"tablePlayerInfo":[{"seatId":0,"iconId":107,"name":"****u60","gold":173543,"isSitDown":true},{"seatId":1,"iconId":100,"name":"****mon","gold":9999812.7,"isSitDown":true},{"seatId":2,"iconId":107,"name":"****a96","gold":169141,"isSitDown":true},{"seatId":4,"iconId":107,"name":"****n56","gold":172943,"isSitDown":true}]}}
2023/05/31 14:52:10 [INFO] Receive Message:{"Ret":"ActRaiseArray","Data":{"raiseArray":[4,6,8,10,12,14]}}
2023/05/31 14:52:10 [INFO] Receive Message:{"Ret":"ActGold","Data":{"Gold":9999811.7}}
2023/05/31 14:52:10 [INFO] Receive Message:{"Ret":"ActAnteBet","Data":{"antebet":[{"seatId":0,"bet":1,"balance":173542},{"seatId":1,"bet":1,"balance":9999811.7},{"seatId":2,"bet":1,"balance":169140},{"seatId":4,"bet":1,"balance":172942}]}}
2023/05/31 14:52:10 [INFO] Receive Message:{"Ret":"ActGamePeriod","Data":{"Fsm":"Bet","Gid":"2006-1663800495694680064","RemainSec":1}}
2023/05/31 14:52:14 [INFO] Receive Message:{"Ret":"ActGamePeriod","Data":{"Fsm":"Deal","Gid":"2006-1663800495694680064","RemainSec":1}}
2023/05/31 14:52:14 [INFO] Receive Message:{"Ret":"ActDealCard","Data":{"seatid":1,"cards":[-1,-1,-1],"cardtype":0}}
2023/05/31 14:52:15 [INFO] Receive Message:{"Ret":"ActGamePeriod","Data":{"Fsm":"Play","Gid":"2006-1663800495694680064","RemainSec":15,"Round":1}}
2023/05/31 14:52:15 [INFO] Receive Message:{"Ret":"ActTokenPlayerSeat","Data":{"SeatId":0}}
2023/05/31 14:52:17 [INFO] Receive Message:{"Ret":"ActAction","Data":{"seatId":0,"actiontype":"fold","data":null}}
2023/05/31 14:52:17 [INFO] Receive Message:{"Ret":"ActGamePeriod","Data":{"Fsm":"Play","Gid":"2006-1663800495694680064","RemainSec":15,"Round":1}}
2023/05/31 14:52:17 [INFO] Receive Message:{"Ret":"ActTokenPlayerSeat","Data":{"SeatId":1}}
2023/05/31 14:52:30 [INFO] Receive Message:{"Code":0,"Ret":"PlayOperate","Message":"success"}
2023/05/31 14:52:30 [INFO] Receive Message:{"Ret":"ActAction","Data":{"seatId":1,"actiontype":"fold","data":null}}
2023/05/31 14:52:30 [INFO] Receive Message:{"Ret":"ActGamePeriod","Data":{"Fsm":"Play","Gid":"2006-1663800495694680064","RemainSec":15,"Round":1}}
2023/05/31 14:52:30 [INFO] Receive Message:{"Ret":"ActTokenPlayerSeat","Data":{"SeatId":2}}
2023/05/31 14:52:33 [INFO] Receive Message:{"Ret":"ActAction","Data":{"seatId":2,"actiontype":"fold","data":null}}
2023/05/31 14:52:33 [INFO] Receive Message:{"Ret":"ActGamePeriod","Data":{"Fsm":"Play","Gid":"2006-1663800495694680064","RemainSec":15,"Round":1}}
2023/05/31 14:52:33 [INFO] Receive Message:{"Ret":"ActTokenPlayerSeat","Data":{"SeatId":4}}
2023/05/31 14:52:33 [INFO] Receive Message:{"Ret":"ActGamePeriod","Data":{"Fsm":"Result","Gid":"2006-1663800495694680064","RemainSec":8,"Round":1}}
2023/05/31 14:52:33 [INFO] Receive Message:{"Ret":"ActSettleData","Data":{"cards":{"0":[5,4,3],"1":[0,2,1],"2":[8,7,6],"4":[11,10,9]},"cardtype":{"0":2,"1":3,"2":2,"4":2},"settleinfo":[{"seatId":0,"bet":1,"win":0,"Gold":173542,"refund":0,"isFold":true,"isCompareLose":false},{"seatId":1,"bet":1,"win":0,"Gold":9999811.7,"refund":0,"isFold":true,"isCompareLose":false},{"seatId":2,"bet":1,"win":0,"Gold":169140,"refund":0,"isFold":true,"isCompareLose":false},{"seatId":4,"bet":1,"win":2.85,"Gold":172944.85,"refund":0,"isFold":false,"isCompareLose":false}]}}
2023/05/31 15:34:47 [ERROR] read tcp [::1]:61322->[::1]:10001: wsarecv: An existing connection was forcibly closed by the remote host.
2023/05/31 15:35:12 [INFO] 連線中斷
2023/05/31 15:35:15 [INFO] Connect Success
2023/05/31 15:35:24 [INFO] Receive Message:{"Code":0,"Ret":"Login","Message":"success","Data":{"Gold":9999811.7,"IconID":100,"Name":"Test_simon","UserId":82941254,"MatchGameCode":"","MatchGameTableId":0,"Version":"1.0.0","Marquee":null,"is_relogin":false}}
2023/05/31 15:35:30 [INFO] Receive Message:{"Code":0,"Ret":"JoinGame","Message":"success","Data":{"Gid":"","raiseArray":[4,6,8,10,12,14],"RemainSec":1,"BetInfo":{},"TableCards":[-1,-1,-1],"PlayerInfo":[{"seatId":4,"iconId":100,"name":"Test_simon","gold":9999811.7,"IsActive":false,"isFold":false,"isCompareLose":false}],"Fsm":"Init","result":null,"own":4,"tokenSeat":0,"settleInfo":null,"round":0}}
2023/05/31 15:35:31 [INFO] Receive Message:{"Ret":"ActGamePeriod","Data":{"Fsm":"Match","Gid":"2006-1663811429305683968","RemainSec":3}}
2023/05/31 15:35:32 [INFO] simon SendMessage={"DebugDealCard":{"card":[[0,1,2],[3,4,5],[6,7,8],[9,10,11],[39,40,41]]}}
2023/05/31 15:35:40 [INFO] Receive Message:{"Code":0,"Ret":"DebugDealCard","Message":"success","Data":""}
2023/05/31 15:35:46 [INFO] Receive Message:{"Ret":"ActTableStatus","Data":{"tablePlayerInfo":[{"seatId":0,"iconId":103,"name":"****a88","gold":184315,"isSitDown":true},{"seatId":1,"iconId":107,"name":"****a56","gold":191215,"isSitDown":true},{"seatId":4,"iconId":100,"name":"****mon","gold":9999811.7,"isSitDown":true}]}}
2023/05/31 15:35:46 [INFO] Receive Message:{"Ret":"ActRaiseArray","Data":{"raiseArray":[4,6,8,10,12,14]}}
2023/05/31 15:35:46 [INFO] Receive Message:{"Ret":"ActGold","Data":{"Gold":9999810.7}}
2023/05/31 15:35:46 [INFO] Receive Message:{"Ret":"ActAnteBet","Data":{"antebet":[{"seatId":0,"bet":1,"balance":184314},{"seatId":1,"bet":1,"balance":191214},{"seatId":4,"bet":1,"balance":9999810.7}]}}
2023/05/31 15:35:46 [INFO] Receive Message:{"Ret":"ActGamePeriod","Data":{"Fsm":"Bet","Gid":"2006-1663811429305683968","RemainSec":1}}
2023/05/31 15:35:47 [INFO] Receive Message:{"Ret":"ActGamePeriod","Data":{"Fsm":"Deal","Gid":"2006-1663811429305683968","RemainSec":1}}
2023/05/31 15:35:47 [INFO] Receive Message:{"Ret":"ActDealCard","Data":{"seatid":4,"cards":[-1,-1,-1],"cardtype":0}}
2023/05/31 15:35:48 [INFO] Receive Message:{"Ret":"ActGamePeriod","Data":{"Fsm":"Play","Gid":"2006-1663811429305683968","RemainSec":15,"Round":1}}
2023/05/31 15:35:48 [INFO] Receive Message:{"Ret":"ActTokenPlayerSeat","Data":{"SeatId":1}}
2023/05/31 15:35:49 [INFO] Receive Message:{"Ret":"ActAction","Data":{"seatId":1,"actiontype":"fold","data":null}}
2023/05/31 15:35:49 [INFO] Receive Message:{"Ret":"ActGamePeriod","Data":{"Fsm":"Play","Gid":"2006-1663811429305683968","RemainSec":15,"Round":1}}
2023/05/31 15:35:49 [INFO] Receive Message:{"Ret":"ActTokenPlayerSeat","Data":{"SeatId":4}}
2023/05/31 15:36:04 [INFO] Receive Message:{"Ret":"ActAction","Data":{"seatId":4,"actiontype":"fold","data":null}}
2023/05/31 15:36:04 [INFO] Receive Message:{"Ret":"ActGamePeriod","Data":{"Fsm":"Play","Gid":"2006-1663811429305683968","RemainSec":15,"Round":1}}
2023/05/31 15:36:04 [INFO] Receive Message:{"Ret":"ActTokenPlayerSeat","Data":{"SeatId":0}}
2023/05/31 15:36:04 [INFO] Receive Message:{"Ret":"ActGamePeriod","Data":{"Fsm":"Result","Gid":"2006-1663811429305683968","RemainSec":8,"Round":1}}
2023/05/31 15:36:04 [INFO] Receive Message:{"Ret":"ActSettleData","Data":{"cards":{"0":[5,4,3],"1":[8,7,6],"4":[0,2,1]},"cardtype":{"0":2,"1":2,"4":3},"settleinfo":[{"seatId":0,"bet":1,"win":1.9,"Gold":184315.9,"refund":0,"isFold":false,"isCompareLose":false},{"seatId":1,"bet":1,"win":0,"Gold":191214,"refund":0,"isFold":true,"isCompareLose":false},{"seatId":4,"bet":1,"win":0,"Gold":9999810.7,"refund":0,"isFold":false,"isCompareLose":false}]}}
2023/05/31 16:57:30 [ERROR] read tcp [::1]:62202->[::1]:10001: wsarecv: An existing connection was forcibly closed by the remote host.
2023/05/31 17:39:20 [INFO] 連線中斷
2023/05/31 17:39:23 [INFO] simon SendMessage={Login:{Token: Name:simon}}
2023/05/31 17:39:23 [ERROR] simon write tcp [::1]:62202->[::1]:10001: use of closed network connection
2023/05/31 17:39:28 [INFO] Connect Success
2023/05/31 17:39:32 [ERROR] read tcp [::1]:65072->[::1]:10001: use of closed network connection
2023/05/31 17:39:32 [INFO] 連線中斷
2023/05/31 17:39:37 [INFO] Connect Success
2023/05/31 17:39:39 [INFO] Receive Message:{"Code":0,"Ret":"Login","Message":"success","Data":{"Gold":9999810.7,"IconID":100,"Name":"Test_simon","UserId":82941254,"MatchGameCode":"","MatchGameTableId":0,"Version":"1.0.0","Marquee":null,"is_relogin":false}}
2023/05/31 17:39:57 [INFO] Receive Message:{"Code":0,"Ret":"JoinGame","Message":"success","Data":{"Gid":"","raiseArray":[4,6,8,10,12,14],"RemainSec":1,"BetInfo":{},"TableCards":[-1,-1,-1],"PlayerInfo":[{"seatId":0,"iconId":100,"name":"Test_simon","gold":9999810.7,"IsActive":false,"isFold":false,"isCompareLose":false}],"Fsm":"Init","result":null,"own":0,"tokenSeat":0,"settleInfo":null,"round":0}}
2023/05/31 17:39:58 [INFO] Receive Message:{"Ret":"ActGamePeriod","Data":{"Fsm":"Match","Gid":"2006-1663842747120881664","RemainSec":3}}
2023/05/31 17:39:59 [INFO] simon SendMessage={"DebugDealCard":{"card":[[0,1,2]]}}
2023/05/31 17:40:01 [INFO] Receive Message:{"Code":0,"Ret":"DebugDealCard","Message":"success","Data":""}
2023/05/31 17:40:03 [INFO] Receive Message:{"Ret":"ActTableStatus","Data":{"tablePlayerInfo":[{"seatId":0,"iconId":100,"name":"****mon","gold":9999810.7,"isSitDown":true},{"seatId":2,"iconId":1,"name":"****s34","gold":144637,"isSitDown":true},{"seatId":3,"iconId":100,"name":"****a37","gold":150874,"isSitDown":true},{"seatId":4,"iconId":2,"name":"****e59","gold":162470,"isSitDown":true}]}}
2023/05/31 17:40:03 [INFO] Receive Message:{"Ret":"ActRaiseArray","Data":{"raiseArray":[4,6,8,10,12,14]}}
2023/05/31 17:40:03 [INFO] Receive Message:{"Ret":"ActGold","Data":{"Gold":9999809.7}}
2023/05/31 17:40:03 [INFO] Receive Message:{"Ret":"ActAnteBet","Data":{"antebet":[{"seatId":0,"bet":1,"balance":9999809.7},{"seatId":2,"bet":1,"balance":144636},{"seatId":3,"bet":1,"balance":150873},{"seatId":4,"bet":1,"balance":162469}]}}
2023/05/31 17:40:03 [INFO] Receive Message:{"Ret":"ActGamePeriod","Data":{"Fsm":"Bet","Gid":"2006-1663842747120881664","RemainSec":1}}
2023/05/31 17:40:07 [ERROR] read tcp [::1]:65075->[::1]:10001: wsarecv: An existing connection was forcibly closed by the remote host.
2023/05/31 17:40:38 [INFO] 連線中斷
2023/05/31 17:40:38 [INFO] Connect Success
2023/05/31 17:40:41 [INFO] Receive Message:{"Code":0,"Ret":"Login","Message":"success","Data":{"Gold":9999809.7,"IconID":100,"Name":"Test_simon","UserId":82941254,"MatchGameCode":"goldenflower","MatchGameTableId":20060,"Version":"1.0.0","Marquee":null,"is_relogin":false}}
2023/05/31 17:40:46 [INFO] Receive Message:{"Code":0,"Ret":"JoinGame","Message":"success","Data":{"Gid":"","raiseArray":[4,6,8,10,12,14],"RemainSec":1,"BetInfo":{},"TableCards":[-1,-1,-1],"PlayerInfo":[{"seatId":4,"iconId":100,"name":"Test_simon","gold":9999809.7,"IsActive":false,"isFold":false,"isCompareLose":false}],"Fsm":"Init","result":null,"own":4,"tokenSeat":0,"settleInfo":null,"round":0}}
2023/05/31 17:40:47 [INFO] Receive Message:{"Ret":"ActGamePeriod","Data":{"Fsm":"Match","Gid":"2006-1663842955456155648","RemainSec":3}}
2023/05/31 17:40:48 [INFO] simon SendMessage={"DebugDealCard":{"card":[[0,1,2]]}}
2023/05/31 17:40:50 [INFO] Receive Message:{"Code":0,"Ret":"DebugDealCard","Message":"success","Data":""}
2023/05/31 17:40:52 [INFO] Receive Message:{"Ret":"ActTableStatus","Data":{"tablePlayerInfo":[{"seatId":0,"iconId":102,"name":"****y99","gold":134099,"isSitDown":true},{"seatId":1,"iconId":105,"name":"****e62","gold":174808,"isSitDown":true},{"seatId":2,"iconId":103,"name":"****e72","gold":106849,"isSitDown":true},{"seatId":4,"iconId":100,"name":"****mon","gold":19999619.4,"isSitDown":true}]}}
2023/05/31 17:40:52 [INFO] Receive Message:{"Ret":"ActRaiseArray","Data":{"raiseArray":[4,6,8,10,12,14]}}
2023/05/31 17:40:52 [INFO] Receive Message:{"Ret":"ActGold","Data":{"Gold":19999618.4}}
2023/05/31 17:40:52 [INFO] Receive Message:{"Ret":"ActAnteBet","Data":{"antebet":[{"seatId":0,"bet":1,"balance":134098},{"seatId":1,"bet":1,"balance":174807},{"seatId":2,"bet":1,"balance":106848},{"seatId":4,"bet":1,"balance":19999618.4}]}}
2023/05/31 17:40:52 [INFO] Receive Message:{"Ret":"ActGamePeriod","Data":{"Fsm":"Bet","Gid":"2006-1663842955456155648","RemainSec":1}}
2023/05/31 17:42:55 [ERROR] read tcp [::1]:65127->[::1]:10001: wsarecv: An existing connection was forcibly closed by the remote host.
2023/05/31 17:44:24 [INFO] 連線中斷
2023/05/31 17:44:27 [INFO] Connect Success
2023/05/31 17:44:29 [INFO] Receive Message:{"Code":0,"Ret":"Login","Message":"success","Data":{"Gold":9999808.7,"IconID":100,"Name":"Test_simon","UserId":82941254,"MatchGameCode":"goldenflower","MatchGameTableId":20060,"Version":"1.0.0","Marquee":null,"is_relogin":false}}
2023/05/31 17:44:36 [INFO] Receive Message:{"Code":0,"Ret":"JoinGame","Message":"success","Data":{"Gid":"","raiseArray":[4,6,8,10,12,14],"RemainSec":1,"BetInfo":{},"TableCards":[-1,-1,-1],"PlayerInfo":[{"seatId":4,"iconId":100,"name":"Test_simon","gold":9999808.7,"IsActive":false,"isFold":false,"isCompareLose":false}],"Fsm":"Init","result":null,"own":4,"tokenSeat":0,"settleInfo":null,"round":0}}
2023/05/31 17:44:37 [INFO] Receive Message:{"Ret":"ActGamePeriod","Data":{"Fsm":"Match","Gid":"2006-1663843919848280064","RemainSec":3}}
2023/05/31 17:44:38 [INFO] simon SendMessage={"DebugDealCard":{"card":[[0,1,2]]}}
2023/05/31 17:44:40 [INFO] Receive Message:{"Code":0,"Ret":"DebugDealCard","Message":"success","Data":""}
2023/05/31 17:44:42 [INFO] Receive Message:{"Ret":"ActTableStatus","Data":{"tablePlayerInfo":[{"seatId":1,"iconId":100,"name":"****y69","gold":185776,"isSitDown":true},{"seatId":2,"iconId":104,"name":"****a17","gold":181331,"isSitDown":true},{"seatId":4,"iconId":100,"name":"****mon","gold":29999427.1,"isSitDown":true}]}}
2023/05/31 17:44:42 [INFO] Receive Message:{"Ret":"ActRaiseArray","Data":{"raiseArray":[4,6,8,10,12,14]}}
2023/05/31 17:44:42 [INFO] Receive Message:{"Ret":"ActGold","Data":{"Gold":29999426.1}}
2023/05/31 17:44:42 [INFO] Receive Message:{"Ret":"ActAnteBet","Data":{"antebet":[{"seatId":1,"bet":1,"balance":185775},{"seatId":2,"bet":1,"balance":181330},{"seatId":4,"bet":1,"balance":29999426.1}]}}
2023/05/31 17:44:42 [INFO] Receive Message:{"Ret":"ActGamePeriod","Data":{"Fsm":"Bet","Gid":"2006-1663843919848280064","RemainSec":1}}
2023/05/31 17:46:35 [ERROR] read tcp [::1]:65249->[::1]:10001: wsarecv: An existing connection was forcibly closed by the remote host.
2023/05/31 17:47:02 [INFO] 連線中斷
2023/05/31 17:47:03 [INFO] Connect Success
2023/05/31 17:47:05 [INFO] Receive Message:{"Code":0,"Ret":"Login","Message":"success","Data":{"Gold":9999807.700000003,"IconID":100,"Name":"Test_simon","UserId":82941254,"MatchGameCode":"goldenflower","MatchGameTableId":20060,"Version":"1.0.0","Marquee":null,"is_relogin":false}}
2023/05/31 17:47:09 [INFO] Receive Message:{"Code":0,"Ret":"JoinGame","Message":"success","Data":{"Gid":"","raiseArray":[4,6,8,10,12,14],"RemainSec":1,"BetInfo":{},"TableCards":[-1,-1,-1],"PlayerInfo":[{"seatId":0,"iconId":100,"name":"Test_simon","gold":9999807.7,"IsActive":false,"isFold":false,"isCompareLose":false}],"Fsm":"Init","result":null,"own":0,"tokenSeat":0,"settleInfo":null,"round":0}}
2023/05/31 17:47:10 [INFO] simon SendMessage={"DebugDealCard":{"card":[[0,1,2]]}}
2023/05/31 17:47:12 [INFO] Receive Message:{"Code":0,"Ret":"DebugDealCard","Message":"success","Data":""}
2023/05/31 17:47:13 [INFO] Receive Message:{"Ret":"ActGamePeriod","Data":{"Fsm":"Match","Gid":"2006-1663844571261440000","RemainSec":3}}
2023/05/31 17:47:16 [INFO] Receive Message:{"Ret":"ActTableStatus","Data":{"tablePlayerInfo":[{"seatId":0,"iconId":100,"name":"****mon","gold":39999233.8,"isSitDown":true},{"seatId":1,"iconId":105,"name":"****a38","gold":136207,"isSitDown":true},{"seatId":3,"iconId":5,"name":"****b62","gold":197072,"isSitDown":true},{"seatId":4,"iconId":0,"name":"****s81","gold":131752,"isSitDown":true}]}}
2023/05/31 17:47:16 [INFO] Receive Message:{"Ret":"ActRaiseArray","Data":{"raiseArray":[4,6,8,10,12,14]}}
2023/05/31 17:47:16 [INFO] Receive Message:{"Ret":"ActGold","Data":{"Gold":39999232.8}}
2023/05/31 17:47:16 [INFO] Receive Message:{"Ret":"ActAnteBet","Data":{"antebet":[{"seatId":0,"bet":1,"balance":39999232.8},{"seatId":1,"bet":1,"balance":136206},{"seatId":3,"bet":1,"balance":197071},{"seatId":4,"bet":1,"balance":131751}]}}
2023/05/31 17:47:16 [INFO] Receive Message:{"Ret":"ActGamePeriod","Data":{"Fsm":"Bet","Gid":"2006-1663844571261440000","RemainSec":1}}
2023/05/31 17:47:31 [INFO] Receive Message:{"Ret":"ActGamePeriod","Data":{"Fsm":"Deal","Gid":"2006-1663844571261440000","RemainSec":1}}
2023/05/31 17:47:31 [INFO] Receive Message:{"Ret":"ActDealCard","Data":{"seatid":0,"cards":[-1,-1,-1],"cardtype":0}}
2023/05/31 17:47:32 [INFO] Receive Message:{"Ret":"ActGamePeriod","Data":{"Fsm":"Play","Gid":"2006-1663844571261440000","RemainSec":15,"Round":1}}
2023/05/31 17:47:32 [INFO] Receive Message:{"Ret":"ActTokenPlayerSeat","Data":{"SeatId":0}}
2023/05/31 17:47:41 [INFO] Receive Message:{"Code":0,"Ret":"PlayOperate","Message":"success"}
2023/05/31 17:47:41 [INFO] Receive Message:{"Ret":"ActAction","Data":{"seatId":0,"actiontype":"fold","data":null}}
2023/05/31 17:47:41 [INFO] Receive Message:{"Ret":"ActGamePeriod","Data":{"Fsm":"Play","Gid":"2006-1663844571261440000","RemainSec":15,"Round":1}}
2023/05/31 17:47:41 [INFO] Receive Message:{"Ret":"ActTokenPlayerSeat","Data":{"SeatId":1}}
2023/05/31 17:47:41 [INFO] Receive Message:{"Ret":"ActGold","Data":{"Gold":9999806.7}}
2023/05/31 17:47:53 [ERROR] read tcp [::1]:65307->[::1]:10001: wsarecv: An existing connection was forcibly closed by the remote host.
2023/05/31 17:50:10 [INFO] 連線中斷
2023/05/31 17:50:12 [INFO] Connect Success
2023/05/31 17:50:14 [INFO] Receive Message:{"Code":0,"Ret":"Login","Message":"success","Data":{"Gold":9999806.7,"IconID":100,"Name":"Test_simon","UserId":82941254,"MatchGameCode":"","MatchGameTableId":0,"Version":"1.0.0","Marquee":null,"is_relogin":false}}
2023/05/31 17:50:20 [INFO] Receive Message:{"Code":0,"Ret":"JoinGame","Message":"success","Data":{"Gid":"","raiseArray":[4,6,8,10,12,14],"RemainSec":1,"BetInfo":{},"TableCards":[-1,-1,-1],"PlayerInfo":[{"seatId":0,"iconId":100,"name":"Test_simon","gold":9999806.7,"IsActive":false,"isFold":false,"isCompareLose":false}],"Fsm":"Init","result":null,"own":0,"tokenSeat":0,"settleInfo":null,"round":0}}
2023/05/31 17:50:21 [INFO] Receive Message:{"Ret":"ActGamePeriod","Data":{"Fsm":"Match","Gid":"2006-1663845359987724288","RemainSec":3}}
2023/05/31 17:50:22 [INFO] simon SendMessage={"DebugDealCard":{"card":[[0,1,2]]}}
2023/05/31 17:50:24 [INFO] Receive Message:{"Code":0,"Ret":"DebugDealCard","Message":"success","Data":""}
2023/05/31 17:50:26 [INFO] Receive Message:{"Ret":"ActTableStatus","Data":{"tablePlayerInfo":[{"seatId":0,"iconId":100,"name":"****mon","gold":9999806.7,"isSitDown":true},{"seatId":2,"iconId":7,"name":"****e04","gold":188636,"isSitDown":true},{"seatId":3,"iconId":103,"name":"****r16","gold":142662,"isSitDown":true},{"seatId":4,"iconId":1,"name":"****a46","gold":133457,"isSitDown":true}]}}
2023/05/31 17:50:26 [INFO] Receive Message:{"Ret":"ActRaiseArray","Data":{"raiseArray":[4,6,8,10,12,14]}}
2023/05/31 17:50:26 [INFO] Receive Message:{"Ret":"ActGold","Data":{"Gold":9999805.7}}
2023/05/31 17:50:26 [INFO] Receive Message:{"Ret":"ActAnteBet","Data":{"antebet":[{"seatId":0,"bet":1,"balance":9999805.7},{"seatId":2,"bet":1,"balance":188635},{"seatId":3,"bet":1,"balance":142661},{"seatId":4,"bet":1,"balance":133456}]}}
2023/05/31 17:50:26 [INFO] Receive Message:{"Ret":"ActGamePeriod","Data":{"Fsm":"Bet","Gid":"2006-1663845359987724288","RemainSec":1}}
2023/05/31 17:51:17 [ERROR] read tcp [::1]:65404->[::1]:10001: wsarecv: An existing connection was forcibly closed by the remote host.
2023/05/31 17:52:35 [INFO] 連線中斷
2023/05/31 17:56:14 [INFO] Connect Success
2023/05/31 17:56:16 [INFO] Receive Message:{"Code":0,"Ret":"Login","Message":"success","Data":{"Gold":9999805.7,"IconID":100,"Name":"Test_simon","UserId":82941254,"MatchGameCode":"","MatchGameTableId":0,"Version":"1.0.0","Marquee":null,"is_relogin":false}}
2023/05/31 17:56:20 [INFO] Receive Message:{"Code":0,"Ret":"JoinGame","Message":"success","Data":{"Gid":"","raiseArray":[4,6,8,10,12,14],"RemainSec":1,"BetInfo":{},"TableCards":[-1,-1,-1],"PlayerInfo":[{"seatId":2,"iconId":100,"name":"Test_simon","gold":9999805.7,"IsActive":false,"isFold":false,"isCompareLose":false}],"Fsm":"Init","result":null,"own":2,"tokenSeat":0,"settleInfo":null,"round":0}}
2023/05/31 17:56:21 [INFO] Receive Message:{"Ret":"ActGamePeriod","Data":{"Fsm":"Match","Gid":"2006-1663846872785096704","RemainSec":3}}
2023/05/31 17:56:22 [INFO] simon SendMessage={"DebugDealCard":{"card":[[0,1,2]]}}
2023/05/31 17:56:22 [INFO] Receive Message:{"Code":0,"Ret":"DebugDealCard","Message":"success","Data":""}
2023/05/31 17:56:24 [INFO] Receive Message:{"Ret":"ActTableStatus","Data":{"tablePlayerInfo":[{"seatId":0,"iconId":101,"name":"****t94","gold":168617,"isSitDown":true},{"seatId":2,"iconId":100,"name":"****mon","gold":9999805.7,"isSitDown":true},{"seatId":3,"iconId":105,"name":"****y06","gold":172542,"isSitDown":true},{"seatId":4,"iconId":5,"name":"****o62","gold":194662,"isSitDown":true}]}}
2023/05/31 17:56:24 [INFO] Receive Message:{"Ret":"ActRaiseArray","Data":{"raiseArray":[4,6,8,10,12,14]}}
2023/05/31 17:56:24 [INFO] Receive Message:{"Ret":"ActGold","Data":{"Gold":9999804.7}}
2023/05/31 17:56:24 [INFO] Receive Message:{"Ret":"ActAnteBet","Data":{"antebet":[{"seatId":0,"bet":1,"balance":168616},{"seatId":2,"bet":1,"balance":9999804.7},{"seatId":3,"bet":1,"balance":172541},{"seatId":4,"bet":1,"balance":194661}]}}
2023/05/31 17:56:24 [INFO] Receive Message:{"Ret":"ActGamePeriod","Data":{"Fsm":"Bet","Gid":"2006-1663846872785096704","RemainSec":1}}
2023/05/31 17:57:08 [INFO] Receive Message:{"Ret":"ActGamePeriod","Data":{"Fsm":"Deal","Gid":"2006-1663846872785096704","RemainSec":1}}
2023/05/31 17:57:08 [INFO] Receive Message:{"Ret":"ActDealCard","Data":{"seatid":2,"cards":[-1,-1,-1],"cardtype":0}}
2023/05/31 17:57:09 [INFO] Receive Message:{"Ret":"ActGamePeriod","Data":{"Fsm":"Play","Gid":"2006-1663846872785096704","RemainSec":15,"Round":1}}
2023/05/31 17:57:09 [INFO] Receive Message:{"Ret":"ActTokenPlayerSeat","Data":{"SeatId":3}}
2023/05/31 17:57:17 [INFO] Receive Message:{"Ret":"ActAction","Data":{"seatId":3,"actiontype":"call","data":{"IsLookAt":false,"balance":172539,"gold":2}}}
2023/05/31 17:57:17 [INFO] Receive Message:{"Ret":"ActGamePeriod","Data":{"Fsm":"Play","Gid":"2006-1663846872785096704","RemainSec":15,"Round":1}}
2023/05/31 17:57:17 [INFO] Receive Message:{"Ret":"ActTokenPlayerSeat","Data":{"SeatId":4}}
2023/05/31 17:57:26 [INFO] Receive Message:{"Ret":"ActAction","Data":{"seatId":4,"actiontype":"fold","data":null}}
2023/05/31 17:57:26 [INFO] Receive Message:{"Ret":"ActGamePeriod","Data":{"Fsm":"Play","Gid":"2006-1663846872785096704","RemainSec":15,"Round":1}}
2023/05/31 17:57:26 [INFO] Receive Message:{"Ret":"ActTokenPlayerSeat","Data":{"SeatId":0}}
2023/05/31 17:57:35 [INFO] Receive Message:{"Ret":"ActAction","Data":{"seatId":0,"actiontype":"fold","data":null}}
2023/05/31 17:57:35 [INFO] Receive Message:{"Ret":"ActGamePeriod","Data":{"Fsm":"Play","Gid":"2006-1663846872785096704","RemainSec":15,"Round":1}}
2023/05/31 17:57:35 [INFO] Receive Message:{"Ret":"ActTokenPlayerSeat","Data":{"SeatId":2}}
2023/05/31 17:57:50 [INFO] Receive Message:{"Ret":"ActAction","Data":{"seatId":2,"actiontype":"fold","data":null}}
2023/05/31 17:57:50 [INFO] Receive Message:{"Ret":"ActGamePeriod","Data":{"Fsm":"Play","Gid":"2006-1663846872785096704","RemainSec":15,"Round":1}}
2023/05/31 17:57:50 [INFO] Receive Message:{"Ret":"ActTokenPlayerSeat","Data":{"SeatId":3}}
2023/05/31 17:57:50 [INFO] Receive Message:{"Ret":"ActGamePeriod","Data":{"Fsm":"Result","Gid":"2006-1663846872785096704","RemainSec":8,"Round":1}}
2023/05/31 17:57:50 [INFO] Receive Message:{"Ret":"ActSettleData","Data":{"cards":{"0":[0,47,5],"2":[0,2,1],"3":[35,14,27],"4":[51,8,19]},"cardtype":{"0":6,"2":3,"3":5,"4":6},"settleinfo":[{"seatId":0,"bet":1,"win":0,"Gold":168616,"refund":0,"isFold":true,"isCompareLose":false},{"seatId":2,"bet":1,"win":0,"Gold":9999804.7,"refund":0,"isFold":false,"isCompareLose":false},{"seatId":3,"bet":3,"win":2.85,"Gold":172541.85,"refund":0,"isFold":false,"isCompareLose":false},{"seatId":4,"bet":1,"win":0,"Gold":194661,"refund":0,"isFold":true,"isCompareLose":false}]}}
