2023/10/04 09:56:43 [INFO] 連線中斷
2023/10/04 09:57:22 [INFO] Connect Success
2023/10/04 09:57:26 [INFO]  SendMessage={"Login":{"Token":"6e7f7e92fz150wi74wvdzl1xo"}}
2023/10/04 09:57:26 [INFO] Receive Message:{"Code":200002,"Ret":"Login","Message":"paltform authenticate error"}
2023/10/04 10:06:47 [ERROR] read tcp 127.0.0.1:63460->127.0.0.1:10001: wsarecv: An existing connection was forcibly closed by the remote host.
2023/10/04 10:15:35 [INFO] 連線中斷
2023/10/04 10:15:54 [INFO] Connect Success
2023/10/04 10:15:57 [INFO]  SendMessage={"Login":{"Token":"645053b8dzi6j0ib4m03z22o76"}}
2023/10/04 10:15:57 [INFO] Receive Message:{"Code":200002,"Ret":"Login","Message":"paltform authenticate error"}
2023/10/04 10:16:26 [INFO]  SendMessage={"Login":{"Token":"645053b8dzi6j0ib4m03z22o76"}}
2023/10/04 10:22:09 [ERROR] read tcp 127.0.0.1:65432->127.0.0.1:10001: wsarecv: An existing connection was forcibly closed by the remote host.
2023/10/04 10:22:22 [INFO] 連線中斷
2023/10/04 10:22:22 [INFO] Connect Success
2023/10/04 10:22:24 [INFO]  SendMessage={"Login":{"Token":"6381d0c4fz3g6p7cab71z10jjb"}}
2023/10/04 10:22:34 [INFO] Receive Message:{"Code":0,"Ret":"Login","Message":"success","Data":{"Gold":0,"IconID":0,"Name":"TestAPLPK01","UserId":515938,"MatchGameCode":"","MatchGameTableId":0,"Version":"1.0.0","Marquee":null,"is_relogin":false}}
2023/10/04 10:23:13 [INFO]  SendMessage={"Login":{"Token":"6381d0c4fz3g6p7cab71z10jjb"}}
2023/10/04 10:23:49 [INFO] Receive Message:{"Ret":"ActMultiConnect","Data":{}}
2023/10/04 10:23:49 [ERROR] websocket: close 1006 (abnormal closure): unexpected EOF
2023/10/04 10:28:56 [INFO] 連線中斷
2023/10/04 10:29:07 [INFO] Connect Success
2023/10/04 10:29:09 [INFO]  SendMessage={"Login":{"Token":"6381d0c4fz3g6p7cab71z10jjb"}}
2023/10/04 10:29:36 [INFO] Receive Message:{"Code":0,"Ret":"Login","Message":"success","Data":{"Gold":2000000,"IconID":0,"Name":"TestAPLPK01","UserId":515938,"MatchGameCode":"","MatchGameTableId":0,"Version":"1.0.0","Marquee":null,"is_relogin":false}}
2023/10/04 10:30:11 [ERROR] read tcp 127.0.0.1:49202->127.0.0.1:10001: wsarecv: An existing connection was forcibly closed by the remote host.
2023/10/04 10:31:49 [INFO] 連線中斷
2023/10/04 10:31:49 [INFO] Connect Success
2023/10/04 10:31:51 [INFO]  SendMessage={"Login":{"Token":"6381d0c4fz3g6p7cab71z10jjb"}}
2023/10/04 10:32:33 [ERROR] read tcp 127.0.0.1:49238->127.0.0.1:10001: wsarecv: An existing connection was forcibly closed by the remote host.
2023/10/04 10:35:06 [INFO] 連線中斷
2023/10/04 10:35:21 [INFO]  SendMessage={"Login":{"Token":"6381d0c4fz3g6p7cab71z10jjb"}}
2023/10/04 10:35:21 [ERROR]  write tcp 127.0.0.1:49238->127.0.0.1:10001: use of closed network connection
2023/10/04 10:35:23 [INFO] Connect Success
2023/10/04 10:35:26 [INFO]  SendMessage={"Login":{"Token":"6381d0c4fz3g6p7cab71z10jjb"}}
2023/10/04 10:35:34 [INFO] Receive Message:{"Code":0,"Ret":"Login","Message":"success","Data":{"Gold":2000000,"IconID":0,"Name":"TestAPLPK01","UserId":515938,"MatchGameCode":"","MatchGameTableId":0,"Version":"1.0.0","Marquee":null,"is_relogin":false}}
2023/10/04 10:36:16 [ERROR] read tcp 127.0.0.1:49289->127.0.0.1:10001: wsarecv: An existing connection was forcibly closed by the remote host.
2023/10/04 10:38:06 [INFO] 連線中斷
2023/10/04 10:38:06 [INFO] Connect Success
2023/10/04 10:38:08 [INFO]  SendMessage={"Login":{"Token":"6381d0c4fz3g6p7cab71z10jjb"}}
2023/10/04 10:38:20 [INFO] Receive Message:{"Code":0,"Ret":"Login","Message":"success","Data":{"Gold":2000000,"IconID":0,"Name":"TestAPLPK01","UserId":515938,"MatchGameCode":"","MatchGameTableId":0,"Version":"1.0.0","Marquee":null,"is_relogin":false}}
2023/10/04 10:38:40 [ERROR] read tcp 127.0.0.1:49327->127.0.0.1:10001: wsarecv: An existing connection was forcibly closed by the remote host.
2023/10/04 10:39:10 [INFO] 連線中斷
2023/10/04 10:39:11 [INFO] Connect Success
2023/10/04 10:39:13 [INFO]  SendMessage={"Login":{"Token":"6381d0c4fz3g6p7cab71z10jjb"}}
2023/10/04 10:39:17 [INFO] Receive Message:{"Code":0,"Ret":"Login","Message":"success","Data":{"Gold":2000000,"IconID":0,"Name":"TestAPLPK01","UserId":515938,"MatchGameCode":"","MatchGameTableId":0,"Version":"1.0.0","Marquee":null,"is_relogin":false}}
2023/10/04 10:39:25 [INFO] Receive Message:{"Code":0,"Ret":"EnterRoom","Message":"success","Data":[{"GameCode":"baccarat","RoomType":0,"TableId":10010,"Num":4,"Status":1},{"GameCode":"baccarat","RoomType":1,"TableId":10011,"Num":4,"Status":1},{"GameCode":"baccarat","RoomType":2,"TableId":10012,"Num":4,"Status":1},{"GameCode":"baccarat","RoomType":3,"TableId":10013,"Num":4,"Status":1}]}
2023/10/04 10:39:26 [INFO] Receive Message:{"Ret":"ActRoomStatus","Data":{"RoomInfo":[[{"RoadList":null,"Fsm":"Bet","PlayerNum":45,"BetLimit":[7000,400000],"RemainSec":14,"TableId":100101},{"RoadList":null,"Fsm":"Bet","PlayerNum":46,"BetLimit":[7000,400000],"RemainSec":14,"TableId":100102},{"RoadList":null,"Fsm":"Bet","PlayerNum":44,"BetLimit":[7000,400000],"RemainSec":14,"TableId":100103},{"RoadList":null,"Fsm":"Bet","PlayerNum":46,"BetLimit":[7000,400000],"RemainSec":14,"TableId":100104}],[{"RoadList":null,"Fsm":"Bet","PlayerNum":15,"BetLimit":[70000,4000000],"RemainSec":14,"TableId":100111},{"RoadList":null,"Fsm":"Bet","PlayerNum":17,"BetLimit":[70000,4000000],"RemainSec":14,"TableId":100112},{"RoadList":null,"Fsm":"Bet","PlayerNum":29,"BetLimit":[70000,4000000],"RemainSec":14,"TableId":100113},{"RoadList":null,"Fsm":"Bet","PlayerNum":24,"BetLimit":[70000,4000000],"RemainSec":14,"TableId":100114}],[{"RoadList":null,"Fsm":"Bet","PlayerNum":17,"BetLimit":[700000,40000000],"RemainSec":14,"TableId":100121},{"RoadList":null,"Fsm":"Bet","PlayerNum":19,"BetLimit":[700000,40000000],"RemainSec":14,"TableId":100122},{"RoadList":null,"Fsm":"Bet","PlayerNum":19,"BetLimit":[700000,40000000],"RemainSec":14,"TableId":100123},{"RoadList":null,"Fsm":"Bet","PlayerNum":16,"BetLimit":[700000,40000000],"RemainSec":14,"TableId":100124}],[{"RoadList":null,"Fsm":"Bet","PlayerNum":7,"BetLimit":[1700000,80000000],"RemainSec":14,"TableId":100131},{"RoadList":null,"Fsm":"Bet","PlayerNum":7,"BetLimit":[1700000,80000000],"RemainSec":14,"TableId":100132},{"RoadList":null,"Fsm":"Bet","PlayerNum":9,"BetLimit":[1700000,80000000],"RemainSec":14,"TableId":100133},{"RoadList":null,"Fsm":"Bet","PlayerNum":8,"BetLimit":[1700000,80000000],"RemainSec":14,"TableId":100134}]]}}
2023/10/04 10:39:27 [INFO] Receive Message:{"Ret":"ActRoomStatus","Data":{"RoomInfo":[[{"RoadList":null,"Fsm":"Bet","PlayerNum":45,"BetLimit":[7000,400000],"RemainSec":13,"TableId":100101},{"RoadList":null,"Fsm":"Bet","PlayerNum":46,"BetLimit":[7000,400000],"RemainSec":13,"TableId":100102},{"RoadList":null,"Fsm":"Bet","PlayerNum":44,"BetLimit":[7000,400000],"RemainSec":13,"TableId":100103},{"RoadList":null,"Fsm":"Bet","PlayerNum":46,"BetLimit":[7000,400000],"RemainSec":13,"TableId":100104}],[{"RoadList":null,"Fsm":"Bet","PlayerNum":15,"BetLimit":[70000,4000000],"RemainSec":13,"TableId":100111},{"RoadList":null,"Fsm":"Bet","PlayerNum":17,"BetLimit":[70000,4000000],"RemainSec":13,"TableId":100112},{"RoadList":null,"Fsm":"Bet","PlayerNum":29,"BetLimit":[70000,4000000],"RemainSec":13,"TableId":100113},{"RoadList":null,"Fsm":"Bet","PlayerNum":24,"BetLimit":[70000,4000000],"RemainSec":13,"TableId":100114}],[{"RoadList":null,"Fsm":"Bet","PlayerNum":17,"BetLimit":[700000,40000000],"RemainSec":13,"TableId":100121},{"RoadList":null,"Fsm":"Bet","PlayerNum":19,"BetLimit":[700000,40000000],"RemainSec":13,"TableId":100122},{"RoadList":null,"Fsm":"Bet","PlayerNum":19,"BetLimit":[700000,40000000],"RemainSec":13,"TableId":100123},{"RoadList":null,"Fsm":"Bet","PlayerNum":16,"BetLimit":[700000,40000000],"RemainSec":13,"TableId":100124}],[{"RoadList":null,"Fsm":"Bet","PlayerNum":7,"BetLimit":[1700000,80000000],"RemainSec":13,"TableId":100131},{"RoadList":null,"Fsm":"Bet","PlayerNum":7,"BetLimit":[1700000,80000000],"RemainSec":13,"TableId":100132},{"RoadList":null,"Fsm":"Bet","PlayerNum":9,"BetLimit":[1700000,80000000],"RemainSec":13,"TableId":100133},{"RoadList":null,"Fsm":"Bet","PlayerNum":8,"BetLimit":[1700000,80000000],"RemainSec":13,"TableId":100134}]]}}
2023/10/04 10:39:28 [INFO] Receive Message:{"Ret":"ActRoomStatus","Data":{"RoomInfo":[[{"RoadList":null,"Fsm":"Bet","PlayerNum":45,"BetLimit":[7000,400000],"RemainSec":12,"TableId":100101},{"RoadList":null,"Fsm":"Bet","PlayerNum":46,"BetLimit":[7000,400000],"RemainSec":12,"TableId":100102},{"RoadList":null,"Fsm":"Bet","PlayerNum":44,"BetLimit":[7000,400000],"RemainSec":12,"TableId":100103},{"RoadList":null,"Fsm":"Bet","PlayerNum":46,"BetLimit":[7000,400000],"RemainSec":12,"TableId":100104}],[{"RoadList":null,"Fsm":"Bet","PlayerNum":15,"BetLimit":[70000,4000000],"RemainSec":12,"TableId":100111},{"RoadList":null,"Fsm":"Bet","PlayerNum":17,"BetLimit":[70000,4000000],"RemainSec":12,"TableId":100112},{"RoadList":null,"Fsm":"Bet","PlayerNum":29,"BetLimit":[70000,4000000],"RemainSec":12,"TableId":100113},{"RoadList":null,"Fsm":"Bet","PlayerNum":24,"BetLimit":[70000,4000000],"RemainSec":12,"TableId":100114}],[{"RoadList":null,"Fsm":"Bet","PlayerNum":17,"BetLimit":[700000,40000000],"RemainSec":12,"TableId":100121},{"RoadList":null,"Fsm":"Bet","PlayerNum":19,"BetLimit":[700000,40000000],"RemainSec":12,"TableId":100122},{"RoadList":null,"Fsm":"Bet","PlayerNum":19,"BetLimit":[700000,40000000],"RemainSec":12,"TableId":100123},{"RoadList":null,"Fsm":"Bet","PlayerNum":16,"BetLimit":[700000,40000000],"RemainSec":12,"TableId":100124}],[{"RoadList":null,"Fsm":"Bet","PlayerNum":7,"BetLimit":[1700000,80000000],"RemainSec":12,"TableId":100131},{"RoadList":null,"Fsm":"Bet","PlayerNum":7,"BetLimit":[1700000,80000000],"RemainSec":12,"TableId":100132},{"RoadList":null,"Fsm":"Bet","PlayerNum":9,"BetLimit":[1700000,80000000],"RemainSec":12,"TableId":100133},{"RoadList":null,"Fsm":"Bet","PlayerNum":8,"BetLimit":[1700000,80000000],"RemainSec":12,"TableId":100134}]]}}
2023/10/04 10:39:29 [INFO] Receive Message:{"Ret":"ActRoomStatus","Data":{"RoomInfo":[[{"RoadList":null,"Fsm":"Bet","PlayerNum":45,"BetLimit":[7000,400000],"RemainSec":11,"TableId":100101},{"RoadList":null,"Fsm":"Bet","PlayerNum":46,"BetLimit":[7000,400000],"RemainSec":11,"TableId":100102},{"RoadList":null,"Fsm":"Bet","PlayerNum":44,"BetLimit":[7000,400000],"RemainSec":11,"TableId":100103},{"RoadList":null,"Fsm":"Bet","PlayerNum":46,"BetLimit":[7000,400000],"RemainSec":11,"TableId":100104}],[{"RoadList":null,"Fsm":"Bet","PlayerNum":15,"BetLimit":[70000,4000000],"RemainSec":11,"TableId":100111},{"RoadList":null,"Fsm":"Bet","PlayerNum":17,"BetLimit":[70000,4000000],"RemainSec":11,"TableId":100112},{"RoadList":null,"Fsm":"Bet","PlayerNum":29,"BetLimit":[70000,4000000],"RemainSec":11,"TableId":100113},{"RoadList":null,"Fsm":"Bet","PlayerNum":24,"BetLimit":[70000,4000000],"RemainSec":11,"TableId":100114}],[{"RoadList":null,"Fsm":"Bet","PlayerNum":17,"BetLimit":[700000,40000000],"RemainSec":11,"TableId":100121},{"RoadList":null,"Fsm":"Bet","PlayerNum":19,"BetLimit":[700000,40000000],"RemainSec":11,"TableId":100122},{"RoadList":null,"Fsm":"Bet","PlayerNum":19,"BetLimit":[700000,40000000],"RemainSec":11,"TableId":100123},{"RoadList":null,"Fsm":"Bet","PlayerNum":16,"BetLimit":[700000,40000000],"RemainSec":11,"TableId":100124}],[{"RoadList":null,"Fsm":"Bet","PlayerNum":7,"BetLimit":[1700000,80000000],"RemainSec":11,"TableId":100131},{"RoadList":null,"Fsm":"Bet","PlayerNum":7,"BetLimit":[1700000,80000000],"RemainSec":11,"TableId":100132},{"RoadList":null,"Fsm":"Bet","PlayerNum":9,"BetLimit":[1700000,80000000],"RemainSec":11,"TableId":100133},{"RoadList":null,"Fsm":"Bet","PlayerNum":8,"BetLimit":[1700000,80000000],"RemainSec":11,"TableId":100134}]]}}
2023/10/04 10:39:29 [INFO] Receive Message:{"Code":0,"Ret":"EnterGame","Message":"success","Data":{"Gid":"1001-1709397729051938816","CardNum":345,"History":null,"BetLimit":[[7000,400000],[7000,400000],[7000,400000],[7000,400000],[7000,400000],[7000,400000],[7000,400000],[7000,400000],[7000,400000]],"Chips":[7000,17000,40000,70000,170000,400000],"RemainSec":11,"BetArea":[1478000,2324000,1645000,1321000,1957000,921000,1448000,1885000,1679000],"GameResult":null,"PlayerBetInfo":[],"Round":1,"CurrentPlayer":46,"WinloseRank":null,"Fsm":"Bet"}}
2023/10/04 10:39:29 [INFO] Receive Message:{"Ret":"ActCurrentPlayer","Data":{"CurrentPlayer":46}}
2023/10/04 10:39:30 [INFO] Receive Message:{"Ret":"ActRoomStatus","Data":{"RoomInfo":[[{"RoadList":null,"Fsm":"Bet","PlayerNum":46,"BetLimit":[7000,400000],"RemainSec":10,"TableId":100101},{"RoadList":null,"Fsm":"Bet","PlayerNum":46,"BetLimit":[7000,400000],"RemainSec":10,"TableId":100102},{"RoadList":null,"Fsm":"Bet","PlayerNum":44,"BetLimit":[7000,400000],"RemainSec":10,"TableId":100103},{"RoadList":null,"Fsm":"Bet","PlayerNum":46,"BetLimit":[7000,400000],"RemainSec":10,"TableId":100104}],[{"RoadList":null,"Fsm":"Bet","PlayerNum":15,"BetLimit":[70000,4000000],"RemainSec":10,"TableId":100111},{"RoadList":null,"Fsm":"Bet","PlayerNum":17,"BetLimit":[70000,4000000],"RemainSec":10,"TableId":100112},{"RoadList":null,"Fsm":"Bet","PlayerNum":29,"BetLimit":[70000,4000000],"RemainSec":10,"TableId":100113},{"RoadList":null,"Fsm":"Bet","PlayerNum":24,"BetLimit":[70000,4000000],"RemainSec":10,"TableId":100114}],[{"RoadList":null,"Fsm":"Bet","PlayerNum":17,"BetLimit":[700000,40000000],"RemainSec":10,"TableId":100121},{"RoadList":null,"Fsm":"Bet","PlayerNum":19,"BetLimit":[700000,40000000],"RemainSec":10,"TableId":100122},{"RoadList":null,"Fsm":"Bet","PlayerNum":19,"BetLimit":[700000,40000000],"RemainSec":10,"TableId":100123},{"RoadList":null,"Fsm":"Bet","PlayerNum":16,"BetLimit":[700000,40000000],"RemainSec":10,"TableId":100124}],[{"RoadList":null,"Fsm":"Bet","PlayerNum":7,"BetLimit":[1700000,80000000],"RemainSec":10,"TableId":100131},{"RoadList":null,"Fsm":"Bet","PlayerNum":7,"BetLimit":[1700000,80000000],"RemainSec":10,"TableId":100132},{"RoadList":null,"Fsm":"Bet","PlayerNum":9,"BetLimit":[1700000,80000000],"RemainSec":10,"TableId":100133},{"RoadList":null,"Fsm":"Bet","PlayerNum":8,"BetLimit":[1700000,80000000],"RemainSec":10,"TableId":100134}]]}}
2023/10/04 10:39:30 [ERROR] read tcp 127.0.0.1:49345->127.0.0.1:10001: use of closed network connection
2023/10/04 10:39:30 [INFO] 連線中斷
2023/10/04 10:39:33 [INFO] Connect Success
2023/10/04 10:39:36 [INFO]  SendMessage={"Login":{"Token":"6381d0c4fz3g6p7cab71z10jjb"}}
2023/10/04 10:39:38 [INFO] Receive Message:{"Code":0,"Ret":"Login","Message":"success","Data":{"Gold":2000000,"IconID":0,"Name":"TestAPLPK01","UserId":515938,"MatchGameCode":"","MatchGameTableId":100101,"Version":"1.0.0","Marquee":null,"is_relogin":false}}
2023/10/04 10:39:43 [INFO] Receive Message:{"Code":0,"Ret":"EnterGame","Message":"success","Data":{"Gid":"1001-1709397729051938816","CardNum":339,"History":null,"BetLimit":[[7000,400000],[7000,400000],[7000,400000],[7000,400000],[7000,400000],[7000,400000],[7000,400000],[7000,400000],[7000,400000]],"Chips":[7000,17000,40000,70000,170000,400000],"RemainSec":9,"BetArea":[2845000,3919000,2980000,2705000,3586000,1773000,1702000,2812000,3046000],"GameResult":{"Gid":"1001-1709397729051938816","Round":1,"Banker":[35,9,8],"Player":[34,44,0],"Result":85,"BankerPoint":9,"PlayerPoint":6},"PlayerBetInfo":[],"Round":1,"CurrentPlayer":46,"WinloseRank":null,"Fsm":"Open"}}
2023/10/04 10:39:43 [INFO] Receive Message:{"Ret":"ActCurrentPlayer","Data":{"CurrentPlayer":46}}
2023/10/04 10:39:53 [INFO] Receive Message:{"Ret":"ActGamePeriod","Data":{"Fsm":"Result","Gid":"1001-1709397729051938816","RemainSec":4,"Round":1,"CardNum":339}}
2023/10/04 10:39:53 [INFO] Receive Message:{"Ret":"ActWinloseRank","Data":{"WinloseRank":[{"IconID":"100","Name":"****y29","UserID":"","Winlose":54037616},{"IconID":"101","Name":"****a46","UserID":"","Winlose":66499423},{"IconID":"101","Name":"****a50","UserID":"","Winlose":25241680},{"IconID":"100","Name":"****l09","UserID":"","Winlose":92662901},{"IconID":"103","Name":"****a92","UserID":"","Winlose":100021010},{"IconID":"107","Name":"****e16","UserID":"","Winlose":22538978},{"IconID":"6","Name":"****y11","UserID":"","Winlose":53191622},{"IconID":"103","Name":"****e20","UserID":"","Winlose":78048021},{"IconID":"1","Name":"****h14","UserID":"","Winlose":47111773},{"IconID":"1","Name":"****e38","UserID":"","Winlose":18972521},{"IconID":"105","Name":"****e10","UserID":"","Winlose":55561587},{"IconID":"104","Name":"****e57","UserID":"","Winlose":6592123},{"IconID":"105","Name":"****y30","UserID":"","Winlose":3596958},{"IconID":"101","Name":"****r54","UserID":"","Winlose":48965332},{"IconID":"105","Name":"****e74","UserID":"","Winlose":76511776},{"IconID":"100","Name":"****h97","UserID":"","Winlose":85393897},{"IconID":"102","Name":"****h47","UserID":"","Winlose":74346054},{"IconID":"1","Name":"****n50","UserID":"","Winlose":27677436},{"IconID":"1","Name":"****y30","UserID":"","Winlose":34875819},{"IconID":"0","Name":"****e41","UserID":"","Winlose":58178049}]}}
2023/10/04 10:39:57 [INFO] Receive Message:{"Ret":"DebugMatchType","Data":{"matchtype":0}}
2023/10/04 10:39:57 [INFO] Receive Message:{"Ret":"ActGamePeriod","Data":{"Fsm":"Idle","Gid":"1001-1709397917829173249","RemainSec":3,"Round":1,"CardNum":339}}
2023/10/04 10:40:00 [INFO] Receive Message:{"Ret":"ActGamePeriod","Data":{"Fsm":"Bet","Gid":"1001-1709397917829173249","RemainSec":20,"Round":2,"CardNum":339}}
2023/10/04 10:40:01 [INFO] Receive Message:{"Ret":"ActBetArea","Data":{"Gid":"1001-1709397917829173249","Round":2,"BetArea":[0,0,0,0,0,0,0,0,0]}}
2023/10/04 10:40:02 [INFO] Receive Message:{"Ret":"ActBetArea","Data":{"Gid":"1001-1709397917829173249","Round":2,"BetArea":[210000,210000,440000,487000,400000,17000,70000,140000,7000]}}
2023/10/04 10:40:03 [INFO] Receive Message:{"Ret":"ActBetArea","Data":{"Gid":"1001-1709397917829173249","Round":2,"BetArea":[210000,210000,440000,487000,470000,17000,70000,250000,7000]}}
2023/10/04 10:40:03 [INFO]  SendMessage={"Bet":{"BetInfo":"[{ \"AreaID\": 4, \"Bet\":7000 }]"}}
2023/10/04 10:40:09 [INFO] Receive Message:{"Code":0,"Ret":"Bet","Message":"success","Data":{"BetInfo":[0,0,0,0,7000,0,0,0,0],"Gold":1993000}}
2023/10/04 10:40:09 [INFO] Receive Message:{"Ret":"ActGold","Data":{"Gold":1993000}}
2023/10/04 10:40:09 [INFO] Receive Message:{"Ret":"ActBetArea","Data":{"Gid":"1001-1709397917829173249","Round":2,"BetArea":[904000,1891000,2980000,1464000,2068000,614000,1487000,2324000,905000]}}
2023/10/04 10:40:10 [INFO] Receive Message:{"Ret":"ActBetArea","Data":{"Gid":"1001-1709397917829173249","Round":2,"BetArea":[904000,1891000,2980000,1464000,2068000,784000,1487000,2331000,905000]}}
2023/10/04 10:40:11 [INFO] Receive Message:{"Ret":"ActBetArea","Data":{"Gid":"1001-1709397917829173249","Round":2,"BetArea":[904000,1891000,2987000,1488000,2068000,784000,1887000,2348000,975000]}}
2023/10/04 10:40:12 [INFO] Receive Message:{"Ret":"ActBetArea","Data":{"Gid":"1001-1709397917829173249","Round":2,"BetArea":[1784000,2291000,3064000,1835000,2075000,801000,1894000,2492000,1015000]}}
2023/10/04 10:40:13 [INFO] Receive Message:{"Ret":"ActBetArea","Data":{"Gid":"1001-1709397917829173249","Round":2,"BetArea":[1784000,2291000,3464000,2235000,2075000,801000,1894000,2669000,1192000]}}
2023/10/04 10:40:14 [INFO] Receive Message:{"Ret":"ActBetArea","Data":{"Gid":"1001-1709397917829173249","Round":2,"BetArea":[1861000,2438000,3864000,2282000,2875000,988000,2081000,2753000,1262000]}}
2023/10/04 10:40:15 [INFO] Receive Message:{"Ret":"ActBetArea","Data":{"Gid":"1001-1709397917829173249","Round":2,"BetArea":[2268000,2438000,4264000,2509000,2915000,988000,2251000,2923000,1262000]}}
2023/10/04 10:40:16 [INFO]  SendMessage={"Bet":{"BetInfo":"[{ \"AreaID\": 4, \"Bet\":7000 }]"}}
2023/10/04 10:40:32 [INFO] Receive Message:{"Code":0,"Ret":"Bet","Message":"success","Data":{"BetInfo":[0,0,0,0,14000,0,0,0,0],"Gold":1986000}}
2023/10/04 10:40:32 [INFO] Receive Message:{"Ret":"ActGold","Data":{"Gold":1986000}}
2023/10/04 10:40:32 [INFO] Receive Message:{"Ret":"ActBetArea","Data":{"Gid":"1001-1709397917829173249","Round":2,"BetArea":[3308000,3579000,5109000,3149000,3153000,1056000,3448000,3010000,1459000]}}
2023/10/04 10:40:33 [INFO] Receive Message:{"Ret":"ActBetArea","Data":{"Gid":"1001-1709397917829173249","Round":2,"BetArea":[3308000,3579000,5109000,3149000,3153000,1056000,3448000,3010000,1459000]}}
2023/10/04 10:40:34 [INFO] Receive Message:{"Ret":"ActBetArea","Data":{"Gid":"1001-1709397917829173249","Round":2,"BetArea":[3308000,3579000,5109000,3149000,3153000,1056000,3448000,3010000,1459000]}}
2023/10/04 10:40:35 [INFO] Receive Message:{"Ret":"ActBetArea","Data":{"Gid":"1001-1709397917829173249","Round":2,"BetArea":[3308000,3579000,5109000,3149000,3153000,1056000,3448000,3010000,1459000]}}
2023/10/04 10:40:36 [INFO] Receive Message:{"Ret":"ActBetArea","Data":{"Gid":"1001-1709397917829173249","Round":2,"BetArea":[3308000,3579000,5109000,3149000,3153000,1056000,3448000,3010000,1459000]}}
2023/10/04 10:40:37 [INFO] Receive Message:{"Ret":"ActBetArea","Data":{"Gid":"1001-1709397917829173249","Round":2,"BetArea":[3308000,3579000,5109000,3149000,3153000,1056000,3448000,3010000,1459000]}}
2023/10/04 10:40:38 [INFO] Receive Message:{"Ret":"ActBetArea","Data":{"Gid":"1001-1709397917829173249","Round":2,"BetArea":[3308000,3579000,5109000,3149000,3153000,1056000,3448000,3010000,1459000]}}
2023/10/04 10:40:38 [INFO]  SendMessage={"Bet":{"BetInfo":"[{ \"AreaID\": 4, \"Bet\":7000 }]"}}
2023/10/04 10:40:38 [INFO] Receive Message:{"Code":0,"Ret":"Bet","Message":"success","Data":{"BetInfo":[0,0,0,0,21000,0,0,0,0],"Gold":1979000}}
2023/10/04 10:40:38 [INFO] Receive Message:{"Ret":"ActGold","Data":{"Gold":1979000}}
2023/10/04 10:40:39 [INFO] Receive Message:{"Ret":"ActBetArea","Data":{"Gid":"1001-1709397917829173249","Round":2,"BetArea":[3308000,3579000,5109000,3149000,3160000,1056000,3448000,3010000,1459000]}}
2023/10/04 10:40:40 [INFO] Receive Message:{"Ret":"ActBetArea","Data":{"Gid":"1001-1709397917829173249","Round":2,"BetArea":[3308000,3579000,5109000,3149000,3160000,1056000,3448000,3010000,1459000]}}
2023/10/04 10:40:41 [INFO]  SendMessage={"Bet":{"BetInfo":"[{ \"AreaID\": 4, \"Bet\":7000 }]"}}
2023/10/04 10:40:41 [INFO] Receive Message:{"Code":0,"Ret":"Bet","Message":"success","Data":{"BetInfo":[0,0,0,0,28000,0,0,0,0],"Gold":1972000}}
2023/10/04 10:40:41 [INFO] Receive Message:{"Ret":"ActGold","Data":{"Gold":1972000}}
2023/10/04 10:40:41 [INFO] Receive Message:{"Ret":"ActBetArea","Data":{"Gid":"1001-1709397917829173249","Round":2,"BetArea":[3308000,3579000,5109000,3149000,3167000,1056000,3448000,3010000,1459000]}}
2023/10/04 10:40:41 [INFO] Receive Message:{"Ret":"ActGamePeriod","Data":{"Fsm":"Open","Gid":"1001-1709397917829173249","RemainSec":5,"Round":2,"CardNum":335}}
2023/10/04 10:40:41 [INFO] Receive Message:{"Ret":"ActGameOpenResult","Data":{"GameResult":{"Gid":"1001-1709397917829173249","Round":2,"Banker":[42,24],"Player":[0,46],"Result":418,"BankerPoint":4,"PlayerPoint":9}}}
2023/10/04 10:40:42 [INFO]  SendMessage={"Bet":{"BetInfo":"[{ \"AreaID\": 4, \"Bet\":7000 }]"}}
2023/10/04 10:40:42 [INFO] Receive Message:{"Code":0,"Ret":"Bet","Message":"success"}
2023/10/04 10:40:46 [INFO] Receive Message:{"Ret":"ActGamePeriod","Data":{"Fsm":"Result","Gid":"1001-1709397917829173249","RemainSec":4,"Round":2,"CardNum":335}}
2023/10/04 10:40:46 [INFO] Receive Message:{"Ret":"ActGameResult","Data":{"Gid":"1001-1709397917829173249","Bet":28000,"Round":2,"Refound":0,"Win":0}}
2023/10/04 10:40:46 [INFO] Receive Message:{"Ret":"ActWinloseRank","Data":{"WinloseRank":[{"IconID":"103","Name":"****a92","UserID":"","Winlose":100551010},{"IconID":"100","Name":"****n53","UserID":"","Winlose":66007980},{"IconID":"100","Name":"****h97","UserID":"","Winlose":85671897},{"IconID":"6","Name":"****d43","UserID":"","Winlose":39701121},{"IconID":"0","Name":"****e41","UserID":"","Winlose":58431049},{"IconID":"105","Name":"****a06","UserID":"","Winlose":76006756},{"IconID":"1","Name":"****n50","UserID":"","Winlose":27825436},{"IconID":"103","Name":"****e24","UserID":"","Winlose":15779314},{"IconID":"7","Name":"****a72","UserID":"","Winlose":91264745},{"IconID":"103","Name":"****e72","UserID":"","Winlose":66285311},{"IconID":"6","Name":"****f47","UserID":"","Winlose":78131678},{"IconID":"107","Name":"****a52","UserID":"","Winlose":60043726}]}}
2023/10/04 10:40:48 [ERROR] read tcp 127.0.0.1:49348->127.0.0.1:10001: wsarecv: An existing connection was forcibly closed by the remote host.
2023/10/04 11:41:41 [INFO] Connect Success
2023/10/04 11:42:09 [INFO]  SendMessage={"Login":{"Token":"6687643fdzux9482grczjan5"}}
2023/10/04 11:42:09 [INFO] Receive Message:{"Code":0,"Ret":"Login","Message":"success","Data":{"Gold":0,"IconID":0,"Name":"TestAPLPK04","UserId":515941,"MatchGameCode":"","MatchGameTableId":0,"Version":"1.0.0","Marquee":null,"is_relogin":false}}
2023/10/04 11:42:46 [INFO] Receive Message:{"Code":0,"Ret":"EnterRoom","Message":"success","Data":[{"GameCode":"","RoomType":0,"TableId":11010,"Num":1,"Status":1},{"GameCode":"","RoomType":1,"TableId":11011,"Num":1,"Status":1},{"GameCode":"","RoomType":2,"TableId":11012,"Num":1,"Status":1},{"GameCode":"","RoomType":3,"TableId":11013,"Num":1,"Status":1}]}
2023/10/04 11:43:19 [ERROR] read tcp 127.0.0.1:52952->127.0.0.1:10001: wsarecv: An existing connection was forcibly closed by the remote host.
2023/10/04 11:47:24 [INFO] 連線中斷
2023/10/04 11:47:24 [INFO] Connect Success
2023/10/04 11:47:26 [INFO]  SendMessage={"Login":{"Token":"6687643fdzux9482grczjan5"}}
2023/10/04 11:47:27 [INFO] Receive Message:{"Code":0,"Ret":"Login","Message":"success","Data":{"Gold":2000000,"IconID":0,"Name":"TestAPLPK04","UserId":515941,"MatchGameCode":"","MatchGameTableId":0,"Version":"1.0.0","Marquee":null,"is_relogin":false}}
2023/10/04 11:47:31 [INFO] Receive Message:{"Code":0,"Ret":"EnterRoom","Message":"success","Data":[{"GameCode":"benzbmw","RoomType":0,"TableId":11010,"Num":1,"Status":1},{"GameCode":"benzbmw","RoomType":1,"TableId":11011,"Num":1,"Status":1},{"GameCode":"benzbmw","RoomType":2,"TableId":11012,"Num":1,"Status":1},{"GameCode":"benzbmw","RoomType":3,"TableId":11013,"Num":1,"Status":1}]}
2023/10/04 11:47:31 [INFO] Receive Message:{"Ret":"ActRoomStatus","Data":{"RoomInfo":[[{"RoadList":null,"Fsm":"Bet","PlayerNum":42,"BetLimit":[7000,170000],"RemainSec":6,"TableId":110101}],[{"RoadList":null,"Fsm":"Bet","PlayerNum":23,"BetLimit":[70000,1700000],"RemainSec":6,"TableId":110111}],[{"RoadList":null,"Fsm":"Bet","PlayerNum":16,"BetLimit":[700000,17000000],"RemainSec":6,"TableId":110121}],[{"RoadList":null,"Fsm":"Bet","PlayerNum":8,"BetLimit":[1700000,40000000],"RemainSec":6,"TableId":110131}]]}}
2023/10/04 11:47:32 [INFO] Receive Message:{"Ret":"ActRoomStatus","Data":{"RoomInfo":[[{"RoadList":null,"Fsm":"Bet","PlayerNum":42,"BetLimit":[7000,170000],"RemainSec":5,"TableId":110101}],[{"RoadList":null,"Fsm":"Bet","PlayerNum":23,"BetLimit":[70000,1700000],"RemainSec":5,"TableId":110111}],[{"RoadList":null,"Fsm":"Bet","PlayerNum":16,"BetLimit":[700000,17000000],"RemainSec":5,"TableId":110121}],[{"RoadList":null,"Fsm":"Bet","PlayerNum":8,"BetLimit":[1700000,40000000],"RemainSec":5,"TableId":110131}]]}}
2023/10/04 11:47:33 [INFO] Receive Message:{"Ret":"ActRoomStatus","Data":{"RoomInfo":[[{"RoadList":null,"Fsm":"Bet","PlayerNum":42,"BetLimit":[7000,170000],"RemainSec":4,"TableId":110101}],[{"RoadList":null,"Fsm":"Bet","PlayerNum":23,"BetLimit":[70000,1700000],"RemainSec":4,"TableId":110111}],[{"RoadList":null,"Fsm":"Bet","PlayerNum":16,"BetLimit":[700000,17000000],"RemainSec":4,"TableId":110121}],[{"RoadList":null,"Fsm":"Bet","PlayerNum":8,"BetLimit":[1700000,40000000],"RemainSec":4,"TableId":110131}]]}}
2023/10/04 11:47:34 [INFO] 連線中斷
2023/10/04 11:47:34 [ERROR] read tcp 127.0.0.1:53018->127.0.0.1:10001: use of closed network connection
2023/10/04 11:47:36 [INFO] Connect Success
2023/10/04 11:47:38 [INFO]  SendMessage={"Login":{"Token":"6687643fdzux9482grczjan5"}}
2023/10/04 11:47:38 [INFO] Receive Message:{"Code":0,"Ret":"Login","Message":"success","Data":{"Gold":2000000,"IconID":0,"Name":"TestAPLPK04","UserId":515941,"MatchGameCode":"","MatchGameTableId":0,"Version":"1.0.0","Marquee":null,"is_relogin":false}}
2023/10/04 11:47:41 [INFO] Receive Message:{"Code":200016,"Ret":"EnterGame","Message":"game is close"}
2023/10/04 11:47:46 [INFO] Receive Message:{"Code":0,"Ret":"EnterRoom","Message":"success","Data":[{"GameCode":"benzbmw","RoomType":0,"TableId":11010,"Num":1,"Status":1},{"GameCode":"benzbmw","RoomType":1,"TableId":11011,"Num":1,"Status":1},{"GameCode":"benzbmw","RoomType":2,"TableId":11012,"Num":1,"Status":1},{"GameCode":"benzbmw","RoomType":3,"TableId":11013,"Num":1,"Status":1}]}
2023/10/04 11:47:46 [INFO] Receive Message:{"Ret":"ActRoomStatus","Data":{"RoomInfo":[[{"RoadList":[5],"Fsm":"Settle","PlayerNum":42,"BetLimit":[7000,170000],"RemainSec":4,"TableId":110101}],[{"RoadList":[3],"Fsm":"Settle","PlayerNum":23,"BetLimit":[70000,1700000],"RemainSec":4,"TableId":110111}],[{"RoadList":[3],"Fsm":"Settle","PlayerNum":16,"BetLimit":[700000,17000000],"RemainSec":4,"TableId":110121}],[{"RoadList":[1],"Fsm":"Settle","PlayerNum":8,"BetLimit":[1700000,40000000],"RemainSec":4,"TableId":110131}]]}}
2023/10/04 11:47:47 [INFO] Receive Message:{"Ret":"ActRoomStatus","Data":{"RoomInfo":[[{"RoadList":[5],"Fsm":"Settle","PlayerNum":42,"BetLimit":[7000,170000],"RemainSec":3,"TableId":110101}],[{"RoadList":[3],"Fsm":"Settle","PlayerNum":23,"BetLimit":[70000,1700000],"RemainSec":3,"TableId":110111}],[{"RoadList":[3],"Fsm":"Settle","PlayerNum":16,"BetLimit":[700000,17000000],"RemainSec":3,"TableId":110121}],[{"RoadList":[1],"Fsm":"Settle","PlayerNum":8,"BetLimit":[1700000,40000000],"RemainSec":3,"TableId":110131}]]}}
2023/10/04 11:47:48 [INFO] Receive Message:{"Ret":"ActRoomStatus","Data":{"RoomInfo":[[{"RoadList":[5],"Fsm":"Settle","PlayerNum":42,"BetLimit":[7000,170000],"RemainSec":2,"TableId":110101}],[{"RoadList":[3],"Fsm":"Settle","PlayerNum":23,"BetLimit":[70000,1700000],"RemainSec":2,"TableId":110111}],[{"RoadList":[3],"Fsm":"Settle","PlayerNum":16,"BetLimit":[700000,17000000],"RemainSec":2,"TableId":110121}],[{"RoadList":[1],"Fsm":"Settle","PlayerNum":8,"BetLimit":[1700000,40000000],"RemainSec":2,"TableId":110131}]]}}
2023/10/04 11:47:48 [INFO] Receive Message:{"Code":0,"Ret":"EnterGame","Message":"success","Data":{"Gid":"1101-1709414878571139072","History":[5],"BetLimit":[[7000,1050000],[7000,1050000],[7000,1050000],[7000,1050000],[7000,1050000],[7000,1050000],[7000,1050000],[7000,1050000]],"Chips":[7000,17000,40000,70000,170000,400000],"RemainSec":2,"BetArea":[2383000,2371000,1671000,1831000,1565000,2745000,2070000,2196000],"GameResult":null,"PlayerBetInfo":[],"CurrentPlayer":43,"WinloseRank":[{"IconID":"4","Name":"****l61","UserID":"","Winlose":76242623},{"IconID":"107","Name":"****h44","UserID":"","Winlose":55509241},{"IconID":"4","Name":"****n61","UserID":"","Winlose":58511888},{"IconID":"103","Name":"****a44","UserID":"","Winlose":84903660},{"IconID":"104","Name":"****d77","UserID":"","Winlose":39664400},{"IconID":"101","Name":"****n18","UserID":"","Winlose":46283417},{"IconID":"100","Name":"****a73","UserID":"","Winlose":87856988},{"IconID":"6","Name":"****e75","UserID":"","Winlose":61825805},{"IconID":"105","Name":"****h42","UserID":"","Winlose":32262846},{"IconID":"104","Name":"****e13","UserID":"","Winlose":97207433},{"IconID":"101","Name":"****a90","UserID":"","Winlose":12951002},{"IconID":"1","Name":"****n46","UserID":"","Winlose":98215285},{"IconID":"6","Name":"****e59","UserID":"","Winlose":14376773}],"Fsm":"Settle"}}
2023/10/04 11:47:49 [INFO] Receive Message:{"Ret":"ActCurrentPlayer","Data":{"CurrentPlayer":43}}
2023/10/04 11:47:49 [INFO] Receive Message:{"Ret":"ActRoomStatus","Data":{"RoomInfo":[[{"RoadList":[5],"Fsm":"Settle","PlayerNum":43,"BetLimit":[7000,170000],"RemainSec":1,"TableId":110101}],[{"RoadList":[3],"Fsm":"Settle","PlayerNum":23,"BetLimit":[70000,1700000],"RemainSec":1,"TableId":110111}],[{"RoadList":[3],"Fsm":"Settle","PlayerNum":16,"BetLimit":[700000,17000000],"RemainSec":1,"TableId":110121}],[{"RoadList":[1],"Fsm":"Settle","PlayerNum":8,"BetLimit":[1700000,40000000],"RemainSec":1,"TableId":110131}]]}}
2023/10/04 11:47:50 [INFO] Receive Message:{"Ret":"ActRoomStatus","Data":{"RoomInfo":[[{"RoadList":[5],"Fsm":"Settle","PlayerNum":43,"BetLimit":[7000,170000],"RemainSec":0,"TableId":110101}],[{"RoadList":[3],"Fsm":"Settle","PlayerNum":23,"BetLimit":[70000,1700000],"RemainSec":0,"TableId":110111}],[{"RoadList":[3],"Fsm":"Settle","PlayerNum":16,"BetLimit":[700000,17000000],"RemainSec":0,"TableId":110121}],[{"RoadList":[1],"Fsm":"Settle","PlayerNum":8,"BetLimit":[1700000,40000000],"RemainSec":0,"TableId":110131}]]}}
2023/10/04 11:47:51 [INFO] Receive Message:{"Ret":"DebugMatchType","Data":{"matchtype":0}}
2023/10/04 11:47:51 [INFO] Receive Message:{"Ret":"ActGamePeriod","Data":{"Fsm":"Shuffle","Gid":"1101-1709415004400259072","RemainSec":1}}
2023/10/04 11:47:51 [INFO] Receive Message:{"Ret":"ActRoomStatus","Data":{"RoomInfo":[[{"RoadList":[5],"Fsm":"Shuffle","PlayerNum":43,"BetLimit":[7000,170000],"RemainSec":0,"TableId":110101}],[{"RoadList":[3],"Fsm":"Shuffle","PlayerNum":22,"BetLimit":[70000,1700000],"RemainSec":0,"TableId":110111}],[{"RoadList":[3],"Fsm":"Shuffle","PlayerNum":15,"BetLimit":[700000,17000000],"RemainSec":0,"TableId":110121}],[{"RoadList":[1],"Fsm":"Shuffle","PlayerNum":3,"BetLimit":[1700000,40000000],"RemainSec":0,"TableId":110131}]]}}
2023/10/04 11:47:52 [INFO] Receive Message:{"Ret":"ActGamePeriod","Data":{"Fsm":"Bet","Gid":"1101-1709415004400259072","RemainSec":17}}
2023/10/04 11:47:52 [INFO] Receive Message:{"Ret":"ActRoomStatus","Data":{"RoomInfo":[[{"RoadList":[5],"Fsm":"Bet","PlayerNum":43,"BetLimit":[7000,170000],"RemainSec":16,"TableId":110101}],[{"RoadList":[3],"Fsm":"Bet","PlayerNum":22,"BetLimit":[70000,1700000],"RemainSec":16,"TableId":110111}],[{"RoadList":[3],"Fsm":"Bet","PlayerNum":15,"BetLimit":[700000,17000000],"RemainSec":16,"TableId":110121}],[{"RoadList":[1],"Fsm":"Bet","PlayerNum":3,"BetLimit":[1700000,40000000],"RemainSec":16,"TableId":110131}]]}}
2023/10/04 11:47:53 [INFO] Receive Message:{"Ret":"ActBetArea","Data":{"Gid":"1101-1709415004400259072","BetArea":[0,0,0,0,0,0,0,0]}}
2023/10/04 11:47:53 [INFO] Receive Message:{"Ret":"ActRoomStatus","Data":{"RoomInfo":[[{"RoadList":[5],"Fsm":"Bet","PlayerNum":43,"BetLimit":[7000,170000],"RemainSec":15,"TableId":110101}],[{"RoadList":[3],"Fsm":"Bet","PlayerNum":22,"BetLimit":[70000,1700000],"RemainSec":15,"TableId":110111}],[{"RoadList":[3],"Fsm":"Bet","PlayerNum":15,"BetLimit":[700000,17000000],"RemainSec":15,"TableId":110121}],[{"RoadList":[1],"Fsm":"Bet","PlayerNum":3,"BetLimit":[1700000,40000000],"RemainSec":15,"TableId":110131}]]}}
2023/10/04 11:47:53 [ERROR] read tcp 127.0.0.1:53020->127.0.0.1:10001: use of closed network connection
2023/10/04 11:47:53 [INFO] 連線中斷
2023/10/04 11:47:54 [INFO] Connect Success
2023/10/04 11:47:57 [INFO] Receive Message:{"Code":200001,"Ret":"EnterGame","Message":"data error"}
2023/10/04 11:48:34 [ERROR] read tcp 127.0.0.1:53034->127.0.0.1:10001: wsarecv: An existing connection was forcibly closed by the remote host.
2023/10/04 11:48:49 [INFO] 連線中斷
2023/10/04 11:48:50 [INFO] Connect Success
2023/10/04 11:48:53 [INFO]  SendMessage={"Login":{"Token":"6687643fdzux9482grczjan5"}}
2023/10/04 11:48:53 [INFO] Receive Message:{"Code":0,"Ret":"Login","Message":"success","Data":{"Gold":2000000,"IconID":0,"Name":"TestAPLPK04","UserId":515941,"MatchGameCode":"","MatchGameTableId":110101,"Version":"1.0.0","Marquee":null,"is_relogin":false}}
2023/10/04 11:48:55 [INFO] Receive Message:{"Code":0,"Ret":"EnterRoom","Message":"success","Data":[{"GameCode":"benzbmw","RoomType":0,"TableId":11010,"Num":1,"Status":1},{"GameCode":"benzbmw","RoomType":1,"TableId":11011,"Num":1,"Status":1},{"GameCode":"benzbmw","RoomType":2,"TableId":11012,"Num":1,"Status":1},{"GameCode":"benzbmw","RoomType":3,"TableId":11013,"Num":1,"Status":1}]}
2023/10/04 11:48:56 [INFO] Receive Message:{"Ret":"ActRoomStatus","Data":{"RoomInfo":[[{"RoadList":null,"Fsm":"Bet","PlayerNum":45,"BetLimit":[7000,170000],"RemainSec":9,"TableId":110101}],[{"RoadList":null,"Fsm":"Bet","PlayerNum":19,"BetLimit":[70000,1700000],"RemainSec":10,"TableId":110111}],[{"RoadList":null,"Fsm":"Bet","PlayerNum":14,"BetLimit":[700000,17000000],"RemainSec":9,"TableId":110121}],[{"RoadList":null,"Fsm":"Bet","PlayerNum":9,"BetLimit":[1700000,40000000],"RemainSec":9,"TableId":110131}]]}}
2023/10/04 11:48:57 [INFO] Receive Message:{"Ret":"ActRoomStatus","Data":{"RoomInfo":[[{"RoadList":null,"Fsm":"Bet","PlayerNum":45,"BetLimit":[7000,170000],"RemainSec":8,"TableId":110101}],[{"RoadList":null,"Fsm":"Bet","PlayerNum":19,"BetLimit":[70000,1700000],"RemainSec":8,"TableId":110111}],[{"RoadList":null,"Fsm":"Bet","PlayerNum":14,"BetLimit":[700000,17000000],"RemainSec":8,"TableId":110121}],[{"RoadList":null,"Fsm":"Bet","PlayerNum":9,"BetLimit":[1700000,40000000],"RemainSec":8,"TableId":110131}]]}}
2023/10/04 11:48:58 [INFO] Receive Message:{"Ret":"ActRoomStatus","Data":{"RoomInfo":[[{"RoadList":null,"Fsm":"Bet","PlayerNum":45,"BetLimit":[7000,170000],"RemainSec":7,"TableId":110101}],[{"RoadList":null,"Fsm":"Bet","PlayerNum":19,"BetLimit":[70000,1700000],"RemainSec":7,"TableId":110111}],[{"RoadList":null,"Fsm":"Bet","PlayerNum":14,"BetLimit":[700000,17000000],"RemainSec":7,"TableId":110121}],[{"RoadList":null,"Fsm":"Bet","PlayerNum":9,"BetLimit":[1700000,40000000],"RemainSec":7,"TableId":110131}]]}}
2023/10/04 11:48:59 [INFO] Receive Message:{"Ret":"ActRoomStatus","Data":{"RoomInfo":[[{"RoadList":null,"Fsm":"Bet","PlayerNum":45,"BetLimit":[7000,170000],"RemainSec":6,"TableId":110101}],[{"RoadList":null,"Fsm":"Bet","PlayerNum":19,"BetLimit":[70000,1700000],"RemainSec":7,"TableId":110111}],[{"RoadList":null,"Fsm":"Bet","PlayerNum":14,"BetLimit":[700000,17000000],"RemainSec":6,"TableId":110121}],[{"RoadList":null,"Fsm":"Bet","PlayerNum":9,"BetLimit":[1700000,40000000],"RemainSec":6,"TableId":110131}]]}}
2023/10/04 11:49:12 [INFO] Receive Message:{"Ret":"ActRoomStatus","Data":{"RoomInfo":[[{"RoadList":null,"Fsm":"Bet","PlayerNum":46,"BetLimit":[7000,170000],"RemainSec":6,"TableId":110101}],[{"RoadList":null,"Fsm":"Bet","PlayerNum":19,"BetLimit":[70000,1700000],"RemainSec":6,"TableId":110111}],[{"RoadList":null,"Fsm":"Bet","PlayerNum":14,"BetLimit":[700000,17000000],"RemainSec":6,"TableId":110121}],[{"RoadList":null,"Fsm":"Bet","PlayerNum":9,"BetLimit":[1700000,40000000],"RemainSec":6,"TableId":110131}]]}}
2023/10/04 11:49:12 [INFO] Receive Message:{"Ret":"ActCurrentPlayer","Data":{"CurrentPlayer":46}}
2023/10/04 11:49:19 [INFO] Receive Message:{"Ret":"ActBetArea","Data":{"Gid":"1101-1709415247036551168","BetArea":[3209000,2645000,2312000,3080000,2563000,1509000,1639000,2593000]}}
2023/10/04 11:49:19 [INFO] Receive Message:{"Code":0,"Ret":"EnterGame","Message":"success","Data":{"Gid":"1101-1709415247036551168","History":null,"BetLimit":[[7000,1050000],[7000,1050000],[7000,1050000],[7000,1050000],[7000,1050000],[7000,1050000],[7000,1050000],[7000,1050000]],"Chips":[7000,17000,40000,70000,170000,400000],"RemainSec":6,"BetArea":[3209000,2645000,2312000,3080000,2563000,1509000,1639000,2593000],"GameResult":null,"PlayerBetInfo":[],"CurrentPlayer":46,"WinloseRank":null,"Fsm":"Bet"}}
2023/10/04 11:49:19 [INFO] Receive Message:{"Ret":"ActRoomStatus","Data":{"RoomInfo":[[{"RoadList":null,"Fsm":"Bet","PlayerNum":46,"BetLimit":[7000,170000],"RemainSec":5,"TableId":110101}],[{"RoadList":null,"Fsm":"Bet","PlayerNum":19,"BetLimit":[70000,1700000],"RemainSec":6,"TableId":110111}],[{"RoadList":null,"Fsm":"Bet","PlayerNum":14,"BetLimit":[700000,17000000],"RemainSec":6,"TableId":110121}],[{"RoadList":null,"Fsm":"Bet","PlayerNum":9,"BetLimit":[1700000,40000000],"RemainSec":6,"TableId":110131}]]}}
2023/10/04 11:49:20 [INFO] Receive Message:{"Ret":"ActRoomStatus","Data":{"RoomInfo":[[{"RoadList":null,"Fsm":"Bet","PlayerNum":46,"BetLimit":[7000,170000],"RemainSec":5,"TableId":110101}],[{"RoadList":null,"Fsm":"Bet","PlayerNum":19,"BetLimit":[70000,1700000],"RemainSec":5,"TableId":110111}],[{"RoadList":null,"Fsm":"Bet","PlayerNum":14,"BetLimit":[700000,17000000],"RemainSec":5,"TableId":110121}],[{"RoadList":null,"Fsm":"Bet","PlayerNum":9,"BetLimit":[1700000,40000000],"RemainSec":5,"TableId":110131}]]}}
2023/10/04 11:49:20 [INFO] Receive Message:{"Ret":"ActBetArea","Data":{"Gid":"1101-1709415247036551168","BetArea":[3209000,2645000,2382000,3080000,2563000,1509000,1826000,2593000]}}
2023/10/04 11:49:21 [INFO] Receive Message:{"Ret":"ActRoomStatus","Data":{"RoomInfo":[[{"RoadList":null,"Fsm":"Bet","PlayerNum":46,"BetLimit":[7000,170000],"RemainSec":4,"TableId":110101}],[{"RoadList":null,"Fsm":"Bet","PlayerNum":19,"BetLimit":[70000,1700000],"RemainSec":4,"TableId":110111}],[{"RoadList":null,"Fsm":"Bet","PlayerNum":14,"BetLimit":[700000,17000000],"RemainSec":4,"TableId":110121}],[{"RoadList":null,"Fsm":"Bet","PlayerNum":9,"BetLimit":[1700000,40000000],"RemainSec":4,"TableId":110131}]]}}
2023/10/04 11:49:21 [INFO] Receive Message:{"Ret":"ActBetArea","Data":{"Gid":"1101-1709415247036551168","BetArea":[3209000,2645000,2382000,3080000,2563000,1509000,1826000,2593000]}}
2023/10/04 11:49:22 [INFO] Receive Message:{"Ret":"ActRoomStatus","Data":{"RoomInfo":[[{"RoadList":null,"Fsm":"Bet","PlayerNum":46,"BetLimit":[7000,170000],"RemainSec":3,"TableId":110101}],[{"RoadList":null,"Fsm":"Bet","PlayerNum":19,"BetLimit":[70000,1700000],"RemainSec":3,"TableId":110111}],[{"RoadList":null,"Fsm":"Bet","PlayerNum":14,"BetLimit":[700000,17000000],"RemainSec":3,"TableId":110121}],[{"RoadList":null,"Fsm":"Bet","PlayerNum":9,"BetLimit":[1700000,40000000],"RemainSec":3,"TableId":110131}]]}}
2023/10/04 11:49:22 [INFO] Receive Message:{"Ret":"ActBetArea","Data":{"Gid":"1101-1709415247036551168","BetArea":[3209000,2645000,2382000,3080000,2563000,1509000,1826000,2593000]}}
2023/10/04 11:49:23 [INFO] Receive Message:{"Ret":"ActRoomStatus","Data":{"RoomInfo":[[{"RoadList":null,"Fsm":"Bet","PlayerNum":46,"BetLimit":[7000,170000],"RemainSec":2,"TableId":110101}],[{"RoadList":null,"Fsm":"Bet","PlayerNum":19,"BetLimit":[70000,1700000],"RemainSec":2,"TableId":110111}],[{"RoadList":null,"Fsm":"Bet","PlayerNum":14,"BetLimit":[700000,17000000],"RemainSec":2,"TableId":110121}],[{"RoadList":null,"Fsm":"Bet","PlayerNum":9,"BetLimit":[1700000,40000000],"RemainSec":2,"TableId":110131}]]}}
2023/10/04 11:49:23 [INFO] Receive Message:{"Ret":"ActBetArea","Data":{"Gid":"1101-1709415247036551168","BetArea":[3209000,2645000,2382000,3080000,2563000,1509000,1826000,2593000]}}
2023/10/04 11:49:24 [INFO] Receive Message:{"Ret":"ActRoomStatus","Data":{"RoomInfo":[[{"RoadList":null,"Fsm":"Bet","PlayerNum":46,"BetLimit":[7000,170000],"RemainSec":1,"TableId":110101}],[{"RoadList":null,"Fsm":"Bet","PlayerNum":19,"BetLimit":[70000,1700000],"RemainSec":1,"TableId":110111}],[{"RoadList":null,"Fsm":"Bet","PlayerNum":14,"BetLimit":[700000,17000000],"RemainSec":1,"TableId":110121}],[{"RoadList":null,"Fsm":"Bet","PlayerNum":9,"BetLimit":[1700000,40000000],"RemainSec":1,"TableId":110131}]]}}
2023/10/04 11:49:24 [INFO] Receive Message:{"Ret":"ActBetArea","Data":{"Gid":"1101-1709415247036551168","BetArea":[3209000,2645000,2382000,3080000,2563000,1509000,1826000,2593000]}}
2023/10/04 11:49:25 [INFO] Receive Message:{"Ret":"ActRoomStatus","Data":{"RoomInfo":[[{"RoadList":null,"Fsm":"Bet","PlayerNum":46,"BetLimit":[7000,170000],"RemainSec":0,"TableId":110101}],[{"RoadList":null,"Fsm":"Bet","PlayerNum":19,"BetLimit":[70000,1700000],"RemainSec":0,"TableId":110111}],[{"RoadList":null,"Fsm":"Bet","PlayerNum":14,"BetLimit":[700000,17000000],"RemainSec":0,"TableId":110121}],[{"RoadList":null,"Fsm":"Bet","PlayerNum":9,"BetLimit":[1700000,40000000],"RemainSec":0,"TableId":110131}]]}}
2023/10/04 11:49:25 [INFO] Receive Message:{"Ret":"ActBetArea","Data":{"Gid":"1101-1709415247036551168","BetArea":[3209000,2645000,2382000,3080000,2563000,1509000,1826000,2593000]}}
2023/10/04 11:49:25 [INFO] Receive Message:{"Ret":"ActGamePeriod","Data":{"Fsm":"Result","Gid":"1101-1709415247036551168","RemainSec":8}}
2023/10/04 11:49:25 [INFO] Receive Message:{"Ret":"ActGameOpenResult","Data":{"GameResult":{"Gid":"1101-1709415247036551168","Result":5,"WheelIndex":18}}}
2023/10/04 11:49:26 [INFO] Receive Message:{"Ret":"ActRoomStatus","Data":{"RoomInfo":[[{"RoadList":null,"Fsm":"Result","PlayerNum":46,"BetLimit":[7000,170000],"RemainSec":7,"TableId":110101}],[{"RoadList":null,"Fsm":"Result","PlayerNum":19,"BetLimit":[70000,1700000],"RemainSec":7,"TableId":110111}],[{"RoadList":null,"Fsm":"Result","PlayerNum":14,"BetLimit":[700000,17000000],"RemainSec":7,"TableId":110121}],[{"RoadList":null,"Fsm":"Result","PlayerNum":9,"BetLimit":[1700000,40000000],"RemainSec":7,"TableId":110131}]]}}
2023/10/04 11:49:27 [INFO] Receive Message:{"Ret":"ActRoomStatus","Data":{"RoomInfo":[[{"RoadList":null,"Fsm":"Result","PlayerNum":46,"BetLimit":[7000,170000],"RemainSec":6,"TableId":110101}],[{"RoadList":null,"Fsm":"Result","PlayerNum":19,"BetLimit":[70000,1700000],"RemainSec":6,"TableId":110111}],[{"RoadList":null,"Fsm":"Result","PlayerNum":14,"BetLimit":[700000,17000000],"RemainSec":6,"TableId":110121}],[{"RoadList":null,"Fsm":"Result","PlayerNum":9,"BetLimit":[1700000,40000000],"RemainSec":6,"TableId":110131}]]}}
2023/10/04 11:49:27 [ERROR] read tcp 127.0.0.1:53056->127.0.0.1:10001: use of closed network connection
2023/10/04 11:49:27 [INFO] 連線中斷
2023/10/04 11:49:30 [INFO] Connect Success
2023/10/04 11:49:32 [INFO]  SendMessage={"Login":{"Token":"6687643fdzux9482grczjan5"}}
2023/10/04 11:49:32 [INFO] Receive Message:{"Code":0,"Ret":"Login","Message":"success","Data":{"Gold":2000000,"IconID":0,"Name":"TestAPLPK04","UserId":515941,"MatchGameCode":"","MatchGameTableId":110101,"Version":"1.0.0","Marquee":null,"is_relogin":false}}
2023/10/04 11:49:38 [INFO] Receive Message:{"Ret":"ActCurrentPlayer","Data":{"CurrentPlayer":46}}
2023/10/04 11:49:38 [INFO] Receive Message:{"Code":0,"Ret":"EnterGame","Message":"success","Data":{"Gid":"1101-1709415247036551168","History":[5],"BetLimit":[[7000,1050000],[7000,1050000],[7000,1050000],[7000,1050000],[7000,1050000],[7000,1050000],[7000,1050000],[7000,1050000]],"Chips":[7000,17000,40000,70000,170000,400000],"RemainSec":1,"BetArea":[3209000,2645000,2382000,3080000,2563000,1509000,1826000,2593000],"GameResult":null,"PlayerBetInfo":[],"CurrentPlayer":46,"WinloseRank":[{"IconID":"100","Name":"****e09","UserID":"","Winlose":44448627},{"IconID":"107","Name":"****a96","UserID":"","Winlose":29994908},{"IconID":"5","Name":"****e10","UserID":"","Winlose":14302658},{"IconID":"105","Name":"****d82","UserID":"","Winlose":100277794},{"IconID":"7","Name":"****n28","UserID":"","Winlose":45459075},{"IconID":"7","Name":"****g36","UserID":"","Winlose":71312667},{"IconID":"3","Name":"****o36","UserID":"","Winlose":34559481},{"IconID":"105","Name":"****a50","UserID":"","Winlose":98973796},{"IconID":"5","Name":"****e42","UserID":"","Winlose":98941188}],"Fsm":"Settle"}}
2023/10/04 11:49:39 [INFO] Receive Message:{"Ret":"DebugMatchType","Data":{"matchtype":0}}
2023/10/04 11:49:39 [INFO] Receive Message:{"Ret":"ActGamePeriod","Data":{"Fsm":"Shuffle","Gid":"1101-1709415459700346880","RemainSec":1}}
2023/10/04 11:49:39 [INFO] Receive Message:{"Ret":"ActCurrentPlayer","Data":{"CurrentPlayer":45}}
2023/10/04 11:49:40 [INFO] Receive Message:{"Ret":"ActGamePeriod","Data":{"Fsm":"Bet","Gid":"1101-1709415459700346880","RemainSec":17}}
2023/10/04 11:49:41 [INFO] Receive Message:{"Ret":"ActBetArea","Data":{"Gid":"1101-1709415459700346880","BetArea":[0,0,0,0,0,0,0,0]}}
2023/10/04 11:49:42 [INFO] Receive Message:{"Ret":"ActBetArea","Data":{"Gid":"1101-1709415459700346880","BetArea":[17000,7000,417000,347000,387000,511000,587000,437000]}}
2023/10/04 11:49:43 [INFO] Receive Message:{"Ret":"ActBetArea","Data":{"Gid":"1101-1709415459700346880","BetArea":[31000,194000,457000,417000,787000,715000,987000,607000]}}
2023/10/04 11:49:44 [INFO] Receive Message:{"Ret":"ActBetArea","Data":{"Gid":"1101-1709415459700346880","BetArea":[258000,594000,857000,817000,787000,1115000,1231000,607000]}}
2023/10/04 11:49:45 [INFO] Receive Message:{"Ret":"ActBetArea","Data":{"Gid":"1101-1709415459700346880","BetArea":[258000,601000,927000,817000,827000,1185000,1238000,624000]}}
2023/10/04 11:49:46 [INFO] Receive Message:{"Ret":"ActBetArea","Data":{"Gid":"1101-1709415459700346880","BetArea":[258000,601000,1097000,1217000,834000,1255000,1448000,1194000]}}
2023/10/04 11:49:47 [INFO] Receive Message:{"Ret":"ActBetArea","Data":{"Gid":"1101-1709415459700346880","BetArea":[258000,648000,1097000,1217000,1004000,1255000,1448000,1194000]}}
2023/10/04 11:49:48 [INFO] Receive Message:{"Ret":"ActBetArea","Data":{"Gid":"1101-1709415459700346880","BetArea":[298000,648000,1748000,1217000,1011000,1439000,2402000,1194000]}}
2023/10/04 11:49:49 [INFO] Receive Message:{"Ret":"ActBetArea","Data":{"Gid":"1101-1709415459700346880","BetArea":[298000,648000,1818000,1217000,1181000,1439000,2802000,1194000]}}
2023/10/04 11:49:49 [INFO]  SendMessage={"Bet":{"BetInfo":"[{ \"AreaID\": 4, \"Bet\":7000 }]"}}
2023/10/04 11:49:49 [INFO] Receive Message:{"Code":0,"Ret":"Bet","Message":"success","Data":{"BetInfo":[0,0,0,0,7000,0,0,0],"Gold":1993000}}
2023/10/04 11:49:49 [INFO] Receive Message:{"Ret":"ActGold","Data":{"Gold":1993000}}
2023/10/04 11:49:50 [INFO] Receive Message:{"Ret":"ActBetArea","Data":{"Gid":"1101-1709415459700346880","BetArea":[1045000,682000,3202000,1687000,2415000,1609000,3142000,1281000]}}
2023/10/04 11:49:51 [INFO] Receive Message:{"Ret":"ActBetArea","Data":{"Gid":"1101-1709415459700346880","BetArea":[1045000,869000,3202000,1687000,2415000,1666000,3142000,1281000]}}
2023/10/04 11:49:52 [INFO] Receive Message:{"Ret":"ActBetArea","Data":{"Gid":"1101-1709415459700346880","BetArea":[1792000,1209000,3452000,1711000,3785000,1836000,3142000,1721000]}}
2023/10/04 11:49:53 [INFO] Receive Message:{"Ret":"ActBetArea","Data":{"Gid":"1101-1709415459700346880","BetArea":[2232000,1209000,3469000,1881000,3955000,1836000,3149000,1721000]}}
2023/10/04 11:49:54 [INFO] Receive Message:{"Ret":"ActBetArea","Data":{"Gid":"1101-1709415459700346880","BetArea":[2232000,1209000,3486000,1881000,3955000,1836000,3219000,1721000]}}
2023/10/04 11:49:55 [INFO] Receive Message:{"Ret":"ActBetArea","Data":{"Gid":"1101-1709415459700346880","BetArea":[2232000,1209000,3783000,2058000,4525000,1843000,3406000,2361000]}}
2023/10/04 11:49:56 [INFO] Receive Message:{"Ret":"ActBetArea","Data":{"Gid":"1101-1709415459700346880","BetArea":[2402000,1489000,4270000,2235000,4525000,1843000,3806000,2571000]}}
2023/10/04 11:49:57 [INFO] Receive Message:{"Ret":"ActBetArea","Data":{"Gid":"1101-1709415459700346880","BetArea":[2512000,1559000,4317000,2252000,4726000,2013000,3806000,2611000]}}
2023/10/04 11:49:57 [INFO] Receive Message:{"Ret":"ActGamePeriod","Data":{"Fsm":"Result","Gid":"1101-1709415459700346880","RemainSec":8}}
2023/10/04 11:49:57 [INFO] Receive Message:{"Ret":"ActGameOpenResult","Data":{"GameResult":{"Gid":"1101-1709415459700346880","Result":7,"WheelIndex":12}}}
