2023/02/09 13:58:28 [INFO] Connect Success
2023/02/09 13:58:32 [INFO] Receive Message:{"Code":0,"Ret":"Login","Message":"success","Data":{"Gold":2000051.25,"IconID":0,"Name":"Test_simon","UserId":83513177,"MatchGameCode":"","MatchGameTableId":0,"Version":"1.0.0","Marquee":[{"id":"2d7df3e5-3052-4ed6-b882-3d259d3c0e04","lang":"en-us","type":1,"order":999,"freq":30,"content":"Welcome to DG. Various playing methods plus super high odds.","start_time":"2023-01-15T16:00:00Z","end_time":"2023-03-31T15:59:00Z"},{"id":"c85ac23d-6156-4860-9e73-470d87ea754a","lang":"vi-vn","type":1,"order":999,"freq":30,"content":"Chào mừng bạn đến với DG , các loại game bài kinh điển đa dạng, tỷ lệ đền cực cao.","start_time":"2023-01-15T16:00:00Z","end_time":"2023-03-31T15:59:00Z"},{"id":"63d5b734-64da-44a9-aa29-541dcc5e0832","lang":"th-th","type":1,"order":999,"freq":30,"content":"ยินดีต้อนรับสู่ DG เกมหมากรุกและไพ่คลาสสิกที่หลากหลายโบนัทสูงรางวัลมากมาย","start_time":"2023-01-15T16:59:00Z","end_time":"2023-03-31T15:59:00Z"},{"id":"0b7a6f50-624e-4a39-96dd-c74525b31726","lang":"zh-cn","type":1,"order":999,"freq":30,"content":"欢迎来到DG，多样经典棋牌玩法，超高倍率嗨翻天","start_time":"2023-01-15T16:00:00Z","end_time":"2023-03-31T15:59:00Z"}]}}
2023/02/09 13:58:57 [INFO] Receive Message:{"Code":0,"Ret":"IntoGame","Message":"success","Data":{"Gid":"","BetLimit":[[0.1,1]],"Chips":[0.1,0.2,0.3,0.4,0.5,0.6,0.7,0.8,0.9,1],"RemainSec":0,"PlayerInfo":[{"seatId":0,"iconId":0,"name":"Test_simon","gold":2000051.25}],"Fsm":"Init"}}
2023/02/09 13:58:58 [INFO] Receive Message:{"Code":0,"Ret":"DebugInfo","Message":"success","Data":""}
2023/02/09 13:58:58 [INFO] Receive Message:{"Ret":"ActGamePeriod","Data":{"Fsm":"Loading","Gid":"","RemainSec":3}}
2023/02/09 13:58:58 [INFO] Receive Message:{"Ret":"ActSceneNotify","Data":{"scene":1,"stage":1}}
2023/02/09 13:58:58 [INFO] Receive Message:{"Ret":"ActTableStatus","Data":{"tablePlayerInfo":[{"seatId":0,"iconId":0,"name":"****mon","gold":2000051.25},{"seatId":2,"iconId":3,"name":"****t16","gold":122185}]}}
2023/02/09 13:59:01 [INFO] Receive Message:{"Ret":"ActGamePeriod","Data":{"Fsm":"Shu","Gid":"3002-1623562090688024576","RemainSec":60}}
2023/02/09 13:59:02 [INFO] Receive Message:{"Ret":"ActCreateFish","Data":{"fishinfo":[{"index":1,"fishtype":28,"cts":1675922344,"route":"R7_L5","speed":71}],"formation":null}}
2023/02/09 13:59:04 [INFO] Receive Message:{"Ret":"ActCreateFish","Data":{"fishinfo":[{"index":2,"fishtype":28,"cts":1675922346,"route":"R7_L5","speed":71}],"formation":null}}
2023/02/09 13:59:06 [INFO] Receive Message:{"Ret":"ActCreateFish","Data":{"fishinfo":[{"index":3,"fishtype":28,"cts":1675922348,"route":"R7_L5","speed":71}],"formation":null}}
2023/02/09 13:59:08 [INFO] Receive Message:{"Ret":"ActCreateFish","Data":{"fishinfo":[{"index":4,"fishtype":28,"cts":1675922350,"route":"R7_L5","speed":71}],"formation":null}}
2023/02/09 13:59:08 [INFO] Receive Message:{"Code":0,"Ret":"Shoot","Message":"success"}
2023/02/09 13:59:08 [INFO] Receive Message:{"Ret":"ActSyncShoot","Data":{"seatId":0,"bulletId":1,"bulletKind":1,"angle":0,"lockfish":0,"agentcall":false}}
2023/02/09 13:59:09 [INFO] Receive Message:{"Code":0,"Ret":"Hit","Message":"success","Data":1}
2023/02/09 13:59:09 [INFO] Receive Message:{"Ret":"ActGold","Data":{"Gold":2000051.15}}
2023/02/09 13:59:09 [INFO] Receive Message:{"Ret":"ActGold","Data":{"Gold":2000051.15}}
2023/02/09 13:59:09 [INFO] Receive Message:{"Ret":"ActSyncHit","Data":{"seatId":0,"diefish":1,"bulletgold":0.1,"wingold":0,"skillReward":[{"skillIndex":1,"skillId":"s1"}],"gold":2000051.15,"isTrick":false}}
2023/02/09 13:59:10 [INFO] Receive Message:{"Ret":"ActCreateFish","Data":{"fishinfo":[{"index":5,"fishtype":28,"cts":1675922352,"route":"R7_L5","speed":71}],"formation":null}}
2023/02/09 14:03:05 [ERROR] read tcp [::1]:63657->[::1]:10001: wsarecv: An existing connection was forcibly closed by the remote host.
2023/02/09 14:52:17 [INFO] 連線中斷
2023/02/09 14:52:18 [INFO] Connect Success
2023/02/09 14:52:20 [INFO] Receive Message:{"Code":0,"Ret":"Login","Message":"success","Data":{"Gold":2000051.15,"IconID":0,"Name":"Test_simon","UserId":83513177,"MatchGameCode":"","MatchGameTableId":0,"Version":"1.0.0","Marquee":[{"id":"2d7df3e5-3052-4ed6-b882-3d259d3c0e04","lang":"en-us","type":1,"order":999,"freq":30,"content":"Welcome to DG. Various playing methods plus super high odds.","start_time":"2023-01-15T16:00:00Z","end_time":"2023-03-31T15:59:00Z"},{"id":"c85ac23d-6156-4860-9e73-470d87ea754a","lang":"vi-vn","type":1,"order":999,"freq":30,"content":"Chào mừng bạn đến với DG , các loại game bài kinh điển đa dạng, tỷ lệ đền cực cao.","start_time":"2023-01-15T16:00:00Z","end_time":"2023-03-31T15:59:00Z"},{"id":"63d5b734-64da-44a9-aa29-541dcc5e0832","lang":"th-th","type":1,"order":999,"freq":30,"content":"ยินดีต้อนรับสู่ DG เกมหมากรุกและไพ่คลาสสิกที่หลากหลายโบนัทสูงรางวัลมากมาย","start_time":"2023-01-15T16:59:00Z","end_time":"2023-03-31T15:59:00Z"},{"id":"0b7a6f50-624e-4a39-96dd-c74525b31726","lang":"zh-cn","type":1,"order":999,"freq":30,"content":"欢迎来到DG，多样经典棋牌玩法，超高倍率嗨翻天","start_time":"2023-01-15T16:00:00Z","end_time":"2023-03-31T15:59:00Z"}]}}
2023/02/09 14:52:27 [INFO] Receive Message:{"Code":0,"Ret":"IntoGame","Message":"success","Data":{"Gid":"","BetLimit":[[0.1,1]],"Chips":[0.1,0.2,0.3,0.4,0.5,0.6,0.7,0.8,0.9,1],"RemainSec":0,"PlayerInfo":[{"seatId":3,"iconId":0,"name":"Test_simon","gold":2000051.15}],"Fsm":"Init"}}
2023/02/09 14:52:28 [INFO] Receive Message:{"Ret":"ActGamePeriod","Data":{"Fsm":"Loading","Gid":"","RemainSec":3}}
2023/02/09 14:52:28 [INFO] Receive Message:{"Ret":"ActSceneNotify","Data":{"scene":1,"stage":1}}
2023/02/09 14:52:28 [INFO] Receive Message:{"Ret":"ActTableStatus","Data":{"tablePlayerInfo":[{"seatId":0,"iconId":107,"name":"****t14","gold":199636},{"seatId":3,"iconId":0,"name":"****mon","gold":2000051.15}]}}
2023/02/09 14:52:31 [INFO] Receive Message:{"Ret":"ActGamePeriod","Data":{"Fsm":"Shu","Gid":"3002-1623575556031254528","RemainSec":60}}
2023/02/09 14:52:33 [INFO] Receive Message:{"Ret":"ActCreateFish","Data":{"fishinfo":[{"index":7,"fishtype":6,"cts":1675925555,"route":"R6_L2","speed":58},{"index":37,"fishtype":4,"cts":1675925555,"route":"R1_L7","speed":64},{"index":132,"fishtype":4,"cts":1675925555,"route":"R7_L1","speed":64},{"index":164,"fishtype":2,"cts":1675925555,"route":"L2_R6","speed":64},{"index":291,"fishtype":2,"cts":1675925555,"route":"L6_R2","speed":64},{"index":306,"fishtype":1,"cts":1675925555,"route":"L1_R7","speed":64},{"index":354,"fishtype":1,"cts":1675925555,"route":"L7_R1","speed":64}],"formation":null}}
2023/02/09 14:52:34 [ERROR] read tcp [::1]:54880->[::1]:10001: wsarecv: An existing connection was forcibly closed by the remote host.
2023/02/09 14:52:42 [INFO] 連線中斷
2023/02/09 14:52:43 [INFO] Connect Success
2023/02/09 14:52:45 [INFO] Receive Message:{"Code":0,"Ret":"Login","Message":"success","Data":{"Gold":2000051.15,"IconID":0,"Name":"Test_simon","UserId":83513177,"MatchGameCode":"","MatchGameTableId":0,"Version":"1.0.0","Marquee":[{"id":"2d7df3e5-3052-4ed6-b882-3d259d3c0e04","lang":"en-us","type":1,"order":999,"freq":30,"content":"Welcome to DG. Various playing methods plus super high odds.","start_time":"2023-01-15T16:00:00Z","end_time":"2023-03-31T15:59:00Z"},{"id":"c85ac23d-6156-4860-9e73-470d87ea754a","lang":"vi-vn","type":1,"order":999,"freq":30,"content":"Chào mừng bạn đến với DG , các loại game bài kinh điển đa dạng, tỷ lệ đền cực cao.","start_time":"2023-01-15T16:00:00Z","end_time":"2023-03-31T15:59:00Z"},{"id":"63d5b734-64da-44a9-aa29-541dcc5e0832","lang":"th-th","type":1,"order":999,"freq":30,"content":"ยินดีต้อนรับสู่ DG เกมหมากรุกและไพ่คลาสสิกที่หลากหลายโบนัทสูงรางวัลมากมาย","start_time":"2023-01-15T16:59:00Z","end_time":"2023-03-31T15:59:00Z"},{"id":"0b7a6f50-624e-4a39-96dd-c74525b31726","lang":"zh-cn","type":1,"order":999,"freq":30,"content":"欢迎来到DG，多样经典棋牌玩法，超高倍率嗨翻天","start_time":"2023-01-15T16:00:00Z","end_time":"2023-03-31T15:59:00Z"}]}}
2023/02/09 14:52:51 [INFO] Receive Message:{"Code":0,"Ret":"IntoGame","Message":"success","Data":{"Gid":"","BetLimit":[[0.1,1]],"Chips":[0.1,0.2,0.3,0.4,0.5,0.6,0.7,0.8,0.9,1],"RemainSec":0,"PlayerInfo":[{"seatId":1,"iconId":0,"name":"Test_simon","gold":2000051.15}],"Fsm":"Init"}}
2023/02/09 14:52:52 [INFO] Receive Message:{"Ret":"ActGamePeriod","Data":{"Fsm":"Loading","Gid":"","RemainSec":3}}
2023/02/09 14:52:52 [INFO] Receive Message:{"Ret":"ActSceneNotify","Data":{"scene":1,"stage":1}}
2023/02/09 14:52:52 [INFO] Receive Message:{"Ret":"ActTableStatus","Data":{"tablePlayerInfo":[{"seatId":0,"iconId":2,"name":"****ot9","gold":130053},{"seatId":1,"iconId":0,"name":"****mon","gold":2000051.15}]}}
2023/02/09 14:52:52 [INFO] Receive Message:{"Code":0,"Ret":"DebugInfo","Message":"success","Data":""}
2023/02/09 14:52:55 [INFO] Receive Message:{"Ret":"ActGamePeriod","Data":{"Fsm":"Shu","Gid":"3002-1623575654601592832","RemainSec":60}}
2023/02/09 14:52:56 [INFO] Receive Message:{"Ret":"ActCreateFish","Data":{"fishinfo":[{"index":1,"fishtype":27,"cts":1675925578,"route":"L1_R5","speed":71}],"formation":null}}
2023/02/09 14:52:58 [INFO] Receive Message:{"Ret":"ActCreateFish","Data":{"fishinfo":[{"index":2,"fishtype":27,"cts":1675925580,"route":"L1_R5","speed":71}],"formation":null}}
2023/02/09 14:53:00 [INFO] Receive Message:{"Ret":"ActCreateFish","Data":{"fishinfo":[{"index":3,"fishtype":27,"cts":1675925582,"route":"L1_R5","speed":71}],"formation":null}}
2023/02/09 14:53:00 [INFO] Receive Message:{"Code":0,"Ret":"Shoot","Message":"success"}
2023/02/09 14:53:00 [INFO] Receive Message:{"Ret":"ActSyncShoot","Data":{"seatId":1,"bulletId":1,"bulletKind":1,"angle":0,"lockfish":0,"agentcall":false}}
2023/02/09 14:53:01 [INFO] Receive Message:{"Code":0,"Ret":"Hit","Message":"success","Data":1}
2023/02/09 14:53:01 [INFO] Receive Message:{"Ret":"ActGold","Data":{"Gold":2000051.05}}
2023/02/09 14:53:01 [INFO] Receive Message:{"Ret":"ActGold","Data":{"Gold":2000051.05}}
2023/02/09 14:53:01 [INFO] Receive Message:{"Ret":"ActSyncHit","Data":{"seatId":1,"diefish":1,"bulletgold":0.1,"wingold":0,"skillReward":[{"skillIndex":1,"skillId":"ss"}],"gold":2000051.05,"isTrick":false}}
2023/02/09 14:53:02 [INFO] Receive Message:{"Ret":"ActCreateFish","Data":{"fishinfo":[{"index":4,"fishtype":27,"cts":1675925584,"route":"L1_R5","speed":71}],"formation":null}}
2023/02/09 14:53:04 [INFO] Receive Message:{"Ret":"ActCreateFish","Data":{"fishinfo":[{"index":5,"fishtype":27,"cts":1675925586,"route":"L1_R5","speed":71}],"formation":null}}
2023/02/09 14:53:11 [INFO] Receive Message:{"Code":200021,"Ret":"SkillCast","Message":"Wrong skill ID"}
2023/02/09 14:53:47 [ERROR] read tcp [::1]:54907->[::1]:10001: wsarecv: An existing connection was forcibly closed by the remote host.
2023/02/09 14:54:00 [INFO] 連線中斷
2023/02/09 14:54:00 [INFO] Connect Success
2023/02/09 14:54:03 [INFO] Receive Message:{"Code":0,"Ret":"Login","Message":"success","Data":{"Gold":2000051.05,"IconID":0,"Name":"Test_simon","UserId":83513177,"MatchGameCode":"","MatchGameTableId":0,"Version":"1.0.0","Marquee":[{"id":"2d7df3e5-3052-4ed6-b882-3d259d3c0e04","lang":"en-us","type":1,"order":999,"freq":30,"content":"Welcome to DG. Various playing methods plus super high odds.","start_time":"2023-01-15T16:00:00Z","end_time":"2023-03-31T15:59:00Z"},{"id":"c85ac23d-6156-4860-9e73-470d87ea754a","lang":"vi-vn","type":1,"order":999,"freq":30,"content":"Chào mừng bạn đến với DG , các loại game bài kinh điển đa dạng, tỷ lệ đền cực cao.","start_time":"2023-01-15T16:00:00Z","end_time":"2023-03-31T15:59:00Z"},{"id":"63d5b734-64da-44a9-aa29-541dcc5e0832","lang":"th-th","type":1,"order":999,"freq":30,"content":"ยินดีต้อนรับสู่ DG เกมหมากรุกและไพ่คลาสสิกที่หลากหลายโบนัทสูงรางวัลมากมาย","start_time":"2023-01-15T16:59:00Z","end_time":"2023-03-31T15:59:00Z"},{"id":"0b7a6f50-624e-4a39-96dd-c74525b31726","lang":"zh-cn","type":1,"order":999,"freq":30,"content":"欢迎来到DG，多样经典棋牌玩法，超高倍率嗨翻天","start_time":"2023-01-15T16:00:00Z","end_time":"2023-03-31T15:59:00Z"}]}}
2023/02/09 14:54:05 [INFO] Receive Message:{"Code":0,"Ret":"IntoGame","Message":"success","Data":{"Gid":"","BetLimit":[[0.1,1]],"Chips":[0.1,0.2,0.3,0.4,0.5,0.6,0.7,0.8,0.9,1],"RemainSec":0,"PlayerInfo":[{"seatId":2,"iconId":0,"name":"Test_simon","gold":2000051.05}],"Fsm":"Init"}}
2023/02/09 14:54:06 [INFO] Receive Message:{"Ret":"ActGamePeriod","Data":{"Fsm":"Loading","Gid":"","RemainSec":3}}
2023/02/09 14:54:06 [INFO] Receive Message:{"Ret":"ActSceneNotify","Data":{"scene":1,"stage":1}}
2023/02/09 14:54:06 [INFO] Receive Message:{"Ret":"ActTableStatus","Data":{"tablePlayerInfo":[{"seatId":0,"iconId":1,"name":"****t24","gold":132339},{"seatId":2,"iconId":0,"name":"****mon","gold":2000051.05}]}}
2023/02/09 14:54:07 [INFO] Receive Message:{"Code":0,"Ret":"DebugInfo","Message":"success","Data":""}
2023/02/09 14:54:09 [INFO] Receive Message:{"Ret":"ActGamePeriod","Data":{"Fsm":"Shu","Gid":"3002-1623575967731552256","RemainSec":60}}
2023/02/09 14:54:10 [INFO] Receive Message:{"Ret":"ActCreateFish","Data":{"fishinfo":[{"index":1,"fishtype":27,"cts":1675925652,"route":"L2_R4","speed":71}],"formation":null}}
2023/02/09 14:54:12 [INFO] Receive Message:{"Ret":"ActCreateFish","Data":{"fishinfo":[{"index":2,"fishtype":27,"cts":1675925654,"route":"L2_R4","speed":71}],"formation":null}}
2023/02/09 14:54:14 [INFO] Receive Message:{"Ret":"ActCreateFish","Data":{"fishinfo":[{"index":3,"fishtype":27,"cts":1675925656,"route":"L2_R4","speed":71}],"formation":null}}
2023/02/09 14:54:15 [INFO] Receive Message:{"Code":0,"Ret":"Shoot","Message":"success"}
2023/02/09 14:54:15 [INFO] Receive Message:{"Ret":"ActSyncShoot","Data":{"seatId":2,"bulletId":1,"bulletKind":1,"angle":0,"lockfish":0,"agentcall":false}}
2023/02/09 14:54:16 [INFO] Receive Message:{"Code":0,"Ret":"Hit","Message":"success","Data":1}
2023/02/09 14:54:16 [INFO] Receive Message:{"Ret":"ActGold","Data":{"Gold":2000050.95}}
2023/02/09 14:54:16 [INFO] Receive Message:{"Ret":"ActGold","Data":{"Gold":2000050.95}}
2023/02/09 14:54:16 [INFO] Receive Message:{"Ret":"ActSyncHit","Data":{"seatId":2,"diefish":1,"bulletgold":0.1,"wingold":0,"skillReward":[{"skillIndex":1,"skillId":"ss"}],"gold":2000050.95,"isTrick":false}}
2023/02/09 14:54:16 [INFO] Receive Message:{"Ret":"ActCreateFish","Data":{"fishinfo":[{"index":4,"fishtype":27,"cts":1675925658,"route":"L2_R4","speed":71}],"formation":null}}
2023/02/09 14:54:18 [INFO] Receive Message:{"Ret":"ActCreateFish","Data":{"fishinfo":[{"index":5,"fishtype":27,"cts":1675925660,"route":"L2_R4","speed":71}],"formation":null}}
2023/02/09 14:56:10 [INFO] Receive Message:{"Code":0,"Ret":"SkillCast","Message":"success","Data":[1]}
2023/02/09 14:56:10 [INFO] Receive Message:{"Ret":"ActSyncSkillCast","Data":{"seatId":2,"diefish":[1],"wingold":{},"skillReward":[{"skillIndex":1,"skillId":"ss"}],"gold":0,"bulletgold":0.1}}
2023/02/09 14:56:21 [INFO] Receive Message:{"Ret":"ActCreateFish","Data":{"fishinfo":[{"index":6,"fishtype":27,"cts":1675925783,"route":"L2_R4","speed":71}],"formation":null}}
2023/02/09 14:56:23 [INFO] Receive Message:{"Ret":"ActCreateFish","Data":{"fishinfo":[{"index":7,"fishtype":27,"cts":1675925785,"route":"L2_R4","speed":71}],"formation":null}}
2023/02/09 14:56:25 [INFO] Receive Message:{"Ret":"ActCreateFish","Data":{"fishinfo":[{"index":8,"fishtype":27,"cts":1675925787,"route":"L2_R4","speed":71}],"formation":null}}
2023/02/09 14:56:25 [INFO] Receive Message:{"Ret":"ActDispFish","Data":{"fishinfo":[{"index":2,"fishtype":27,"cts":1675925654,"route":"L2_R4","speed":71}]}}
2023/02/09 14:56:27 [INFO] Receive Message:{"Ret":"ActCreateFish","Data":{"fishinfo":[{"index":9,"fishtype":27,"cts":1675925789,"route":"L2_R4","speed":71}],"formation":null}}
2023/02/09 14:56:27 [INFO] Receive Message:{"Ret":"ActDispFish","Data":{"fishinfo":[{"index":3,"fishtype":27,"cts":1675925656,"route":"L2_R4","speed":71}]}}
2023/02/09 14:56:29 [INFO] Receive Message:{"Ret":"ActCreateFish","Data":{"fishinfo":[{"index":10,"fishtype":27,"cts":1675925791,"route":"L2_R4","speed":71}],"formation":null}}
2023/02/09 14:56:29 [INFO] Receive Message:{"Ret":"ActDispFish","Data":{"fishinfo":[{"index":4,"fishtype":27,"cts":1675925658,"route":"L2_R4","speed":71}]}}
2023/02/09 14:56:31 [INFO] Receive Message:{"Ret":"ActDispFish","Data":{"fishinfo":[{"index":5,"fishtype":27,"cts":1675925660,"route":"L2_R4","speed":71}]}}
2023/02/09 14:56:41 [INFO] Receive Message:{"Ret":"ActCreateFish","Data":{"fishinfo":[{"index":11,"fishtype":27,"cts":1675925803,"route":"L2_R4","speed":71}],"formation":null}}
2023/02/09 14:56:43 [INFO] Receive Message:{"Ret":"ActCreateFish","Data":{"fishinfo":[{"index":12,"fishtype":27,"cts":1675925805,"route":"L2_R4","speed":71}],"formation":null}}
2023/02/09 14:56:43 [INFO] Receive Message:{"Ret":"ActDispFish","Data":{"fishinfo":[{"index":6,"fishtype":27,"cts":1675925783,"route":"L2_R4","speed":71}]}}
2023/02/09 14:56:45 [INFO] Receive Message:{"Ret":"ActCreateFish","Data":{"fishinfo":[{"index":13,"fishtype":27,"cts":1675925807,"route":"L2_R4","speed":71}],"formation":null}}
2023/02/09 14:56:45 [INFO] Receive Message:{"Ret":"ActDispFish","Data":{"fishinfo":[{"index":7,"fishtype":27,"cts":1675925785,"route":"L2_R4","speed":71}]}}
2023/02/09 14:56:47 [INFO] Receive Message:{"Ret":"ActCreateFish","Data":{"fishinfo":[{"index":14,"fishtype":27,"cts":1675925809,"route":"L2_R4","speed":71}],"formation":null}}
2023/02/09 14:56:47 [INFO] Receive Message:{"Ret":"ActDispFish","Data":{"fishinfo":[{"index":8,"fishtype":27,"cts":1675925787,"route":"L2_R4","speed":71}]}}
2023/02/09 14:56:49 [INFO] Receive Message:{"Ret":"ActCreateFish","Data":{"fishinfo":[{"index":15,"fishtype":27,"cts":1675925811,"route":"L2_R4","speed":71}],"formation":null}}
2023/02/09 14:56:49 [INFO] Receive Message:{"Ret":"ActDispFish","Data":{"fishinfo":[{"index":9,"fishtype":27,"cts":1675925789,"route":"L2_R4","speed":71}]}}
2023/02/09 14:56:51 [INFO] Receive Message:{"Ret":"ActDispFish","Data":{"fishinfo":[{"index":10,"fishtype":27,"cts":1675925791,"route":"L2_R4","speed":71}]}}
2023/02/09 14:57:00 [INFO] Receive Message:{"Ret":"ActDispFish","Data":{"fishinfo":[{"index":15,"fishtype":27,"cts":1675925811,"route":"L2_R4","speed":71},{"index":11,"fishtype":27,"cts":1675925803,"route":"L2_R4","speed":71},{"index":13,"fishtype":27,"cts":1675925807,"route":"L2_R4","speed":71},{"index":14,"fishtype":27,"cts":1675925809,"route":"L2_R4","speed":71},{"index":12,"fishtype":27,"cts":1675925805,"route":"L2_R4","speed":71}]}}
2023/02/09 14:57:00 [INFO] Receive Message:{"Ret":"ActGamePeriod","Data":{"Fsm":"Loading","Gid":"3002-1623575967731552256","RemainSec":3}}
2023/02/09 14:57:00 [INFO] Receive Message:{"Ret":"ActSceneNotify","Data":{"scene":1,"stage":2}}
2023/02/09 14:57:00 [INFO] Receive Message:{"Ret":"ActTableStatus","Data":{"tablePlayerInfo":[{"seatId":0,"iconId":1,"name":"****t24","gold":132339},{"seatId":2,"iconId":0,"name":"****mon","gold":2000050.95}]}}
2023/02/09 14:57:03 [INFO] Receive Message:{"Ret":"ActGamePeriod","Data":{"Fsm":"SpStage","Gid":"3002-1623576694172422144","RemainSec":60}}
2023/02/09 14:57:04 [INFO] Receive Message:{"Ret":"ActCreateFish","Data":{"fishinfo":null,"formation":[{"createpoint":[-790,240],"space":[80,80],"speed":64,"group":[[null,null,null,null,null,null,null,null,{"index":16,"fishtype":17,"cts":1675925826},{"index":17,"fishtype":17,"cts":1675925826},{"index":18,"fishtype":17,"cts":1675925826},{"index":19,"fishtype":17,"cts":1675925826},{"index":20,"fishtype":17,"cts":1675925826},null,null,null,{"index":21,"fishtype":14,"cts":1675925826},{"index":22,"fishtype":14,"cts":1675925826},{"index":23,"fishtype":14,"cts":1675925826},{"index":24,"fishtype":8,"cts":1675925826},{"index":25,"fishtype":8,"cts":1675925826},{"index":26,"fishtype":8,"cts":1675925826},{"index":27,"fishtype":8,"cts":1675925826},{"index":28,"fishtype":8,"cts":1675925826},null,null,null,null,null,null,null,null,{"index":29,"fishtype":3,"cts":1675925826},{"index":30,"fishtype":3,"cts":1675925826},{"index":31,"fishtype":3,"cts":1675925826},{"index":32,"fishtype":3,"cts":1675925826},{"index":33,"fishtype":3,"cts":1675925826},null,null,null,{"index":34,"fishtype":7,"cts":1675925826},{"index":35,"fishtype":7,"cts":1675925826},{"index":36,"fishtype":7,"cts":1675925826},{"index":37,"fishtype":1,"cts":1675925826},{"index":38,"fishtype":1,"cts":1675925826},{"index":39,"fishtype":1,"cts":1675925826},{"index":40,"fishtype":1,"cts":1675925826},{"index":41,"fishtype":1,"cts":1675925826}],[null,{"index":42,"fishtype":19,"cts":1675925826},null,{"index":43,"fishtype":23,"cts":1675925826},null,null,{"index":44,"fishtype":26,"cts":1675925826},null,null,null,null,null,null,null,{"index":45,"fishtype":26,"cts":1675925826},null,null,null,null,null,null,null,null,null,null,null,null,{"index":46,"fishtype":23,"cts":1675925826},null,null,{"index":47,"fishtype":26,"cts":1675925826},null,null,null,null,null,null,null,{"index":48,"fishtype":26,"cts":1675925826},null,null,null,null,{"index":49,"fishtype":5,"cts":1675925826},{"index":50,"fishtype":5,"cts":1675925826},{"index":51,"fishtype":5,"cts":1675925826},{"index":52,"fishtype":5,"cts":1675925826},{"index":53,"fishtype":5,"cts":1675925826}],[null,null,null,null,null,null,null,null,null,null,null,null,null,null,null,null,null,null,null,null,null,null,null,null,null,null,null,null,null,null,null,null,null,null,null,null,null,null,null,null,null,null,null,null,null,null,null,null],[null,{"index":54,"fishtype":19,"cts":1675925826},null,null,null,null,null,null,null,{"index":55,"fishtype":26,"cts":1675925826},null,{"index":56,"fishtype":25,"cts":1675925826},null,null,null,null,null,{"index":57,"fishtype":28,"cts":1675925826},null,null,{"index":58,"fishtype":26,"cts":1675925826},null,null,{"index":59,"fishtype":26,"cts":1675925826},null,{"index":60,"fishtype":10,"cts":1675925826},{"index":61,"fishtype":10,"cts":1675925826},{"index":62,"fishtype":10,"cts":1675925826},{"index":63,"fishtype":10,"cts":1675925826},null,null,null,null,{"index":64,"fishtype":26,"cts":1675925826},null,{"index":65,"fishtype":25,"cts":1675925826},null,null,null,null,null,{"index":66,"fishtype":28,"cts":1675925826},null,null,{"index":67,"fishtype":26,"cts":1675925826},null,null,{"index":68,"fishtype":26,"cts":1675925826}],[null,null,null,null,null,null,null,null,null,null,null,null,null,null,null,null,null,null,null,null,null,null,null,null,null,null,null,null,null,null,null,null,null,null,null,null,null,null,null,null,null,null,null,null,null,null,null,null],[null,{"index":69,"fishtype":19,"cts":1675925826},null,{"index":70,"fishtype":23,"cts":1675925826},null,null,{"index":71,"fishtype":26,"cts":1675925826},null,null,null,null,null,null,null,{"index":72,"fishtype":26,"cts":1675925826},null,null,null,null,null,null,null,null,null,null,null,null,{"index":73,"fishtype":23,"cts":1675925826},null,null,{"index":74,"fishtype":26,"cts":1675925826},null,null,null,null,null,null,null,{"index":75,"fishtype":26,"cts":1675925826},null,null,null,null,{"index":76,"fishtype":6,"cts":1675925826},{"index":77,"fishtype":6,"cts":1675925826},{"index":78,"fishtype":6,"cts":1675925826},{"index":79,"fishtype":6,"cts":1675925826},{"index":80,"fishtype":6,"cts":1675925826}],[null,null,null,null,null,null,null,null,{"index":81,"fishtype":18,"cts":1675925826},{"index":82,"fishtype":18,"cts":1675925826},{"index":83,"fishtype":18,"cts":1675925826},{"index":84,"fishtype":18,"cts":1675925826},{"index":85,"fishtype":18,"cts":1675925826},null,null,null,{"index":86,"fishtype":15,"cts":1675925826},{"index":87,"fishtype":15,"cts":1675925826},{"index":88,"fishtype":15,"cts":1675925826},{"index":89,"fishtype":9,"cts":1675925826},{"index":90,"fishtype":9,"cts":1675925826},{"index":91,"fishtype":9,"cts":1675925826},{"index":92,"fishtype":9,"cts":1675925826},{"index":93,"fishtype":9,"cts":1675925826},null,null,null,null,null,null,null,null,{"index":94,"fishtype":4,"cts":1675925826},{"index":95,"fishtype":4,"cts":1675925826},{"index":96,"fishtype":4,"cts":1675925826},{"index":97,"fishtype":4,"cts":1675925826},{"index":98,"fishtype":4,"cts":1675925826},null,null,null,{"index":99,"fishtype":7,"cts":1675925826},{"index":100,"fishtype":7,"cts":1675925826},{"index":101,"fishtype":7,"cts":1675925826},{"index":102,"fishtype":2,"cts":1675925826},{"index":103,"fishtype":2,"cts":1675925826},{"index":104,"fishtype":2,"cts":1675925826},{"index":105,"fishtype":2,"cts":1675925826},{"index":106,"fishtype":2,"cts":1675925826}]]}]}}
2023/02/09 14:57:29 [INFO] Receive Message:{"Ret":"ActDispFish","Data":{"fishinfo":[{"index":41,"fishtype":1,"cts":1675925826},{"index":53,"fishtype":5,"cts":1675925826},{"index":68,"fishtype":26,"cts":1675925826},{"index":80,"fishtype":6,"cts":1675925826},{"index":106,"fishtype":2,"cts":1675925826}]}}
2023/02/09 14:57:30 [INFO] Receive Message:{"Ret":"ActDispFish","Data":{"fishinfo":[{"index":40,"fishtype":1,"cts":1675925826},{"index":52,"fishtype":5,"cts":1675925826},{"index":79,"fishtype":6,"cts":1675925826},{"index":105,"fishtype":2,"cts":1675925826}]}}
2023/02/09 14:57:31 [INFO] Receive Message:{"Ret":"ActDispFish","Data":{"fishinfo":[{"index":39,"fishtype":1,"cts":1675925826},{"index":51,"fishtype":5,"cts":1675925826},{"index":78,"fishtype":6,"cts":1675925826},{"index":104,"fishtype":2,"cts":1675925826}]}}
2023/02/09 14:57:33 [INFO] Receive Message:{"Ret":"ActDispFish","Data":{"fishinfo":[{"index":38,"fishtype":1,"cts":1675925826},{"index":50,"fishtype":5,"cts":1675925826},{"index":67,"fishtype":26,"cts":1675925826},{"index":77,"fishtype":6,"cts":1675925826},{"index":103,"fishtype":2,"cts":1675925826}]}}
2023/02/09 14:57:34 [INFO] Receive Message:{"Ret":"ActDispFish","Data":{"fishinfo":[{"index":37,"fishtype":1,"cts":1675925826},{"index":49,"fishtype":5,"cts":1675925826},{"index":76,"fishtype":6,"cts":1675925826},{"index":102,"fishtype":2,"cts":1675925826}]}}
2023/02/09 14:57:35 [INFO] Receive Message:{"Ret":"ActDispFish","Data":{"fishinfo":[{"index":36,"fishtype":7,"cts":1675925826},{"index":101,"fishtype":7,"cts":1675925826}]}}
2023/02/09 14:57:36 [INFO] Receive Message:{"Ret":"ActDispFish","Data":{"fishinfo":[{"index":35,"fishtype":7,"cts":1675925826},{"index":66,"fishtype":28,"cts":1675925826},{"index":100,"fishtype":7,"cts":1675925826}]}}
2023/02/09 14:57:38 [INFO] Receive Message:{"Ret":"ActDispFish","Data":{"fishinfo":[{"index":34,"fishtype":7,"cts":1675925826},{"index":99,"fishtype":7,"cts":1675925826}]}}
2023/02/09 14:57:40 [INFO] Receive Message:{"Ret":"ActDispFish","Data":{"fishinfo":[{"index":48,"fishtype":26,"cts":1675925826},{"index":75,"fishtype":26,"cts":1675925826}]}}
2023/02/09 14:57:43 [INFO] Receive Message:{"Ret":"ActDispFish","Data":{"fishinfo":[{"index":33,"fishtype":3,"cts":1675925826},{"index":98,"fishtype":4,"cts":1675925826}]}}
2023/02/09 14:57:44 [INFO] Receive Message:{"Ret":"ActDispFish","Data":{"fishinfo":[{"index":32,"fishtype":3,"cts":1675925826},{"index":65,"fishtype":25,"cts":1675925826},{"index":97,"fishtype":4,"cts":1675925826}]}}
2023/02/09 14:57:45 [INFO] Receive Message:{"Ret":"ActDispFish","Data":{"fishinfo":[{"index":31,"fishtype":3,"cts":1675925826},{"index":96,"fishtype":4,"cts":1675925826}]}}
2023/02/09 14:57:46 [INFO] Receive Message:{"Ret":"ActDispFish","Data":{"fishinfo":[{"index":30,"fishtype":3,"cts":1675925826},{"index":64,"fishtype":26,"cts":1675925826},{"index":95,"fishtype":4,"cts":1675925826}]}}
2023/02/09 14:57:48 [INFO] Receive Message:{"Ret":"ActDispFish","Data":{"fishinfo":[{"index":29,"fishtype":3,"cts":1675925826},{"index":94,"fishtype":4,"cts":1675925826}]}}
2023/02/09 14:57:50 [INFO] Receive Message:{"Ret":"ActDispFish","Data":{"fishinfo":[{"index":47,"fishtype":26,"cts":1675925826},{"index":74,"fishtype":26,"cts":1675925826}]}}
2023/02/09 14:57:53 [INFO] Receive Message:{"Ret":"ActDispFish","Data":{"fishinfo":[{"index":63,"fishtype":10,"cts":1675925826}]}}
2023/02/09 14:57:54 [INFO] Receive Message:{"Ret":"ActDispFish","Data":{"fishinfo":[{"index":46,"fishtype":23,"cts":1675925826},{"index":62,"fishtype":10,"cts":1675925826},{"index":73,"fishtype":23,"cts":1675925826}]}}
2023/02/09 14:57:55 [INFO] Receive Message:{"Ret":"ActDispFish","Data":{"fishinfo":[{"index":61,"fishtype":10,"cts":1675925826}]}}
2023/02/09 14:57:56 [INFO] Receive Message:{"Ret":"ActDispFish","Data":{"fishinfo":[{"index":60,"fishtype":10,"cts":1675925826}]}}
2023/02/09 14:57:59 [INFO] Receive Message:{"Ret":"ActDispFish","Data":{"fishinfo":[{"index":28,"fishtype":8,"cts":1675925826},{"index":59,"fishtype":26,"cts":1675925826},{"index":93,"fishtype":9,"cts":1675925826}]}}
2023/02/09 14:58:00 [INFO] Receive Message:{"Ret":"ActDispFish","Data":{"fishinfo":[{"index":27,"fishtype":8,"cts":1675925826},{"index":92,"fishtype":9,"cts":1675925826}]}}
2023/02/09 14:58:01 [INFO] Receive Message:{"Ret":"ActDispFish","Data":{"fishinfo":[{"index":26,"fishtype":8,"cts":1675925826},{"index":91,"fishtype":9,"cts":1675925826}]}}
2023/02/09 14:58:03 [INFO] Receive Message:{"Ret":"ActDispFish","Data":{"fishinfo":[{"index":25,"fishtype":8,"cts":1675925826},{"index":58,"fishtype":26,"cts":1675925826},{"index":90,"fishtype":9,"cts":1675925826}]}}
2023/02/09 14:58:03 [INFO] Receive Message:{"Ret":"ActDispFish","Data":{"fishinfo":[{"index":17,"fishtype":17,"cts":1675925826},{"index":56,"fishtype":25,"cts":1675925826},{"index":71,"fishtype":26,"cts":1675925826},{"index":81,"fishtype":18,"cts":1675925826},{"index":43,"fishtype":23,"cts":1675925826},{"index":72,"fishtype":26,"cts":1675925826},{"index":69,"fishtype":19,"cts":1675925826},{"index":18,"fishtype":17,"cts":1675925826},{"index":19,"fishtype":17,"cts":1675925826},{"index":70,"fishtype":23,"cts":1675925826},{"index":83,"fishtype":18,"cts":1675925826},{"index":86,"fishtype":15,"cts":1675925826},{"index":89,"fishtype":9,"cts":1675925826},{"index":21,"fishtype":14,"cts":1675925826},{"index":23,"fishtype":14,"cts":1675925826},{"index":84,"fishtype":18,"cts":1675925826},{"index":20,"fishtype":17,"cts":1675925826},{"index":22,"fishtype":14,"cts":1675925826},{"index":42,"fishtype":19,"cts":1675925826},{"index":16,"fishtype":17,"cts":1675925826},{"index":24,"fishtype":8,"cts":1675925826},{"index":87,"fishtype":15,"cts":1675925826},{"index":55,"fishtype":26,"cts":1675925826},{"index":88,"fishtype":15,"cts":1675925826},{"index":44,"fishtype":26,"cts":1675925826},{"index":82,"fishtype":18,"cts":1675925826},{"index":85,"fishtype":18,"cts":1675925826},{"index":45,"fishtype":26,"cts":1675925826},{"index":54,"fishtype":19,"cts":1675925826},{"index":57,"fishtype":28,"cts":1675925826}]}}
2023/02/09 14:58:03 [INFO] Receive Message:{"Ret":"ActGamePeriod","Data":{"Fsm":"Loading","Gid":"3002-1623576694172422144","RemainSec":3}}
2023/02/09 14:58:03 [INFO] Receive Message:{"Ret":"ActSceneNotify","Data":{"scene":1,"stage":3}}
2023/02/09 14:58:03 [INFO] Receive Message:{"Ret":"ActTableStatus","Data":{"tablePlayerInfo":[{"seatId":0,"iconId":1,"name":"****t24","gold":132339},{"seatId":2,"iconId":0,"name":"****mon","gold":2000050.95}]}}
2023/02/09 14:58:06 [INFO] Receive Message:{"Ret":"ActGamePeriod","Data":{"Fsm":"BossStage","Gid":"3002-1623576958417768448","RemainSec":60}}
2023/02/09 14:58:07 [INFO] Receive Message:{"Ret":"ActCreateFish","Data":{"fishinfo":[{"index":308,"fishtype":29,"cts":1675925889,"route":"Boss_1","speed":85}],"formation":null}}
2023/02/09 14:58:08 [INFO] Receive Message:{"Ret":"ActCreateFish","Data":{"fishinfo":[{"index":120,"fishtype":6,"cts":1675925890,"route":"R2_L6","speed":58},{"index":144,"fishtype":4,"cts":1675925890,"route":"R7_L1","speed":64},{"index":235,"fishtype":1,"cts":1675925890,"route":"L7_R1","speed":64},{"index":347,"fishtype":6,"cts":1675925890,"route":"R6_L2","speed":58},{"index":380,"fishtype":1,"cts":1675925890,"route":"L1_R7","speed":64},{"index":425,"fishtype":4,"cts":1675925890,"route":"R1_L7","speed":64}],"formation":null}}
2023/02/09 14:58:09 [INFO] Receive Message:{"Ret":"ActCreateFish","Data":{"fishinfo":[{"index":256,"fishtype":7,"cts":1675925891,"route":"R4_L4_1","speed":58},{"index":268,"fishtype":2,"cts":1675925891,"route":"L6_R2","speed":64},{"index":325,"fishtype":2,"cts":1675925891,"route":"L2_R6","speed":64},{"index":419,"fishtype":5,"cts":1675925891,"route":"L4_R4_1","speed":50}],"formation":null}}
2023/02/09 14:58:10 [INFO] Receive Message:{"Ret":"ActCreateFish","Data":{"fishinfo":[{"index":121,"fishtype":6,"cts":1675925892,"route":"R2_L6","speed":58},{"index":145,"fishtype":4,"cts":1675925892,"route":"R7_L1","speed":64},{"index":184,"fishtype":5,"cts":1675925892,"route":"L4_R4_3","speed":50},{"index":220,"fishtype":3,"cts":1675925892,"route":"L5_R3","speed":64},{"index":236,"fishtype":1,"cts":1675925892,"route":"L7_R1","speed":64},{"index":262,"fishtype":7,"cts":1675925892,"route":"R4_L4_3","speed":58},{"index":348,"fishtype":6,"cts":1675925892,"route":"R6_L2","speed":58},{"index":381,"fishtype":1,"cts":1675925892,"route":"L1_R7","speed":64},{"index":426,"fishtype":4,"cts":1675925892,"route":"R1_L7","speed":64},{"index":446,"fishtype":3,"cts":1675925892,"route":"L3_R5","speed":64}],"formation":null}}
2023/02/09 14:58:11 [INFO] Receive Message:{"Ret":"ActCreateFish","Data":{"fishinfo":[{"index":205,"fishtype":8,"cts":1675925893,"route":"R3_L5","speed":71},{"index":257,"fishtype":7,"cts":1675925893,"route":"R4_L4_1","speed":58},{"index":269,"fishtype":2,"cts":1675925893,"route":"L6_R2","speed":64},{"index":310,"fishtype":8,"cts":1675925893,"route":"R5_L3","speed":71},{"index":326,"fishtype":2,"cts":1675925893,"route":"L2_R6","speed":64},{"index":420,"fishtype":5,"cts":1675925893,"route":"L4_R4_1","speed":50}],"formation":null}}
2023/02/09 14:58:12 [INFO] Receive Message:{"Ret":"ActCreateFish","Data":{"fishinfo":[{"index":122,"fishtype":6,"cts":1675925894,"route":"R2_L6","speed":58},{"index":135,"fishtype":9,"cts":1675925894,"route":"L1_R1_2","speed":71},{"index":146,"fishtype":4,"cts":1675925894,"route":"R7_L1","speed":64},{"index":185,"fishtype":5,"cts":1675925894,"route":"L4_R4_3","speed":50},{"index":190,"fishtype":9,"cts":1675925894,"route":"L1_R1_1","speed":71},{"index":221,"fishtype":3,"cts":1675925894,"route":"L5_R3","speed":64},{"index":237,"fishtype":1,"cts":1675925894,"route":"L7_R1","speed":64},{"index":263,"fishtype":7,"cts":1675925894,"route":"R4_L4_3","speed":58},{"index":349,"fishtype":6,"cts":1675925894,"route":"R6_L2","speed":58},{"index":382,"fishtype":1,"cts":1675925894,"route":"L1_R7","speed":64},{"index":395,"fishtype":10,"cts":1675925894,"route":"R7_L7_1","speed":64},{"index":427,"fishtype":4,"cts":1675925894,"route":"R1_L7","speed":64},{"index":447,"fishtype":3,"cts":1675925894,"route":"L3_R5","speed":64}],"formation":null}}
2023/02/09 14:58:13 [INFO] Receive Message:{"Ret":"ActCreateFish","Data":{"fishinfo":[{"index":178,"fishtype":12,"cts":1675925895,"route":"R6_L6_1","speed":71},{"index":206,"fishtype":8,"cts":1675925895,"route":"R3_L5","speed":71},{"index":258,"fishtype":7,"cts":1675925895,"route":"R4_L4_1","speed":58},{"index":270,"fishtype":2,"cts":1675925895,"route":"L6_R2","speed":64},{"index":302,"fishtype":11,"cts":1675925895,"route":"L2_R2_2","speed":71},{"index":311,"fishtype":8,"cts":1675925895,"route":"R5_L3","speed":71},{"index":327,"fishtype":2,"cts":1675925895,"route":"L2_R6","speed":64},{"index":374,"fishtype":10,"cts":1675925895,"route":"R7_L7_2","speed":64},{"index":421,"fishtype":5,"cts":1675925895,"route":"L4_R4_1","speed":50}],"formation":null}}
2023/02/09 14:58:14 [INFO] Receive Message:{"Ret":"ActCreateFish","Data":{"fishinfo":[{"index":123,"fishtype":6,"cts":1675925896,"route":"R2_L6","speed":58},{"index":136,"fishtype":9,"cts":1675925896,"route":"L1_R1_2","speed":71},{"index":147,"fishtype":4,"cts":1675925896,"route":"R7_L1","speed":64},{"index":166,"fishtype":12,"cts":1675925896,"route":"R6_L6_2","speed":71},{"index":186,"fishtype":5,"cts":1675925896,"route":"L4_R4_3","speed":50},{"index":191,"fishtype":9,"cts":1675925896,"route":"L1_R1_1","speed":71},{"index":222,"fishtype":3,"cts":1675925896,"route":"L5_R3","speed":64},{"index":238,"fishtype":1,"cts":1675925896,"route":"L7_R1","speed":64},{"index":264,"fishtype":7,"cts":1675925896,"route":"R4_L4_3","speed":58},{"index":283,"fishtype":11,"cts":1675925896,"route":"L2_R2_1","speed":71},{"index":289,"fishtype":16,"cts":1675925896,"route":"R4_L4_1","speed":71},{"index":295,"fishtype":13,"cts":1675925896,"route":"L3_R3_1","speed":75},{"index":350,"fishtype":6,"cts":1675925896,"route":"R6_L2","speed":58},{"index":362,"fishtype":14,"cts":1675925896,"route":"R5_L5_2","speed":64},{"index":383,"fishtype":1,"cts":1675925896,"route":"L1_R7","speed":64},{"index":396,"fishtype":10,"cts":1675925896,"route":"R7_L7_1","speed":64},{"index":413,"fishtype":16,"cts":1675925896,"route":"R4_L4_2","speed":71},{"index":428,"fishtype":4,"cts":1675925896,"route":"R1_L7","speed":64},{"index":448,"fishtype":3,"cts":1675925896,"route":"L3_R5","speed":64},{"index":461,"fishtype":13,"cts":1675925896,"route":"L3_R3_2","speed":75}],"formation":null}}
2023/02/09 14:58:15 [INFO] Receive Message:{"Ret":"ActCreateFish","Data":{"fishinfo":[{"index":107,"fishtype":19,"cts":1675925897,"route":"L6_R6_2","speed":75},{"index":113,"fishtype":15,"cts":1675925897,"route":"L4_R4_1","speed":75},{"index":172,"fishtype":15,"cts":1675925897,"route":"L4_R4_2","speed":75},{"index":179,"fishtype":12,"cts":1675925897,"route":"R6_L6_1","speed":71},{"index":207,"fishtype":8,"cts":1675925897,"route":"R3_L5","speed":71},{"index":271,"fishtype":2,"cts":1675925897,"route":"L6_R2","speed":64},{"index":303,"fishtype":11,"cts":1675925897,"route":"L2_R2_2","speed":71},{"index":312,"fishtype":8,"cts":1675925897,"route":"R5_L3","speed":71},{"index":328,"fishtype":2,"cts":1675925897,"route":"L2_R6","speed":64},{"index":341,"fishtype":14,"cts":1675925897,"route":"R5_L5_1","speed":64},{"index":375,"fishtype":10,"cts":1675925897,"route":"R7_L7_2","speed":64}],"formation":null}}
2023/02/09 14:58:16 [INFO] Receive Message:{"Ret":"ActCreateFish","Data":{"fishinfo":[{"index":124,"fishtype":6,"cts":1675925898,"route":"R2_L6","speed":58},{"index":137,"fishtype":9,"cts":1675925898,"route":"L1_R1_2","speed":71},{"index":148,"fishtype":4,"cts":1675925898,"route":"R7_L1","speed":64},{"index":167,"fishtype":12,"cts":1675925898,"route":"R6_L6_2","speed":71},{"index":192,"fishtype":9,"cts":1675925898,"route":"L1_R1_1","speed":71},{"index":199,"fishtype":19,"cts":1675925898,"route":"L6_R6_1","speed":75},{"index":223,"fishtype":3,"cts":1675925898,"route":"L5_R3","speed":64},{"index":239,"fishtype":1,"cts":1675925898,"route":"L7_R1","speed":64},{"index":250,"fishtype":18,"cts":1675925898,"route":"R3_L3_1","speed":75},{"index":284,"fishtype":11,"cts":1675925898,"route":"L2_R2_1","speed":71},{"index":351,"fishtype":6,"cts":1675925898,"route":"R6_L2","speed":58},{"index":368,"fishtype":17,"cts":1675925898,"route":"L5_R5_2","speed":71},{"index":384,"fishtype":1,"cts":1675925898,"route":"L1_R7","speed":64},{"index":401,"fishtype":17,"cts":1675925898,"route":"L5_R5_1","speed":71},{"index":407,"fishtype":20,"cts":1675925898,"route":"R2_L2_1","speed":50},{"index":429,"fishtype":4,"cts":1675925898,"route":"R1_L7","speed":64},{"index":440,"fishtype":18,"cts":1675925898,"route":"R3_L3_2","speed":75},{"index":449,"fishtype":3,"cts":1675925898,"route":"L3_R5","speed":64}],"formation":null}}
2023/02/09 14:58:17 [INFO] Receive Message:{"Ret":"ActCreateFish","Data":{"fishinfo":[{"index":159,"fishtype":20,"cts":1675925899,"route":"R2_L2_2","speed":50},{"index":208,"fishtype":8,"cts":1675925899,"route":"R3_L5","speed":71},{"index":272,"fishtype":2,"cts":1675925899,"route":"L6_R2","speed":64},{"index":290,"fishtype":16,"cts":1675925899,"route":"R4_L4_1","speed":71},{"index":296,"fishtype":13,"cts":1675925899,"route":"L3_R3_1","speed":75},{"index":313,"fishtype":8,"cts":1675925899,"route":"R5_L3","speed":71},{"index":329,"fishtype":2,"cts":1675925899,"route":"L2_R6","speed":64},{"index":363,"fishtype":14,"cts":1675925899,"route":"R5_L5_2","speed":64},{"index":414,"fishtype":16,"cts":1675925899,"route":"R4_L4_2","speed":71},{"index":462,"fishtype":13,"cts":1675925899,"route":"L3_R3_2","speed":75}],"formation":null}}
2023/02/09 14:58:18 [INFO] Receive Message:{"Ret":"ActCreateFish","Data":{"fishinfo":[{"index":108,"fishtype":19,"cts":1675925900,"route":"L6_R6_2","speed":75},{"index":114,"fishtype":15,"cts":1675925900,"route":"L4_R4_1","speed":75},{"index":119,"fishtype":21,"cts":1675925900,"route":"L7_R7_1","speed":80},{"index":173,"fishtype":15,"cts":1675925900,"route":"L4_R4_2","speed":75},{"index":224,"fishtype":3,"cts":1675925900,"route":"L5_R3","speed":64},{"index":342,"fishtype":14,"cts":1675925900,"route":"R5_L5_1","speed":64},{"index":450,"fishtype":3,"cts":1675925900,"route":"L3_R5","speed":64}],"formation":null}}
2023/02/09 14:58:19 [INFO] Receive Message:{"Ret":"ActCreateFish","Data":{"fishinfo":[{"index":200,"fishtype":19,"cts":1675925901,"route":"L6_R6_1","speed":75},{"index":209,"fishtype":8,"cts":1675925901,"route":"R3_L5","speed":71},{"index":251,"fishtype":18,"cts":1675925901,"route":"R3_L3_1","speed":75},{"index":314,"fishtype":8,"cts":1675925901,"route":"R5_L3","speed":71},{"index":369,"fishtype":17,"cts":1675925901,"route":"L5_R5_2","speed":71},{"index":402,"fishtype":17,"cts":1675925901,"route":"L5_R5_1","speed":71},{"index":408,"fishtype":20,"cts":1675925901,"route":"R2_L2_1","speed":50},{"index":441,"fishtype":18,"cts":1675925901,"route":"R3_L3_2","speed":75}],"formation":null}}
2023/02/09 14:58:20 [INFO] Receive Message:{"Ret":"ActCreateFish","Data":{"fishinfo":[{"index":160,"fishtype":20,"cts":1675925902,"route":"R2_L2_2","speed":50}],"formation":null}}
2023/02/09 14:58:22 [INFO] Receive Message:{"Ret":"ActCreateFish","Data":{"fishinfo":[{"index":309,"fishtype":22,"cts":1675925904,"route":"R1_L1_1","speed":80},{"index":409,"fishtype":20,"cts":1675925904,"route":"R2_L2_1","speed":50}],"formation":null}}
2023/02/09 14:58:23 [INFO] Receive Message:{"Ret":"ActCreateFish","Data":{"fishinfo":[{"index":161,"fishtype":20,"cts":1675925905,"route":"R2_L2_2","speed":50}],"formation":null}}
2023/02/09 14:58:28 [INFO] Receive Message:{"Ret":"ActCreateFish","Data":{"fishinfo":[{"index":125,"fishtype":6,"cts":1675925910,"route":"R2_L6","speed":58},{"index":149,"fishtype":4,"cts":1675925910,"route":"R7_L1","speed":64},{"index":240,"fishtype":1,"cts":1675925910,"route":"L7_R1","speed":64},{"index":352,"fishtype":6,"cts":1675925910,"route":"R6_L2","speed":58},{"index":385,"fishtype":1,"cts":1675925910,"route":"L1_R7","speed":64},{"index":430,"fishtype":4,"cts":1675925910,"route":"R1_L7","speed":64}],"formation":null}}
2023/02/09 14:58:29 [INFO] Receive Message:{"Ret":"ActCreateFish","Data":{"fishinfo":[{"index":273,"fishtype":2,"cts":1675925911,"route":"L6_R2","speed":64},{"index":330,"fishtype":2,"cts":1675925911,"route":"L2_R6","speed":64}],"formation":null}}
2023/02/09 14:58:30 [INFO] Receive Message:{"Ret":"ActCreateFish","Data":{"fishinfo":[{"index":126,"fishtype":6,"cts":1675925912,"route":"R2_L6","speed":58},{"index":138,"fishtype":9,"cts":1675925912,"route":"L1_R1_2","speed":71},{"index":150,"fishtype":4,"cts":1675925912,"route":"R7_L1","speed":64},{"index":193,"fishtype":9,"cts":1675925912,"route":"L1_R1_1","speed":71},{"index":225,"fishtype":3,"cts":1675925912,"route":"L5_R3","speed":64},{"index":241,"fishtype":1,"cts":1675925912,"route":"L7_R1","speed":64},{"index":353,"fishtype":6,"cts":1675925912,"route":"R6_L2","speed":58},{"index":386,"fishtype":1,"cts":1675925912,"route":"L1_R7","speed":64},{"index":431,"fishtype":4,"cts":1675925912,"route":"R1_L7","speed":64},{"index":451,"fishtype":3,"cts":1675925912,"route":"L3_R5","speed":64}],"formation":null}}
2023/02/09 14:58:31 [INFO] Receive Message:{"Ret":"ActCreateFish","Data":{"fishinfo":[{"index":180,"fishtype":12,"cts":1675925913,"route":"R6_L6_1","speed":71},{"index":210,"fishtype":8,"cts":1675925913,"route":"R3_L5","speed":71},{"index":274,"fishtype":2,"cts":1675925913,"route":"L6_R2","speed":64},{"index":304,"fishtype":11,"cts":1675925913,"route":"L2_R2_2","speed":71},{"index":315,"fishtype":8,"cts":1675925913,"route":"R5_L3","speed":71},{"index":331,"fishtype":2,"cts":1675925913,"route":"L2_R6","speed":64}],"formation":null}}
2023/02/09 14:58:32 [INFO] Receive Message:{"Ret":"ActCreateFish","Data":{"fishinfo":[{"index":127,"fishtype":6,"cts":1675925914,"route":"R2_L6","speed":58},{"index":139,"fishtype":9,"cts":1675925914,"route":"L1_R1_2","speed":71},{"index":151,"fishtype":4,"cts":1675925914,"route":"R7_L1","speed":64},{"index":168,"fishtype":12,"cts":1675925914,"route":"R6_L6_2","speed":71},{"index":194,"fishtype":9,"cts":1675925914,"route":"L1_R1_1","speed":71},{"index":226,"fishtype":3,"cts":1675925914,"route":"L5_R3","speed":64},{"index":242,"fishtype":1,"cts":1675925914,"route":"L7_R1","speed":64},{"index":285,"fishtype":11,"cts":1675925914,"route":"L2_R2_1","speed":71},{"index":291,"fishtype":16,"cts":1675925914,"route":"R4_L4_1","speed":71},{"index":297,"fishtype":13,"cts":1675925914,"route":"L3_R3_1","speed":75},{"index":354,"fishtype":6,"cts":1675925914,"route":"R6_L2","speed":58},{"index":387,"fishtype":1,"cts":1675925914,"route":"L1_R7","speed":64},{"index":397,"fishtype":10,"cts":1675925914,"route":"R7_L7_1","speed":64},{"index":415,"fishtype":16,"cts":1675925914,"route":"R4_L4_2","speed":71},{"index":432,"fishtype":4,"cts":1675925914,"route":"R1_L7","speed":64},{"index":452,"fishtype":3,"cts":1675925914,"route":"L3_R5","speed":64},{"index":463,"fishtype":13,"cts":1675925914,"route":"L3_R3_2","speed":75}],"formation":null}}
2023/02/09 14:58:32 [INFO] Receive Message:{"Ret":"ActDispFish","Data":{"fishinfo":[{"index":310,"fishtype":8,"cts":1675925893,"route":"R5_L3","speed":71}]}}
2023/02/09 14:58:33 [INFO] Receive Message:{"Ret":"ActCreateFish","Data":{"fishinfo":[{"index":109,"fishtype":19,"cts":1675925915,"route":"L6_R6_2","speed":75},{"index":115,"fishtype":15,"cts":1675925915,"route":"L4_R4_1","speed":75},{"index":174,"fishtype":15,"cts":1675925915,"route":"L4_R4_2","speed":75},{"index":181,"fishtype":12,"cts":1675925915,"route":"R6_L6_1","speed":71},{"index":211,"fishtype":8,"cts":1675925915,"route":"R3_L5","speed":71},{"index":259,"fishtype":7,"cts":1675925915,"route":"R4_L4_1","speed":58},{"index":275,"fishtype":2,"cts":1675925915,"route":"L6_R2","speed":64},{"index":305,"fishtype":11,"cts":1675925915,"route":"L2_R2_2","speed":71},{"index":316,"fishtype":8,"cts":1675925915,"route":"R5_L3","speed":71},{"index":332,"fishtype":2,"cts":1675925915,"route":"L2_R6","speed":64},{"index":376,"fishtype":10,"cts":1675925915,"route":"R7_L7_2","speed":64},{"index":422,"fishtype":5,"cts":1675925915,"route":"L4_R4_1","speed":50}],"formation":null}}
2023/02/09 14:58:33 [INFO] Receive Message:{"Ret":"ActDispFish","Data":{"fishinfo":[{"index":144,"fishtype":4,"cts":1675925890,"route":"R7_L1","speed":64},{"index":190,"fishtype":9,"cts":1675925894,"route":"L1_R1_1","speed":71},{"index":325,"fishtype":2,"cts":1675925891,"route":"L2_R6","speed":64},{"index":380,"fishtype":1,"cts":1675925890,"route":"L1_R7","speed":64}]}}
2023/02/09 14:58:34 [INFO] Receive Message:{"Ret":"ActCreateFish","Data":{"fishinfo":[{"index":128,"fishtype":6,"cts":1675925916,"route":"R2_L6","speed":58},{"index":140,"fishtype":9,"cts":1675925916,"route":"L1_R1_2","speed":71},{"index":152,"fishtype":4,"cts":1675925916,"route":"R7_L1","speed":64},{"index":169,"fishtype":12,"cts":1675925916,"route":"R6_L6_2","speed":71},{"index":187,"fishtype":5,"cts":1675925916,"route":"L4_R4_3","speed":50},{"index":195,"fishtype":9,"cts":1675925916,"route":"L1_R1_1","speed":71},{"index":201,"fishtype":19,"cts":1675925916,"route":"L6_R6_1","speed":75},{"index":227,"fishtype":3,"cts":1675925916,"route":"L5_R3","speed":64},{"index":243,"fishtype":1,"cts":1675925916,"route":"L7_R1","speed":64},{"index":252,"fishtype":18,"cts":1675925916,"route":"R3_L3_1","speed":75},{"index":265,"fishtype":7,"cts":1675925916,"route":"R4_L4_3","speed":58},{"index":286,"fishtype":11,"cts":1675925916,"route":"L2_R2_1","speed":71},{"index":355,"fishtype":6,"cts":1675925916,"route":"R6_L2","speed":58},{"index":364,"fishtype":14,"cts":1675925916,"route":"R5_L5_2","speed":64},{"index":370,"fishtype":17,"cts":1675925916,"route":"L5_R5_2","speed":71},{"index":388,"fishtype":1,"cts":1675925916,"route":"L1_R7","speed":64},{"index":398,"fishtype":10,"cts":1675925916,"route":"R7_L7_1","speed":64},{"index":403,"fishtype":17,"cts":1675925916,"route":"L5_R5_1","speed":71},{"index":433,"fishtype":4,"cts":1675925916,"route":"R1_L7","speed":64},{"index":442,"fishtype":18,"cts":1675925916,"route":"R3_L3_2","speed":75},{"index":453,"fishtype":3,"cts":1675925916,"route":"L3_R5","speed":64}],"formation":null}}
2023/02/09 14:58:34 [INFO] Receive Message:{"Ret":"ActDispFish","Data":{"fishinfo":[{"index":135,"fishtype":9,"cts":1675925894,"route":"L1_R1_2","speed":71},{"index":178,"fishtype":12,"cts":1675925895,"route":"R6_L6_1","speed":71},{"index":205,"fishtype":8,"cts":1675925893,"route":"R3_L5","speed":71},{"index":295,"fishtype":13,"cts":1675925896,"route":"L3_R3_1","speed":75},{"index":311,"fishtype":8,"cts":1675925895,"route":"R5_L3","speed":71},{"index":446,"fishtype":3,"cts":1675925892,"route":"L3_R5","speed":64}]}}
2023/02/09 14:58:34 [ERROR] read tcp [::1]:54982->[::1]:10001: wsarecv: An existing connection was forcibly closed by the remote host.
