2023/05/11 10:22:21 [INFO] Connect Success
2023/05/11 10:22:23 [INFO] Receive Message:{"Code":0,"Ret":"Login","Message":"success","Data":{"Gold":9999978.1,"IconID":0,"Name":"Test_simon","UserId":82941254,"MatchGameCode":"","MatchGameTableId":0,"Version":"1.0.0","Marquee":null,"is_relogin":false}}
2023/05/11 10:23:27 [ERROR] read tcp [::1]:59572->[::1]:10001: wsarecv: An existing connection was forcibly closed by the remote host.
2023/05/11 15:55:00 [INFO] Connect Success
2023/05/11 15:55:03 [INFO] Receive Message:{"Code":0,"Ret":"Login","Message":"success","Data":{"Gold":9999978.1,"IconID":0,"Name":"Test_simon","UserId":82941254,"MatchGameCode":"","MatchGameTableId":0,"Version":"1.0.0","Marquee":null,"is_relogin":false}}
2023/05/11 15:55:07 [INFO] Receive Message:{"Code":0,"Ret":"JoinGame","Message":"success","Data":{"Gid":"","raiseArray":[4,6,8,10,12,14],"RemainSec":1,"BetInfo":{},"TableCards":[-1,-1,-1],"PlayerInfo":[{"seatId":3,"iconId":0,"name":"Test_simon","gold":9999978.1,"IsActive":false}],"Fsm":"Init","result":null,"own":3}}
2023/05/11 15:55:08 [INFO] Receive Message:{"Ret":"ActGamePeriod","Data":{"Fsm":"Match","Gid":"2006-1656568607754162176","RemainSec":3}}
2023/05/11 15:55:11 [INFO] Receive Message:{"Ret":"ActTableStatus","Data":{"tablePlayerInfo":[{"seatId":0,"iconId":0,"name":"****n53","gold":154845,"isSitDown":true},{"seatId":2,"iconId":0,"name":"****a81","gold":121321,"isSitDown":true},{"seatId":3,"iconId":0,"name":"****mon","gold":9999978.1,"isSitDown":true}]}}
2023/05/11 15:55:11 [INFO] Receive Message:{"Ret":"ActRaiseArray","Data":{"raiseArray":[4,6,8,10,12,14]}}
2023/05/11 15:55:11 [INFO] Receive Message:{"Ret":"ActGold","Data":{"Gold":9999977.1}}
2023/05/11 15:55:11 [INFO] Receive Message:{"Ret":"ActAnteBet","Data":{"antebet":[{"seatId":0,"bet":1},{"seatId":2,"bet":1},{"seatId":3,"bet":1}]}}
2023/05/11 15:55:11 [INFO] Receive Message:{"Ret":"ActGamePeriod","Data":{"Fsm":"Bet","Gid":"2006-1656568607754162176","RemainSec":1}}
2023/05/11 15:55:12 [INFO] Receive Message:{"Ret":"ActGamePeriod","Data":{"Fsm":"Deal","Gid":"2006-1656568607754162176","RemainSec":1}}
2023/05/11 15:55:12 [INFO] Receive Message:{"Ret":"ActDealCard","Data":{"seatid":3,"cards":[-1,-1,-1]}}
2023/05/11 15:55:13 [INFO] Receive Message:{"Ret":"ActGamePeriod","Data":{"Fsm":"Play","Gid":"2006-1656568607754162176","RemainSec":15}}
2023/05/11 15:55:13 [INFO] Receive Message:{"Ret":"ActTokenPlayerSeat","Data":{"SeatId":2}}
2023/05/11 15:55:14 [INFO] Receive Message:{"Ret":"ActAction","Data":{"seatId":2,"actiontype":"call","data":{"IsLookAt":true,"gold":4}}}
2023/05/11 15:55:14 [INFO] Receive Message:{"Ret":"ActGamePeriod","Data":{"Fsm":"Play","Gid":"2006-1656568607754162176","RemainSec":15}}
2023/05/11 15:55:14 [INFO] Receive Message:{"Ret":"ActTokenPlayerSeat","Data":{"SeatId":3}}
2023/05/11 15:55:27 [INFO] Receive Message:{"Code":0,"Ret":"PlayOperate","Message":"success"}
2023/05/11 15:55:27 [INFO] Receive Message:{"Ret":"ActAction","Data":{"seatId":3,"actiontype":"fold","data":null}}
2023/05/11 15:55:27 [INFO] Receive Message:{"Ret":"ActGamePeriod","Data":{"Fsm":"Play","Gid":"2006-1656568607754162176","RemainSec":15}}
2023/05/11 15:55:27 [INFO] Receive Message:{"Ret":"ActTokenPlayerSeat","Data":{"SeatId":0}}
2023/05/11 15:55:29 [INFO] Receive Message:{"Ret":"ActAction","Data":{"seatId":0,"actiontype":"call","data":{"IsLookAt":true,"gold":4}}}
2023/05/11 15:55:29 [INFO] Receive Message:{"Ret":"ActGamePeriod","Data":{"Fsm":"Play","Gid":"2006-1656568607754162176","RemainSec":15}}
2023/05/11 15:55:29 [INFO] Receive Message:{"Ret":"ActTokenPlayerSeat","Data":{"SeatId":2}}
2023/05/11 15:55:30 [INFO] Receive Message:{"Ret":"ActAction","Data":{"seatId":2,"actiontype":"call","data":{"IsLookAt":true,"gold":4}}}
2023/05/11 15:55:30 [INFO] Receive Message:{"Ret":"ActGamePeriod","Data":{"Fsm":"Play","Gid":"2006-1656568607754162176","RemainSec":15}}
2023/05/11 15:55:30 [INFO] Receive Message:{"Ret":"ActTokenPlayerSeat","Data":{"SeatId":0}}
2023/05/11 15:55:33 [INFO] Receive Message:{"Ret":"ActAction","Data":{"seatId":0,"actiontype":"call","data":{"IsLookAt":true,"gold":4}}}
2023/05/11 15:55:33 [INFO] Receive Message:{"Ret":"ActGamePeriod","Data":{"Fsm":"Play","Gid":"2006-1656568607754162176","RemainSec":15}}
2023/05/11 15:55:33 [INFO] Receive Message:{"Ret":"ActTokenPlayerSeat","Data":{"SeatId":2}}
2023/05/11 15:55:35 [INFO] Receive Message:{"Ret":"ActAction","Data":{"seatId":2,"actiontype":"call","data":{"IsLookAt":true,"gold":4}}}
2023/05/11 15:55:35 [INFO] Receive Message:{"Ret":"ActGamePeriod","Data":{"Fsm":"Play","Gid":"2006-1656568607754162176","RemainSec":15}}
2023/05/11 15:55:35 [INFO] Receive Message:{"Ret":"ActTokenPlayerSeat","Data":{"SeatId":0}}
2023/05/11 15:55:36 [INFO] Receive Message:{"Ret":"ActAction","Data":{"seatId":0,"actiontype":"call","data":{"IsLookAt":true,"gold":4}}}
2023/05/11 15:55:36 [INFO] Receive Message:{"Ret":"ActGamePeriod","Data":{"Fsm":"Play","Gid":"2006-1656568607754162176","RemainSec":15}}
2023/05/11 15:55:36 [INFO] Receive Message:{"Ret":"ActTokenPlayerSeat","Data":{"SeatId":2}}
2023/05/11 15:55:38 [INFO] Receive Message:{"Ret":"ActAction","Data":{"seatId":2,"actiontype":"call","data":{"IsLookAt":true,"gold":4}}}
2023/05/11 15:55:38 [INFO] Receive Message:{"Ret":"ActGamePeriod","Data":{"Fsm":"Play","Gid":"2006-1656568607754162176","RemainSec":15}}
2023/05/11 15:55:38 [INFO] Receive Message:{"Ret":"ActTokenPlayerSeat","Data":{"SeatId":0}}
2023/05/11 15:55:40 [INFO] Receive Message:{"Ret":"ActAction","Data":{"seatId":0,"actiontype":"call","data":{"IsLookAt":true,"gold":4}}}
2023/05/11 15:55:40 [INFO] Receive Message:{"Ret":"ActGamePeriod","Data":{"Fsm":"Play","Gid":"2006-1656568607754162176","RemainSec":15}}
2023/05/11 15:55:40 [INFO] Receive Message:{"Ret":"ActTokenPlayerSeat","Data":{"SeatId":2}}
2023/05/11 15:55:41 [INFO] Receive Message:{"Ret":"ActAction","Data":{"seatId":2,"actiontype":"call","data":{"IsLookAt":true,"gold":4}}}
2023/05/11 15:55:41 [INFO] Receive Message:{"Ret":"ActGamePeriod","Data":{"Fsm":"Play","Gid":"2006-1656568607754162176","RemainSec":15}}
2023/05/11 15:55:41 [INFO] Receive Message:{"Ret":"ActTokenPlayerSeat","Data":{"SeatId":0}}
2023/05/11 15:55:43 [INFO] Receive Message:{"Ret":"ActAction","Data":{"seatId":0,"actiontype":"call","data":{"IsLookAt":true,"gold":4}}}
2023/05/11 15:55:43 [INFO] Receive Message:{"Ret":"ActGamePeriod","Data":{"Fsm":"Play","Gid":"2006-1656568607754162176","RemainSec":15}}
2023/05/11 15:55:43 [INFO] Receive Message:{"Ret":"ActTokenPlayerSeat","Data":{"SeatId":2}}
2023/05/11 15:55:46 [INFO] Receive Message:{"Ret":"ActAction","Data":{"seatId":2,"actiontype":"call","data":{"IsLookAt":true,"gold":4}}}
2023/05/11 15:55:46 [INFO] Receive Message:{"Ret":"ActGamePeriod","Data":{"Fsm":"Play","Gid":"2006-1656568607754162176","RemainSec":15}}
2023/05/11 15:55:46 [INFO] Receive Message:{"Ret":"ActTokenPlayerSeat","Data":{"SeatId":0}}
2023/05/11 15:55:58 [ERROR] read tcp [::1]:50701->[::1]:10001: wsarecv: An existing connection was forcibly closed by the remote host.
2023/05/11 15:56:44 [INFO] 連線中斷
2023/05/11 15:56:46 [INFO] Connect Success
2023/05/11 15:56:48 [INFO] Receive Message:{"Code":0,"Ret":"Login","Message":"success","Data":{"Gold":9999977.1,"IconID":0,"Name":"Test_simon","UserId":82941254,"MatchGameCode":"goldenflower","MatchGameTableId":20060,"Version":"1.0.0","Marquee":null,"is_relogin":false}}
2023/05/11 15:56:51 [INFO] Receive Message:{"Code":200001,"Ret":"PlayOperate","Message":"data error"}
2023/05/11 15:56:53 [INFO] Receive Message:{"Code":0,"Ret":"JoinGame","Message":"success","Data":{"Gid":"","raiseArray":[4,6,8,10,12,14],"RemainSec":1,"BetInfo":{},"TableCards":[-1,-1,-1],"PlayerInfo":[{"seatId":0,"iconId":0,"name":"Test_simon","gold":9999977.1,"IsActive":false}],"Fsm":"Init","result":null,"own":0}}
2023/05/11 15:56:54 [INFO] Receive Message:{"Ret":"ActGamePeriod","Data":{"Fsm":"Match","Gid":"2006-1656569054271377408","RemainSec":3}}
2023/05/11 15:56:57 [INFO] Receive Message:{"Ret":"ActTableStatus","Data":{"tablePlayerInfo":[{"seatId":0,"iconId":0,"name":"****mon","gold":19999954.2,"isSitDown":true},{"seatId":1,"iconId":4,"name":"****l41","gold":152469,"isSitDown":true},{"seatId":4,"iconId":3,"name":"****s92","gold":145131,"isSitDown":true}]}}
2023/05/11 15:56:57 [INFO] Receive Message:{"Ret":"ActRaiseArray","Data":{"raiseArray":[4,6,8,10,12,14]}}
2023/05/11 15:56:57 [INFO] Receive Message:{"Ret":"ActGold","Data":{"Gold":19999953.2}}
2023/05/11 15:56:57 [INFO] Receive Message:{"Ret":"ActAnteBet","Data":{"antebet":[{"seatId":0,"bet":1},{"seatId":1,"bet":1},{"seatId":4,"bet":1}]}}
2023/05/11 15:56:57 [INFO] Receive Message:{"Ret":"ActGamePeriod","Data":{"Fsm":"Bet","Gid":"2006-1656569054271377408","RemainSec":1}}
2023/05/11 15:56:58 [INFO] Receive Message:{"Ret":"ActGamePeriod","Data":{"Fsm":"Deal","Gid":"2006-1656569054271377408","RemainSec":1}}
2023/05/11 15:56:58 [INFO] Receive Message:{"Ret":"ActDealCard","Data":{"seatid":0,"cards":[-1,-1,-1]}}
2023/05/11 15:56:59 [INFO] Receive Message:{"Ret":"ActGamePeriod","Data":{"Fsm":"Play","Gid":"2006-1656569054271377408","RemainSec":15}}
2023/05/11 15:56:59 [INFO] Receive Message:{"Ret":"ActTokenPlayerSeat","Data":{"SeatId":1}}
2023/05/11 15:57:00 [INFO] Receive Message:{"Ret":"ActAction","Data":{"seatId":1,"actiontype":"call","data":{"IsLookAt":true,"gold":4}}}
2023/05/11 15:57:00 [INFO] Receive Message:{"Ret":"ActGamePeriod","Data":{"Fsm":"Play","Gid":"2006-1656569054271377408","RemainSec":15}}
2023/05/11 15:57:00 [INFO] Receive Message:{"Ret":"ActTokenPlayerSeat","Data":{"SeatId":4}}
2023/05/11 15:57:01 [INFO] Receive Message:{"Ret":"ActAction","Data":{"seatId":4,"actiontype":"fold","data":null}}
2023/05/11 15:57:01 [INFO] Receive Message:{"Ret":"ActGamePeriod","Data":{"Fsm":"Play","Gid":"2006-1656569054271377408","RemainSec":15}}
2023/05/11 15:57:01 [INFO] Receive Message:{"Ret":"ActTokenPlayerSeat","Data":{"SeatId":0}}
2023/05/11 15:57:06 [INFO] Receive Message:{"Code":0,"Ret":"PlayOperate","Message":"success"}
2023/05/11 15:57:06 [INFO] Receive Message:{"Ret":"ActAction","Data":{"seatId":0,"actiontype":"fold","data":null}}
2023/05/11 15:57:06 [INFO] Receive Message:{"Ret":"ActGamePeriod","Data":{"Fsm":"Play","Gid":"2006-1656569054271377408","RemainSec":15}}
2023/05/11 15:57:06 [INFO] Receive Message:{"Ret":"ActTokenPlayerSeat","Data":{"SeatId":1}}
2023/05/11 15:57:06 [INFO] Receive Message:{"Ret":"ActGamePeriod","Data":{"Fsm":"Result","Gid":"2006-1656569054271377408","RemainSec":8}}
2023/05/11 15:57:06 [INFO] Receive Message:{"Data":{"cards":{"0":[37,21,47],"1":[12,8,31],"4":[38,5,29]},"settleinfo":[{"seatId":0,"bet":1,"win":0,"Gold":9999976.1,"refund":0},{"seatId":1,"bet":5,"win":1.9,"Gold":152465.9,"refund":0},{"seatId":4,"bet":1,"win":0,"Gold":145130,"refund":0}]}}
2023/05/11 15:57:06 [INFO] Receive Message:{"Ret":"ActGold","Data":{"Gold":9999976.1}}
2023/05/11 16:03:57 [INFO] 連線中斷
2023/05/11 16:03:57 [ERROR] read tcp [::1]:50762->[::1]:10001: use of closed network connection
2023/05/11 16:03:57 [INFO] Connect Success
2023/05/11 16:04:00 [INFO] Receive Message:{"Code":0,"Ret":"Login","Message":"success","Data":{"Gold":9999976.1,"IconID":0,"Name":"Test_simon","UserId":82941254,"MatchGameCode":"","MatchGameTableId":0,"Version":"1.0.0","Marquee":null,"is_relogin":false}}
2023/05/11 16:04:05 [INFO] Receive Message:{"Code":0,"Ret":"JoinGame","Message":"success","Data":{"Gid":"2006-1656569054271377408","raiseArray":[4,6,8,10,12,14],"RemainSec":1,"BetInfo":{},"TableCards":[-1,-1,-1],"PlayerInfo":[{"seatId":2,"iconId":0,"name":"Test_simon","gold":9999976.1,"IsActive":false}],"Fsm":"Init","result":[],"own":2}}
2023/05/11 16:04:06 [INFO] Receive Message:{"Ret":"ActGamePeriod","Data":{"Fsm":"Match","Gid":"2006-1656570864767864832","RemainSec":3}}
2023/05/11 16:04:09 [INFO] Receive Message:{"Ret":"ActTableStatus","Data":{"tablePlayerInfo":[{"seatId":0,"iconId":104,"name":"****e29","gold":113237,"isSitDown":true},{"seatId":2,"iconId":0,"name":"****mon","gold":9999976.1,"isSitDown":true},{"seatId":4,"iconId":106,"name":"****l19","gold":198618,"isSitDown":true}]}}
2023/05/11 16:04:09 [INFO] Receive Message:{"Ret":"ActRaiseArray","Data":{"raiseArray":[4,6,8,10,12,14]}}
2023/05/11 16:04:09 [INFO] Receive Message:{"Ret":"ActGold","Data":{"Gold":9999975.1}}
2023/05/11 16:04:09 [INFO] Receive Message:{"Ret":"ActAnteBet","Data":{"antebet":[{"seatId":0,"bet":1},{"seatId":2,"bet":1},{"seatId":4,"bet":1}]}}
2023/05/11 16:04:09 [INFO] Receive Message:{"Ret":"ActGamePeriod","Data":{"Fsm":"Bet","Gid":"2006-1656570864767864832","RemainSec":1}}
2023/05/11 16:04:10 [INFO] Receive Message:{"Ret":"ActGamePeriod","Data":{"Fsm":"Deal","Gid":"2006-1656570864767864832","RemainSec":1}}
2023/05/11 16:04:10 [INFO] Receive Message:{"Ret":"ActDealCard","Data":{"seatid":2,"cards":[-1,-1,-1]}}
2023/05/11 16:04:11 [INFO] Receive Message:{"Ret":"ActGamePeriod","Data":{"Fsm":"Play","Gid":"2006-1656570864767864832","RemainSec":15}}
2023/05/11 16:04:11 [INFO] Receive Message:{"Ret":"ActTokenPlayerSeat","Data":{"SeatId":0}}
2023/05/11 16:04:13 [INFO] Receive Message:{"Ret":"ActAction","Data":{"seatId":0,"actiontype":"call","data":{"IsLookAt":false,"gold":2}}}
2023/05/11 16:04:13 [INFO] Receive Message:{"Ret":"ActGamePeriod","Data":{"Fsm":"Play","Gid":"2006-1656570864767864832","RemainSec":15}}
2023/05/11 16:04:13 [INFO] Receive Message:{"Ret":"ActTokenPlayerSeat","Data":{"SeatId":2}}
2023/05/11 16:04:28 [INFO] Receive Message:{"Ret":"ActGold","Data":{"Gold":9999973.1}}
2023/05/11 16:04:28 [INFO] Receive Message:{"Ret":"ActAction","Data":{"seatId":2,"actiontype":"call","data":{"IsLookAt":false,"gold":2}}}
2023/05/11 16:04:28 [INFO] Receive Message:{"Ret":"ActGamePeriod","Data":{"Fsm":"Play","Gid":"2006-1656570864767864832","RemainSec":15}}
2023/05/11 16:04:28 [INFO] Receive Message:{"Ret":"ActTokenPlayerSeat","Data":{"SeatId":4}}
2023/05/11 16:04:30 [INFO] Receive Message:{"Ret":"ActAction","Data":{"seatId":4,"actiontype":"fold","data":null}}
2023/05/11 16:04:30 [INFO] Receive Message:{"Ret":"ActGamePeriod","Data":{"Fsm":"Play","Gid":"2006-1656570864767864832","RemainSec":15}}
2023/05/11 16:04:30 [INFO] Receive Message:{"Ret":"ActTokenPlayerSeat","Data":{"SeatId":0}}
2023/05/11 16:04:33 [INFO] Receive Message:{"Ret":"ActAction","Data":{"seatId":0,"actiontype":"call","data":{"IsLookAt":true,"gold":4}}}
2023/05/11 16:04:33 [INFO] Receive Message:{"Ret":"ActGamePeriod","Data":{"Fsm":"Play","Gid":"2006-1656570864767864832","RemainSec":15}}
2023/05/11 16:04:33 [INFO] Receive Message:{"Ret":"ActTokenPlayerSeat","Data":{"SeatId":2}}
2023/05/11 16:04:48 [INFO] Receive Message:{"Ret":"ActGold","Data":{"Gold":9999971.1}}
2023/05/11 16:04:48 [INFO] Receive Message:{"Ret":"ActAction","Data":{"seatId":2,"actiontype":"call","data":{"IsLookAt":false,"gold":2}}}
2023/05/11 16:04:48 [INFO] Receive Message:{"Ret":"ActGamePeriod","Data":{"Fsm":"Play","Gid":"2006-1656570864767864832","RemainSec":15}}
2023/05/11 16:04:48 [INFO] Receive Message:{"Ret":"ActTokenPlayerSeat","Data":{"SeatId":0}}
2023/05/11 16:04:49 [INFO] Receive Message:{"Code":200001,"Ret":"PlayOperate","Message":"data error","Data":"not your turn"}
2023/05/11 16:04:51 [INFO] Receive Message:{"Ret":"ActAction","Data":{"seatId":0,"actiontype":"fold","data":null}}
2023/05/11 16:04:51 [INFO] Receive Message:{"Ret":"ActGamePeriod","Data":{"Fsm":"Play","Gid":"2006-1656570864767864832","RemainSec":15}}
2023/05/11 16:04:51 [INFO] Receive Message:{"Ret":"ActTokenPlayerSeat","Data":{"SeatId":2}}
2023/05/11 16:04:51 [INFO] Receive Message:{"Ret":"ActGamePeriod","Data":{"Fsm":"Result","Gid":"2006-1656570864767864832","RemainSec":8}}
2023/05/11 16:04:51 [INFO] Receive Message:{"Ret":"ActGold","Data":{"Gold":9999978.7}}
2023/05/11 16:04:51 [INFO] Receive Message:{"Data":{"cards":{"0":[12,33,19],"2":[25,5,3],"4":[24,49,15]},"settleinfo":[{"seatId":0,"bet":7,"win":0,"Gold":113230,"refund":0},{"seatId":2,"bet":5,"win":7.6,"Gold":9999978.7,"refund":0},{"seatId":4,"bet":1,"win":0,"Gold":198617,"refund":0}]}}
2023/05/11 16:05:01 [ERROR] read tcp [::1]:50854->[::1]:10001: wsarecv: An existing connection was forcibly closed by the remote host.
2023/05/11 16:07:01 [INFO] 連線中斷
2023/05/11 16:07:01 [INFO] Connect Success
2023/05/11 16:07:03 [INFO] Receive Message:{"Code":0,"Ret":"Login","Message":"success","Data":{"Gold":9999978.7,"IconID":0,"Name":"Test_simon","UserId":82941254,"MatchGameCode":"","MatchGameTableId":0,"Version":"1.0.0","Marquee":null,"is_relogin":false}}
2023/05/11 16:07:05 [INFO] Receive Message:{"Code":0,"Ret":"JoinGame","Message":"success","Data":{"Gid":"","raiseArray":[4,6,8,10,12,14],"RemainSec":1,"BetInfo":{},"TableCards":[-1,-1,-1],"PlayerInfo":[{"seatId":2,"iconId":0,"name":"Test_simon","gold":9999978.7,"IsActive":false}],"Fsm":"Init","result":null,"own":2}}
2023/05/11 16:07:06 [INFO] Receive Message:{"Ret":"ActGamePeriod","Data":{"Fsm":"Match","Gid":"2006-1656571619658698752","RemainSec":3}}
2023/05/11 16:07:09 [INFO] Receive Message:{"Ret":"ActTableStatus","Data":{"tablePlayerInfo":[{"seatId":0,"iconId":0,"name":"****n89","gold":115194,"isSitDown":true},{"seatId":2,"iconId":0,"name":"****mon","gold":9999978.7,"isSitDown":true},{"seatId":4,"iconId":106,"name":"****y51","gold":171020,"isSitDown":true}]}}
2023/05/11 16:07:09 [INFO] Receive Message:{"Ret":"ActRaiseArray","Data":{"raiseArray":[4,6,8,10,12,14]}}
2023/05/11 16:07:09 [INFO] Receive Message:{"Ret":"ActGold","Data":{"Gold":9999977.7}}
2023/05/11 16:07:09 [INFO] Receive Message:{"Ret":"ActAnteBet","Data":{"antebet":[{"seatId":0,"bet":1},{"seatId":2,"bet":1},{"seatId":4,"bet":1}]}}
2023/05/11 16:07:09 [INFO] Receive Message:{"Ret":"ActGamePeriod","Data":{"Fsm":"Bet","Gid":"2006-1656571619658698752","RemainSec":1}}
2023/05/11 16:07:10 [INFO] Receive Message:{"Ret":"ActGamePeriod","Data":{"Fsm":"Deal","Gid":"2006-1656571619658698752","RemainSec":1}}
2023/05/11 16:07:10 [INFO] Receive Message:{"Ret":"ActDealCard","Data":{"seatid":2,"cards":[-1,-1,-1]}}
2023/05/11 16:07:11 [INFO] Receive Message:{"Ret":"ActGamePeriod","Data":{"Fsm":"Play","Gid":"2006-1656571619658698752","RemainSec":15}}
2023/05/11 16:07:11 [INFO] Receive Message:{"Ret":"ActTokenPlayerSeat","Data":{"SeatId":2}}
2023/05/11 16:07:15 [INFO] Receive Message:{"Code":0,"Ret":"PlayOperate","Message":"success"}
2023/05/11 16:07:15 [INFO] Receive Message:{"Ret":"ActAction","Data":{"seatId":2,"actiontype":"fold","data":null}}
2023/05/11 16:07:15 [INFO] Receive Message:{"Ret":"ActGamePeriod","Data":{"Fsm":"Play","Gid":"2006-1656571619658698752","RemainSec":15}}
2023/05/11 16:07:15 [INFO] Receive Message:{"Ret":"ActTokenPlayerSeat","Data":{"SeatId":4}}
2023/05/11 16:07:18 [INFO] Receive Message:{"Ret":"ActAction","Data":{"seatId":4,"actiontype":"call","data":{"IsLookAt":false,"gold":2}}}
2023/05/11 16:07:18 [INFO] Receive Message:{"Ret":"ActGamePeriod","Data":{"Fsm":"Play","Gid":"2006-1656571619658698752","RemainSec":15}}
2023/05/11 16:07:18 [INFO] Receive Message:{"Ret":"ActTokenPlayerSeat","Data":{"SeatId":0}}
2023/05/11 16:07:21 [INFO] Receive Message:{"Ret":"ActAction","Data":{"seatId":0,"actiontype":"call","data":{"IsLookAt":false,"gold":2}}}
2023/05/11 16:07:21 [INFO] Receive Message:{"Ret":"ActGamePeriod","Data":{"Fsm":"Play","Gid":"2006-1656571619658698752","RemainSec":15}}
2023/05/11 16:07:21 [INFO] Receive Message:{"Ret":"ActTokenPlayerSeat","Data":{"SeatId":4}}
2023/05/11 16:07:22 [INFO] Receive Message:{"Ret":"ActAction","Data":{"seatId":4,"actiontype":"call","data":{"IsLookAt":false,"gold":2}}}
2023/05/11 16:07:22 [INFO] Receive Message:{"Ret":"ActGamePeriod","Data":{"Fsm":"Play","Gid":"2006-1656571619658698752","RemainSec":15}}
2023/05/11 16:07:22 [INFO] Receive Message:{"Ret":"ActTokenPlayerSeat","Data":{"SeatId":0}}
2023/05/11 16:07:25 [INFO] Receive Message:{"Ret":"ActAction","Data":{"seatId":0,"actiontype":"call","data":{"IsLookAt":true,"gold":4}}}
2023/05/11 16:07:25 [INFO] Receive Message:{"Ret":"ActGamePeriod","Data":{"Fsm":"Play","Gid":"2006-1656571619658698752","RemainSec":15}}
2023/05/11 16:07:25 [INFO] Receive Message:{"Ret":"ActTokenPlayerSeat","Data":{"SeatId":4}}
2023/05/11 16:07:27 [INFO] Receive Message:{"Ret":"ActAction","Data":{"seatId":4,"actiontype":"call","data":{"IsLookAt":false,"gold":2}}}
2023/05/11 16:07:27 [INFO] Receive Message:{"Ret":"ActGamePeriod","Data":{"Fsm":"Play","Gid":"2006-1656571619658698752","RemainSec":15}}
2023/05/11 16:07:27 [INFO] Receive Message:{"Ret":"ActTokenPlayerSeat","Data":{"SeatId":0}}
2023/05/11 16:07:35 [INFO] Receive Message:{"Ret":"ActAction","Data":{"seatId":0,"actiontype":"fold","data":null}}
2023/05/11 16:07:35 [INFO] Receive Message:{"Ret":"ActGamePeriod","Data":{"Fsm":"Play","Gid":"2006-1656571619658698752","RemainSec":15}}
2023/05/11 16:07:35 [INFO] Receive Message:{"Ret":"ActTokenPlayerSeat","Data":{"SeatId":4}}
2023/05/11 16:07:35 [INFO] Receive Message:{"Ret":"ActGamePeriod","Data":{"Fsm":"Result","Gid":"2006-1656571619658698752","RemainSec":8}}
2023/05/11 16:07:35 [INFO] Receive Message:{"Data":{"cards":{"0":[18,14,39],"2":[22,8,32],"4":[51,27,13]},"settleinfo":[{"seatId":0,"bet":7,"win":0,"Gold":115187,"refund":0},{"seatId":2,"bet":1,"win":0,"Gold":9999977.7,"refund":0},{"seatId":4,"bet":7,"win":7.6,"Gold":171020.6,"refund":0}]}}
2023/05/11 16:07:59 [INFO] Receive Message:{"Code":0,"Ret":"JoinGame","Message":"success","Data":{"Gid":"2006-1656571619658698752","raiseArray":[4,6,8,10,12,14],"RemainSec":1,"BetInfo":{},"TableCards":[-1,-1,-1],"PlayerInfo":[{"seatId":3,"iconId":0,"name":"Test_simon","gold":9999977.7,"IsActive":false}],"Fsm":"Init","result":[],"own":3}}
2023/05/11 16:08:00 [INFO] Receive Message:{"Ret":"ActGamePeriod","Data":{"Fsm":"Match","Gid":"2006-1656571847212273664","RemainSec":3}}
2023/05/11 16:08:03 [INFO] Receive Message:{"Ret":"ActTableStatus","Data":{"tablePlayerInfo":[{"seatId":1,"iconId":5,"name":"****d42","gold":178873,"isSitDown":true},{"seatId":3,"iconId":0,"name":"****mon","gold":9999977.7,"isSitDown":true},{"seatId":4,"iconId":105,"name":"****s22","gold":131094,"isSitDown":true}]}}
2023/05/11 16:08:03 [INFO] Receive Message:{"Ret":"ActRaiseArray","Data":{"raiseArray":[4,6,8,10,12,14]}}
2023/05/11 16:08:03 [INFO] Receive Message:{"Ret":"ActGold","Data":{"Gold":9999976.7}}
2023/05/11 16:08:03 [INFO] Receive Message:{"Ret":"ActAnteBet","Data":{"antebet":[{"seatId":1,"bet":1},{"seatId":3,"bet":1},{"seatId":4,"bet":1}]}}
2023/05/11 16:08:03 [INFO] Receive Message:{"Ret":"ActGamePeriod","Data":{"Fsm":"Bet","Gid":"2006-1656571847212273664","RemainSec":1}}
2023/05/11 16:08:04 [INFO] Receive Message:{"Ret":"ActGamePeriod","Data":{"Fsm":"Deal","Gid":"2006-1656571847212273664","RemainSec":1}}
2023/05/11 16:08:04 [INFO] Receive Message:{"Ret":"ActDealCard","Data":{"seatid":3,"cards":[-1,-1,-1]}}
2023/05/11 16:08:05 [INFO] Receive Message:{"Ret":"ActGamePeriod","Data":{"Fsm":"Play","Gid":"2006-1656571847212273664","RemainSec":15}}
2023/05/11 16:08:05 [INFO] Receive Message:{"Ret":"ActTokenPlayerSeat","Data":{"SeatId":1}}
2023/05/11 16:08:06 [INFO] Receive Message:{"Ret":"ActAction","Data":{"seatId":1,"actiontype":"call","data":{"IsLookAt":true,"gold":4}}}
2023/05/11 16:08:06 [INFO] Receive Message:{"Ret":"ActGamePeriod","Data":{"Fsm":"Play","Gid":"2006-1656571847212273664","RemainSec":15}}
2023/05/11 16:08:06 [INFO] Receive Message:{"Ret":"ActTokenPlayerSeat","Data":{"SeatId":3}}
2023/05/11 16:08:14 [INFO] Receive Message:{"Code":0,"Ret":"PlayOperate","Message":"success"}
2023/05/11 16:08:14 [INFO] Receive Message:{"Ret":"ActAction","Data":{"seatId":3,"actiontype":"fold","data":null}}
2023/05/11 16:08:14 [INFO] Receive Message:{"Ret":"ActGamePeriod","Data":{"Fsm":"Play","Gid":"2006-1656571847212273664","RemainSec":15}}
2023/05/11 16:08:14 [INFO] Receive Message:{"Ret":"ActTokenPlayerSeat","Data":{"SeatId":4}}
2023/05/11 16:08:16 [INFO] Receive Message:{"Ret":"ActAction","Data":{"seatId":4,"actiontype":"call","data":{"IsLookAt":false,"gold":2}}}
2023/05/11 16:08:16 [INFO] Receive Message:{"Ret":"ActGamePeriod","Data":{"Fsm":"Play","Gid":"2006-1656571847212273664","RemainSec":15}}
2023/05/11 16:08:16 [INFO] Receive Message:{"Ret":"ActTokenPlayerSeat","Data":{"SeatId":1}}
2023/05/11 16:08:17 [INFO] Receive Message:{"Ret":"ActAction","Data":{"seatId":1,"actiontype":"call","data":{"IsLookAt":true,"gold":4}}}
2023/05/11 16:08:17 [INFO] Receive Message:{"Ret":"ActGamePeriod","Data":{"Fsm":"Play","Gid":"2006-1656571847212273664","RemainSec":15}}
2023/05/11 16:08:17 [INFO] Receive Message:{"Ret":"ActTokenPlayerSeat","Data":{"SeatId":4}}
2023/05/11 16:08:21 [ERROR] read tcp [::1]:50907->[::1]:10001: wsarecv: An existing connection was forcibly closed by the remote host.
2023/05/11 16:08:35 [INFO] 連線中斷
2023/05/11 16:08:36 [INFO] Connect Success
2023/05/11 16:08:38 [INFO] Receive Message:{"Code":0,"Ret":"Login","Message":"success","Data":{"Gold":9999976.7,"IconID":0,"Name":"Test_simon","UserId":82941254,"MatchGameCode":"goldenflower","MatchGameTableId":20060,"Version":"1.0.0","Marquee":null,"is_relogin":false}}
2023/05/11 16:08:42 [INFO] Receive Message:{"Code":0,"Ret":"JoinGame","Message":"success","Data":{"Gid":"","raiseArray":[4,6,8,10,12,14],"RemainSec":1,"BetInfo":{},"TableCards":[-1,-1,-1],"PlayerInfo":[{"seatId":0,"iconId":0,"name":"Test_simon","gold":9999976.7,"IsActive":false}],"Fsm":"Init","result":null,"own":0}}
2023/05/11 16:08:43 [INFO] Receive Message:{"Ret":"ActGamePeriod","Data":{"Fsm":"Match","Gid":"2006-1656572026632015872","RemainSec":3}}
2023/05/11 16:08:46 [INFO] Receive Message:{"Ret":"ActTableStatus","Data":{"tablePlayerInfo":[{"seatId":0,"iconId":0,"name":"****mon","gold":19999953.4,"isSitDown":true},{"seatId":1,"iconId":3,"name":"****h84","gold":143204,"isSitDown":true},{"seatId":3,"iconId":5,"name":"****e38","gold":112053,"isSitDown":true}]}}
2023/05/11 16:08:46 [INFO] Receive Message:{"Ret":"ActRaiseArray","Data":{"raiseArray":[4,6,8,10,12,14]}}
2023/05/11 16:08:46 [INFO] Receive Message:{"Ret":"ActGold","Data":{"Gold":19999952.4}}
2023/05/11 16:08:46 [INFO] Receive Message:{"Ret":"ActAnteBet","Data":{"antebet":[{"seatId":0,"bet":1},{"seatId":1,"bet":1},{"seatId":3,"bet":1}]}}
2023/05/11 16:08:46 [INFO] Receive Message:{"Ret":"ActGamePeriod","Data":{"Fsm":"Bet","Gid":"2006-1656572026632015872","RemainSec":1}}
2023/05/11 16:08:47 [INFO] Receive Message:{"Ret":"ActGamePeriod","Data":{"Fsm":"Deal","Gid":"2006-1656572026632015872","RemainSec":1}}
2023/05/11 16:08:47 [INFO] Receive Message:{"Ret":"ActDealCard","Data":{"seatid":0,"cards":[-1,-1,-1]}}
2023/05/11 16:08:48 [INFO] Receive Message:{"Ret":"ActGamePeriod","Data":{"Fsm":"Play","Gid":"2006-1656572026632015872","RemainSec":15}}
2023/05/11 16:08:48 [INFO] Receive Message:{"Ret":"ActTokenPlayerSeat","Data":{"SeatId":1}}
2023/05/11 16:08:50 [INFO] Receive Message:{"Ret":"ActAction","Data":{"seatId":1,"actiontype":"call","data":{"IsLookAt":true,"gold":4}}}
2023/05/11 16:08:50 [INFO] Receive Message:{"Ret":"ActGamePeriod","Data":{"Fsm":"Play","Gid":"2006-1656572026632015872","RemainSec":15}}
2023/05/11 16:08:50 [INFO] Receive Message:{"Ret":"ActTokenPlayerSeat","Data":{"SeatId":3}}
2023/05/11 16:08:53 [INFO] Receive Message:{"Ret":"ActAction","Data":{"seatId":3,"actiontype":"call","data":{"IsLookAt":false,"gold":2}}}
2023/05/11 16:08:53 [INFO] Receive Message:{"Ret":"ActGamePeriod","Data":{"Fsm":"Play","Gid":"2006-1656572026632015872","RemainSec":15}}
2023/05/11 16:08:53 [INFO] Receive Message:{"Ret":"ActTokenPlayerSeat","Data":{"SeatId":0}}
2023/05/11 16:08:57 [INFO] Receive Message:{"Code":0,"Ret":"PlayOperate","Message":"success"}
2023/05/11 16:08:57 [INFO] Receive Message:{"Ret":"ActAction","Data":{"seatId":0,"actiontype":"fold","data":null}}
2023/05/11 16:08:57 [INFO] Receive Message:{"Ret":"ActGamePeriod","Data":{"Fsm":"Play","Gid":"2006-1656572026632015872","RemainSec":15}}
2023/05/11 16:08:57 [INFO] Receive Message:{"Ret":"ActTokenPlayerSeat","Data":{"SeatId":1}}
2023/05/11 16:09:00 [INFO] Receive Message:{"Ret":"ActAction","Data":{"seatId":1,"actiontype":"fold","data":null}}
2023/05/11 16:09:00 [INFO] Receive Message:{"Ret":"ActGamePeriod","Data":{"Fsm":"Play","Gid":"2006-1656572026632015872","RemainSec":15}}
2023/05/11 16:09:00 [INFO] Receive Message:{"Ret":"ActTokenPlayerSeat","Data":{"SeatId":3}}
2023/05/11 16:09:00 [INFO] Receive Message:{"Ret":"ActGamePeriod","Data":{"Fsm":"Result","Gid":"2006-1656572026632015872","RemainSec":8}}
2023/05/11 16:09:00 [INFO] Receive Message:{"Ret":"ActSettleData","Data":{"cards":{"0":[51,8,3],"1":[34,7,16],"3":[24,48,6]},"settleinfo":[{"seatId":0,"bet":1,"win":0,"Gold":9999975.7,"refund":0},{"seatId":1,"bet":5,"win":0,"Gold":143199,"refund":0},{"seatId":3,"bet":3,"win":5.7,"Gold":112055.7,"refund":0}]}}
2023/05/11 16:09:00 [INFO] Receive Message:{"Ret":"ActGold","Data":{"Gold":9999975.7}}
2023/05/11 17:28:44 [ERROR] read tcp [::1]:50935->[::1]:10001: wsarecv: An existing connection was forcibly closed by the remote host.
2023/05/11 17:28:58 [INFO] 連線中斷
2023/05/11 17:28:59 [INFO] Connect Success
2023/05/11 17:29:02 [INFO] Receive Message:{"Code":0,"Ret":"Login","Message":"success","Data":{"Gold":9999975.7,"IconID":0,"Name":"Test_simon","UserId":82941254,"MatchGameCode":"","MatchGameTableId":0,"Version":"1.0.0","Marquee":null,"is_relogin":false}}
2023/05/11 17:29:06 [INFO] Receive Message:{"Code":0,"Ret":"JoinGame","Message":"success","Data":{"Gid":"","raiseArray":[4,6,8,10,12,14],"RemainSec":1,"BetInfo":{},"TableCards":[-1,-1,-1],"PlayerInfo":[{"seatId":0,"iconId":0,"name":"Test_simon","gold":9999975.7,"IsActive":false}],"Fsm":"Init","result":null,"own":0}}
2023/05/11 17:29:07 [INFO] Receive Message:{"Ret":"ActGamePeriod","Data":{"Fsm":"Match","Gid":"2006-1656592261963583488","RemainSec":3}}
2023/05/11 17:29:10 [INFO] Receive Message:{"Ret":"ActTableStatus","Data":{"tablePlayerInfo":[{"seatId":0,"iconId":0,"name":"****mon","gold":9999975.7,"isSitDown":true},{"seatId":1,"iconId":106,"name":"****r15","gold":135674,"isSitDown":true},{"seatId":4,"iconId":1,"name":"****r54","gold":191413,"isSitDown":true}]}}
2023/05/11 17:29:10 [INFO] Receive Message:{"Ret":"ActRaiseArray","Data":{"raiseArray":[4,6,8,10,12,14]}}
2023/05/11 17:29:10 [INFO] Receive Message:{"Ret":"ActGold","Data":{"Gold":9999974.7}}
2023/05/11 17:29:10 [INFO] Receive Message:{"Ret":"ActAnteBet","Data":{"antebet":[{"seatId":0,"bet":1},{"seatId":1,"bet":1},{"seatId":4,"bet":1}]}}
2023/05/11 17:29:10 [INFO] Receive Message:{"Ret":"ActGamePeriod","Data":{"Fsm":"Bet","Gid":"2006-1656592261963583488","RemainSec":1}}
2023/05/11 17:29:11 [INFO] Receive Message:{"Ret":"ActGamePeriod","Data":{"Fsm":"Deal","Gid":"2006-1656592261963583488","RemainSec":1}}
2023/05/11 17:29:11 [INFO] Receive Message:{"Ret":"ActDealCard","Data":{"seatid":0,"cards":[-1,-1,-1]}}
2023/05/11 17:29:12 [INFO] Receive Message:{"Ret":"ActGamePeriod","Data":{"Fsm":"Play","Gid":"2006-1656592261963583488","RemainSec":15}}
2023/05/11 17:29:12 [INFO] Receive Message:{"Ret":"ActTokenPlayerSeat","Data":{"SeatId":1}}
2023/05/11 17:29:15 [INFO] Receive Message:{"Ret":"ActAction","Data":{"seatId":1,"actiontype":"fold","data":null}}
2023/05/11 17:29:15 [INFO] Receive Message:{"Ret":"ActGamePeriod","Data":{"Fsm":"Play","Gid":"2006-1656592261963583488","RemainSec":15}}
2023/05/11 17:29:15 [INFO] Receive Message:{"Ret":"ActTokenPlayerSeat","Data":{"SeatId":4}}
2023/05/11 17:29:18 [INFO] Receive Message:{"Ret":"ActAction","Data":{"seatId":4,"actiontype":"call","data":{"IsLookAt":true,"gold":4}}}
2023/05/11 17:29:18 [INFO] Receive Message:{"Ret":"ActGamePeriod","Data":{"Fsm":"Play","Gid":"2006-1656592261963583488","RemainSec":15}}
2023/05/11 17:29:18 [INFO] Receive Message:{"Ret":"ActTokenPlayerSeat","Data":{"SeatId":0}}
2023/05/11 17:29:21 [INFO] Receive Message:{"Code":0,"Ret":"PlayOperate","Message":"success"}
2023/05/11 17:29:25 [INFO] Receive Message:{"Ret":"ActAction","Data":{"seatId":0,"actiontype":"fold","data":null}}
2023/05/11 17:29:25 [INFO] Receive Message:{"Ret":"ActGamePeriod","Data":{"Fsm":"Play","Gid":"2006-1656592261963583488","RemainSec":15}}
2023/05/11 17:29:25 [INFO] Receive Message:{"Ret":"ActTokenPlayerSeat","Data":{"SeatId":4}}
2023/05/11 17:29:25 [INFO] Receive Message:{"Ret":"ActGamePeriod","Data":{"Fsm":"Result","Gid":"2006-1656592261963583488","RemainSec":8}}
2023/05/11 17:29:25 [INFO] Receive Message:{"Ret":"ActSettleData","Data":{"cards":{"0":[41,1,39],"1":[51,10,18],"4":[30,2,14]},"cardtype":{"0":4,"1":6,"4":6},"settleinfo":[{"seatId":0,"bet":1,"win":0,"Gold":9999974.7,"refund":0},{"seatId":1,"bet":1,"win":0,"Gold":135673,"refund":0},{"seatId":4,"bet":5,"win":1.9,"Gold":191409.9,"refund":0}]}}
2023/05/11 17:29:43 [ERROR] read tcp [::1]:52985->[::1]:10001: wsarecv: An existing connection was forcibly closed by the remote host.
