2024/04/29 10:49:01 [INFO] Connect Success
2024/04/29 10:49:09 [INFO] Receive Message:{"Code":0,"Ret":"Login","Message":"Success.","Data":{"Gold":999987.85,"IconID":0,"Name":"Test_simon","UserId":88149641,"MatchGameCode":"","MatchGameTableId":0,"Version":"1.0.0","Marquee":null,"is_relogin":false,"JackpotInfo":{"coin":false,"coinId":"","coinexpiretime":0,"pool":10000},"JackpotEnable":false,"Language":{"1":{"CN":1,"EN":1,"VI":1,"PT":1,"TR":1},"1001":{"CN":1,"EN":1,"VI":1,"PT":1,"TR":0},"1002":{"CN":1,"EN":1,"VI":1,"PT":1,"TR":0},"1003":{"CN":1,"EN":1,"VI":1,"PT":1,"TR":0},"1004":{"CN":1,"EN":1,"VI":1,"PT":1,"TR":0},"1005":{"CN":1,"EN":1,"VI":1,"PT":1,"TR":0},"1006":{"CN":1,"EN":1,"VI":1,"PT":1,"TR":0},"1007":{"CN":1,"EN":1,"VI":1,"PT":1,"TR":0},"1008":{"CN":1,"EN":1,"VI":1,"PT":1,"TR":1},"1009":{"CN":1,"EN":1,"VI":1,"PT":1,"TR":0},"1010":{"CN":1,"EN":1,"VI":1,"PT":0,"TR":0},"2":{"CN":1,"EN":1,"VI":1,"PT":0,"TR":0},"2001":{"CN":1,"EN":1,"VI":1,"PT":1,"TR":1},"2002":{"CN":1,"EN":1,"VI":1,"PT":1,"TR":0},"2003":{"CN":1,"EN":1,"VI":1,"PT":1,"TR":0},"2004":{"CN":1,"EN":1,"VI":1,"PT":1,"TR":1},"2005":{"CN":1,"EN":1,"VI":1,"PT":1,"TR":0},"2006":{"CN":1,"EN":1,"VI":1,"PT":1,"TR":0},"2007":{"CN":1,"EN":1,"VI":1,"PT":1,"TR":0},"2008":{"CN":1,"EN":1,"VI":1,"PT":1,"TR":0},"2009":{"CN":1,"EN":1,"VI":1,"PT":1,"TR":0},"2010":{"CN":1,"EN":1,"VI":1,"PT":1,"TR":1},"2011":{"CN":1,"EN":1,"VI":1,"PT":1,"TR":0},"3001":{"CN":1,"EN":1,"VI":1,"PT":1,"TR":0},"3002":{"CN":1,"EN":1,"VI":1,"PT":1,"TR":0},"3003":{"CN":1,"EN":1,"VI":1,"PT":1,"TR":0},"4001":{"CN":1,"EN":1,"VI":1,"PT":1,"TR":0},"4002":{"CN":1,"EN":1,"VI":1,"PT":1,"TR":0},"4003":{"CN":1,"EN":1,"VI":1,"PT":0,"TR":0},"5001":{"CN":1,"EN":1,"VI":1,"PT":0,"TR":0},"9001":{"CN":1,"EN":1,"VI":1,"PT":1,"TR":0}},"wallet_type":0,"single_wallet_gold":0}}
2024/04/29 10:49:17 [ERROR] read tcp [::1]:64361->[::1]:10001: use of closed network connection
2024/04/29 10:49:17 [INFO] 連線中斷
2024/04/29 10:49:30 [INFO] Connect Success
2024/04/29 10:49:38 [INFO] Receive Message:{"Code":0,"Ret":"Login","Message":"Success.","Data":{"Gold":999987.85,"IconID":0,"Name":"Test_simon","UserId":88149641,"MatchGameCode":"","MatchGameTableId":0,"Version":"1.0.0","Marquee":null,"is_relogin":false,"JackpotInfo":{"coin":false,"coinId":"","coinexpiretime":0,"pool":10000},"JackpotEnable":false,"Language":{"1":{"CN":1,"EN":1,"VI":1,"PT":1,"TR":1},"1001":{"CN":1,"EN":1,"VI":1,"PT":1,"TR":0},"1002":{"CN":1,"EN":1,"VI":1,"PT":1,"TR":0},"1003":{"CN":1,"EN":1,"VI":1,"PT":1,"TR":0},"1004":{"CN":1,"EN":1,"VI":1,"PT":1,"TR":0},"1005":{"CN":1,"EN":1,"VI":1,"PT":1,"TR":0},"1006":{"CN":1,"EN":1,"VI":1,"PT":1,"TR":0},"1007":{"CN":1,"EN":1,"VI":1,"PT":1,"TR":0},"1008":{"CN":1,"EN":1,"VI":1,"PT":1,"TR":1},"1009":{"CN":1,"EN":1,"VI":1,"PT":1,"TR":0},"1010":{"CN":1,"EN":1,"VI":1,"PT":0,"TR":0},"2":{"CN":1,"EN":1,"VI":1,"PT":0,"TR":0},"2001":{"CN":1,"EN":1,"VI":1,"PT":1,"TR":1},"2002":{"CN":1,"EN":1,"VI":1,"PT":1,"TR":0},"2003":{"CN":1,"EN":1,"VI":1,"PT":1,"TR":0},"2004":{"CN":1,"EN":1,"VI":1,"PT":1,"TR":1},"2005":{"CN":1,"EN":1,"VI":1,"PT":1,"TR":0},"2006":{"CN":1,"EN":1,"VI":1,"PT":1,"TR":0},"2007":{"CN":1,"EN":1,"VI":1,"PT":1,"TR":0},"2008":{"CN":1,"EN":1,"VI":1,"PT":1,"TR":0},"2009":{"CN":1,"EN":1,"VI":1,"PT":1,"TR":0},"2010":{"CN":1,"EN":1,"VI":1,"PT":1,"TR":1},"2011":{"CN":1,"EN":1,"VI":1,"PT":1,"TR":0},"3001":{"CN":1,"EN":1,"VI":1,"PT":1,"TR":0},"3002":{"CN":1,"EN":1,"VI":1,"PT":1,"TR":0},"3003":{"CN":1,"EN":1,"VI":1,"PT":1,"TR":0},"4001":{"CN":1,"EN":1,"VI":1,"PT":1,"TR":0},"4002":{"CN":1,"EN":1,"VI":1,"PT":1,"TR":0},"4003":{"CN":1,"EN":1,"VI":1,"PT":0,"TR":0},"5001":{"CN":1,"EN":1,"VI":1,"PT":0,"TR":0},"9001":{"CN":1,"EN":1,"VI":1,"PT":1,"TR":0}},"wallet_type":0,"single_wallet_gold":0}}
2024/04/29 10:49:58 [INFO] Receive Message:{"Code":200001,"Ret":"JoinGame","Message":"Data error."}
2024/04/29 10:50:29 [ERROR] read tcp [::1]:64390->[::1]:10001: wsarecv: An existing connection was forcibly closed by the remote host.
2024/04/29 10:51:10 [INFO] 連線中斷
2024/04/29 10:51:12 [INFO] Connect Success
2024/04/29 10:51:18 [INFO] Receive Message:{"Code":0,"Ret":"Login","Message":"Success.","Data":{"Gold":999987.85,"IconID":0,"Name":"Test_simon","UserId":88149641,"MatchGameCode":"","MatchGameTableId":0,"Version":"1.0.0","Marquee":null,"is_relogin":false,"JackpotInfo":{"coin":false,"coinId":"","coinexpiretime":0,"pool":10000},"JackpotEnable":false,"Language":{"1":{"CN":1,"EN":1,"VI":1,"PT":1,"TR":1},"1001":{"CN":1,"EN":1,"VI":1,"PT":1,"TR":0},"1002":{"CN":1,"EN":1,"VI":1,"PT":1,"TR":0},"1003":{"CN":1,"EN":1,"VI":1,"PT":1,"TR":0},"1004":{"CN":1,"EN":1,"VI":1,"PT":1,"TR":0},"1005":{"CN":1,"EN":1,"VI":1,"PT":1,"TR":0},"1006":{"CN":1,"EN":1,"VI":1,"PT":1,"TR":0},"1007":{"CN":1,"EN":1,"VI":1,"PT":1,"TR":0},"1008":{"CN":1,"EN":1,"VI":1,"PT":1,"TR":1},"1009":{"CN":1,"EN":1,"VI":1,"PT":1,"TR":0},"1010":{"CN":1,"EN":1,"VI":1,"PT":0,"TR":0},"2":{"CN":1,"EN":1,"VI":1,"PT":0,"TR":0},"2001":{"CN":1,"EN":1,"VI":1,"PT":1,"TR":1},"2002":{"CN":1,"EN":1,"VI":1,"PT":1,"TR":0},"2003":{"CN":1,"EN":1,"VI":1,"PT":1,"TR":0},"2004":{"CN":1,"EN":1,"VI":1,"PT":1,"TR":1},"2005":{"CN":1,"EN":1,"VI":1,"PT":1,"TR":0},"2006":{"CN":1,"EN":1,"VI":1,"PT":1,"TR":0},"2007":{"CN":1,"EN":1,"VI":1,"PT":1,"TR":0},"2008":{"CN":1,"EN":1,"VI":1,"PT":1,"TR":0},"2009":{"CN":1,"EN":1,"VI":1,"PT":1,"TR":0},"2010":{"CN":1,"EN":1,"VI":1,"PT":1,"TR":1},"2011":{"CN":1,"EN":1,"VI":1,"PT":1,"TR":0},"3001":{"CN":1,"EN":1,"VI":1,"PT":1,"TR":0},"3002":{"CN":1,"EN":1,"VI":1,"PT":1,"TR":0},"3003":{"CN":1,"EN":1,"VI":1,"PT":1,"TR":0},"4001":{"CN":1,"EN":1,"VI":1,"PT":1,"TR":0},"4002":{"CN":1,"EN":1,"VI":1,"PT":1,"TR":0},"4003":{"CN":1,"EN":1,"VI":1,"PT":0,"TR":0},"5001":{"CN":1,"EN":1,"VI":1,"PT":0,"TR":0},"9001":{"CN":1,"EN":1,"VI":1,"PT":1,"TR":0}},"wallet_type":0,"single_wallet_gold":0}}
2024/04/29 10:51:29 [INFO] Receive Message:{"Ret":"DebugMatchType","Data":{"matchtype":0}}
2024/04/29 10:51:29 [INFO] Receive Message:{"Code":0,"Ret":"JoinGame","Message":"Success.","Data":{"Gid":"","Fsm":"Init","RemainSec":1,"BaseBet":10,"EnterGold":60,"OwnSeat":3,"PlayerInfo":[{"seatId":3,"iconId":0,"name":"Test_simon","gold":999987.85}]}}
2024/04/29 10:51:30 [INFO] Receive Message:{"Ret":"ActGamePeriod","Data":{"Fsm":"Match","Gid":"2003-1784777503001284608","RemainSec":3,"TimeStamp":1714359090935}}
2024/04/29 10:51:31 [INFO] Receive Message:{"Ret":"ActGamePeriod","Data":{"Fsm":"Round","Gid":"2003-1784777503001284608","RemainSec":3,"TimeStamp":1714359091027}}
2024/04/29 10:51:31 [INFO] Receive Message:{"Ret":"ActTableStatus","Data":{"tablePlayerInfo":[{"seatId":1,"iconId":100,"name":"****ine","gold":19404},{"seatId":2,"iconId":0,"name":"****mes","gold":86173},{"seatId":3,"iconId":0,"name":"****mon","gold":999987.85}]}}
2024/04/29 10:51:31 [INFO] simon SendMessage={"JoinGame":{"TableID":20060}}
2024/04/29 10:51:31 [INFO] Receive Message:{"Ret":"DebugMatchType","Data":{"matchtype":0}}
2024/04/29 10:51:31 [INFO] Receive Message:{"Code":0,"Ret":"JoinGame","Message":"Success.","Data":{"Gid":"","raiseArray":[2,4,6,8,10,12,14],"RemainSec":1,"BetInfo":{},"TableCards":[-1,-1,-1],"PlayerInfo":[{"seatId":0,"iconId":0,"name":"****mon","gold":999987.85,"IsActive":false,"isFold":false,"isCompareLose":false,"isLookAtCards":false}],"Fsm":"Init","result":null,"own":0,"tokenSeat":0,"settleInfo":null,"round":0,"TableCardType":[],"betindex":0}}
2024/04/29 11:38:41 [INFO] Connect Success
2024/04/29 11:38:48 [INFO] Receive Message:{"Code":0,"Ret":"Login","Message":"Success.","Data":{"Gold":999756.85,"IconID":0,"Name":"Test_simon","UserId":88149641,"MatchGameCode":"","MatchGameTableId":0,"Version":"1.0.0","Marquee":null,"is_relogin":false,"JackpotInfo":{"coin":false,"coinId":"","coinexpiretime":0,"pool":10000},"JackpotEnable":false,"Language":{"1":{"CN":1,"EN":1,"VI":1,"PT":1,"TR":1},"1001":{"CN":1,"EN":1,"VI":1,"PT":1,"TR":0},"1002":{"CN":1,"EN":1,"VI":1,"PT":1,"TR":0},"1003":{"CN":1,"EN":1,"VI":1,"PT":1,"TR":0},"1004":{"CN":1,"EN":1,"VI":1,"PT":1,"TR":0},"1005":{"CN":1,"EN":1,"VI":1,"PT":1,"TR":0},"1006":{"CN":1,"EN":1,"VI":1,"PT":1,"TR":0},"1007":{"CN":1,"EN":1,"VI":1,"PT":1,"TR":0},"1008":{"CN":1,"EN":1,"VI":1,"PT":1,"TR":1},"1009":{"CN":1,"EN":1,"VI":1,"PT":1,"TR":0},"1010":{"CN":1,"EN":1,"VI":1,"PT":0,"TR":0},"2":{"CN":1,"EN":1,"VI":1,"PT":0,"TR":0},"2001":{"CN":1,"EN":1,"VI":1,"PT":1,"TR":1},"2002":{"CN":1,"EN":1,"VI":1,"PT":1,"TR":0},"2003":{"CN":1,"EN":1,"VI":1,"PT":1,"TR":0},"2004":{"CN":1,"EN":1,"VI":1,"PT":1,"TR":1},"2005":{"CN":1,"EN":1,"VI":1,"PT":1,"TR":0},"2006":{"CN":1,"EN":1,"VI":1,"PT":1,"TR":0},"2007":{"CN":1,"EN":1,"VI":1,"PT":1,"TR":0},"2008":{"CN":1,"EN":1,"VI":1,"PT":1,"TR":0},"2009":{"CN":1,"EN":1,"VI":1,"PT":1,"TR":0},"2010":{"CN":1,"EN":1,"VI":1,"PT":1,"TR":1},"2011":{"CN":1,"EN":1,"VI":1,"PT":1,"TR":0},"3001":{"CN":1,"EN":1,"VI":1,"PT":1,"TR":0},"3002":{"CN":1,"EN":1,"VI":1,"PT":1,"TR":0},"3003":{"CN":1,"EN":1,"VI":1,"PT":1,"TR":0},"4001":{"CN":1,"EN":1,"VI":1,"PT":1,"TR":0},"4002":{"CN":1,"EN":1,"VI":1,"PT":1,"TR":0},"4003":{"CN":1,"EN":1,"VI":1,"PT":0,"TR":0},"5001":{"CN":1,"EN":1,"VI":1,"PT":0,"TR":0},"9001":{"CN":1,"EN":1,"VI":1,"PT":1,"TR":0}},"wallet_type":0,"single_wallet_gold":0}}
2024/04/29 11:40:00 [ERROR] read tcp [::1]:50369->[::1]:10001: wsarecv: An existing connection was forcibly closed by the remote host.
2024/04/29 11:56:07 [INFO] 連線中斷
2024/04/29 11:56:14 [INFO] Connect Success
2024/04/29 11:56:20 [INFO] Receive Message:{"Code":0,"Ret":"Login","Message":"Success.","Data":{"Gold":999756.85,"IconID":0,"Name":"Test_simon","UserId":88149641,"MatchGameCode":"","MatchGameTableId":0,"Version":"1.0.0","Marquee":null,"is_relogin":false,"JackpotInfo":{"coin":false,"coinId":"","coinexpiretime":0,"pool":10000},"JackpotEnable":false,"Language":{"1":{"CN":1,"EN":1,"VI":1,"PT":1,"TR":1},"1001":{"CN":1,"EN":1,"VI":1,"PT":1,"TR":0},"1002":{"CN":1,"EN":1,"VI":1,"PT":1,"TR":0},"1003":{"CN":1,"EN":1,"VI":1,"PT":1,"TR":0},"1004":{"CN":1,"EN":1,"VI":1,"PT":1,"TR":0},"1005":{"CN":1,"EN":1,"VI":1,"PT":1,"TR":0},"1006":{"CN":1,"EN":1,"VI":1,"PT":1,"TR":0},"1007":{"CN":1,"EN":1,"VI":1,"PT":1,"TR":0},"1008":{"CN":1,"EN":1,"VI":1,"PT":1,"TR":1},"1009":{"CN":1,"EN":1,"VI":1,"PT":1,"TR":0},"1010":{"CN":1,"EN":1,"VI":1,"PT":0,"TR":0},"2":{"CN":1,"EN":1,"VI":1,"PT":0,"TR":0},"2001":{"CN":1,"EN":1,"VI":1,"PT":1,"TR":1},"2002":{"CN":1,"EN":1,"VI":1,"PT":1,"TR":0},"2003":{"CN":1,"EN":1,"VI":1,"PT":1,"TR":0},"2004":{"CN":1,"EN":1,"VI":1,"PT":1,"TR":1},"2005":{"CN":1,"EN":1,"VI":1,"PT":1,"TR":0},"2006":{"CN":1,"EN":1,"VI":1,"PT":1,"TR":0},"2007":{"CN":1,"EN":1,"VI":1,"PT":1,"TR":0},"2008":{"CN":1,"EN":1,"VI":1,"PT":1,"TR":0},"2009":{"CN":1,"EN":1,"VI":1,"PT":1,"TR":0},"2010":{"CN":1,"EN":1,"VI":1,"PT":1,"TR":1},"2011":{"CN":1,"EN":1,"VI":1,"PT":1,"TR":0},"3001":{"CN":1,"EN":1,"VI":1,"PT":1,"TR":0},"3002":{"CN":1,"EN":1,"VI":1,"PT":1,"TR":0},"3003":{"CN":1,"EN":1,"VI":1,"PT":1,"TR":0},"4001":{"CN":1,"EN":1,"VI":1,"PT":1,"TR":0},"4002":{"CN":1,"EN":1,"VI":1,"PT":1,"TR":0},"4003":{"CN":1,"EN":1,"VI":1,"PT":0,"TR":0},"5001":{"CN":1,"EN":1,"VI":1,"PT":0,"TR":0},"9001":{"CN":1,"EN":1,"VI":1,"PT":1,"TR":0}},"wallet_type":0,"single_wallet_gold":0}}
2024/04/29 11:57:01 [INFO] Receive Message:{"Ret":"DebugMatchType","Data":{"matchtype":0}}
2024/04/29 11:57:01 [INFO] Receive Message:{"Code":0,"Ret":"JoinGame","Message":"Success.","Data":{"Gid":"","Fsm":"Init","RemainSec":1,"BaseBet":10,"EnterGold":60,"OwnSeat":0,"PlayerInfo":[{"seatId":0,"iconId":0,"name":"Test_simon","gold":999756.85}]}}
2024/04/29 11:57:01 [INFO] simon SendMessage={"JoinGame":{"TableID":20060}}
2024/04/29 11:57:19 [INFO] Receive Message:{"Code":200001,"Ret":"JoinGame","Message":"Data error."}
2024/04/29 11:57:19 [INFO] Receive Message:{"Ret":"ActGamePeriod","Data":{"Fsm":"Match","Gid":"2003-1784794064835579904","RemainSec":3,"TimeStamp":1714363039583}}
2024/04/29 11:57:19 [INFO] Receive Message:{"Ret":"ActGamePeriod","Data":{"Fsm":"Round","Gid":"2003-1784794064835579904","RemainSec":3,"TimeStamp":1714363039689}}
2024/04/29 11:57:19 [INFO] Receive Message:{"Ret":"ActTableStatus","Data":{"tablePlayerInfo":[{"seatId":0,"iconId":0,"name":"****mon","gold":999756.85},{"seatId":1,"iconId":1,"name":"****s26","gold":68904},{"seatId":2,"iconId":6,"name":"****l19","gold":56105}]}}
2024/04/29 11:57:22 [INFO] Receive Message:{"Ret":"ActGamePeriod","Data":{"Fsm":"Rob","Gid":"2003-1784794064835579904","RemainSec":5,"TimeStamp":1714363042687}}
2024/04/29 11:57:22 [INFO] Receive Message:{"Ret":"ActRobInfo","Data":{"RobInfo":[-1,1,2,3,4]}}
2024/04/29 11:57:24 [INFO] Receive Message:{"Ret":"ActPlayerRob","Data":{"SeatId":2,"Rob":2}}
2024/04/29 11:57:26 [INFO] Receive Message:{"Ret":"ActPlayerRob","Data":{"SeatId":1,"Rob":-1}}
2024/04/29 11:57:27 [INFO] Receive Message:{"Ret":"ActGamePeriod","Data":{"Fsm":"Banker","Gid":"2003-1784794064835579904","RemainSec":1,"TimeStamp":1714363047687}}
2024/04/29 11:57:27 [INFO] Receive Message:{"Ret":"ActBanker","Data":{"SeatId":2,"BankerBet":2}}
2024/04/29 11:57:28 [INFO] Receive Message:{"Ret":"ActGamePeriod","Data":{"Fsm":"Bet","Gid":"2003-1784794064835579904","RemainSec":5,"TimeStamp":1714363048694}}
2024/04/29 11:57:28 [INFO] Receive Message:{"Ret":"ActBetInfo","Data":{"BetInfo":[1,8,15,22,30]}}
2024/04/29 11:57:32 [INFO] Receive Message:{"Ret":"ActPlayerBetInfo","Data":{"SeatId":1,"Bet":8}}
2024/04/29 11:57:33 [INFO] Receive Message:{"Ret":"ActPlayerBetInfo","Data":{"SeatId":0,"Bet":1}}
2024/04/29 11:57:33 [INFO] Receive Message:{"Ret":"ActGamePeriod","Data":{"Fsm":"Deal","Gid":"2003-1784794064835579904","RemainSec":1,"TimeStamp":1714363053685}}
2024/04/29 11:57:33 [INFO] Receive Message:{"Ret":"ActCardInfo","Data":{"Cards":[8,16,42,12,9]}}
2024/04/29 11:57:34 [INFO] Receive Message:{"Ret":"ActGamePeriod","Data":{"Fsm":"Result","Gid":"2003-1784794064835579904","RemainSec":10,"TimeStamp":1714363054696}}
2024/04/29 11:57:39 [INFO] Receive Message:{"Ret":"ActShowCards","Data":{"SeatId":2}}
2024/04/29 11:57:44 [INFO] Receive Message:{"Ret":"ActShowCards","Data":{"SeatId":1}}
2024/04/29 11:57:44 [INFO] Receive Message:{"Ret":"ActGamePeriod","Data":{"Fsm":"Settle","Gid":"2003-1784794064835579904","RemainSec":7,"TimeStamp":1714363064685}}
2024/04/29 11:57:44 [INFO] Receive Message:{"Ret":"ActGold","Data":{"Gold":0}}
2024/04/29 11:57:44 [INFO] Receive Message:{"Ret":"ActSettleInfo","Data":{"SettleInfo":[{"SeatId":0,"Cards":[8,16,42,12,9],"Type":0,"WinLose":19,"Gold":0},{"SeatId":1,"Cards":[34,31,4,39,37],"Type":1,"WinLose":152,"Gold":69056},{"SeatId":2,"Cards":[27,1,48,13,35],"Type":0,"WinLose":-180,"Gold":55925}]}}
2024/04/29 12:00:16 [ERROR] read tcp [::1]:51472->[::1]:10001: wsarecv: An existing connection was forcibly closed by the remote host.
2024/04/29 13:50:03 [INFO] 連線中斷
2024/04/29 13:50:15 [INFO] Connect Success
2024/04/29 13:50:20 [INFO] Receive Message:{"Code":0,"Ret":"Login","Message":"Success.","Data":{"Gold":999775.85,"IconID":0,"Name":"Test_simon","UserId":88149641,"MatchGameCode":"","MatchGameTableId":0,"Version":"1.0.0","Marquee":null,"is_relogin":false,"JackpotInfo":{"coin":false,"coinId":"","coinexpiretime":0,"pool":10000},"JackpotEnable":false,"Language":{"1":{"CN":1,"EN":1,"VI":1,"PT":1,"TR":1},"1001":{"CN":1,"EN":1,"VI":1,"PT":1,"TR":0},"1002":{"CN":1,"EN":1,"VI":1,"PT":1,"TR":0},"1003":{"CN":1,"EN":1,"VI":1,"PT":1,"TR":0},"1004":{"CN":1,"EN":1,"VI":1,"PT":1,"TR":0},"1005":{"CN":1,"EN":1,"VI":1,"PT":1,"TR":0},"1006":{"CN":1,"EN":1,"VI":1,"PT":1,"TR":0},"1007":{"CN":1,"EN":1,"VI":1,"PT":1,"TR":0},"1008":{"CN":1,"EN":1,"VI":1,"PT":1,"TR":1},"1009":{"CN":1,"EN":1,"VI":1,"PT":1,"TR":0},"1010":{"CN":1,"EN":1,"VI":1,"PT":0,"TR":0},"2":{"CN":1,"EN":1,"VI":1,"PT":0,"TR":0},"2001":{"CN":1,"EN":1,"VI":1,"PT":1,"TR":1},"2002":{"CN":1,"EN":1,"VI":1,"PT":1,"TR":0},"2003":{"CN":1,"EN":1,"VI":1,"PT":1,"TR":0},"2004":{"CN":1,"EN":1,"VI":1,"PT":1,"TR":1},"2005":{"CN":1,"EN":1,"VI":1,"PT":1,"TR":0},"2006":{"CN":1,"EN":1,"VI":1,"PT":1,"TR":0},"2007":{"CN":1,"EN":1,"VI":1,"PT":1,"TR":0},"2008":{"CN":1,"EN":1,"VI":1,"PT":1,"TR":0},"2009":{"CN":1,"EN":1,"VI":1,"PT":1,"TR":0},"2010":{"CN":1,"EN":1,"VI":1,"PT":1,"TR":1},"2011":{"CN":1,"EN":1,"VI":1,"PT":1,"TR":0},"3001":{"CN":1,"EN":1,"VI":1,"PT":1,"TR":0},"3002":{"CN":1,"EN":1,"VI":1,"PT":1,"TR":0},"3003":{"CN":1,"EN":1,"VI":1,"PT":1,"TR":0},"4001":{"CN":1,"EN":1,"VI":1,"PT":1,"TR":0},"4002":{"CN":1,"EN":1,"VI":1,"PT":1,"TR":0},"4003":{"CN":1,"EN":1,"VI":1,"PT":0,"TR":0},"5001":{"CN":1,"EN":1,"VI":1,"PT":0,"TR":0},"9001":{"CN":1,"EN":1,"VI":1,"PT":1,"TR":0}},"wallet_type":0,"single_wallet_gold":0}}
2024/04/29 13:50:32 [INFO] Receive Message:{"Ret":"DebugMatchType","Data":{"matchtype":0}}
2024/04/29 13:50:32 [INFO] Receive Message:{"Code":0,"Ret":"JoinGame","Message":"Success.","Data":{"Gid":"","Fsm":"Init","RemainSec":1,"BaseBet":4,"EnterGold":24,"OwnSeat":2,"PlayerInfo":[{"seatId":2,"iconId":0,"name":"Test_simon","gold":999775.85}]}}
2024/04/29 13:50:33 [INFO] Receive Message:{"Ret":"ActGamePeriod","Data":{"Fsm":"Match","Gid":"2003-1784822559955488768","RemainSec":3,"TimeStamp":1714369833347}}
2024/04/29 13:50:33 [INFO] Receive Message:{"Ret":"ActGamePeriod","Data":{"Fsm":"Round","Gid":"2003-1784822559955488768","RemainSec":3,"TimeStamp":1714369833439}}
2024/04/29 13:50:33 [INFO] Receive Message:{"Ret":"ActTableStatus","Data":{"tablePlayerInfo":[{"seatId":1,"iconId":3,"name":"****k88","gold":48347},{"seatId":2,"iconId":0,"name":"****mon","gold":999775.85},{"seatId":3,"iconId":106,"name":"****a59","gold":13476}]}}
2024/04/29 13:50:34 [INFO] simon SendMessage={"JoinGame":{"TableID":20060}}
2024/04/29 13:50:34 [INFO] Receive Message:{"Code":200001,"Ret":"JoinGame","Message":"Data error."}
2024/04/29 13:50:36 [INFO] Receive Message:{"Ret":"ActGamePeriod","Data":{"Fsm":"Rob","Gid":"2003-1784822559955488768","RemainSec":5,"TimeStamp":1714369836442}}
2024/04/29 13:50:36 [INFO] Receive Message:{"Ret":"ActRobInfo","Data":{"RobInfo":[-1,1,2,3,4]}}
2024/04/29 13:50:38 [INFO] Receive Message:{"Ret":"ActPlayerRob","Data":{"SeatId":3,"Rob":4}}
2024/04/29 13:50:40 [INFO] Receive Message:{"Ret":"ActPlayerRob","Data":{"SeatId":1,"Rob":4}}
2024/04/29 13:50:41 [INFO] Receive Message:{"Ret":"ActGamePeriod","Data":{"Fsm":"Banker","Gid":"2003-1784822559955488768","RemainSec":3,"TimeStamp":1714369841438}}
2024/04/29 13:50:41 [INFO] Receive Message:{"Ret":"ActBanker","Data":{"SeatId":1,"BankerBet":4,"BankerList":[1,3]}}
2024/04/29 13:50:44 [INFO] Receive Message:{"Ret":"ActGamePeriod","Data":{"Fsm":"Bet","Gid":"2003-1784822559955488768","RemainSec":5,"TimeStamp":1714369844437}}
2024/04/29 13:50:44 [INFO] Receive Message:{"Ret":"ActBetInfo","Data":{"BetInfo":[1,8,15,22,30]}}
2024/04/29 13:50:45 [INFO] Receive Message:{"Ret":"ActPlayerBetInfo","Data":{"SeatId":3,"Bet":30}}
2024/04/29 13:50:49 [INFO] Receive Message:{"Ret":"ActPlayerBetInfo","Data":{"SeatId":2,"Bet":1}}
2024/04/29 13:50:49 [INFO] Receive Message:{"Ret":"ActGamePeriod","Data":{"Fsm":"Deal","Gid":"2003-1784822559955488768","RemainSec":1,"TimeStamp":1714369849444}}
2024/04/29 13:50:49 [INFO] Receive Message:{"Ret":"ActCardInfo","Data":{"Cards":[44,31,39,3,7]}}
2024/04/29 13:50:50 [INFO] Receive Message:{"Ret":"ActGamePeriod","Data":{"Fsm":"Result","Gid":"2003-1784822559955488768","RemainSec":10,"TimeStamp":1714369850440}}
2024/04/29 13:50:55 [INFO] Receive Message:{"Ret":"ActShowCards","Data":{"SeatId":1}}
2024/04/29 13:50:56 [INFO] Receive Message:{"Ret":"ActShowCards","Data":{"SeatId":3}}
2024/04/29 13:51:00 [INFO] Receive Message:{"Ret":"ActGamePeriod","Data":{"Fsm":"Settle","Gid":"2003-1784822559955488768","RemainSec":7,"TimeStamp":1714369860444}}
2024/04/29 13:51:00 [INFO] Receive Message:{"Ret":"ActGold","Data":{"Gold":0}}
2024/04/29 13:51:00 [INFO] Receive Message:{"Ret":"ActSettleInfo","Data":{"SettleInfo":[{"SeatId":2,"Cards":[44,31,7,39,3],"Type":5,"WinLose":-32,"Gold":0},{"SeatId":3,"Cards":[35,23,50,40,16],"Type":6,"WinLose":-960,"Gold":12516},{"SeatId":1,"Cards":[26,17,29,20,8],"Type":7,"WinLose":942.4,"Gold":49289.4}]}}
2024/04/29 14:35:30 [ERROR] read tcp [::1]:60515->[::1]:10001: wsarecv: An existing connection was forcibly closed by the remote host.
