2024/04/12 09:47:55 [INFO] 連線中斷
2024/04/12 09:48:01 [INFO] Connect Success
2024/04/12 09:48:04 [INFO] Receive Message:{"Code":0,"Ret":"Login","Message":"Success.","Data":{"Gold":999990.85,"IconID":0,"Name":"Test_simon","UserId":88149641,"MatchGameCode":"","MatchGameTableId":0,"Version":"1.0.0","Marquee":null,"is_relogin":false,"JackpotInfo":{"coin":false,"coinId":"","coinexpiretime":0,"pool":10000},"JackpotEnable":false,"Language":{"1":{"CN":1,"EN":1,"VI":1,"PT":1,"TR":1},"1001":{"CN":1,"EN":1,"VI":1,"PT":1,"TR":0},"1002":{"CN":1,"EN":1,"VI":1,"PT":1,"TR":0},"1003":{"CN":1,"EN":1,"VI":1,"PT":1,"TR":0},"1004":{"CN":1,"EN":1,"VI":1,"PT":1,"TR":0},"1005":{"CN":1,"EN":1,"VI":1,"PT":1,"TR":0},"1006":{"CN":1,"EN":1,"VI":1,"PT":1,"TR":0},"1007":{"CN":1,"EN":1,"VI":1,"PT":1,"TR":0},"1008":{"CN":1,"EN":1,"VI":1,"PT":1,"TR":1},"1009":{"CN":1,"EN":1,"VI":1,"PT":1,"TR":0},"1010":{"CN":1,"EN":1,"VI":1,"PT":0,"TR":0},"2001":{"CN":1,"EN":1,"VI":1,"PT":1,"TR":1},"2002":{"CN":1,"EN":1,"VI":1,"PT":1,"TR":0},"2003":{"CN":1,"EN":1,"VI":1,"PT":1,"TR":0},"2004":{"CN":1,"EN":1,"VI":1,"PT":1,"TR":1},"2005":{"CN":1,"EN":1,"VI":1,"PT":1,"TR":0},"2006":{"CN":1,"EN":1,"VI":1,"PT":1,"TR":0},"2007":{"CN":1,"EN":1,"VI":1,"PT":1,"TR":0},"2008":{"CN":1,"EN":1,"VI":1,"PT":1,"TR":0},"2009":{"CN":1,"EN":1,"VI":1,"PT":1,"TR":0},"2010":{"CN":1,"EN":1,"VI":1,"PT":1,"TR":1},"2011":{"CN":1,"EN":1,"VI":1,"PT":0,"TR":0},"3001":{"CN":1,"EN":1,"VI":1,"PT":1,"TR":0},"3002":{"CN":1,"EN":1,"VI":1,"PT":1,"TR":0},"3003":{"CN":1,"EN":1,"VI":1,"PT":1,"TR":0},"4001":{"CN":1,"EN":1,"VI":1,"PT":1,"TR":0},"4002":{"CN":1,"EN":1,"VI":1,"PT":0,"TR":0},"4003":{"CN":1,"EN":1,"VI":1,"PT":0,"TR":0},"9001":{"CN":1,"EN":1,"VI":1,"PT":1,"TR":0}},"wallet_type":0,"single_wallet_gold":0}}
2024/04/12 09:48:46 [ERROR] read tcp [::1]:53230->[::1]:10001: wsarecv: An existing connection was forcibly closed by the remote host.
2024/04/12 09:49:05 [INFO] 連線中斷
2024/04/12 09:49:11 [INFO] Connect Success
2024/04/12 09:49:14 [INFO] Receive Message:{"Code":0,"Ret":"Login","Message":"Success.","Data":{"Gold":999990.85,"IconID":0,"Name":"Test_simon","UserId":88149641,"MatchGameCode":"","MatchGameTableId":20010,"Version":"1.0.0","Marquee":null,"is_relogin":false,"JackpotInfo":{"coin":false,"coinId":"","coinexpiretime":0,"pool":10000},"JackpotEnable":false,"Language":{"1":{"CN":1,"EN":1,"VI":1,"PT":1,"TR":1},"1001":{"CN":1,"EN":1,"VI":1,"PT":1,"TR":0},"1002":{"CN":1,"EN":1,"VI":1,"PT":1,"TR":0},"1003":{"CN":1,"EN":1,"VI":1,"PT":1,"TR":0},"1004":{"CN":1,"EN":1,"VI":1,"PT":1,"TR":0},"1005":{"CN":1,"EN":1,"VI":1,"PT":1,"TR":0},"1006":{"CN":1,"EN":1,"VI":1,"PT":1,"TR":0},"1007":{"CN":1,"EN":1,"VI":1,"PT":1,"TR":0},"1008":{"CN":1,"EN":1,"VI":1,"PT":1,"TR":1},"1009":{"CN":1,"EN":1,"VI":1,"PT":1,"TR":0},"1010":{"CN":1,"EN":1,"VI":1,"PT":0,"TR":0},"2001":{"CN":1,"EN":1,"VI":1,"PT":1,"TR":1},"2002":{"CN":1,"EN":1,"VI":1,"PT":1,"TR":0},"2003":{"CN":1,"EN":1,"VI":1,"PT":1,"TR":0},"2004":{"CN":1,"EN":1,"VI":1,"PT":1,"TR":1},"2005":{"CN":1,"EN":1,"VI":1,"PT":1,"TR":0},"2006":{"CN":1,"EN":1,"VI":1,"PT":1,"TR":0},"2007":{"CN":1,"EN":1,"VI":1,"PT":1,"TR":0},"2008":{"CN":1,"EN":1,"VI":1,"PT":1,"TR":0},"2009":{"CN":1,"EN":1,"VI":1,"PT":1,"TR":0},"2010":{"CN":1,"EN":1,"VI":1,"PT":1,"TR":1},"2011":{"CN":1,"EN":1,"VI":1,"PT":0,"TR":0},"3001":{"CN":1,"EN":1,"VI":1,"PT":1,"TR":0},"3002":{"CN":1,"EN":1,"VI":1,"PT":1,"TR":0},"3003":{"CN":1,"EN":1,"VI":1,"PT":1,"TR":0},"4001":{"CN":1,"EN":1,"VI":1,"PT":1,"TR":0},"4002":{"CN":1,"EN":1,"VI":1,"PT":0,"TR":0},"4003":{"CN":1,"EN":1,"VI":1,"PT":0,"TR":0},"9001":{"CN":1,"EN":1,"VI":1,"PT":1,"TR":0}},"wallet_type":0,"single_wallet_gold":0}}
2024/04/12 09:49:29 [ERROR] read tcp [::1]:53272->[::1]:10001: wsarecv: An existing connection was forcibly closed by the remote host.
2024/04/12 10:00:37 [INFO] 連線中斷
2024/04/12 10:00:38 [INFO] Connect Success
2024/04/12 10:00:40 [INFO] Receive Message:{"Code":0,"Ret":"Login","Message":"Success.","Data":{"Gold":999990.85,"IconID":0,"Name":"Test_simon","UserId":88149641,"MatchGameCode":"","MatchGameTableId":0,"Version":"1.0.0","Marquee":null,"is_relogin":false,"JackpotInfo":{"coin":false,"coinId":"","coinexpiretime":0,"pool":10000},"JackpotEnable":false,"Language":{"1":{"CN":1,"EN":1,"VI":1,"PT":1,"TR":1},"1001":{"CN":1,"EN":1,"VI":1,"PT":1,"TR":0},"1002":{"CN":1,"EN":1,"VI":1,"PT":1,"TR":0},"1003":{"CN":1,"EN":1,"VI":1,"PT":1,"TR":0},"1004":{"CN":1,"EN":1,"VI":1,"PT":1,"TR":0},"1005":{"CN":1,"EN":1,"VI":1,"PT":1,"TR":0},"1006":{"CN":1,"EN":1,"VI":1,"PT":1,"TR":0},"1007":{"CN":1,"EN":1,"VI":1,"PT":1,"TR":0},"1008":{"CN":1,"EN":1,"VI":1,"PT":1,"TR":1},"1009":{"CN":1,"EN":1,"VI":1,"PT":1,"TR":0},"1010":{"CN":1,"EN":1,"VI":1,"PT":0,"TR":0},"2001":{"CN":1,"EN":1,"VI":1,"PT":1,"TR":1},"2002":{"CN":1,"EN":1,"VI":1,"PT":1,"TR":0},"2003":{"CN":1,"EN":1,"VI":1,"PT":1,"TR":0},"2004":{"CN":1,"EN":1,"VI":1,"PT":1,"TR":1},"2005":{"CN":1,"EN":1,"VI":1,"PT":1,"TR":0},"2006":{"CN":1,"EN":1,"VI":1,"PT":1,"TR":0},"2007":{"CN":1,"EN":1,"VI":1,"PT":1,"TR":0},"2008":{"CN":1,"EN":1,"VI":1,"PT":1,"TR":0},"2009":{"CN":1,"EN":1,"VI":1,"PT":1,"TR":0},"2010":{"CN":1,"EN":1,"VI":1,"PT":1,"TR":1},"2011":{"CN":1,"EN":1,"VI":1,"PT":0,"TR":0},"3001":{"CN":1,"EN":1,"VI":1,"PT":1,"TR":0},"3002":{"CN":1,"EN":1,"VI":1,"PT":1,"TR":0},"3003":{"CN":1,"EN":1,"VI":1,"PT":1,"TR":0},"4001":{"CN":1,"EN":1,"VI":1,"PT":1,"TR":0},"4002":{"CN":1,"EN":1,"VI":1,"PT":0,"TR":0},"4003":{"CN":1,"EN":1,"VI":1,"PT":0,"TR":0},"9001":{"CN":1,"EN":1,"VI":1,"PT":1,"TR":0}},"wallet_type":0,"single_wallet_gold":0}}
2024/04/12 10:01:04 [INFO] Receive Message:{"Ret":"DebugMatchType","Data":{"matchtype":0}}
2024/04/12 10:01:04 [INFO] Receive Message:{"Code":0,"Ret":"JoinGame","Message":"Success.","Data":{"Gid":"","BankerCards":[],"BankerCardPoint":0,"BetLimit":[[3,300]],"Chips":[3,15,30,75,150,300],"RemainSec":1,"BetInfo":{},"TableCards":{},"PlayerInfo":[{"seatId":3,"iconId":0,"name":"Test_simon","gold":999990.85,"IsBetFinish":false,"IsDouble":[false,false],"isSitDown":true,"point":[0,0],"is21Point":[false,false],"isFiveDragon":[false,false],"isBlackJack":[false,false],"bust":[false,false],"isSetInsurance":false,"isInsurance":false,"insuranceGold":0,"parentSeat":3}],"Fsm":"Init","TokenPlayerSeatInfo":{"seatId":-1,"splittime":0},"result":[]}}
2024/04/12 10:01:05 [INFO] Receive Message:{"Ret":"ActGamePeriod","Data":{"Fsm":"Match","Gid":"2001-1778604221373878272","RemainSec":3,"TimeStamp":1712887265897}}
2024/04/12 10:01:08 [INFO] Receive Message:{"Ret":"ActTableStatus","Data":{"tablePlayerInfo":[{"seatId":1,"iconId":7,"name":"****lle","gold":15720,"isSitDown":true},{"seatId":2,"iconId":101,"name":"****zel","gold":18547.4,"isSitDown":true},{"seatId":3,"iconId":0,"name":"****mon","gold":999990.85,"isSitDown":true},{"seatId":4,"iconId":0,"name":"****ney","gold":4967,"isSitDown":true}]}}
2024/04/12 10:01:08 [INFO] Receive Message:{"Ret":"ActGamePeriod","Data":{"Fsm":"Bet","Gid":"2001-1778604221373878272","RemainSec":20,"TimeStamp":1712887268897}}
2024/04/12 10:01:10 [INFO] Receive Message:{"Ret":"ActSeatOwner","Data":{"seatOwner":[{"seatId":1,"name":"****lle","parentSeat":1},{"seatId":2,"name":"****zel","parentSeat":2},{"seatId":3,"name":"****mon","parentSeat":3},{"seatId":4,"name":"****ney","parentSeat":4}]}}
2024/04/12 10:01:10 [INFO] Receive Message:{"Ret":"ActTableBetData","Data":{"tableBetData":[{"seatId":1,"bet":[150,0],"Gold":15570},{"seatId":2,"bet":[0,0],"Gold":18547.4},{"seatId":3,"bet":[0,0],"Gold":999990.85},{"seatId":4,"bet":[0,0],"Gold":4967}]}}
2024/04/12 10:01:10 [INFO] Receive Message:{"Ret":"ActSeatOwner","Data":{"seatOwner":[{"seatId":1,"name":"****lle","parentSeat":1},{"seatId":2,"name":"****zel","parentSeat":2},{"seatId":3,"name":"****mon","parentSeat":3},{"seatId":4,"name":"****ney","parentSeat":4}]}}
2024/04/12 10:01:10 [INFO] Receive Message:{"Ret":"ActTableBetData","Data":{"tableBetData":[{"seatId":1,"bet":[150,0],"Gold":15570},{"seatId":2,"bet":[300,0],"Gold":18247.4},{"seatId":3,"bet":[0,0],"Gold":999990.85},{"seatId":4,"bet":[0,0],"Gold":4967}]}}
2024/04/12 10:01:11 [INFO] Receive Message:{"Ret":"ActBetFinish","Data":{"seatId":1}}
2024/04/12 10:01:11 [INFO] Receive Message:{"Ret":"ActBetFinish","Data":{"seatId":2}}
2024/04/12 10:01:12 [INFO] Receive Message:{"Ret":"ActSeatOwner","Data":{"seatOwner":[{"seatId":1,"name":"****lle","parentSeat":1},{"seatId":2,"name":"****zel","parentSeat":2},{"seatId":3,"name":"****mon","parentSeat":3},{"seatId":4,"name":"****ney","parentSeat":4}]}}
2024/04/12 10:01:12 [INFO] Receive Message:{"Ret":"ActTableBetData","Data":{"tableBetData":[{"seatId":1,"bet":[150,0],"Gold":15570},{"seatId":2,"bet":[300,0],"Gold":18247.4},{"seatId":3,"bet":[0,0],"Gold":999990.85},{"seatId":4,"bet":[300,0],"Gold":4667}]}}
2024/04/12 10:01:12 [INFO] Receive Message:{"Ret":"ActBetFinish","Data":{"seatId":4}}
2024/04/12 10:01:28 [INFO] Receive Message:{"Ret":"ActGamePeriod","Data":{"Fsm":"Deal","Gid":"2001-1778604221373878272","RemainSec":3,"TimeStamp":1712887288884}}
2024/04/12 10:01:28 [INFO] Receive Message:{"Ret":"ActGold","Data":{"Gold":999987.85}}
2024/04/12 10:01:28 [INFO] Receive Message:{"Ret":"ActSeatOwner","Data":{"seatOwner":[{"seatId":1,"name":"****lle","parentSeat":1},{"seatId":2,"name":"****zel","parentSeat":2},{"seatId":3,"name":"****mon","parentSeat":3},{"seatId":4,"name":"****ney","parentSeat":4}]}}
2024/04/12 10:01:28 [INFO] Receive Message:{"Ret":"ActTableBetData","Data":{"tableBetData":[{"seatId":1,"bet":[150,0],"Gold":15570},{"seatId":2,"bet":[300,0],"Gold":18247.4},{"seatId":3,"bet":[3,0],"Gold":999987.85},{"seatId":4,"bet":[300,0],"Gold":4667}]}}
2024/04/12 10:01:28 [INFO] Receive Message:{"Ret":"ActDealCard","Data":{"bankerCards":[1,-1],"playerCards":[[],[20,49],[47,12],[30,27],[18,17]],"point":[0,18,19,7,11]}}
2024/04/12 10:01:31 [INFO] Receive Message:{"Ret":"ActGamePeriod","Data":{"Fsm":"Play","Gid":"2001-1778604221373878272","RemainSec":20,"TimeStamp":1712887291883}}
2024/04/12 10:01:31 [INFO] Receive Message:{"Ret":"ActTokenPlayerSeat","Data":{"SeatId":1}}
2024/04/12 10:01:34 [INFO] Receive Message:{"Ret":"ActStop","Data":{"SeatId":1}}
2024/04/12 10:01:34 [INFO] Receive Message:{"Ret":"ActGamePeriod","Data":{"Fsm":"Play","Gid":"2001-1778604221373878272","RemainSec":20,"TimeStamp":1712887294988}}
2024/04/12 10:01:34 [INFO] Receive Message:{"Ret":"ActTokenPlayerSeat","Data":{"SeatId":2}}
2024/04/12 10:01:36 [INFO] Receive Message:{"Ret":"ActStop","Data":{"SeatId":2}}
2024/04/12 10:01:36 [INFO] Receive Message:{"Ret":"ActGamePeriod","Data":{"Fsm":"Play","Gid":"2001-1778604221373878272","RemainSec":20,"TimeStamp":1712887296091}}
2024/04/12 10:01:36 [INFO] Receive Message:{"Ret":"ActTokenPlayerSeat","Data":{"SeatId":3}}
2024/04/12 10:01:56 [INFO] Receive Message:{"Ret":"ActGamePeriod","Data":{"Fsm":"Play","Gid":"2001-1778604221373878272","RemainSec":20,"TimeStamp":1712887316095}}
2024/04/12 10:01:56 [INFO] Receive Message:{"Ret":"ActTokenPlayerSeat","Data":{"SeatId":4}}
2024/04/12 10:01:59 [INFO] Receive Message:{"Ret":"ActHitCard","Data":{"seatId":4,"card":17,"bust":false,"point":16,"is21Point":false,"isFiveDragon":false,"isBlackJack":false}}
2024/04/12 10:02:01 [INFO] Receive Message:{"Ret":"ActHitCard","Data":{"seatId":4,"card":45,"bust":true,"point":23,"is21Point":false,"isFiveDragon":false,"isBlackJack":false}}
2024/04/12 10:02:03 [INFO] Receive Message:{"Ret":"ActGamePeriod","Data":{"Fsm":"Play","Gid":"2001-1778604221373878272","RemainSec":20,"TimeStamp":1712887323092}}
2024/04/12 10:02:06 [INFO] Receive Message:{"Ret":"ActGamePeriod","Data":{"Fsm":"Open","Gid":"2001-1778604221373878272","RemainSec":4,"TimeStamp":1712887326083}}
2024/04/12 10:02:06 [INFO] Receive Message:{"Ret":"ActBankerCard","Data":{"bust":false,"cards":[1,27,27,41,14],"point":11,"is21Point":false,"isFiveDragon":true,"isBlackJack":false}}
2024/04/12 10:02:14 [INFO] Receive Message:{"Ret":"ActGamePeriod","Data":{"Fsm":"Result","Gid":"2001-1778604221373878272","RemainSec":1,"TimeStamp":1712887330095}}
2024/04/12 10:02:14 [INFO] Receive Message:{"Ret":"ActMatchGameResult","Data":{"gid":"2001-1778604221373878272","result":[{"seatId":4,"bet":[300,0],"win":[0,0],"Gold":4667},{"seatId":1,"bet":[150,0],"win":[0,0],"Gold":15570},{"seatId":2,"bet":[300,0],"win":[0,0],"Gold":18247.4},{"seatId":3,"bet":[3,0],"win":[0,0],"Gold":999987.85}]}}
2024/04/12 10:02:40 [INFO] Receive Message:{"Ret":"DebugMatchType","Data":{"matchtype":0}}
2024/04/12 10:02:40 [INFO] Receive Message:{"Code":0,"Ret":"JoinGame","Message":"Success.","Data":{"Gid":"2001-1778604221373878272","BankerCards":[],"BankerCardPoint":0,"BetLimit":[[3,300]],"Chips":[3,15,30,75,150,300],"RemainSec":1,"BetInfo":{},"TableCards":{},"PlayerInfo":[{"seatId":4,"iconId":0,"name":"Test_simon","gold":999987.85,"IsBetFinish":false,"IsDouble":[false,false],"isSitDown":true,"point":[0,0],"is21Point":[false,false],"isFiveDragon":[false,false],"isBlackJack":[false,false],"bust":[false,false],"isSetInsurance":false,"isInsurance":false,"insuranceGold":0,"parentSeat":4}],"Fsm":"Init","TokenPlayerSeatInfo":{"seatId":-1,"splittime":0},"result":[]}}
2024/04/12 10:02:41 [INFO] Receive Message:{"Ret":"ActGamePeriod","Data":{"Fsm":"Match","Gid":"2001-1778604620625481728","RemainSec":3,"TimeStamp":1712887361082}}
2024/04/12 10:02:42 [ERROR] read tcp [::1]:53388->[::1]:10001: wsarecv: An existing connection was forcibly closed by the remote host.
