2024/05/10 16:41:51 [INFO] Connect Success
2024/05/10 16:42:04 [INFO] Receive Message:{"Code":0,"Ret":"Login","Message":"Success.","Data":{"Gold":999743.85,"IconID":0,"Name":"Test_simon","UserId":88149641,"MatchGameCode":"","MatchGameTableId":0,"Version":"1.0.0","Marquee":null,"is_relogin":false,"JackpotInfo":{"coin":false,"coinId":"","coinexpiretime":0,"pool":10000},"JackpotEnable":false,"Language":{"1":{"CN":1,"EN":1,"VI":1,"PT":1,"TR":1},"1001":{"CN":1,"EN":1,"VI":1,"PT":1,"TR":0},"1002":{"CN":1,"EN":1,"VI":1,"PT":1,"TR":0},"1003":{"CN":1,"EN":1,"VI":1,"PT":1,"TR":0},"1004":{"CN":1,"EN":1,"VI":1,"PT":1,"TR":0},"1005":{"CN":1,"EN":1,"VI":1,"PT":1,"TR":0},"1006":{"CN":1,"EN":1,"VI":1,"PT":1,"TR":0},"1007":{"CN":1,"EN":1,"VI":1,"PT":1,"TR":0},"1008":{"CN":1,"EN":1,"VI":1,"PT":1,"TR":1},"1009":{"CN":1,"EN":1,"VI":1,"PT":0,"TR":0},"1010":{"CN":1,"EN":1,"VI":1,"PT":0,"TR":0},"2":{"CN":1,"EN":1,"VI":1,"PT":0,"TR":0},"2001":{"CN":1,"EN":1,"VI":1,"PT":1,"TR":1},"2002":{"CN":1,"EN":1,"VI":1,"PT":1,"TR":0},"2003":{"CN":1,"EN":1,"VI":1,"PT":1,"TR":0},"2004":{"CN":1,"EN":1,"VI":1,"PT":1,"TR":1},"2005":{"CN":1,"EN":1,"VI":1,"PT":1,"TR":0},"2006":{"CN":1,"EN":1,"VI":1,"PT":1,"TR":0},"2007":{"CN":1,"EN":1,"VI":1,"PT":1,"TR":0},"2008":{"CN":1,"EN":1,"VI":1,"PT":1,"TR":0},"2009":{"CN":1,"EN":1,"VI":1,"PT":1,"TR":0},"2010":{"CN":1,"EN":1,"VI":1,"PT":1,"TR":1},"2011":{"CN":1,"EN":1,"VI":1,"PT":0,"TR":0},"3001":{"CN":1,"EN":1,"VI":1,"PT":1,"TR":0},"3002":{"CN":1,"EN":1,"VI":1,"PT":1,"TR":0},"3003":{"CN":1,"EN":1,"VI":1,"PT":1,"TR":0},"4001":{"CN":1,"EN":1,"VI":1,"PT":1,"TR":0},"4002":{"CN":1,"EN":1,"VI":1,"PT":1,"TR":0},"4003":{"CN":1,"EN":1,"VI":1,"PT":0,"TR":0},"5001":{"CN":1,"EN":1,"VI":1,"PT":0,"TR":0},"9001":{"CN":1,"EN":1,"VI":1,"PT":1,"TR":0}},"wallet_type":0,"single_wallet_gold":0}}
2024/05/10 16:43:58 [INFO] Receive Message:{"Code":0,"Ret":"IntoGame","Message":"Success.","Data":{"Gid":"","BetLimit":[[0.1,1]],"Chips":[0.1,0.2,0.3,0.4,0.5,0.6,0.7,0.8,0.9,1],"RemainSec":1,"PlayerInfo":[{"seatId":3,"iconId":0,"name":"Test_simon","gold":999743.85}],"Fsm":"Init"}}
2024/05/10 16:43:58 [INFO] Receive Message:{"Ret":"ActGold","Data":{"Gold":0}}
2024/05/10 16:44:08 [INFO] Receive Message:{"Ret":"ActGamePeriod","Data":{"Fsm":"Loading","Gid":"","RemainSec":3,"TimeStamp":1715330639870}}
2024/05/10 16:44:08 [INFO] Receive Message:{"Ret":"ActTableStatus","Data":{"tablePlayerInfo":[{"seatId":0,"iconId":113,"name":"****n22","gold":19536},{"seatId":1,"iconId":100,"name":"****vey","gold":28229},{"seatId":3,"iconId":0,"name":"****mon","gold":999743.85}]}}
2024/05/10 16:44:08 [INFO] Receive Message:{"Ret":"ActSceneNotify","Data":{"scene":1,"stage":1}}
2024/05/10 16:44:11 [INFO] Receive Message:{"Ret":"ActGamePeriod","Data":{"Fsm":"Shu","Gid":"3002-1788852522371256320","RemainSec":60,"TimeStamp":1715330651261}}
2024/05/10 16:44:12 [INFO] Receive Message:{"Ret":"ActCreateFish","Data":{"fishinfo":[{"index":1,"fishtype":1,"cts":1715330652265,"route":"L1_R1_1","speed":68},{"index":42,"fishtype":1,"cts":1715330652265,"route":"R7_L7_1","speed":68}],"formation":null}}
2024/05/10 16:44:13 [INFO] Receive Message:{"Ret":"ActCreateFish","Data":{"fishinfo":[{"index":2,"fishtype":1,"cts":1715330653270,"route":"L1_R1_1","speed":68},{"index":12,"fishtype":3,"cts":1715330653270,"route":"R4_L6","speed":68},{"index":21,"fishtype":2,"cts":1715330653270,"route":"R6_L4","speed":68},{"index":43,"fishtype":1,"cts":1715330653270,"route":"R7_L7_1","speed":68},{"index":55,"fishtype":3,"cts":1715330653270,"route":"L4_R5","speed":68},{"index":94,"fishtype":2,"cts":1715330653270,"route":"L6_R2","speed":68}],"formation":null}}
2024/05/10 16:44:14 [INFO] Receive Message:{"Ret":"ActCreateFish","Data":{"fishinfo":[{"index":3,"fishtype":1,"cts":1715330654276,"route":"L1_R1_1","speed":68},{"index":44,"fishtype":1,"cts":1715330654276,"route":"R7_L7_1","speed":68}],"formation":null}}
2024/05/10 16:44:15 [INFO] Receive Message:{"Ret":"ActCreateFish","Data":{"fishinfo":[{"index":4,"fishtype":1,"cts":1715330655264,"route":"L1_R1_1","speed":68},{"index":13,"fishtype":3,"cts":1715330655264,"route":"R4_L6","speed":68},{"index":22,"fishtype":2,"cts":1715330655264,"route":"R6_L4","speed":68},{"index":45,"fishtype":1,"cts":1715330655264,"route":"R7_L7_1","speed":68},{"index":56,"fishtype":3,"cts":1715330655264,"route":"L4_R5","speed":68},{"index":81,"fishtype":4,"cts":1715330655264,"route":"R6_L6_1","speed":68},{"index":95,"fishtype":2,"cts":1715330655264,"route":"L6_R2","speed":68}],"formation":null}}
2024/05/10 16:44:15 [INFO] Receive Message:{"Ret":"ActSyncShoot","Data":{"seatId":0,"bulletId":1,"bulletKind":0,"angle":0,"lockfish":42,"agentcall":true}}
2024/05/10 16:44:15 [INFO] Receive Message:{"Ret":"ActSyncShoot","Data":{"seatId":1,"bulletId":2,"bulletKind":0,"angle":0,"lockfish":42,"agentcall":true}}
2024/05/10 16:44:15 [INFO] Receive Message:{"Ret":"ActSyncShoot","Data":{"seatId":0,"bulletId":3,"bulletKind":0,"angle":0,"lockfish":42,"agentcall":true}}
2024/05/10 16:44:15 [INFO] simon SendMessage={"IntoGame":{"TableID":30021}}
2024/05/10 16:44:15 [INFO] Receive Message:{"Ret":"ActSyncShoot","Data":{"seatId":1,"bulletId":4,"bulletKind":0,"angle":0,"lockfish":42,"agentcall":true}}
2024/05/10 16:44:15 [INFO] Receive Message:{"Code":200001,"Ret":"IntoGame","Message":"Data error."}
2024/05/10 16:44:15 [INFO] Receive Message:{"Ret":"ActSyncShoot","Data":{"seatId":0,"bulletId":5,"bulletKind":0,"angle":0,"lockfish":42,"agentcall":true}}
2024/05/10 16:44:15 [INFO] Receive Message:{"Ret":"ActSyncShoot","Data":{"seatId":1,"bulletId":6,"bulletKind":0,"angle":0,"lockfish":42,"agentcall":true}}
2024/05/10 16:44:16 [INFO] Receive Message:{"Ret":"ActSyncShoot","Data":{"seatId":1,"bulletId":7,"bulletKind":0,"angle":0,"lockfish":42,"agentcall":true}}
2024/05/10 16:44:16 [INFO] Receive Message:{"Ret":"ActSyncShoot","Data":{"seatId":0,"bulletId":8,"bulletKind":0,"angle":0,"lockfish":42,"agentcall":true}}
2024/05/10 16:44:16 [INFO] Receive Message:{"Ret":"ActCreateFish","Data":{"fishinfo":[{"index":5,"fishtype":1,"cts":1715330656268,"route":"L1_R1_1","speed":68},{"index":46,"fishtype":1,"cts":1715330656268,"route":"R7_L7_1","speed":68},{"index":106,"fishtype":4,"cts":1715330656268,"route":"L2_R2_1","speed":68}],"formation":null}}
2024/05/10 16:44:16 [INFO] Receive Message:{"Ret":"ActSyncShoot","Data":{"seatId":0,"bulletId":9,"bulletKind":0,"angle":0,"lockfish":42,"agentcall":true}}
2024/05/10 16:44:16 [INFO] Receive Message:{"Ret":"ActSyncShoot","Data":{"seatId":1,"bulletId":10,"bulletKind":0,"angle":0,"lockfish":42,"agentcall":true}}
2024/05/10 16:44:16 [INFO] Receive Message:{"Ret":"ActSyncShoot","Data":{"seatId":0,"bulletId":11,"bulletKind":0,"angle":0,"lockfish":42,"agentcall":true}}
2024/05/10 16:44:16 [INFO] Receive Message:{"Ret":"ActSyncShoot","Data":{"seatId":1,"bulletId":12,"bulletKind":0,"angle":0,"lockfish":42,"agentcall":true}}
2024/05/10 16:44:16 [INFO] Receive Message:{"Ret":"ActSyncShoot","Data":{"seatId":0,"bulletId":13,"bulletKind":0,"angle":0,"lockfish":42,"agentcall":true}}
2024/05/10 16:44:16 [INFO] Receive Message:{"Ret":"ActSyncShoot","Data":{"seatId":1,"bulletId":14,"bulletKind":0,"angle":0,"lockfish":42,"agentcall":true}}
2024/05/10 16:44:16 [INFO] Receive Message:{"Ret":"ActSyncShoot","Data":{"seatId":0,"bulletId":15,"bulletKind":0,"angle":0,"lockfish":42,"agentcall":true}}
2024/05/10 16:44:16 [INFO] Receive Message:{"Ret":"ActSyncShoot","Data":{"seatId":1,"bulletId":16,"bulletKind":0,"angle":0,"lockfish":42,"agentcall":true}}
2024/05/10 16:44:17 [INFO] Receive Message:{"Ret":"ActSyncShoot","Data":{"seatId":0,"bulletId":17,"bulletKind":0,"angle":0,"lockfish":42,"agentcall":true}}
2024/05/10 16:44:17 [INFO] Receive Message:{"Ret":"ActSyncShoot","Data":{"seatId":1,"bulletId":18,"bulletKind":0,"angle":0,"lockfish":42,"agentcall":true}}
2024/05/10 16:44:17 [INFO] Receive Message:{"Ret":"ActCreateFish","Data":{"fishinfo":[{"index":23,"fishtype":2,"cts":1715330657279,"route":"R6_L4","speed":68},{"index":31,"fishtype":21,"cts":1715330657279,"route":"R4_L7","speed":75},{"index":74,"fishtype":5,"cts":1715330657279,"route":"L5_R6","speed":54},{"index":82,"fishtype":4,"cts":1715330657279,"route":"R6_L6_1","speed":68},{"index":96,"fishtype":2,"cts":1715330657279,"route":"L6_R2","speed":68},{"index":102,"fishtype":6,"cts":1715330657279,"route":"L4_R6","speed":60}],"formation":null}}
2024/05/10 16:44:17 [INFO] Receive Message:{"Ret":"ActSyncShoot","Data":{"seatId":0,"bulletId":19,"bulletKind":0,"angle":0,"lockfish":42,"agentcall":true}}
2024/05/10 16:44:17 [INFO] Receive Message:{"Ret":"ActSyncShoot","Data":{"seatId":1,"bulletId":20,"bulletKind":0,"angle":0,"lockfish":42,"agentcall":true}}
2024/05/10 16:44:17 [INFO] Receive Message:{"Ret":"ActSyncShoot","Data":{"seatId":0,"bulletId":21,"bulletKind":0,"angle":0,"lockfish":42,"agentcall":true}}
2024/05/10 16:44:17 [INFO] Receive Message:{"Ret":"ActSyncShoot","Data":{"seatId":1,"bulletId":22,"bulletKind":0,"angle":0,"lockfish":42,"agentcall":true}}
2024/05/10 16:44:17 [INFO] Receive Message:{"Ret":"ActSyncShoot","Data":{"seatId":0,"bulletId":23,"bulletKind":0,"angle":0,"lockfish":42,"agentcall":true}}
2024/05/10 16:44:17 [INFO] Receive Message:{"Ret":"ActSyncShoot","Data":{"seatId":1,"bulletId":24,"bulletKind":0,"angle":0,"lockfish":42,"agentcall":true}}
2024/05/10 16:44:17 [INFO] Receive Message:{"Ret":"ActSyncShoot","Data":{"seatId":0,"bulletId":25,"bulletKind":0,"angle":0,"lockfish":42,"agentcall":true}}
2024/05/10 16:44:17 [INFO] Receive Message:{"Ret":"ActSyncShoot","Data":{"seatId":1,"bulletId":26,"bulletKind":0,"angle":0,"lockfish":42,"agentcall":true}}
2024/05/10 16:44:18 [INFO] simon SendMessage={"IntoGame":{"TableID":30021}}
2024/05/10 16:44:18 [INFO] Receive Message:{"Code":200001,"Ret":"IntoGame","Message":"Data error."}
2024/05/10 16:44:18 [INFO] Receive Message:{"Ret":"ActSyncShoot","Data":{"seatId":0,"bulletId":27,"bulletKind":0,"angle":0,"lockfish":42,"agentcall":true}}
2024/05/10 16:44:18 [INFO] Receive Message:{"Ret":"ActSyncShoot","Data":{"seatId":1,"bulletId":28,"bulletKind":0,"angle":0,"lockfish":42,"agentcall":true}}
2024/05/10 16:44:18 [INFO] Receive Message:{"Ret":"ActCreateFish","Data":{"fishinfo":[{"index":107,"fishtype":4,"cts":1715330658262,"route":"L2_R2_1","speed":68}],"formation":null}}
2024/05/10 16:44:18 [INFO] Receive Message:{"Ret":"ActSyncShoot","Data":{"seatId":0,"bulletId":29,"bulletKind":0,"angle":0,"lockfish":42,"agentcall":true}}
2024/05/10 16:44:18 [INFO] Receive Message:{"Ret":"ActSyncShoot","Data":{"seatId":1,"bulletId":30,"bulletKind":0,"angle":0,"lockfish":42,"agentcall":true}}
2024/05/10 16:44:18 [INFO] Receive Message:{"Ret":"ActSyncShoot","Data":{"seatId":0,"bulletId":31,"bulletKind":0,"angle":0,"lockfish":42,"agentcall":true}}
2024/05/10 16:44:18 [INFO] Receive Message:{"Ret":"ActSyncShoot","Data":{"seatId":1,"bulletId":32,"bulletKind":0,"angle":0,"lockfish":42,"agentcall":true}}
2024/05/10 16:44:18 [INFO] Receive Message:{"Ret":"ActSyncShoot","Data":{"seatId":0,"bulletId":33,"bulletKind":0,"angle":0,"lockfish":42,"agentcall":true}}
2024/05/10 16:44:18 [INFO] Receive Message:{"Ret":"ActSyncShoot","Data":{"seatId":1,"bulletId":34,"bulletKind":0,"angle":0,"lockfish":42,"agentcall":true}}
2024/05/10 16:44:18 [INFO] Receive Message:{"Ret":"ActSyncShoot","Data":{"seatId":0,"bulletId":35,"bulletKind":0,"angle":0,"lockfish":42,"agentcall":true}}
2024/05/10 16:44:18 [INFO] Receive Message:{"Ret":"ActSyncShoot","Data":{"seatId":1,"bulletId":36,"bulletKind":0,"angle":0,"lockfish":42,"agentcall":true}}
2024/05/10 16:44:19 [INFO] simon SendMessage={"IntoGame":{"TableID":30021}}
2024/05/10 16:44:19 [INFO] Receive Message:{"Code":200001,"Ret":"IntoGame","Message":"Data error."}
2024/05/10 16:44:19 [INFO] Receive Message:{"Ret":"ActSyncShoot","Data":{"seatId":0,"bulletId":37,"bulletKind":0,"angle":0,"lockfish":42,"agentcall":true}}
2024/05/10 16:44:19 [INFO] Receive Message:{"Ret":"ActSyncShoot","Data":{"seatId":1,"bulletId":38,"bulletKind":0,"angle":0,"lockfish":42,"agentcall":true}}
2024/05/10 16:44:19 [INFO] Receive Message:{"Ret":"ActCreateFish","Data":{"fishinfo":[{"index":103,"fishtype":6,"cts":1715330659267,"route":"L4_R6","speed":60}],"formation":null}}
2024/05/10 16:44:19 [INFO] Receive Message:{"Ret":"ActSyncShoot","Data":{"seatId":0,"bulletId":39,"bulletKind":0,"angle":0,"lockfish":42,"agentcall":true}}
2024/05/10 16:44:19 [INFO] Receive Message:{"Ret":"ActSyncShoot","Data":{"seatId":1,"bulletId":40,"bulletKind":0,"angle":0,"lockfish":42,"agentcall":true}}
2024/05/10 16:44:19 [INFO] Receive Message:{"Ret":"ActSyncShoot","Data":{"seatId":0,"bulletId":41,"bulletKind":0,"angle":0,"lockfish":42,"agentcall":true}}
2024/05/10 16:44:19 [INFO] Receive Message:{"Ret":"ActSyncShoot","Data":{"seatId":1,"bulletId":42,"bulletKind":0,"angle":0,"lockfish":42,"agentcall":true}}
2024/05/10 16:44:19 [INFO] Receive Message:{"Ret":"ActSyncShoot","Data":{"seatId":0,"bulletId":43,"bulletKind":0,"angle":0,"lockfish":42,"agentcall":true}}
2024/05/10 16:44:19 [INFO] Receive Message:{"Ret":"ActSyncShoot","Data":{"seatId":1,"bulletId":44,"bulletKind":0,"angle":0,"lockfish":42,"agentcall":true}}
2024/05/10 16:44:19 [INFO] Receive Message:{"Ret":"ActSyncShoot","Data":{"seatId":0,"bulletId":45,"bulletKind":0,"angle":0,"lockfish":42,"agentcall":true}}
2024/05/10 16:44:19 [INFO] Receive Message:{"Ret":"ActSyncShoot","Data":{"seatId":1,"bulletId":46,"bulletKind":0,"angle":0,"lockfish":42,"agentcall":true}}
2024/05/10 16:44:20 [INFO] Receive Message:{"Ret":"ActSyncShoot","Data":{"seatId":0,"bulletId":47,"bulletKind":0,"angle":0,"lockfish":42,"agentcall":true}}
2024/05/10 16:44:20 [INFO] Receive Message:{"Ret":"ActSyncShoot","Data":{"seatId":1,"bulletId":48,"bulletKind":0,"angle":0,"lockfish":42,"agentcall":true}}
2024/05/10 16:44:20 [INFO] Receive Message:{"Ret":"ActSyncShoot","Data":{"seatId":0,"bulletId":49,"bulletKind":0,"angle":0,"lockfish":42,"agentcall":true}}
2024/05/10 16:44:20 [INFO] Receive Message:{"Ret":"ActSyncShoot","Data":{"seatId":1,"bulletId":50,"bulletKind":0,"angle":0,"lockfish":42,"agentcall":true}}
2024/05/10 16:44:20 [INFO] Receive Message:{"Ret":"ActSyncShoot","Data":{"seatId":0,"bulletId":51,"bulletKind":0,"angle":0,"lockfish":42,"agentcall":true}}
2024/05/10 16:44:20 [INFO] Receive Message:{"Ret":"ActSyncShoot","Data":{"seatId":1,"bulletId":52,"bulletKind":0,"angle":0,"lockfish":42,"agentcall":true}}
2024/05/10 16:44:20 [INFO] Receive Message:{"Ret":"ActSyncShoot","Data":{"seatId":0,"bulletId":53,"bulletKind":0,"angle":0,"lockfish":42,"agentcall":true}}
2024/05/10 16:44:20 [INFO] Receive Message:{"Ret":"ActSyncShoot","Data":{"seatId":1,"bulletId":54,"bulletKind":0,"angle":0,"lockfish":42,"agentcall":true}}
2024/05/10 16:44:20 [INFO] Receive Message:{"Ret":"ActSyncShoot","Data":{"seatId":0,"bulletId":55,"bulletKind":0,"angle":0,"lockfish":42,"agentcall":true}}
2024/05/10 16:44:20 [INFO] Receive Message:{"Ret":"ActSyncShoot","Data":{"seatId":1,"bulletId":56,"bulletKind":0,"angle":0,"lockfish":42,"agentcall":true}}
2024/05/10 16:44:21 [INFO] Receive Message:{"Ret":"ActSyncShoot","Data":{"seatId":0,"bulletId":57,"bulletKind":0,"angle":0,"lockfish":42,"agentcall":true}}
2024/05/10 16:44:21 [INFO] Receive Message:{"Ret":"ActSyncShoot","Data":{"seatId":1,"bulletId":58,"bulletKind":0,"angle":0,"lockfish":42,"agentcall":true}}
2024/05/10 16:44:21 [INFO] Receive Message:{"Ret":"ActSyncShoot","Data":{"seatId":0,"bulletId":59,"bulletKind":0,"angle":0,"lockfish":42,"agentcall":true}}
2024/05/10 16:44:21 [INFO] Receive Message:{"Ret":"ActSyncShoot","Data":{"seatId":1,"bulletId":60,"bulletKind":0,"angle":0,"lockfish":42,"agentcall":true}}
2024/05/10 16:44:21 [INFO] Receive Message:{"Ret":"ActSyncShoot","Data":{"seatId":0,"bulletId":61,"bulletKind":0,"angle":0,"lockfish":42,"agentcall":true}}
2024/05/10 16:44:21 [INFO] Receive Message:{"Ret":"ActSyncShoot","Data":{"seatId":1,"bulletId":62,"bulletKind":0,"angle":0,"lockfish":42,"agentcall":true}}
2024/05/10 16:44:21 [INFO] Receive Message:{"Ret":"ActSyncShoot","Data":{"seatId":1,"bulletId":63,"bulletKind":0,"angle":0,"lockfish":42,"agentcall":true}}
2024/05/10 16:44:21 [INFO] Receive Message:{"Ret":"ActSyncShoot","Data":{"seatId":0,"bulletId":64,"bulletKind":0,"angle":0,"lockfish":42,"agentcall":true}}
2024/05/10 16:44:21 [INFO] Receive Message:{"Ret":"ActSyncShoot","Data":{"seatId":0,"bulletId":65,"bulletKind":0,"angle":0,"lockfish":42,"agentcall":true}}
2024/05/10 16:44:21 [INFO] Receive Message:{"Ret":"ActSyncShoot","Data":{"seatId":1,"bulletId":66,"bulletKind":0,"angle":0,"lockfish":42,"agentcall":true}}
2024/05/10 16:44:22 [INFO] Receive Message:{"Ret":"ActSyncShoot","Data":{"seatId":0,"bulletId":67,"bulletKind":0,"angle":0,"lockfish":42,"agentcall":true}}
2024/05/10 16:44:22 [INFO] Receive Message:{"Ret":"ActSyncShoot","Data":{"seatId":1,"bulletId":68,"bulletKind":0,"angle":0,"lockfish":42,"agentcall":true}}
2024/05/10 16:44:22 [INFO] Receive Message:{"Ret":"ActCreateFish","Data":{"fishinfo":[{"index":75,"fishtype":5,"cts":1715330662273,"route":"L5_R6","speed":54}],"formation":null}}
2024/05/10 16:44:22 [INFO] Receive Message:{"Ret":"ActSyncShoot","Data":{"seatId":0,"bulletId":69,"bulletKind":0,"angle":0,"lockfish":42,"agentcall":true}}
2024/05/10 16:44:22 [INFO] Receive Message:{"Ret":"ActSyncShoot","Data":{"seatId":1,"bulletId":70,"bulletKind":0,"angle":0,"lockfish":42,"agentcall":true}}
2024/05/10 16:44:22 [INFO] Receive Message:{"Ret":"ActSyncShoot","Data":{"seatId":0,"bulletId":71,"bulletKind":0,"angle":0,"lockfish":42,"agentcall":true}}
2024/05/10 16:44:22 [INFO] Receive Message:{"Ret":"ActSyncShoot","Data":{"seatId":1,"bulletId":72,"bulletKind":0,"angle":0,"lockfish":42,"agentcall":true}}
2024/05/10 16:44:22 [INFO] Receive Message:{"Ret":"ActSyncShoot","Data":{"seatId":0,"bulletId":73,"bulletKind":0,"angle":0,"lockfish":42,"agentcall":true}}
2024/05/10 16:44:22 [INFO] Receive Message:{"Ret":"ActSyncShoot","Data":{"seatId":1,"bulletId":74,"bulletKind":0,"angle":0,"lockfish":42,"agentcall":true}}
2024/05/10 16:44:22 [INFO] Receive Message:{"Ret":"ActSyncShoot","Data":{"seatId":0,"bulletId":75,"bulletKind":0,"angle":0,"lockfish":42,"agentcall":true}}
2024/05/10 16:44:22 [INFO] Receive Message:{"Ret":"ActSyncShoot","Data":{"seatId":1,"bulletId":76,"bulletKind":0,"angle":0,"lockfish":42,"agentcall":true}}
2024/05/10 16:44:23 [INFO] Receive Message:{"Ret":"ActSyncShoot","Data":{"seatId":1,"bulletId":77,"bulletKind":0,"angle":0,"lockfish":42,"agentcall":true}}
2024/05/10 16:44:23 [INFO] Receive Message:{"Ret":"ActSyncShoot","Data":{"seatId":0,"bulletId":78,"bulletKind":0,"angle":0,"lockfish":42,"agentcall":true}}
2024/05/10 16:44:23 [INFO] Receive Message:{"Ret":"ActCreateFish","Data":{"fishinfo":[{"index":40,"fishtype":8,"cts":1715330663266,"route":"R1_L1_2","speed":72},{"index":87,"fishtype":7,"cts":1715330663266,"route":"L3_R5","speed":60}],"formation":null}}
2024/05/10 16:44:23 [INFO] Receive Message:{"Ret":"ActSyncShoot","Data":{"seatId":0,"bulletId":79,"bulletKind":0,"angle":0,"lockfish":42,"agentcall":true}}
2024/05/10 16:44:23 [INFO] Receive Message:{"Ret":"ActSyncShoot","Data":{"seatId":1,"bulletId":80,"bulletKind":0,"angle":0,"lockfish":42,"agentcall":true}}
2024/05/10 16:44:23 [INFO] Receive Message:{"Ret":"ActSyncShoot","Data":{"seatId":0,"bulletId":81,"bulletKind":0,"angle":0,"lockfish":42,"agentcall":true}}
2024/05/10 16:44:23 [INFO] Receive Message:{"Ret":"ActSyncShoot","Data":{"seatId":1,"bulletId":82,"bulletKind":0,"angle":0,"lockfish":42,"agentcall":true}}
2024/05/10 16:44:23 [INFO] Receive Message:{"Ret":"ActSyncShoot","Data":{"seatId":0,"bulletId":83,"bulletKind":0,"angle":0,"lockfish":42,"agentcall":true}}
2024/05/10 16:44:23 [INFO] Receive Message:{"Ret":"ActSyncShoot","Data":{"seatId":1,"bulletId":84,"bulletKind":0,"angle":0,"lockfish":42,"agentcall":true}}
2024/05/10 16:44:23 [INFO] Receive Message:{"Ret":"ActSyncShoot","Data":{"seatId":0,"bulletId":85,"bulletKind":0,"angle":0,"lockfish":42,"agentcall":true}}
2024/05/10 16:44:23 [INFO] Receive Message:{"Ret":"ActSyncShoot","Data":{"seatId":1,"bulletId":86,"bulletKind":0,"angle":0,"lockfish":42,"agentcall":true}}
2024/05/10 16:44:24 [INFO] simon SendMessage={"IntoGame":{"TableID":30021}}
2024/05/10 16:44:24 [INFO] Receive Message:{"Code":200001,"Ret":"IntoGame","Message":"Data error."}
2024/05/10 16:44:24 [INFO] Receive Message:{"Ret":"ActSyncShoot","Data":{"seatId":0,"bulletId":87,"bulletKind":0,"angle":0,"lockfish":42,"agentcall":true}}
2024/05/10 16:44:24 [INFO] Receive Message:{"Ret":"ActSyncShoot","Data":{"seatId":1,"bulletId":88,"bulletKind":0,"angle":0,"lockfish":42,"agentcall":true}}
2024/05/10 16:44:24 [INFO] Receive Message:{"Ret":"ActCreateFish","Data":{"fishinfo":[{"index":41,"fishtype":8,"cts":1715330664259,"route":"R1_L1_2","speed":72}],"formation":null}}
2024/05/10 16:44:24 [INFO] Receive Message:{"Ret":"ActSyncShoot","Data":{"seatId":0,"bulletId":89,"bulletKind":0,"angle":0,"lockfish":42,"agentcall":true}}
2024/05/10 16:44:24 [INFO] Receive Message:{"Ret":"ActSyncShoot","Data":{"seatId":1,"bulletId":90,"bulletKind":0,"angle":0,"lockfish":42,"agentcall":true}}
2024/05/10 16:44:24 [INFO] Receive Message:{"Ret":"ActSyncShoot","Data":{"seatId":0,"bulletId":91,"bulletKind":0,"angle":0,"lockfish":42,"agentcall":true}}
2024/05/10 16:44:24 [INFO] Receive Message:{"Ret":"ActSyncShoot","Data":{"seatId":1,"bulletId":92,"bulletKind":0,"angle":0,"lockfish":42,"agentcall":true}}
2024/05/10 16:44:24 [INFO] Receive Message:{"Ret":"ActSyncShoot","Data":{"seatId":0,"bulletId":93,"bulletKind":0,"angle":0,"lockfish":42,"agentcall":true}}
2024/05/10 16:44:24 [INFO] Receive Message:{"Ret":"ActSyncShoot","Data":{"seatId":1,"bulletId":94,"bulletKind":0,"angle":0,"lockfish":42,"agentcall":true}}
2024/05/10 16:44:24 [INFO] Receive Message:{"Ret":"ActSyncShoot","Data":{"seatId":0,"bulletId":95,"bulletKind":0,"angle":0,"lockfish":42,"agentcall":true}}
2024/05/10 16:44:24 [INFO] Receive Message:{"Ret":"ActSyncShoot","Data":{"seatId":1,"bulletId":96,"bulletKind":0,"angle":0,"lockfish":42,"agentcall":true}}
2024/05/10 16:44:25 [INFO] Receive Message:{"Ret":"ActSyncShoot","Data":{"seatId":1,"bulletId":97,"bulletKind":0,"angle":0,"lockfish":42,"agentcall":true}}
2024/05/10 16:44:25 [INFO] Receive Message:{"Ret":"ActSyncShoot","Data":{"seatId":0,"bulletId":98,"bulletKind":0,"angle":0,"lockfish":42,"agentcall":true}}
2024/05/10 16:44:25 [INFO] Receive Message:{"Ret":"ActCreateFish","Data":{"fishinfo":[{"index":18,"fishtype":9,"cts":1715330665264,"route":"L1_R2","speed":72},{"index":64,"fishtype":10,"cts":1715330665264,"route":"R6_L6_2","speed":68}],"formation":null}}
2024/05/10 16:44:25 [INFO] Receive Message:{"Ret":"ActSyncShoot","Data":{"seatId":0,"bulletId":99,"bulletKind":0,"angle":0,"lockfish":42,"agentcall":true}}
2024/05/10 16:44:25 [INFO] Receive Message:{"Ret":"ActSyncShoot","Data":{"seatId":1,"bulletId":100,"bulletKind":0,"angle":0,"lockfish":42,"agentcall":true}}
2024/05/10 16:44:25 [INFO] simon SendMessage={"IntoGame":{"TableID":30021}}
2024/05/10 16:44:25 [INFO] Receive Message:{"Code":200001,"Ret":"IntoGame","Message":"Data error."}
2024/05/10 16:44:25 [INFO] Receive Message:{"Ret":"ActSyncShoot","Data":{"seatId":1,"bulletId":101,"bulletKind":0,"angle":0,"lockfish":42,"agentcall":true}}
2024/05/10 16:44:25 [INFO] Receive Message:{"Ret":"ActSyncShoot","Data":{"seatId":0,"bulletId":102,"bulletKind":0,"angle":0,"lockfish":42,"agentcall":true}}
2024/05/10 16:44:25 [INFO] Receive Message:{"Ret":"ActSyncShoot","Data":{"seatId":0,"bulletId":103,"bulletKind":0,"angle":0,"lockfish":42,"agentcall":true}}
2024/05/10 16:44:25 [INFO] Receive Message:{"Ret":"ActSyncShoot","Data":{"seatId":1,"bulletId":104,"bulletKind":0,"angle":0,"lockfish":42,"agentcall":true}}
2024/05/10 16:44:25 [INFO] Receive Message:{"Ret":"ActSyncShoot","Data":{"seatId":1,"bulletId":105,"bulletKind":0,"angle":0,"lockfish":42,"agentcall":true}}
2024/05/10 16:44:25 [INFO] Receive Message:{"Ret":"ActSyncShoot","Data":{"seatId":0,"bulletId":106,"bulletKind":0,"angle":0,"lockfish":42,"agentcall":true}}
2024/05/10 16:44:26 [INFO] Receive Message:{"Ret":"ActSyncShoot","Data":{"seatId":0,"bulletId":107,"bulletKind":0,"angle":0,"lockfish":42,"agentcall":true}}
2024/05/10 16:44:26 [INFO] Receive Message:{"Ret":"ActSyncShoot","Data":{"seatId":1,"bulletId":108,"bulletKind":0,"angle":0,"lockfish":42,"agentcall":true}}
2024/05/10 16:44:26 [INFO] Receive Message:{"Ret":"ActSyncShoot","Data":{"seatId":0,"bulletId":109,"bulletKind":0,"angle":0,"lockfish":42,"agentcall":true}}
2024/05/10 16:44:26 [INFO] Receive Message:{"Ret":"ActSyncShoot","Data":{"seatId":1,"bulletId":110,"bulletKind":0,"angle":0,"lockfish":42,"agentcall":true}}
2024/05/10 16:44:26 [INFO] simon SendMessage={"IntoGame":{"TableID":30021}}
2024/05/10 16:44:26 [INFO] Receive Message:{"Code":200001,"Ret":"IntoGame","Message":"Data error."}
2024/05/10 16:44:26 [INFO] Receive Message:{"Ret":"ActSyncShoot","Data":{"seatId":0,"bulletId":111,"bulletKind":0,"angle":0,"lockfish":42,"agentcall":true}}
2024/05/10 16:44:26 [INFO] Receive Message:{"Ret":"ActSyncShoot","Data":{"seatId":1,"bulletId":112,"bulletKind":0,"angle":0,"lockfish":42,"agentcall":true}}
2024/05/10 16:44:26 [INFO] Receive Message:{"Ret":"ActSyncShoot","Data":{"seatId":1,"bulletId":113,"bulletKind":0,"angle":0,"lockfish":42,"agentcall":true}}
2024/05/10 16:44:26 [INFO] Receive Message:{"Ret":"ActSyncShoot","Data":{"seatId":0,"bulletId":114,"bulletKind":0,"angle":0,"lockfish":42,"agentcall":true}}
2024/05/10 16:44:26 [INFO] Receive Message:{"Ret":"ActSyncShoot","Data":{"seatId":0,"bulletId":115,"bulletKind":0,"angle":0,"lockfish":42,"agentcall":true}}
2024/05/10 16:44:26 [INFO] Receive Message:{"Ret":"ActSyncShoot","Data":{"seatId":1,"bulletId":116,"bulletKind":0,"angle":0,"lockfish":42,"agentcall":true}}
2024/05/10 16:44:27 [INFO] Receive Message:{"Ret":"ActSyncShoot","Data":{"seatId":0,"bulletId":117,"bulletKind":0,"angle":0,"lockfish":42,"agentcall":true}}
2024/05/10 16:44:27 [INFO] Receive Message:{"Ret":"ActSyncShoot","Data":{"seatId":1,"bulletId":118,"bulletKind":0,"angle":0,"lockfish":42,"agentcall":true}}
2024/05/10 16:44:27 [INFO] Receive Message:{"Ret":"ActCreateFish","Data":{"fishinfo":[{"index":62,"fishtype":22,"cts":1715330667264,"route":"L3_R6","speed":75},{"index":65,"fishtype":10,"cts":1715330667264,"route":"R6_L6_2","speed":68}],"formation":null}}
2024/05/10 16:44:27 [INFO] Receive Message:{"Ret":"ActSyncShoot","Data":{"seatId":0,"bulletId":119,"bulletKind":0,"angle":0,"lockfish":42,"agentcall":true}}
2024/05/10 16:44:27 [INFO] Receive Message:{"Ret":"ActSyncShoot","Data":{"seatId":1,"bulletId":120,"bulletKind":0,"angle":0,"lockfish":42,"agentcall":true}}
2024/05/10 16:44:27 [INFO] Receive Message:{"Code":200001,"Ret":"IntoGame","Message":"Data error."}
2024/05/10 16:44:27 [INFO] simon SendMessage={"IntoGame":{"TableID":30021}}
2024/05/10 16:44:27 [INFO] Receive Message:{"Ret":"ActSyncShoot","Data":{"seatId":0,"bulletId":121,"bulletKind":0,"angle":0,"lockfish":42,"agentcall":true}}
2024/05/10 16:44:27 [INFO] Receive Message:{"Ret":"ActSyncShoot","Data":{"seatId":1,"bulletId":122,"bulletKind":0,"angle":0,"lockfish":42,"agentcall":true}}
2024/05/10 16:44:27 [INFO] Receive Message:{"Ret":"ActSyncShoot","Data":{"seatId":0,"bulletId":123,"bulletKind":0,"angle":0,"lockfish":42,"agentcall":true}}
2024/05/10 16:44:27 [INFO] Receive Message:{"Ret":"ActSyncShoot","Data":{"seatId":1,"bulletId":124,"bulletKind":0,"angle":0,"lockfish":42,"agentcall":true}}
2024/05/10 16:44:27 [INFO] Receive Message:{"Ret":"ActSyncShoot","Data":{"seatId":0,"bulletId":125,"bulletKind":0,"angle":0,"lockfish":42,"agentcall":true}}
2024/05/10 16:44:27 [INFO] Receive Message:{"Ret":"ActSyncShoot","Data":{"seatId":1,"bulletId":126,"bulletKind":0,"angle":0,"lockfish":42,"agentcall":true}}
2024/05/10 16:44:28 [INFO] Receive Message:{"Ret":"ActSyncShoot","Data":{"seatId":0,"bulletId":127,"bulletKind":0,"angle":0,"lockfish":42,"agentcall":true}}
2024/05/10 16:44:28 [INFO] Receive Message:{"Ret":"ActSyncShoot","Data":{"seatId":1,"bulletId":128,"bulletKind":0,"angle":0,"lockfish":42,"agentcall":true}}
2024/05/10 16:44:28 [INFO] Receive Message:{"Ret":"ActCreateFish","Data":{"fishinfo":[{"index":17,"fishtype":11,"cts":1715330668261,"route":"R3_L2","speed":78},{"index":59,"fishtype":12,"cts":1715330668261,"route":"R2_L2_2","speed":78},{"index":67,"fishtype":25,"cts":1715330668261,"route":"L2_R2_1","speed":71}],"formation":null}}
2024/05/10 16:44:28 [INFO] Receive Message:{"Ret":"ActSyncShoot","Data":{"seatId":0,"bulletId":129,"bulletKind":0,"angle":0,"lockfish":42,"agentcall":true}}
2024/05/10 16:44:28 [INFO] Receive Message:{"Ret":"ActSyncShoot","Data":{"seatId":1,"bulletId":130,"bulletKind":0,"angle":0,"lockfish":42,"agentcall":true}}
2024/05/10 16:44:28 [INFO] simon SendMessage={"IntoGame":{"TableID":30021}}
2024/05/10 16:44:28 [INFO] Receive Message:{"Code":200001,"Ret":"IntoGame","Message":"Data error."}
2024/05/10 16:44:28 [INFO] Receive Message:{"Ret":"ActSyncShoot","Data":{"seatId":1,"bulletId":131,"bulletKind":0,"angle":0,"lockfish":42,"agentcall":true}}
2024/05/10 16:44:28 [INFO] Receive Message:{"Ret":"ActSyncShoot","Data":{"seatId":0,"bulletId":132,"bulletKind":0,"angle":0,"lockfish":42,"agentcall":true}}
2024/05/10 16:44:28 [INFO] Receive Message:{"Ret":"ActSyncShoot","Data":{"seatId":0,"bulletId":133,"bulletKind":0,"angle":0,"lockfish":42,"agentcall":true}}
2024/05/10 16:44:28 [INFO] Receive Message:{"Ret":"ActSyncShoot","Data":{"seatId":1,"bulletId":134,"bulletKind":0,"angle":0,"lockfish":42,"agentcall":true}}
2024/05/10 16:44:28 [INFO] Receive Message:{"Ret":"ActSyncShoot","Data":{"seatId":0,"bulletId":135,"bulletKind":0,"angle":0,"lockfish":42,"agentcall":true}}
2024/05/10 16:44:28 [INFO] Receive Message:{"Ret":"ActSyncShoot","Data":{"seatId":1,"bulletId":136,"bulletKind":0,"angle":0,"lockfish":42,"agentcall":true}}
2024/05/10 16:44:29 [INFO] Receive Message:{"Ret":"ActSyncShoot","Data":{"seatId":0,"bulletId":137,"bulletKind":0,"angle":0,"lockfish":42,"agentcall":true}}
2024/05/10 16:44:29 [INFO] Receive Message:{"Ret":"ActSyncShoot","Data":{"seatId":1,"bulletId":138,"bulletKind":0,"angle":0,"lockfish":42,"agentcall":true}}
2024/05/10 16:44:29 [INFO] Receive Message:{"Ret":"ActCreateFish","Data":{"fishinfo":[{"index":60,"fishtype":12,"cts":1715330669271,"route":"R2_L2_2","speed":78},{"index":68,"fishtype":13,"cts":1715330669271,"route":"R5_L5_1","speed":78}],"formation":null}}
2024/05/10 16:44:29 [INFO] Receive Message:{"Ret":"ActSyncShoot","Data":{"seatId":0,"bulletId":139,"bulletKind":0,"angle":0,"lockfish":42,"agentcall":true}}
2024/05/10 16:44:29 [INFO] Receive Message:{"Ret":"ActSyncShoot","Data":{"seatId":1,"bulletId":140,"bulletKind":0,"angle":0,"lockfish":42,"agentcall":true}}
2024/05/10 16:44:29 [INFO] simon SendMessage={"IntoGame":{"TableID":30021}}
2024/05/10 16:44:29 [INFO] Receive Message:{"Code":200001,"Ret":"IntoGame","Message":"Data error."}
2024/05/10 16:44:29 [INFO] Receive Message:{"Ret":"ActSyncShoot","Data":{"seatId":0,"bulletId":141,"bulletKind":0,"angle":0,"lockfish":42,"agentcall":true}}
2024/05/10 16:44:29 [INFO] Receive Message:{"Ret":"ActSyncShoot","Data":{"seatId":1,"bulletId":142,"bulletKind":0,"angle":0,"lockfish":42,"agentcall":true}}
2024/05/10 16:44:29 [INFO] Receive Message:{"Ret":"ActSyncShoot","Data":{"seatId":0,"bulletId":143,"bulletKind":0,"angle":0,"lockfish":42,"agentcall":true}}
2024/05/10 16:44:29 [INFO] Receive Message:{"Ret":"ActSyncShoot","Data":{"seatId":1,"bulletId":144,"bulletKind":0,"angle":0,"lockfish":42,"agentcall":true}}
2024/05/10 16:44:30 [ERROR] read tcp [::1]:64917->[::1]:10001: wsarecv: An existing connection was forcibly closed by the remote host.
2024/05/10 16:44:30 [INFO] simon SendMessage={"IntoGame":{"TableID":30021}}
2024/05/10 16:44:30 [ERROR] simon write tcp [::1]:64917->[::1]:10001: wsasend: An existing connection was forcibly closed by the remote host.
2024/05/10 16:44:31 [INFO] simon SendMessage={"IntoGame":{"TableID":30021}}
2024/05/10 16:44:31 [ERROR] simon write tcp [::1]:64917->[::1]:10001: wsasend: An existing connection was forcibly closed by the remote host.
2024/05/10 16:44:32 [INFO] simon SendMessage={"IntoGame":{"TableID":30021}}
2024/05/10 16:44:32 [ERROR] simon write tcp [::1]:64917->[::1]:10001: wsasend: An existing connection was forcibly closed by the remote host.
2024/05/10 16:44:33 [INFO] simon SendMessage={"IntoGame":{"TableID":30021}}
2024/05/10 16:44:33 [ERROR] simon write tcp [::1]:64917->[::1]:10001: wsasend: An existing connection was forcibly closed by the remote host.
2024/05/10 16:44:34 [INFO] simon SendMessage={"IntoGame":{"TableID":30021}}
2024/05/10 16:44:34 [ERROR] simon write tcp [::1]:64917->[::1]:10001: wsasend: An existing connection was forcibly closed by the remote host.
2024/05/10 16:44:35 [INFO] simon SendMessage={"IntoGame":{"TableID":30021}}
2024/05/10 16:44:35 [ERROR] simon write tcp [::1]:64917->[::1]:10001: wsasend: An existing connection was forcibly closed by the remote host.
2024/05/10 16:45:50 [INFO] Connect Success
2024/05/10 16:45:57 [INFO] Receive Message:{"Code":0,"Ret":"Login","Message":"Success.","Data":{"Gold":999743.85,"IconID":0,"Name":"Test_simon","UserId":88149641,"MatchGameCode":"","MatchGameTableId":0,"Version":"1.0.0","Marquee":null,"is_relogin":false,"JackpotInfo":{"coin":false,"coinId":"","coinexpiretime":0,"pool":10000},"JackpotEnable":false,"Language":{"1":{"CN":1,"EN":1,"VI":1,"PT":1,"TR":1},"1001":{"CN":1,"EN":1,"VI":1,"PT":1,"TR":0},"1002":{"CN":1,"EN":1,"VI":1,"PT":1,"TR":0},"1003":{"CN":1,"EN":1,"VI":1,"PT":1,"TR":0},"1004":{"CN":1,"EN":1,"VI":1,"PT":1,"TR":0},"1005":{"CN":1,"EN":1,"VI":1,"PT":1,"TR":0},"1006":{"CN":1,"EN":1,"VI":1,"PT":1,"TR":0},"1007":{"CN":1,"EN":1,"VI":1,"PT":1,"TR":0},"1008":{"CN":1,"EN":1,"VI":1,"PT":1,"TR":1},"1009":{"CN":1,"EN":1,"VI":1,"PT":0,"TR":0},"1010":{"CN":1,"EN":1,"VI":1,"PT":0,"TR":0},"2":{"CN":1,"EN":1,"VI":1,"PT":0,"TR":0},"2001":{"CN":1,"EN":1,"VI":1,"PT":1,"TR":1},"2002":{"CN":1,"EN":1,"VI":1,"PT":1,"TR":0},"2003":{"CN":1,"EN":1,"VI":1,"PT":1,"TR":0},"2004":{"CN":1,"EN":1,"VI":1,"PT":1,"TR":1},"2005":{"CN":1,"EN":1,"VI":1,"PT":1,"TR":0},"2006":{"CN":1,"EN":1,"VI":1,"PT":1,"TR":0},"2007":{"CN":1,"EN":1,"VI":1,"PT":1,"TR":0},"2008":{"CN":1,"EN":1,"VI":1,"PT":1,"TR":0},"2009":{"CN":1,"EN":1,"VI":1,"PT":1,"TR":0},"2010":{"CN":1,"EN":1,"VI":1,"PT":1,"TR":1},"2011":{"CN":1,"EN":1,"VI":1,"PT":0,"TR":0},"3001":{"CN":1,"EN":1,"VI":1,"PT":1,"TR":0},"3002":{"CN":1,"EN":1,"VI":1,"PT":1,"TR":0},"3003":{"CN":1,"EN":1,"VI":1,"PT":1,"TR":0},"4001":{"CN":1,"EN":1,"VI":1,"PT":1,"TR":0},"4002":{"CN":1,"EN":1,"VI":1,"PT":1,"TR":0},"4003":{"CN":1,"EN":1,"VI":1,"PT":0,"TR":0},"5001":{"CN":1,"EN":1,"VI":1,"PT":0,"TR":0},"9001":{"CN":1,"EN":1,"VI":1,"PT":1,"TR":0}},"wallet_type":0,"single_wallet_gold":0}}
2024/05/10 16:46:05 [INFO] Receive Message:{"Code":0,"Ret":"IntoGame","Message":"Success.","Data":{"Gid":"","BetLimit":[[0.1,1]],"Chips":[0.1,0.2,0.3,0.4,0.5,0.6,0.7,0.8,0.9,1],"RemainSec":1,"PlayerInfo":[{"seatId":3,"iconId":0,"name":"Test_simon","gold":999743.85}],"Fsm":"Init"}}
2024/05/10 16:46:05 [INFO] Receive Message:{"Ret":"ActGold","Data":{"Gold":0}}
2024/05/10 16:46:06 [INFO] Receive Message:{"Ret":"ActGamePeriod","Data":{"Fsm":"Loading","Gid":"","RemainSec":3,"TimeStamp":1715330766168}}
2024/05/10 16:46:06 [INFO] Receive Message:{"Ret":"ActTableStatus","Data":{"tablePlayerInfo":[{"seatId":0,"iconId":100,"name":"****rus","gold":8586},{"seatId":1,"iconId":9,"name":"****ell","gold":15137.9},{"seatId":3,"iconId":0,"name":"****mon","gold":999743.85}]}}
2024/05/10 16:46:06 [INFO] Receive Message:{"Ret":"ActSceneNotify","Data":{"scene":1,"stage":1}}
2024/05/10 16:46:09 [INFO] Receive Message:{"Ret":"ActGamePeriod","Data":{"Fsm":"Shu","Gid":"3002-1788853016909058048","RemainSec":60,"TimeStamp":1715330769169}}
2024/05/10 16:46:10 [INFO] Receive Message:{"Ret":"ActCreateFish","Data":{"fishinfo":[{"index":23,"fishtype":1,"cts":1715330770162,"route":"L1_R1_1","speed":68},{"index":63,"fishtype":1,"cts":1715330770162,"route":"R7_L7_1","speed":68}],"formation":null}}
2024/05/10 16:46:10 [INFO] simon SendMessage={"IntoGame":{"TableID":30021}}
2024/05/10 16:46:26 [INFO] Receive Message:{"Ret":"ActSyncShoot","Data":{"seatId":1,"bulletId":1,"bulletKind":0,"angle":0,"lockfish":23,"agentcall":true}}
2024/05/10 16:46:26 [INFO] Receive Message:{"Ret":"ActSyncShoot","Data":{"seatId":0,"bulletId":2,"bulletKind":0,"angle":0,"lockfish":23,"agentcall":true}}
2024/05/10 16:46:26 [INFO] Receive Message:{"Ret":"ActCreateFish","Data":{"fishinfo":[{"index":24,"fishtype":1,"cts":1715330786230,"route":"L1_R1_1","speed":68},{"index":64,"fishtype":1,"cts":1715330786230,"route":"R7_L7_1","speed":68},{"index":76,"fishtype":3,"cts":1715330786230,"route":"L4_R5","speed":68},{"index":82,"fishtype":3,"cts":1715330786230,"route":"R4_L6","speed":68},{"index":92,"fishtype":2,"cts":1715330786230,"route":"R6_L4","speed":68},{"index":101,"fishtype":2,"cts":1715330786230,"route":"L6_R2","speed":68}],"formation":null}}
2024/05/10 16:46:26 [INFO] Receive Message:{"Code":200001,"Ret":"IntoGame","Message":"Data error."}
2024/05/10 16:46:26 [INFO] Receive Message:{"Ret":"ActSyncShoot","Data":{"seatId":0,"bulletId":3,"bulletKind":0,"angle":0,"lockfish":23,"agentcall":true}}
2024/05/10 16:46:26 [INFO] Receive Message:{"Ret":"ActSyncShoot","Data":{"seatId":1,"bulletId":4,"bulletKind":0,"angle":0,"lockfish":23,"agentcall":true}}
2024/05/10 16:46:26 [INFO] Receive Message:{"Ret":"ActSyncShoot","Data":{"seatId":0,"bulletId":5,"bulletKind":0,"angle":0,"lockfish":23,"agentcall":true}}
2024/05/10 16:46:26 [INFO] Receive Message:{"Ret":"ActSyncShoot","Data":{"seatId":1,"bulletId":6,"bulletKind":0,"angle":0,"lockfish":23,"agentcall":true}}
2024/05/10 16:46:26 [INFO] Receive Message:{"Ret":"ActSyncShoot","Data":{"seatId":0,"bulletId":7,"bulletKind":0,"angle":0,"lockfish":23,"agentcall":true}}
2024/05/10 16:46:26 [INFO] Receive Message:{"Ret":"ActSyncShoot","Data":{"seatId":1,"bulletId":8,"bulletKind":0,"angle":0,"lockfish":23,"agentcall":true}}
2024/05/10 16:46:26 [INFO] Receive Message:{"Ret":"ActSyncShoot","Data":{"seatId":0,"bulletId":9,"bulletKind":0,"angle":0,"lockfish":23,"agentcall":true}}
2024/05/10 16:46:26 [INFO] Receive Message:{"Ret":"ActSyncShoot","Data":{"seatId":1,"bulletId":10,"bulletKind":0,"angle":0,"lockfish":23,"agentcall":true}}
2024/05/10 16:46:27 [INFO] Receive Message:{"Ret":"ActSyncShoot","Data":{"seatId":0,"bulletId":11,"bulletKind":0,"angle":0,"lockfish":23,"agentcall":true}}
2024/05/10 16:46:27 [INFO] Receive Message:{"Ret":"ActSyncShoot","Data":{"seatId":1,"bulletId":12,"bulletKind":0,"angle":0,"lockfish":23,"agentcall":true}}
2024/05/10 16:46:27 [INFO] Receive Message:{"Ret":"ActCreateFish","Data":{"fishinfo":[{"index":25,"fishtype":1,"cts":1715330787173,"route":"L1_R1_1","speed":68},{"index":65,"fishtype":1,"cts":1715330787173,"route":"R7_L7_1","speed":68}],"formation":null}}
2024/05/10 16:46:27 [INFO] Receive Message:{"Ret":"ActSyncShoot","Data":{"seatId":0,"bulletId":13,"bulletKind":0,"angle":0,"lockfish":23,"agentcall":true}}
2024/05/10 16:46:27 [INFO] Receive Message:{"Ret":"ActSyncShoot","Data":{"seatId":1,"bulletId":14,"bulletKind":0,"angle":0,"lockfish":23,"agentcall":true}}
2024/05/10 16:46:27 [INFO] Receive Message:{"Ret":"ActSyncShoot","Data":{"seatId":0,"bulletId":15,"bulletKind":0,"angle":0,"lockfish":23,"agentcall":true}}
2024/05/10 16:46:27 [INFO] Receive Message:{"Ret":"ActSyncShoot","Data":{"seatId":1,"bulletId":16,"bulletKind":0,"angle":0,"lockfish":23,"agentcall":true}}
2024/05/10 16:46:27 [INFO] Receive Message:{"Ret":"ActSyncShoot","Data":{"seatId":0,"bulletId":17,"bulletKind":0,"angle":0,"lockfish":23,"agentcall":true}}
2024/05/10 16:46:27 [INFO] Receive Message:{"Ret":"ActSyncShoot","Data":{"seatId":1,"bulletId":18,"bulletKind":0,"angle":0,"lockfish":23,"agentcall":true}}
2024/05/10 16:46:27 [INFO] Receive Message:{"Ret":"ActSyncShoot","Data":{"seatId":0,"bulletId":19,"bulletKind":0,"angle":0,"lockfish":23,"agentcall":true}}
2024/05/10 16:46:27 [INFO] Receive Message:{"Ret":"ActSyncShoot","Data":{"seatId":1,"bulletId":20,"bulletKind":0,"angle":0,"lockfish":23,"agentcall":true}}
2024/05/10 16:46:28 [INFO] Receive Message:{"Ret":"ActSyncShoot","Data":{"seatId":1,"bulletId":21,"bulletKind":0,"angle":0,"lockfish":23,"agentcall":true}}
2024/05/10 16:46:28 [INFO] Receive Message:{"Ret":"ActSyncShoot","Data":{"seatId":0,"bulletId":22,"bulletKind":0,"angle":0,"lockfish":23,"agentcall":true}}
2024/05/10 16:46:28 [INFO] Receive Message:{"Ret":"ActCreateFish","Data":{"fishinfo":[{"index":26,"fishtype":1,"cts":1715330788169,"route":"L1_R1_1","speed":68},{"index":54,"fishtype":4,"cts":1715330788169,"route":"R6_L6_1","speed":68},{"index":66,"fishtype":1,"cts":1715330788169,"route":"R7_L7_1","speed":68},{"index":77,"fishtype":3,"cts":1715330788169,"route":"L4_R5","speed":68},{"index":83,"fishtype":3,"cts":1715330788169,"route":"R4_L6","speed":68},{"index":93,"fishtype":2,"cts":1715330788169,"route":"R6_L4","speed":68},{"index":102,"fishtype":2,"cts":1715330788169,"route":"L6_R2","speed":68}],"formation":null}}
2024/05/10 16:46:28 [INFO] Receive Message:{"Ret":"ActSyncShoot","Data":{"seatId":0,"bulletId":23,"bulletKind":0,"angle":0,"lockfish":23,"agentcall":true}}
2024/05/10 16:46:28 [INFO] Receive Message:{"Ret":"ActSyncShoot","Data":{"seatId":1,"bulletId":24,"bulletKind":0,"angle":0,"lockfish":23,"agentcall":true}}
2024/05/10 16:46:28 [INFO] Receive Message:{"Ret":"ActSyncShoot","Data":{"seatId":0,"bulletId":25,"bulletKind":0,"angle":0,"lockfish":23,"agentcall":true}}
2024/05/10 16:46:28 [INFO] Receive Message:{"Ret":"ActSyncShoot","Data":{"seatId":1,"bulletId":26,"bulletKind":0,"angle":0,"lockfish":23,"agentcall":true}}
2024/05/10 16:46:28 [INFO] Receive Message:{"Ret":"ActSyncShoot","Data":{"seatId":0,"bulletId":27,"bulletKind":0,"angle":0,"lockfish":23,"agentcall":true}}
2024/05/10 16:46:28 [INFO] Receive Message:{"Ret":"ActSyncShoot","Data":{"seatId":1,"bulletId":28,"bulletKind":0,"angle":0,"lockfish":23,"agentcall":true}}
2024/05/10 16:46:28 [ERROR] read tcp [::1]:65098->[::1]:10001: wsarecv: An existing connection was forcibly closed by the remote host.
